001371 69.2 001397 001935 gi|4 038290 038829 gi|12 
000802 67.9 001940 002269 gi|4 038654 038983 gi|12 
000754 91.6 002331 002449 gi|4 021746 021881 gi|38 
017038 97.6 003935 005866 gi|4 032465 034428 gi|42 
000312 72.4 008768 008501 gi|4 016636 016913 gi|6 
005625 74.6 015785 019246 gi|4 026884 030353 gi|5 
000258 82.7 023170 023250 gi|4 021192 021297 gi|17 
000259 80.4 026193 026513 gi|4 029748 030058 gi|43 
001882 96.4 027017 026797 gi|4 000145 000365 gi|36 
000358 83.6 027435 027363 gi|4 039765 039842 gi|27 
000345 89.8 032281 032223 gi|4 026557 026618 gi|30 
014922 98.7 033880 032235 gi|4 033104 034748 gi|13 
014826 98.2 033879 032235 gi|4 016904 018548 gi|38 
000323 94.9 032273 032235 gi|4 030764 030802 gi|28 
000342 76.5 032236 032320 gi|4 033106 033188 gi|13 
000367 75.3 032236 032320 gi|4 016905 016988 gi|38 
013146 93.6 032236 033903 gi|4 028490 030135 gi|28 
000296 94.4 032271 032236 gi|4 019064 019099 gi|8 
000360 73.8 033795 033878 gi|4 034663 034747 gi|13 
000385 75.0 033795 033878 gi|4 018463 018547 gi|38 
000431 79.8 033878 033795 gi|4 028490 028574 gi|28 
000358 87.1 033817 033878 gi|4 030733 030801 gi|28 
000394 89.1 033817 033880 gi|4 026533 026603 gi|30 
000275 91.4 033844 033878 gi|4 019065 019099 gi|8 
001495 73.4 037135 034997 gi|4 020107 022234 gi|28 
000583 74.8 035555 035012 gi|4 020104 020663 gi|28 
000252 84.9 035296 035421 gi|4 032494 032628 gi|10 
000259 75.8 035458 035335 gi|4 009984 010106 gi|19 
000258 81.5 035343 035461 gi|4 028001 028119 gi|37 
000924 72.6 036550 037130 gi|4 016431 017014 gi|44 
000257 78.6 036650 036595 gi|4 019768 019823 gi|19 
000273 80.4 036621 036671 gi|4 020755 020805 gi|22 
000305 79.5 037131 036874 gi|4 021700 021961 gi|28 
000277 74.6 037045 036920 gi|4 024870 024994 gi|15 
000314 77.5 037912 037464 gi|4 014406 014836 gi|15 
000256 76.2 037646 037931 gi|4 000379 000670 gi|11 
000267 77.3 037764 037913 gi|4 032204 032362 gi|22 
000269 80.9 037817 037931 gi|4 005833 005953 gi|32 
000436 74.3 039670 039267 gi|4 013844 014263 gi|26 
000296 79.3 039276 039415 gi|4 039041 039180 gi|10 
000477 76.9 039571 039278 gi|4 012728 013012 gi|26 
000321 74.1 039547 039278 gi|4 014368 014643 gi|26 
000279 70.4 000966 001080 gi|3 026000 026121 gi|34 
000774 91.5 001183 000972 gi|3 010826 011034 gi|17 
000279 71.3 004237 004008 gi|3 027698 027918 gi|43 
000280 86.2 004272 004208 gi|3 030936 031005 gi|13 
000250 72.3 004423 004294 gi|3 027353 027485 gi|43 
000606 74.2 006367 005915 gi|3 009669 010121 gi|6 
000263 80.3 009484 009813 gi|3 018785 019111 gi|23 
000473 76.0 017753 017633 gi|3 013222 013342 gi|22 
000265 76.0 017633 017799 gi|3 010410 010576 gi|5 
000337 68.0 017638 017762 gi|3 033129 033258 gi|19 
000261 67.9 017765 017654 gi|3 013945 014056 gi|19 
023023 95.8 017976 020643 gi|3 005973 008640 gi|24 
022974 96.4 017979 020643 gi|3 028087 030740 gi|46 
022974 96.4 017979 020643 gi|3 012409 015062 gi|20 
023444 98.1 020641 017980 gi|3 022123 024747 gi|40 
000922 97.4 017980 018094 gi|3 008874 008989 gi|38 
022911 97.9 018075 020651 gi|3 010221 012809 gi|38 
000815 75.4 018378 018779 gi|3 002004 002401 gi|33 
000287 70.9 018991 019210 gi|3 002629 002851 gi|33 
000276 70.3 019685 019903 gi|3 003443 003658 gi|33 
002001 91.5 020643 020384 gi|3 027667 027926 gi|37 
000433 76.2 022409 022580 gi|3 019753 019924 gi|10 
000751 73.1 022700 022411 gi|3 025699 025988 gi|5 
001085 74.5 022413 023062 gi|3 030248 030901 gi|30 
000872 72.0 022422 022700 gi|3 016844 017122 gi|36 
000566 71.6 022422 023058 gi|3 001015 001651 gi|7 
000418 71.1 022439 022701 gi|3 002836 003098 gi|7 
000270 73.1 022463 022704 gi|3 032070 032311 gi|30 
000352 70.6 022483 022839 gi|3 018763 019125 gi|36 
000597 79.1 022863 023130 gi|3 017291 017555 gi|36 
000262 83.3 022989 023108 gi|3 014738 014854 gi|15 
000482 74.3 024152 024856 gi|3 018649 019342 gi|36 
000679 73.1 024180 024915 gi|3 031997 032729 gi|30 
000309 71.8 024228 024671 gi|3 016857 017300 gi|36 
000353 73.4 024509 024243 gi|3 001588 001863 gi|17 
000381 72.3 024516 024243 gi|3 025676 025952 gi|5 
000357 76.3 024245 024514 gi|3 001042 001317 gi|7 
000393 78.2 024503 024302 gi|3 028319 028529 gi|12 
000332 81.1 024360 024502 gi|3 024779 024921 gi|21 
000263 74.3 024397 024505 gi|3 030439 030547 gi|30 
000282 76.9 024540 024398 gi|3 032242 032389 gi|22 
000259 74.8 024403 024509 gi|3 026200 026306 gi|39 
000277 81.0 024503 024404 gi|3 015100 015199 gi|5 
000333 81.8 024502 024404 gi|3 000575 000673 gi|11 
000286 76.7 024406 024624 gi|3 015547 015756 gi|21 
000272 82.1 024406 024517 gi|3 007049 007158 gi|36 
000281 76.6 024502 024426 gi|3 006069 006145 gi|28 
000276 80.8 024453 024499 gi|3 020773 020819 gi|33 
000274 79.8 025689 025606 gi|3 029974 030060 gi|11 
000352 76.5 027744 027609 gi|3 029642 029777 gi|6 
000257 84.6 027837 027901 gi|3 024162 024223 gi|45 
000575 75.3 031115 030289 gi|3 033266 034096 gi|40 
000581 76.0 034057 034589 gi|3 014644 015199 gi|5 
000609 72.2 034699 034067 gi|3 022841 023470 gi|44 
000259 78.4 034073 034345 gi|3 028304 028581 gi|25 
000389 71.5 034074 034586 gi|3 000928 001467 gi|44 
001246 74.3 034080 034877 gi|3 031877 032677 gi|22 
000340 72.3 034087 034570 gi|3 005674 006148 gi|28 
001461 73.5 034795 034089 gi|3 024687 025390 gi|15 
002109 76.6 034096 034813 gi|3 027925 028643 gi|12 
000530 74.9 034104 034585 gi|3 032147 032643 gi|10 
000740 76.0 034148 034717 gi|3 000220 000804 gi|11 
000629 75.8 034152 034753 gi|3 002080 002687 gi|17 
001036 77.1 034700 034155 gi|3 024712 025246 gi|21 
000400 74.0 034805 034282 gi|3 034901 035445 gi|36 
000602 77.3 034590 034282 gi|3 026200 026511 gi|39 
000555 74.3 034591 034327 gi|3 020722 020983 gi|33 
000303 75.0 034699 034404 gi|3 038174 038481 gi|7 
000267 78.5 034588 034412 gi|3 015546 015716 gi|21 
000419 76.5 034432 034614 gi|3 028689 028880 gi|25 
000322 78.6 034590 034451 gi|3 019380 019520 gi|19 
000353 77.7 034456 034666 gi|3 028948 029161 gi|16 
000254 70.3 034474 034766 gi|3 000303 000598 gi|44 
000292 72.5 034624 034494 gi|3 018844 018986 gi|36 
000264 75.0 034495 034666 gi|3 006901 007072 gi|12 
000435 74.3 035030 035332 gi|3 026584 026871 gi|12 
000357 73.6 035284 035058 gi|3 026574 026806 gi|15 
000302 74.7 036159 035714 gi|3 023654 024135 gi|44 
000449 75.0 035814 036300 gi|3 033601 034078 gi|22 
000451 72.6 036155 035820 gi|3 025658 025997 gi|15 
000434 70.7 035854 036317 gi|3 027402 027869 gi|12 
000319 76.2 035882 036171 gi|3 034343 034635 gi|22 
000277 79.2 038697 038797 gi|3 039785 039873 gi|16 
000284 74.0 038697 039061 gi|3 010677 011061 gi|45 
000260 76.0 038720 038982 gi|3 038036 038313 gi|43 
000315 76.0 038873 038993 gi|3 027327 027453 gi|17 
001285 75.0 040245 039874 gi|3 010811 011182 gi|37 
001145 74.9 040245 039875 gi|3 012268 012638 gi|37 
000531 71.0 039901 040245 gi|3 019779 020126 gi|26 
000539 73.9 040236 039911 gi|3 018810 019144 gi|27 
000897 75.1 001439 000556 gi|1 034877 035733 gi|45 
001383 73.0 004734 005321 gi|1 015389 015965 gi|21 
000284 76.8 005040 004903 gi|1 028722 028845 gi|25 
000282 74.8 005001 004903 gi|1 015100 015198 gi|5 
000264 82.1 004997 004903 gi|1 000578 000672 gi|11 
000255 78.8 005001 004903 gi|1 028319 028417 gi|12 
000312 73.1 004904 005033 gi|1 024406 024535 gi|3 
000311 79.0 004906 005000 gi|1 020728 020822 gi|33 
000295 70.0 004906 005005 gi|1 035144 035243 gi|36 
000270 79.3 005184 005347 gi|1 019690 019844 gi|19 
000320 81.3 006507 006629 gi|1 023795 023918 gi|38 
000292 72.2 007921 008089 gi|1 039972 040135 gi|27 
001552 79.1 009281 008952 gi|1 027045 027373 gi|4 
000302 79.7 013271 013119 gi|1 001863 002009 gi|12 
000378 78.3 020722 020594 gi|1 036626 036754 gi|26 
000932 83.9 020749 020595 gi|1 007176 007330 gi|17 
000867 81.9 020749 020595 gi|1 034727 034881 gi|26 
000824 80.7 020749 020595 gi|1 032834 032988 gi|26 
000656 81.0 020741 020595 gi|1 011774 011920 gi|19 
000513 72.3 020742 020595 gi|1 008499 008646 gi|5 
000447 86.8 020746 020596 gi|1 014896 015045 gi|17 
000271 86.8 020724 020596 gi|1 032262 032381 gi|43 
000879 82.3 020749 020597 gi|1 031173 031325 gi|26 
000645 77.5 020603 020749 gi|1 031875 032021 gi|25 
000252 91.4 022485 022519 gi|1 001448 001482 gi|9 
000250 79.4 023759 023692 gi|1 007587 007652 gi|42 
000755 75.5 027675 028127 gi|1 020298 020750 gi|21 
000372 76.4 029898 029602 gi|1 020006 020292 gi|47 
000268 77.7 032206 032059 gi|1 010565 010714 gi|18 
000342 74.6 032742 032511 gi|1 009890 010115 gi|18 
000551 72.0 034224 033753 gi|1 009613 010087 gi|18 
000268 71.2 034824 034634 gi|1 000569 000761 gi|11 
000330 75.5 034815 034661 gi|1 032285 032439 gi|22 
000279 78.0 034824 034661 gi|1 028310 028474 gi|12 
000285 76.2 034678 034849 gi|1 020685 020856 gi|33 
000324 75.5 034722 034815 gi|1 024828 024921 gi|21 
000256 69.1 034853 034731 gi|1 015064 015185 gi|5 
000304 77.5 035186 034734 gi|1 005710 006150 gi|28 
000343 74.4 035265 034993 gi|1 000879 001173 gi|44 
000268 82.0 035179 035030 gi|1 036569 036709 gi|4 
000267 73.5 035164 035044 gi|1 006539 006659 gi|12 
000273 66.0 035056 035152 gi|1 025552 025649 gi|19 
000259 83.0 035067 035125 gi|1 014713 014771 gi|15 
000268 72.3 035165 035083 gi|1 020708 020790 gi|22 
000334 85.5 035085 035160 gi|1 010343 010415 gi|19 
000436 79.0 035638 035343 gi|1 000487 000771 gi|11 
000282 67.7 035520 035354 gi|1 027577 027743 gi|10 
000261 76.3 035522 035384 gi|1 002442 002586 gi|17 
000281 70.5 035600 035418 gi|1 029541 029715 gi|17 
000254 76.5 035422 035523 gi|1 020708 020806 gi|33 
000267 72.4 035524 035438 gi|1 028335 028421 gi|12 
000269 80.1 035456 035882 gi|1 024838 025210 gi|21 
000261 71.7 035460 035611 gi|1 026220 026378 gi|39 
000253 77.2 035935 035664 gi|1 032192 032467 gi|10 
000250 80.4 035859 035914 gi|1 025583 025641 gi|19 
000330 79.0 002203 002061 gi|2 005647 005786 gi|44 
000552 75.1 004249 004505 gi|2 002682 002923 gi|42 
000326 81.0 005769 005910 gi|2 034868 035019 gi|14 
000424 77.8 008972 008739 gi|2 018233 018463 gi|5 
000403 75.2 008784 009419 gi|2 014888 015529 gi|36 
000491 74.8 009042 008817 gi|2 005484 005706 gi|15 
000464 75.0 009416 008828 gi|2 019285 019870 gi|34 
000330 83.5 009462 009257 gi|2 005034 005239 gi|15 
000402 72.8 010997 010243 gi|2 003102 003879 gi|15 
000789 74.8 010315 010806 gi|2 000525 000983 gi|42 
000549 79.2 010818 010382 gi|2 017864 018312 gi|34 
000279 75.7 010799 010578 gi|2 016309 016557 gi|5 
000363 77.5 010816 010613 gi|2 037250 037456 gi|6 
000253 92.2 017567 017517 gi|2 011820 011870 gi|44 
000256 73.6 019831 020012 gi|2 022645 022826 gi|12 
000278 81.5 023642 023524 gi|2 014723 014830 gi|24 
000918 95.6 027146 027282 gi|2 008860 008989 gi|38 
022598 96.6 029835 027167 gi|2 022123 024748 gi|40 
023195 97.1 027168 029839 gi|2 028088 030742 gi|46 
023195 97.1 027168 029839 gi|2 012410 015064 gi|20 
023020 96.2 027168 029836 gi|2 017980 020642 gi|3 
022784 95.5 027168 029847 gi|2 005977 008649 gi|24 
022136 96.7 027263 029839 gi|2 010221 012804 gi|38 
000833 75.5 027573 028405 gi|2 002004 002851 gi|33 
000286 69.7 028867 029097 gi|2 003436 003658 gi|33 
002100 90.0 029881 029551 gi|2 027628 027962 gi|37 
002382 94.3 034683 034978 gi|2 028609 028903 gi|26 
002396 93.0 034685 034984 gi|2 029717 030016 gi|26 
000257 81.4 034985 034916 gi|2 027457 027525 gi|26 
004047 78.7 035942 036777 gi|2 012509 013352 gi|9 
000467 78.9 038476 038330 gi|2 029440 029586 gi|40 
000515 73.2 039136 038630 gi|2 013749 014265 gi|47 
000269 78.9 039597 039413 gi|2 005567 005748 gi|15 
000375 71.8 005664 005304 gi|5 034933 035299 gi|25 
000313 83.0 005538 005445 gi|5 015898 015991 gi|22 
000699 78.8 006114 005809 gi|5 039788 040092 gi|39 
000483 84.2 007693 007548 gi|5 031147 031295 gi|31 
000430 98.0 007598 007548 gi|5 031344 031397 gi|31 
000483 84.2 007693 007548 gi|5 016863 017011 gi|14 
000430 98.0 007598 007548 gi|5 017060 017113 gi|14 
002655 74.7 007979 009452 gi|5 032315 033800 gi|26 
003129 72.7 009580 008004 gi|5 030926 032514 gi|25 
001328 78.1 008006 008830 gi|5 014404 015231 gi|17 
001652 74.6 008010 009572 gi|5 002323 003893 gi|18 
001089 78.7 008012 008545 gi|5 024702 025185 gi|34 
001332 72.8 008013 009567 gi|5 031743 033333 gi|43 
003014 75.3 008048 009559 gi|5 034286 035803 gi|26 
000422 79.1 008048 008277 gi|5 002929 003158 gi|19 
002609 73.7 008052 009562 gi|5 011326 012837 gi|19 
002521 74.7 008058 009598 gi|5 006742 008293 gi|17 
002149 76.0 008129 009563 gi|5 036239 037672 gi|26 
000986 75.5 008329 008654 gi|5 031010 031335 gi|26 
000321 74.7 008638 008728 gi|5 025167 025257 gi|34 
000791 78.3 009170 009580 gi|5 031648 032048 gi|26 
000491 73.6 009241 009558 gi|5 025665 025976 gi|34 
000384 80.0 010043 010172 gi|5 032781 032903 gi|19 
000419 78.6 010528 010323 gi|5 013224 013429 gi|22 
000321 77.0 014568 015114 gi|5 014478 015004 gi|25 
000539 78.1 014638 015199 gi|5 031842 032383 gi|22 
000828 76.7 014660 015390 gi|5 027894 028612 gi|12 
000558 76.4 014705 015199 gi|5 000188 000673 gi|11 
000548 77.0 015312 014749 gi|5 022835 023389 gi|44 
000275 74.5 015206 014886 gi|5 038278 038609 gi|7 
000278 73.3 015199 015065 gi|5 020724 020858 gi|33 
000319 76.4 015078 015200 gi|5 028717 028847 gi|25 
000272 72.9 015079 015196 gi|5 000287 000415 gi|44 
000487 75.9 015291 015101 gi|5 026103 026299 gi|39 
000343 73.7 015199 015101 gi|5 024823 024921 gi|21 
000273 73.2 015198 015102 gi|5 024894 024990 gi|15 
000277 78.3 015104 015195 gi|5 032552 032643 gi|10 
000263 68.9 015206 015104 gi|5 037276 037380 gi|7 
000332 79.6 015104 015196 gi|5 001375 001467 gi|44 
000601 76.0 016246 016536 gi|5 003243 003525 gi|15 
000365 85.3 016528 016291 gi|5 000768 001002 gi|42 
000415 74.3 016305 016813 gi|5 017879 018423 gi|34 
000366 74.4 016555 016380 gi|5 016312 016478 gi|36 
000363 78.0 018160 018373 gi|5 019653 019869 gi|34 
000427 81.4 018165 018465 gi|5 005474 005777 gi|15 
000516 79.3 018461 018245 gi|5 014851 015061 gi|36 
000259 81.9 019219 019434 gi|5 027531 027754 gi|10 
000259 84.1 019340 019253 gi|5 019383 019470 gi|19 
000290 76.5 019253 019414 gi|5 005861 006022 gi|32 
000270 78.3 022846 022997 gi|5 002534 002701 gi|34 
000269 82.3 022925 022975 gi|5 008623 008672 gi|18 
000293 90.5 024009 023915 gi|5 008292 008385 gi|36 
000320 72.0 024734 024506 gi|5 023594 023820 gi|18 
000262 72.0 024516 024658 gi|5 033021 033163 gi|44 
000333 68.5 024710 024552 gi|5 023736 023894 gi|16 
000268 72.1 025967 025660 gi|5 002829 003136 gi|7 
000552 76.8 026014 025674 gi|5 018681 019008 gi|36 
000276 77.1 025688 025866 gi|5 015925 016103 gi|10 
000738 72.2 026013 025690 gi|5 030216 030546 gi|30 
000555 70.7 025976 025690 gi|5 001016 001303 gi|7 
000778 75.2 025976 025691 gi|5 016845 017130 gi|36 
000566 75.5 026014 025815 gi|5 019727 019928 gi|10 
000348 81.0 032473 032374 gi|5 003148 003247 gi|8 
000259 80.5 037454 037378 gi|5 018546 018631 gi|40 
000281 76.9 038431 038577 gi|5 005851 005993 gi|39 
000251 78.0 038817 038700 gi|5 037501 037630 gi|27 
011940 97.3 000901 002267 gi|8 007099 008466 gi|35 
000776 73.9 006618 005345 gi|8 003877 005168 gi|18 
002225 76.3 015267 016027 gi|8 014074 014836 gi|35 
000561 72.7 016659 017207 gi|8 015471 016056 gi|35 
000277 78.3 017509 017688 gi|8 036443 036621 gi|14 
000262 81.1 017523 017596 gi|8 036476 036556 gi|22 
000277 90.2 019120 019060 gi|8 033087 033147 gi|13 
000293 95.0 019060 019099 gi|8 026560 026601 gi|30 
000291 94.4 019064 019099 gi|8 018512 018547 gi|38 
000310 92.5 019064 019103 gi|8 030766 030805 gi|28 
000276 91.7 019099 019064 gi|8 028490 028525 gi|28 
000298 84.6 019064 019154 gi|8 034712 034808 gi|13 
000266 91.4 019099 019065 gi|8 016905 016939 gi|38 
011063 98.5 019535 020781 gi|8 035850 037108 gi|11 
010919 97.8 020804 019551 gi|8 011622 012894 gi|35 
010967 98.0 019559 020781 gi|8 023928 025171 gi|33 
010982 98.1 019564 020796 gi|8 008982 010235 gi|38 
000277 90.0 020745 020784 gi|8 038037 038076 gi|12 
000395 73.3 020882 020986 gi|8 018088 018192 gi|44 
002035 75.4 021034 022432 gi|8 018309 019641 gi|44 
005204 94.3 038010 037379 gi|8 039060 039700 gi|21 
004918 92.9 038009 037389 gi|8 039053 039681 gi|37 
000697 78.1 037392 037633 gi|8 038254 038479 gi|37 
001787 93.0 038235 038007 gi|8 038759 038983 gi|21 
001774 94.8 038235 038007 gi|8 038754 038975 gi|37 
001335 94.3 038366 038210 gi|8 038303 038459 gi|21 
001320 74.3 039539 038412 gi|8 011663 012783 gi|17 
002637 73.9 038440 039540 gi|8 000022 001119 gi|39 
000878 74.1 000941 001686 gi|7 016760 017515 gi|36 
000300 70.5 000967 001302 gi|7 031973 032316 gi|30 
000637 72.0 001006 001619 gi|7 030248 030861 gi|30 
000516 76.2 001015 001161 gi|7 019766 019912 gi|10 
000463 73.9 001048 001419 gi|7 018717 019106 gi|36 
000260 72.0 001207 001299 gi|7 007050 007142 gi|36 
000255 71.8 001664 001594 gi|7 040173 040243 gi|26 
000256 68.0 002836 003144 gi|7 016861 017169 gi|36 
000277 71.9 002843 003134 gi|7 032056 032346 gi|30 
000656 73.0 002852 003281 gi|7 018735 019164 gi|36 
000436 78.3 003472 003011 gi|7 028635 029078 gi|16 
000409 72.7 003027 003484 gi|7 030465 030922 gi|30 
000258 79.0 003103 003028 gi|7 032552 032624 gi|10 
000314 80.3 003030 003105 gi|7 024915 024990 gi|15 
000253 78.5 003108 003030 gi|7 028318 028396 gi|12 
000253 71.4 003120 003030 gi|7 006056 006145 gi|28 
000255 74.3 003457 003384 gi|7 017822 017895 gi|15 
000253 83.3 006388 006483 gi|7 032808 032896 gi|38 
000259 74.8 006508 006398 gi|7 000402 000518 gi|9 
001196 73.6 007875 007163 gi|7 032753 033463 gi|22 
001247 72.8 007950 007173 gi|7 034868 035646 gi|22 
000349 75.5 007558 007810 gi|7 022239 022482 gi|44 
011706 99.7 015705 016984 gi|7 023905 025171 gi|33 
011254 97.6 016990 015733 gi|7 011640 012896 gi|35 
011657 99.8 015746 016997 gi|7 008982 010240 gi|38 
011309 98.3 015746 016984 gi|7 035870 037108 gi|11 
010979 98.2 015746 016990 gi|7 019564 020788 gi|8 
000277 90.0 016948 016987 gi|7 038037 038076 gi|12 
000319 78.0 034136 034028 gi|7 002884 002997 gi|18 
000354 71.1 036391 035942 gi|7 038550 039017 gi|26 
002489 74.8 038691 037012 gi|7 000014 001710 gi|44 
000345 67.7 037382 037132 gi|7 000576 000826 gi|11 
000291 71.3 037380 037252 gi|7 028323 028451 gi|12 
000343 74.0 037388 037262 gi|7 028743 028869 gi|25 
000271 67.5 037268 037393 gi|7 024806 024931 gi|21 
000336 69.5 037288 037392 gi|7 020727 020831 gi|33 
000280 69.5 037288 037382 gi|7 022954 023048 gi|44 
000346 73.9 037288 037440 gi|7 024896 025043 gi|15 
000303 68.6 037288 037392 gi|7 026204 026308 gi|39 
000519 69.3 038397 038141 gi|7 000563 000819 gi|11 
000326 73.0 038385 038171 gi|7 028320 028531 gi|12 
000299 75.6 038573 038173 gi|7 001422 001804 gi|17 
000368 73.4 038196 038387 gi|7 024735 024923 gi|21 
000275 70.8 038200 038398 gi|7 035052 035251 gi|36 
000640 73.0 038568 038203 gi|7 001192 001554 gi|44 
000325 70.8 038287 038481 gi|7 020724 020905 gi|33 
000340 68.3 038390 038290 gi|7 028743 028843 gi|25 
000257 72.7 038290 038388 gi|7 026204 026302 gi|39 
000398 76.4 039391 039172 gi|7 024397 024610 gi|13 
000488 69.5 004441 004847 gi|6 025298 025704 gi|46 
000488 69.5 004441 004847 gi|6 009620 010026 gi|20 
000363 79.6 012149 012442 gi|6 014133 014429 gi|24 
000251 79.4 012241 012337 gi|6 010995 011097 gi|45 
000296 76.1 016189 016077 gi|6 022348 022461 gi|36 
001429 78.5 017953 017615 gi|6 027205 027540 gi|32 
000314 71.5 023891 023622 gi|6 038065 038357 gi|28 
000250 76.5 028739 028891 gi|6 004242 004392 gi|19 
000336 69.2 036710 037004 gi|6 010033 010321 gi|9 
000426 75.7 037117 037461 gi|6 003154 003490 gi|15 
000338 77.6 037459 037188 gi|6 016351 016622 gi|36 
000406 74.0 037213 037427 gi|6 017823 018043 gi|34 
000338 79.4 037450 037344 gi|6 000799 000905 gi|42 
000587 76.6 001275 000764 gi|10 014650 015179 gi|39 
002407 72.6 001666 002497 gi|10 016478 017291 gi|37 
000491 73.9 012893 012477 gi|10 014775 015206 gi|39 
000505 74.1 018689 018462 gi|10 018973 019201 gi|21 
000293 70.5 019385 019257 gi|10 033724 033849 gi|37 
000250 75.3 019661 019753 gi|10 036231 036319 gi|33 
000367 76.4 019766 019930 gi|10 016844 017008 gi|36 
000365 76.5 019766 019927 gi|10 030257 030418 gi|30 
000263 73.7 019973 020067 gi|10 030766 030861 gi|30 
000305 75.3 019976 020068 gi|10 032542 032634 gi|30 
000328 72.0 022452 022182 gi|10 028813 029080 gi|35 
000383 76.3 023453 023163 gi|10 027793 028075 gi|35 
000339 73.0 024440 023782 gi|10 026812 027467 gi|35 
000335 74.2 027685 027477 gi|10 024864 025072 gi|15 
000272 71.7 027529 027765 gi|10 002396 002623 gi|17 
000312 74.6 027792 027545 gi|10 018761 019005 gi|36 
000317 75.9 027553 027718 gi|10 032280 032442 gi|22 
000290 76.4 027556 027661 gi|10 028746 028851 gi|25 
000255 77.5 027640 027561 gi|10 024839 024918 gi|21 
000315 75.5 027561 027744 gi|10 000578 000761 gi|11 
000342 82.1 029657 029435 gi|10 029559 029757 gi|39 
000274 81.2 029681 029533 gi|10 029605 029755 gi|39 
000305 73.4 032099 032406 gi|10 028279 028581 gi|25 
000436 71.0 032643 032133 gi|10 035144 035648 gi|36 
000481 71.4 032777 032146 gi|10 024763 025376 gi|15 
000490 76.0 032179 032727 gi|10 031918 032460 gi|22 
000433 76.8 032179 032643 gi|10 027970 028414 gi|12 
000467 75.5 032180 032727 gi|10 000194 000753 gi|11 
000269 74.1 032213 032629 gi|10 005745 006149 gi|28 
000302 78.0 032729 032216 gi|10 023474 023987 gi|12 
000492 75.6 032727 032241 gi|10 024746 025214 gi|21 
000331 72.0 032535 032727 gi|10 000306 000498 gi|44 
000332 77.6 032643 032537 gi|10 022955 023061 gi|44 
000278 75.9 032681 032541 gi|10 015495 015650 gi|21 
000290 73.7 032549 032719 gi|10 028747 028909 gi|25 
000437 81.5 032643 032552 gi|10 020728 020819 gi|33 
000251 89.7 033895 033818 gi|10 014026 014090 gi|46 
000261 81.4 034645 034533 gi|10 000184 000312 gi|23 
000262 87.5 001266 001369 gi|12 022729 022814 gi|42 
002609 77.2 003916 004968 gi|12 038399 039460 gi|33 
002478 75.6 005361 006384 gi|12 038457 039490 gi|33 
000264 83.7 006006 005854 gi|12 010831 010978 gi|18 
000308 77.2 007105 006680 gi|12 024783 025190 gi|15 
000288 82.7 006969 007072 gi|12 000392 000498 gi|44 
000258 86.8 013640 013722 gi|12 027736 027812 gi|16 
000676 90.0 016339 016220 gi|12 020932 021036 gi|38 
000377 69.8 017600 016994 gi|12 010047 010656 gi|39 
002034 87.2 021847 022152 gi|12 035351 035656 gi|30 
001962 94.8 022836 023083 gi|12 035651 035903 gi|30 
000267 84.8 022944 023035 gi|12 029991 030066 gi|39 
000360 74.2 023468 023723 gi|12 035053 035307 gi|36 
000501 72.6 026711 027862 gi|12 032954 034101 gi|22 
001842 74.3 028624 027086 gi|12 024687 026299 gi|15 
000289 74.7 027259 027850 gi|12 034161 034766 gi|22 
000921 72.5 028686 027427 gi|12 022675 023939 gi|44 
000438 72.8 027912 028399 gi|12 005670 006148 gi|28 
001581 78.0 027989 028597 gi|12 031954 032544 gi|22 
000579 70.4 028005 028511 gi|12 028409 028942 gi|25 
000380 75.0 028118 028592 gi|12 028773 029258 gi|16 
000276 71.6 028127 028594 gi|12 000110 000597 gi|44 
001187 82.4 028528 028149 gi|12 024713 025092 gi|21 
000277 75.9 028253 028501 gi|12 027936 028184 gi|37 
000381 77.7 028287 028582 gi|12 001562 001857 gi|17 
000319 71.2 028523 028291 gi|12 018792 019021 gi|36 
000332 84.2 028419 028306 gi|12 019380 019499 gi|19 
000544 78.0 028493 028308 gi|12 020649 020834 gi|33 
000262 81.4 028417 028316 gi|12 015546 015647 gi|21 
000419 79.0 028319 028556 gi|12 002424 002664 gi|17 
000371 78.0 028495 028319 gi|12 035060 035239 gi|36 
000384 84.0 028419 028320 gi|12 026200 026299 gi|39 
000252 80.4 037912 037816 gi|12 011179 011282 gi|19 
000251 90.6 038037 038100 gi|12 025135 025188 gi|33 
000268 91.9 038037 038073 gi|12 010184 010220 gi|38 
000280 91.1 038081 038037 gi|12 011635 011682 gi|35 
003823 77.1 001599 000001 gi|9 031731 033326 gi|38 
002921 74.2 001652 000018 gi|9 012956 014641 gi|18 
000417 69.8 004069 003845 gi|9 036180 036416 gi|42 
015481 99.0 005800 007494 gi|9 001918 003613 gi|11 
010289 97.8 005810 006963 gi|9 031440 032595 gi|40 
011594 98.6 007092 005820 gi|9 022453 023726 gi|38 
004346 94.2 007480 006949 gi|9 030591 031122 gi|39 
002652 99.7 007199 007490 gi|9 021549 021842 gi|44 
002624 99.3 007489 007199 gi|9 033821 034114 gi|44 
002677 99.3 007498 007199 gi|9 023714 024015 gi|27 
002648 100.0 007490 007199 gi|9 004509 004806 gi|19 
000257 79.2 007490 007414 gi|9 007278 007354 gi|42 
000289 87.5 007433 007480 gi|9 036529 036575 gi|37 
000592 75.5 011648 012051 gi|9 026278 026682 gi|35 
000257 86.6 018617 018409 gi|9 018646 018821 gi|32 
000253 82.3 020485 020569 gi|9 007958 008041 gi|22 
000427 74.4 022266 022659 gi|9 025887 026274 gi|13 
000327 75.4 028146 028381 gi|9 027782 028014 gi|24 
002678 97.8 028892 029209 gi|9 033804 034114 gi|44 
000296 85.7 028975 028892 gi|9 036529 036612 gi|37 
002604 98.3 029209 028907 gi|9 021549 021847 gi|44 
015356 99.0 030594 028921 gi|9 001935 003608 gi|11 
002581 98.3 028921 029209 gi|9 023727 024015 gi|27 
002576 98.6 028924 029209 gi|9 004521 004806 gi|19 
004302 93.0 028928 029459 gi|9 030591 031122 gi|39 
011577 98.3 029316 030591 gi|9 022453 023728 gi|38 
010174 96.5 030636 029445 gi|9 031412 032595 gi|40 
001092 75.1 036941 037638 gi|9 030151 030845 gi|34 
000800 71.3 000874 000177 gi|11 024695 025377 gi|15 
000608 76.9 000786 000193 gi|11 024713 025276 gi|21 
000266 72.3 000206 000769 gi|11 001000 001566 gi|44 
000725 75.6 000220 000772 gi|11 031945 032480 gi|22 
000784 75.9 000221 000738 gi|11 028385 028911 gi|25 
000618 76.6 000913 000259 gi|11 025991 026597 gi|39 
001091 75.8 000311 000789 gi|11 028075 028531 gi|12 
000319 74.3 000400 000808 gi|11 001417 001825 gi|17 
000350 80.2 000454 000615 gi|11 028862 029023 gi|16 
000402 74.6 000672 000492 gi|11 022952 023126 gi|44 
000453 74.9 000700 000522 gi|11 020697 020875 gi|33 
000389 83.4 000714 000528 gi|11 015501 015713 gi|21 
000364 75.4 000777 000534 gi|11 035039 035285 gi|36 
000254 79.1 000539 000758 gi|11 017145 017364 gi|16 
000409 76.2 000544 000753 gi|11 000293 000498 gi|44 
000323 68.2 000575 000841 gi|11 002425 002688 gi|17 
000320 73.2 000821 000576 gi|11 018755 018988 gi|36 
000256 94.3 001923 001975 gi|11 035879 035923 gi|30 
010159 97.1 001933 003084 gi|11 031442 032595 gi|40 
011596 98.6 003213 001940 gi|11 022453 023727 gi|38 
004329 94.0 003601 003070 gi|11 030591 031122 gi|39 
002662 97.8 003636 003320 gi|11 023702 024015 gi|27 
002648 100.0 003605 003320 gi|11 004521 004806 gi|19 
002641 99.7 003320 003606 gi|11 021549 021835 gi|44 
002617 99.3 003605 003320 gi|11 033829 034114 gi|44 
000289 87.5 003554 003601 gi|11 036529 036575 gi|37 
000565 69.3 004871 005075 gi|11 038964 039168 gi|28 
048151 98.2 011730 006328 gi|11 003867 009271 gi|33 
047864 98.3 011757 006350 gi|11 009137 014544 gi|31 
017279 97.5 008467 006441 gi|11 016456 018474 gi|33 
047510 98.8 006478 011716 gi|11 009933 015173 gi|40 
018135 98.6 008467 006483 gi|11 030797 032781 gi|14 
017706 98.6 006515 008467 gi|11 037987 039939 gi|13 
000270 83.3 006645 006716 gi|11 007098 007172 gi|33 
000270 83.3 006645 006716 gi|11 012400 012474 gi|31 
000270 83.3 006716 006645 gi|11 011882 011956 gi|40 
000281 94.9 006678 006716 gi|11 016456 016498 gi|33 
000281 94.9 006678 006716 gi|11 030797 030839 gi|14 
000281 94.9 006716 006678 gi|11 039897 039939 gi|13 
000250 88.6 008425 008468 gi|11 008881 008920 gi|33 
000250 88.6 008425 008468 gi|11 018207 018246 gi|33 
000250 88.6 008425 008468 gi|11 014183 014222 gi|31 
000250 88.6 008468 008425 gi|11 010134 010173 gi|40 
000250 88.6 008425 008468 gi|11 032548 032587 gi|14 
000250 88.6 008468 008425 gi|11 038149 038188 gi|13 
029784 99.8 011684 008474 gi|11 013003 016210 gi|33 
030209 99.6 011732 008474 gi|11 027293 030551 gi|14 
000502 98.4 008474 008534 gi|11 040185 040245 gi|13 
000456 76.5 012237 011803 gi|11 027990 028429 gi|28 
000252 80.8 020267 020339 gi|11 018957 019027 gi|40 
000255 76.2 026261 025989 gi|11 022116 022439 gi|36 
000411 81.0 030013 030096 gi|11 031623 031712 gi|13 
011318 98.0 035869 037131 gi|11 008981 010251 gi|38 
011310 98.2 035870 037111 gi|11 023933 025174 gi|33 
011322 98.4 037109 035870 gi|11 011645 012884 gi|35 
000277 90.0 037072 037121 gi|11 038037 038089 gi|12 
000256 74.6 037457 037633 gi|11 039856 040035 gi|32 
000270 83.0 012612 012840 gi|13 031202 031451 gi|34 
000252 85.7 019560 019706 gi|13 016226 016368 gi|35 
000252 87.0 025143 025188 gi|13 033151 033194 gi|35 
000679 73.1 028428 028027 gi|13 039707 040112 gi|19 
000985 92.6 032851 033013 gi|13 032170 032333 gi|42 
000375 86.2 033167 033074 gi|13 030733 030833 gi|28 
000394 89.1 033167 033104 gi|13 026533 026603 gi|30 
000416 81.0 033105 033188 gi|13 028489 028574 gi|28 
014796 97.7 033106 034780 gi|13 016905 018579 gi|38 
000356 75.9 033188 033106 gi|13 018463 018547 gi|38 
013171 93.0 034814 033149 gi|13 028413 030087 gi|28 
000376 73.9 034773 034663 gi|13 016879 016988 gi|38 
000294 89.1 034702 034747 gi|13 026557 026601 gi|30 
000301 90.2 034710 034750 gi|13 030764 030804 gi|28 
020645 98.8 040245 037976 gi|13 030490 032761 gi|14 
020140 98.4 040245 037992 gi|13 016149 018405 gi|33 
017401 98.3 038012 039939 gi|13 009994 011924 gi|40 
017368 98.6 039939 038022 gi|13 007130 009049 gi|33 
017449 98.8 039939 038022 gi|13 012432 014351 gi|31 
000258 90.0 038149 038188 gi|13 007129 007172 gi|33 
000258 90.0 038149 038188 gi|13 012431 012474 gi|31 
000258 90.0 038188 038149 gi|13 011882 011925 gi|40 
000281 94.9 038150 038188 gi|13 030797 030839 gi|14 
000281 94.9 038150 038188 gi|13 016456 016498 gi|33 
000287 95.3 039897 039939 gi|13 032548 032586 gi|14 
000287 95.3 039897 039939 gi|13 008881 008919 gi|33 
000287 95.3 039897 039939 gi|13 018207 018245 gi|33 
000287 95.3 039897 039939 gi|13 014183 014221 gi|31 
000287 95.3 039939 039897 gi|13 010135 010173 gi|40 
000318 75.0 040026 039947 gi|13 018661 018740 gi|14 
000318 75.0 040026 039947 gi|13 032944 033023 gi|31 
000743 97.6 040031 039950 gi|13 018319 018400 gi|14 
000743 97.6 040031 039950 gi|13 032602 032683 gi|31 
000292 82.8 040013 039956 gi|13 018761 018817 gi|14 
000292 82.8 040013 039956 gi|13 033044 033100 gi|31 
000413 82.3 040169 040091 gi|13 019444 019522 gi|14 
000250 73.6 040162 040091 gi|13 012853 012926 gi|33 
000413 82.3 040169 040091 gi|13 033727 033805 gi|31 
000406 83.8 040172 040093 gi|13 012568 012648 gi|33 
000277 78.4 040151 040101 gi|13 019209 019259 gi|14 
000277 78.4 040151 040101 gi|13 033492 033542 gi|31 
000499 98.4 040245 040185 gi|13 007063 007123 gi|33 
000525 100.0 040245 040185 gi|13 012365 012425 gi|31 
000499 98.4 040185 040245 gi|13 011931 011991 gi|40 
242277 100.0 000001 025962 gi|14 014427 040245 gi|31 
000339 77.5 001534 001653 gi|14 007376 007496 gi|36 
000576 73.2 002656 003092 gi|14 032149 032589 gi|36 
000539 71.8 002673 003020 gi|14 022628 022979 gi|37 
000439 70.8 003006 002675 gi|14 008729 009060 gi|20 
000439 70.8 003006 002675 gi|14 024407 024738 gi|46 
000287 92.2 006061 006150 gi|14 040144 040212 gi|28 
002029 75.1 011857 013354 gi|14 020561 022070 gi|34 
000286 80.0 012224 012125 gi|14 024029 024122 gi|26 
000261 77.1 016589 016507 gi|14 012717 012811 gi|43 
000270 74.0 017049 016946 gi|14 030382 030500 gi|17 
000347 80.8 016972 017049 gi|14 033565 033639 gi|31 
000415 77.8 016975 017091 gi|14 033308 033422 gi|31 
000267 82.6 017049 017004 gi|14 003194 003239 gi|20 
000267 82.6 017049 017004 gi|14 018872 018917 gi|46 
000386 77.9 017030 017151 gi|14 033527 033639 gi|31 
001202 80.5 017069 017560 gi|14 031251 031754 gi|31 
000385 79.7 017077 017209 gi|14 033308 033427 gi|31 
000267 82.6 017151 017106 gi|14 003194 003239 gi|20 
000267 82.6 017151 017106 gi|14 018872 018917 gi|46 
000267 82.6 017151 017106 gi|14 030382 030427 gi|17 
000329 79.9 017114 017686 gi|14 031768 032258 gi|31 
000257 89.2 017188 017252 gi|14 026049 026118 gi|34 
000325 77.1 017286 017765 gi|14 032690 033218 gi|31 
000342 72.2 017372 017766 gi|14 032689 033108 gi|31 
000822 85.7 017469 017733 gi|14 032703 032989 gi|31 
000333 76.6 017484 017974 gi|14 031398 031970 gi|31 
000298 80.6 017496 017639 gi|14 032578 032712 gi|31 
000258 88.6 017611 017533 gi|14 016393 016474 gi|41 
000800 82.8 017612 017797 gi|14 012497 012674 gi|33 
000335 79.0 017622 017802 gi|14 033410 033588 gi|31 
000299 73.6 017622 017761 gi|14 012768 012923 gi|33 
000854 92.7 017689 017798 gi|14 032860 032971 gi|31 
000254 71.3 017774 017874 gi|14 032520 032622 gi|31 
000427 81.9 017901 017972 gi|14 026123 026194 gi|34 
000732 91.8 018228 018325 gi|14 006926 007021 gi|31 
000732 91.8 018228 018325 gi|14 032745 032840 gi|20 
000324 76.7 018233 018639 gi|14 033400 033790 gi|31 
000250 71.8 018237 018339 gi|14 032058 032158 gi|31 
000391 75.0 018273 019438 gi|14 032633 033796 gi|31 
000318 79.3 018295 018429 gi|14 031780 031923 gi|31 
000315 72.7 018316 018732 gi|14 012556 012995 gi|33 
000718 96.3 018319 018400 gi|14 016364 016445 gi|33 
000545 75.0 018324 019187 gi|14 032944 033802 gi|31 
000276 68.0 018325 018502 gi|14 033654 033831 gi|31 
001155 75.8 018336 019260 gi|14 032871 033796 gi|31 
000367 70.6 018337 018751 gi|14 033412 033824 gi|31 
000360 73.7 018337 019042 gi|14 033044 033754 gi|31 
000341 75.1 018337 018930 gi|14 033233 033802 gi|31 
000404 74.9 018350 019513 gi|14 032556 033721 gi|31 
000380 78.6 018401 018554 gi|14 012757 012917 gi|33 
000504 73.3 018402 018825 gi|14 033400 033805 gi|31 
000334 70.8 018402 018497 gi|14 006358 006454 gi|45 
000311 73.8 018406 018825 gi|14 031656 032050 gi|31 
000298 79.2 018407 018935 gi|14 031570 032049 gi|31 
000833 86.8 018420 018706 gi|14 031753 032017 gi|31 
000257 88.2 018561 018486 gi|14 016398 016475 gi|41 
000538 75.9 018487 019470 gi|14 032608 033584 gi|31 
000498 76.8 018493 019005 gi|14 033322 033795 gi|31 
000470 72.3 018576 019005 gi|14 012493 012916 gi|33 
000851 92.9 018577 018688 gi|14 031973 032082 gi|31 
001135 75.8 018588 019513 gi|14 032619 033543 gi|31 
000927 79.8 018589 019008 gi|14 012586 012995 gi|33 
000528 74.8 018661 019519 gi|14 032607 033470 gi|31 
000317 74.1 018661 018741 gi|14 016369 016449 gi|33 
000255 87.3 018759 018837 gi|14 002961 003036 gi|15 
000365 73.1 018761 019471 gi|14 032620 033325 gi|31 
000276 82.5 018761 018817 gi|14 016382 016439 gi|33 
001254 80.0 018855 019268 gi|14 012571 013001 gi|33 
000919 81.6 018868 019259 gi|14 012507 012916 gi|33 
000363 74.0 018950 019519 gi|14 032620 033213 gi|31 
000316 73.4 019130 019022 gi|14 003161 003267 gi|20 
000316 73.4 019130 019022 gi|14 018839 018945 gi|46 
000324 72.8 019113 019022 gi|14 030369 030455 gi|17 
000416 77.4 019025 019139 gi|14 031259 031375 gi|31 
000389 77.5 019025 019144 gi|14 031361 031493 gi|31 
000513 74.9 019039 019512 gi|14 032776 033288 gi|31 
000285 75.9 019109 019195 gi|14 006350 006435 gi|45 
000503 72.2 019117 019522 gi|14 032685 033108 gi|31 
000326 75.7 019117 019507 gi|14 032516 032922 gi|31 
000436 74.0 019121 019513 gi|14 012576 012993 gi|33 
000335 78.8 019127 019305 gi|14 031906 032086 gi|31 
000544 76.1 019127 019519 gi|14 012507 012921 gi|33 
000343 70.5 019129 019541 gi|14 032620 033034 gi|31 
000371 74.7 019206 019438 gi|14 012771 012993 gi|33 
000283 78.4 019209 019259 gi|14 016244 016294 gi|33 
000381 76.1 019244 019356 gi|14 031314 031435 gi|31 
000360 75.9 019362 019276 gi|14 030376 030466 gi|17 
000335 80.0 019282 019356 gi|14 031256 031333 gi|31 
000346 83.1 019360 019290 gi|14 003190 003264 gi|20 
000346 83.1 019360 019290 gi|14 018868 018942 gi|46 
000283 68.0 019371 019548 gi|14 032608 032785 gi|31 
000395 77.3 019371 019445 gi|14 002950 003024 gi|15 
000753 87.4 019377 019519 gi|14 012503 012647 gi|33 
000433 76.2 019383 019512 gi|14 012586 012716 gi|33 
000284 77.5 019383 019524 gi|14 012661 012833 gi|33 
000422 82.3 019444 019522 gi|14 016226 016304 gi|33 
002623 100.0 025963 026244 gi|14 000001 000281 gi|29 
030196 99.2 027256 030551 gi|14 009126 012425 gi|31 
030363 99.7 027279 030551 gi|14 003854 007123 gi|33 
029983 99.5 030551 027304 gi|14 011931 015178 gi|40 
049641 99.1 027340 032802 gi|14 013003 018459 gi|33 
000406 83.8 030564 030643 gi|14 012568 012648 gi|33 
000413 82.3 030567 030645 gi|14 033727 033805 gi|31 
000250 73.6 030574 030645 gi|14 012853 012926 gi|33 
000277 78.4 030585 030635 gi|14 033492 033542 gi|31 
000743 97.6 030705 030786 gi|14 032602 032683 gi|31 
000318 75.0 030710 030789 gi|14 032944 033023 gi|31 
000292 82.8 030723 030780 gi|14 033044 033100 gi|31 
017806 98.1 030797 032781 gi|14 012432 014418 gi|31 
000287 95.3 030839 030797 gi|14 014183 014221 gi|31 
017725 97.9 030797 032781 gi|14 007130 009116 gi|33 
000287 95.3 030839 030797 gi|14 008881 008919 gi|33 
000287 95.3 030839 030797 gi|14 018207 018245 gi|33 
017531 96.7 032917 030797 gi|14 009822 011924 gi|40 
000287 95.3 030797 030839 gi|14 010135 010173 gi|40 
000258 90.0 032587 032548 gi|14 012431 012474 gi|31 
000281 94.9 032586 032548 gi|14 016456 016498 gi|33 
000258 90.0 032587 032548 gi|14 007129 007172 gi|33 
000258 90.0 032548 032587 gi|14 011882 011925 gi|40 
002584 76.3 000267 001238 gi|15 033434 034403 gi|19 
000260 80.9 002816 002925 gi|15 036778 036884 gi|23 
000376 77.3 002950 003024 gi|15 033654 033728 gi|31 
000259 86.8 002961 003036 gi|15 033042 033120 gi|31 
000257 84.6 002966 003017 gi|15 012942 012993 gi|33 
000719 77.5 003878 003159 gi|15 015986 016688 gi|36 
001115 75.3 003241 003855 gi|15 017814 018431 gi|34 
000538 73.5 003799 003249 gi|15 000526 001040 gi|42 
000284 85.2 005258 005056 gi|15 015345 015532 gi|36 
000340 76.1 005705 005451 gi|15 014922 015179 gi|36 
000276 79.0 005573 005686 gi|15 019736 019855 gi|34 
000366 77.4 014308 014643 gi|15 019302 019640 gi|19 
000252 80.9 014309 014491 gi|15 024745 024932 gi|21 
000255 87.0 014506 014430 gi|15 032252 032337 gi|22 
000258 83.8 014628 014726 gi|15 020863 020962 gi|19 
000283 88.9 014756 014676 gi|15 029351 029416 gi|17 
000322 68.8 015388 015155 gi|15 004837 005070 gi|47 
000280 74.6 015785 015554 gi|15 004431 004674 gi|47 
000257 76.1 017181 017414 gi|15 034682 034889 gi|40 
000457 76.0 024320 024059 gi|15 025496 025766 gi|27 
000583 78.5 024311 024066 gi|15 028449 028703 gi|27 
000483 71.8 024290 024068 gi|15 021950 022181 gi|27 
000358 78.9 024304 024068 gi|15 022998 023238 gi|27 
000388 79.3 024317 024096 gi|15 026469 026699 gi|27 
000287 76.9 025072 024671 gi|15 001288 001689 gi|44 
000295 71.7 024990 024726 gi|15 002426 002690 gi|17 
000359 71.6 025031 024729 gi|15 001555 001857 gi|17 
000481 71.3 024765 024994 gi|15 018769 018993 gi|36 
000553 75.4 024765 025873 gi|15 022823 023873 gi|44 
000294 74.5 024991 024765 gi|15 028000 028229 gi|37 
001079 75.8 025378 024776 gi|15 031897 032500 gi|22 
000568 71.4 025352 024783 gi|15 028363 028959 gi|25 
000272 76.7 024783 024988 gi|15 015438 015640 gi|21 
000376 72.7 024816 024991 gi|15 035060 035238 gi|36 
000338 74.5 025234 024816 gi|15 000056 000498 gi|44 
000268 82.4 025014 024816 gi|15 006669 006858 gi|32 
000482 77.4 024818 025003 gi|15 020649 020834 gi|33 
000253 76.0 024892 024991 gi|15 019380 019479 gi|19 
000314 77.9 025467 024893 gi|15 014550 015090 gi|25 
000343 75.0 025412 024912 gi|15 005654 006148 gi|28 
000273 70.4 025658 025873 gi|15 025500 025715 gi|21 
000259 85.0 034685 034593 gi|15 032663 032747 gi|47 
001467 78.5 035939 036656 gi|15 019988 020694 gi|45 
000291 74.1 039070 038607 gi|15 009537 010000 gi|22 
000263 81.2 038719 038651 gi|15 030349 030421 gi|39 
000658 78.6 000449 000025 gi|16 018732 019159 gi|37 
000262 74.4 003243 003029 gi|16 031137 031345 gi|47 
000254 69.9 005558 005640 gi|16 028365 028447 gi|25 
000254 72.1 013534 013109 gi|16 016690 017136 gi|23 
000267 70.4 013439 013207 gi|16 015024 015283 gi|23 
000416 73.2 014445 013637 gi|16 015650 016499 gi|23 
000251 84.8 016879 016821 gi|16 018878 018936 gi|19 
000384 68.5 017117 017399 gi|16 027936 028215 gi|37 
000303 74.0 023705 023977 gi|16 038627 038897 gi|38 
000422 77.4 023719 023930 gi|16 023602 023814 gi|18 
000298 75.0 023876 023773 gi|16 033075 033179 gi|44 
000268 83.3 024566 024525 gi|16 032433 032474 gi|44 
000311 75.6 028565 029060 gi|16 031850 032362 gi|22 
001054 75.0 028579 029455 gi|16 014584 015433 gi|25 
000763 72.8 028668 029295 gi|16 005748 006380 gi|28 
000421 74.9 029177 028680 gi|16 026105 026613 gi|39 
000499 77.0 028857 029247 gi|16 001469 001856 gi|17 
000284 78.7 029181 028971 gi|16 035033 035254 gi|36 
000274 77.8 028977 029161 gi|16 002419 002600 gi|17 
000271 77.0 028979 029161 gi|16 001368 001550 gi|44 
000283 70.4 029185 028980 gi|16 019279 019483 gi|19 
000342 75.1 029161 028981 gi|16 024746 024923 gi|21 
000284 77.6 035845 035681 gi|16 039266 039436 gi|38 
000585 78.0 036473 036310 gi|16 038653 038825 gi|38 
000454 72.2 036500 036328 gi|16 023590 023759 gi|18 
000252 80.3 038537 038467 gi|16 005723 005789 gi|30 
000412 73.3 038899 039531 gi|16 007286 007900 gi|22 
000616 75.5 039821 040122 gi|16 008199 008506 gi|22 
000369 75.6 039972 040090 gi|16 032520 032641 gi|33 
000415 78.5 002900 003155 gi|19 036132 036384 gi|26 
000310 74.5 002913 003171 gi|19 031776 032024 gi|43 
000349 74.3 003171 003028 gi|19 032222 032366 gi|25 
000301 76.9 003381 003510 gi|19 009382 009526 gi|46 
002668 99.3 004806 004507 gi|19 021549 021844 gi|44 
002633 99.0 004507 004806 gi|19 033817 034114 gi|44 
002648 100.0 004521 004806 gi|19 023730 024015 gi|27 
002227 94.3 004525 004806 gi|19 030591 030872 gi|39 
000289 87.5 004572 004525 gi|19 036529 036575 gi|37 
005773 77.4 011210 012842 gi|19 034170 035812 gi|26 
003675 78.8 012878 011211 gi|19 030898 032579 gi|25 
005889 79.2 011268 012841 gi|19 032329 033918 gi|26 
001062 77.6 011321 011812 gi|19 024732 025178 gi|34 
002390 74.8 011365 012838 gi|19 036201 037680 gi|26 
001495 77.1 011421 012706 gi|19 031880 033192 gi|43 
001279 75.7 011603 011911 gi|19 031010 031321 gi|26 
000844 72.1 011919 012287 gi|19 025174 025536 gi|34 
001867 75.5 012116 012843 gi|19 031310 032039 gi|26 
000536 76.9 012301 012841 gi|19 025469 025984 gi|34 
000401 78.9 013951 014092 gi|19 013216 013355 gi|22 
000266 75.2 014626 014778 gi|19 033944 034089 gi|38 
000301 73.1 018598 018380 gi|19 032293 032512 gi|22 
000276 70.1 018421 018597 gi|19 006957 007136 gi|36 
000282 71.7 019020 018876 gi|19 006329 006467 gi|32 
000312 75.2 019565 019170 gi|19 032193 032587 gi|22 
000380 75.7 019796 019217 gi|19 014697 015250 gi|25 
000344 74.8 019244 019612 gi|19 026067 026438 gi|39 
000299 81.1 019351 019482 gi|19 024793 024923 gi|21 
000252 85.9 019378 019476 gi|19 007041 007142 gi|36 
000290 77.1 019380 019545 gi|19 020723 020885 gi|33 
000270 80.0 019435 019519 gi|19 035194 035283 gi|36 
005768 77.3 022976 021609 gi|19 009746 011117 gi|46 
001111 75.0 023039 022009 gi|19 001441 002449 gi|31 
001111 75.0 023039 022009 gi|19 026008 027016 gi|20 
000547 73.9 022060 022898 gi|19 028412 029255 gi|44 
001886 76.7 038159 036993 gi|19 002293 003450 gi|44 
001560 76.2 038145 037056 gi|19 003673 004753 gi|44 
000250 78.9 038185 038039 gi|19 003617 003766 gi|32 
000335 79.3 002084 001742 gi|18 017850 018193 gi|28 
000293 84.0 002272 002117 gi|18 017757 017917 gi|28 
001545 77.2 002206 003458 gi|18 011167 012416 gi|19 
001587 75.1 002314 003894 gi|18 032340 033920 gi|26 
001810 75.2 003902 002314 gi|18 030930 032515 gi|25 
001996 75.5 002321 003890 gi|18 034236 035809 gi|26 
001087 75.1 002457 003564 gi|18 036248 037367 gi|26 
001743 75.4 002466 003430 gi|18 031880 032859 gi|43 
000574 76.4 002546 002867 gi|18 024870 025179 gi|34 
000655 72.6 002623 002929 gi|18 030983 031294 gi|26 
000457 71.8 002945 003246 gi|18 025155 025450 gi|34 
000307 72.1 003179 003626 gi|18 031331 031796 gi|26 
000358 74.3 003344 003686 gi|18 025446 025800 gi|34 
000269 80.3 003610 003741 gi|18 020704 020843 gi|24 
000272 84.2 005767 005648 gi|18 013188 013292 gi|28 
000254 86.2 006992 007085 gi|18 005118 005216 gi|30 
000283 79.8 011000 010917 gi|18 002220 002296 gi|24 
002875 77.2 012937 014913 gi|18 031647 033584 gi|38 
000410 75.6 014855 014766 gi|18 040049 040138 gi|41 
000259 84.3 019772 019639 gi|18 010114 010235 gi|36 
000250 81.7 021384 021325 gi|18 032320 032388 gi|39 
000466 72.2 023596 023811 gi|18 038632 038850 gi|38 
000251 76.7 023844 023678 gi|18 032990 033156 gi|44 
000319 76.1 023923 024010 gi|18 008276 008363 gi|36 
000279 76.9 025511 025166 gi|18 010629 010985 gi|48 
000585 81.0 025205 025625 gi|18 024015 024443 gi|43 
000516 78.2 025209 025602 gi|18 010478 010867 gi|43 
000404 73.4 025231 025452 gi|18 035773 036006 gi|41 
000341 75.5 001721 001187 gi|17 032187 032724 gi|30 
000268 74.5 001422 001856 gi|17 014821 015255 gi|25 
000505 77.2 001943 001431 gi|17 019137 019643 gi|19 
000405 77.8 001854 001585 gi|17 026037 026309 gi|39 
000290 74.9 001864 001586 gi|17 022779 023059 gi|44 
000291 76.8 001828 001592 gi|17 035005 035241 gi|36 
000321 77.8 001833 001595 gi|17 024684 024921 gi|21 
000265 75.1 001774 001598 gi|17 006966 007142 gi|36 
000341 72.9 002522 002342 gi|17 019382 019554 gi|19 
000363 77.9 002520 002381 gi|17 020727 020863 gi|33 
000295 77.2 002384 002615 gi|17 027962 028196 gi|37 
000343 73.6 002634 002423 gi|17 035029 035240 gi|36 
000266 83.4 002425 002605 gi|17 032285 032465 gi|22 
000357 80.6 002522 002425 gi|17 024824 024921 gi|21 
000257 79.0 002603 002428 gi|17 006964 007142 gi|36 
005387 77.7 006615 008294 gi|17 034163 035832 gi|26 
003296 74.3 008291 006617 gi|17 030912 032583 gi|25 
001925 74.9 006674 008268 gi|17 002308 003894 gi|18 
004647 78.6 006680 008316 gi|17 011267 012909 gi|19 
005181 77.4 006681 008329 gi|17 032339 033971 gi|26 
001232 76.9 006691 007222 gi|17 024700 025178 gi|34 
000488 74.8 006730 006975 gi|17 002927 003171 gi|19 
002016 77.1 006813 008278 gi|17 036239 037694 gi|26 
001681 75.9 006822 008315 gi|17 031871 033394 gi|43 
001744 81.3 007024 007334 gi|17 031021 031329 gi|26 
000634 77.9 007308 007709 gi|17 025160 025537 gi|34 
001828 75.6 007554 008262 gi|17 031332 032034 gi|26 
001058 75.2 007714 008313 gi|17 025427 026038 gi|34 
000316 75.2 011033 010925 gi|17 026007 026121 gi|34 
001522 73.7 012595 011661 gi|17 000183 001120 gi|39 
001207 75.3 014313 015687 gi|17 011174 012572 gi|19 
000884 75.1 014365 015879 gi|17 002280 003814 gi|18 
000767 74.7 014383 015748 gi|17 032321 033713 gi|26 
001334 77.3 015745 014399 gi|17 031151 032515 gi|25 
000942 76.7 014539 015311 gi|17 034376 035148 gi|26 
000306 76.7 014543 014675 gi|17 003023 003155 gi|19 
001217 76.0 014548 015306 gi|17 036257 037018 gi|26 
001090 76.2 014548 015243 gi|17 031880 032563 gi|43 
000541 74.8 014616 014940 gi|17 024858 025179 gi|34 
000580 80.3 014781 015059 gi|17 031061 031339 gi|26 
000324 77.0 020924 020764 gi|17 001807 001967 gi|37 
000254 74.4 021298 021217 gi|17 011675 011762 gi|44 
000527 75.2 025888 026594 gi|17 009494 010182 gi|45 
000272 82.8 026406 026585 gi|17 037433 037612 gi|43 
000300 81.0 026461 026565 gi|17 031886 031990 gi|33 
000387 75.0 027230 027453 gi|17 038094 038330 gi|43 
000384 70.1 027318 027454 gi|17 008279 008415 gi|22 
000310 76.5 027319 027454 gi|17 032438 032579 gi|33 
000272 73.0 027330 027440 gi|17 010876 010986 gi|45 
000993 90.7 030355 030504 gi|17 018844 018994 gi|46 
000993 90.7 030355 030504 gi|17 003166 003316 gi|20 
000303 71.3 030455 030369 gi|17 033305 033396 gi|31 
000370 76.9 030466 030376 gi|17 033559 033645 gi|31 
000271 77.3 030500 030382 gi|17 031230 031333 gi|31 
000260 82.6 030427 030382 gi|17 031390 031435 gi|31 
000421 81.9 032514 032728 gi|17 001207 001436 gi|35 
000251 87.5 033761 033832 gi|17 002667 002732 gi|35 
228590 98.8 000055 024567 gi|20 015716 040245 gi|46 
000447 48.7 000055 000173 gi|20 015609 015728 gi|46 
000406 47.1 000055 000173 gi|20 015503 015622 gi|46 
000285 81.7 003116 003219 gi|20 032164 032275 gi|42 
000308 72.9 003267 003161 gi|20 033305 033413 gi|31 
000363 84.0 003264 003190 gi|20 033573 033643 gi|31 
000260 82.6 003239 003194 gi|20 031288 031333 gi|31 
000260 82.6 003239 003194 gi|20 031390 031435 gi|31 
000274 69.5 004994 005383 gi|20 018662 019055 gi|47 
000983 75.4 009060 007093 gi|20 022634 024566 gi|37 
000464 70.8 009060 008729 gi|20 017101 017432 gi|31 
000277 69.3 010571 010671 gi|20 013545 013645 gi|27 
000586 71.3 010861 011512 gi|20 013791 014456 gi|27 
000345 73.7 011725 011876 gi|20 014657 014808 gi|27 
022770 95.8 012400 015067 gi|20 005967 008645 gi|24 
022677 97.0 015065 012410 gi|20 022118 024747 gi|40 
000930 98.3 012410 012524 gi|20 008874 008989 gi|38 
022111 96.8 012505 015064 gi|20 010221 012803 gi|38 
000821 74.9 012810 013629 gi|20 002004 002851 gi|33 
000285 69.4 014091 014322 gi|20 003436 003658 gi|33 
002007 90.9 015065 014803 gi|20 027664 027926 gi|37 
000310 77.1 017893 017754 gi|20 008345 008484 gi|25 
000265 69.0 017893 017781 gi|20 010481 010593 gi|25 
001127 77.6 022874 021681 gi|20 003801 004940 gi|40 
045501 100.0 024568 029375 gi|20 000001 004808 gi|31 
000398 78.4 024941 024817 gi|20 000250 000374 gi|31 
001180 71.3 026129 027013 gi|20 009830 010717 gi|46 
000454 76.8 026821 026129 gi|20 028549 029253 gi|44 
041552 100.0 030617 035002 gi|20 004798 009183 gi|31 
000732 91.7 032745 032840 gi|20 032511 032608 gi|31 
000335 80.8 033064 033303 gi|20 025716 025942 gi|26 
000263 79.2 033176 033295 gi|20 014713 014825 gi|24 
000257 85.2 006522 006629 gi|23 030119 030222 gi|47 
000389 72.2 024168 023942 gi|23 022031 022258 gi|39 
000483 76.1 027377 027681 gi|23 036966 037270 gi|35 
005732 78.0 033924 032663 gi|23 018611 019865 gi|41 
000305 74.1 002093 002413 gi|24 012726 013054 gi|43 
000529 74.4 003509 003076 gi|24 026345 026784 gi|25 
022789 95.9 005967 008645 gi|24 028078 030745 gi|46 
022520 96.3 008642 005973 gi|24 022118 024750 gi|40 
000930 98.3 005977 006091 gi|24 008874 008989 gi|38 
022146 96.4 006072 008640 gi|24 010221 012801 gi|38 
000875 74.3 006374 007207 gi|24 002003 002851 gi|33 
000325 69.8 007669 007900 gi|24 003436 003658 gi|33 
002083 93.1 008641 008381 gi|24 027666 027926 gi|37 
000564 75.9 011446 012213 gi|24 000601 001358 gi|43 
000277 77.9 014713 014825 gi|24 007357 007476 gi|31 
000373 76.9 016463 016360 gi|24 000805 000905 gi|47 
000252 79.8 028811 028698 gi|24 015780 015910 gi|45 
000282 79.1 011736 011296 gi|21 016691 017104 gi|37 
000541 74.4 012230 013117 gi|21 000900 001795 gi|28 
000262 78.5 015643 015421 gi|21 032285 032510 gi|22 
000271 73.5 015554 015700 gi|21 018900 019052 gi|36 
000264 80.6 015562 015669 gi|21 035158 035264 gi|36 
000396 78.8 024435 024552 gi|21 022412 022526 gi|44 
000865 71.9 025330 024712 gi|21 031856 032494 gi|22 
000950 72.7 024713 025815 gi|21 022841 023997 gi|44 
000524 79.5 024716 025085 gi|21 020629 020983 gi|33 
000438 72.9 025099 024742 gi|21 001177 001554 gi|44 
000417 70.2 024742 025272 gi|21 026117 026659 gi|39 
000392 75.0 025317 024806 gi|21 028313 028863 gi|25 
000270 79.1 024826 024954 gi|21 018894 019013 gi|36 
000351 77.4 024839 025210 gi|21 035156 035539 gi|36 
000304 75.5 025190 025287 gi|21 007384 007481 gi|36 
000281 74.2 025675 025350 gi|21 033770 034098 gi|22 
000423 78.2 029580 029411 gi|21 001717 001873 gi|46 
000460 75.6 029475 029765 gi|21 034942 035231 gi|40 
009617 92.9 038496 039707 gi|21 038496 039699 gi|37 
000784 83.9 039696 039436 gi|21 038255 038479 gi|37 
000697 75.9 003417 002792 gi|22 031466 032093 gi|41 
000412 72.2 008282 008562 gi|22 032445 032723 gi|33 
000482 80.7 010312 010523 gi|22 034317 034525 gi|38 
000596 71.6 010781 011431 gi|22 034635 035276 gi|38 
000253 89.3 015806 015676 gi|22 021214 021331 gi|42 
000611 76.1 021056 021390 gi|22 006638 006968 gi|32 
000820 74.8 021086 022170 gi|22 005817 006886 gi|32 
000466 79.6 021958 022182 gi|22 005834 006058 gi|32 
000268 73.0 022119 021968 gi|22 036543 036694 gi|27 
000285 75.7 022181 022001 gi|22 037318 037513 gi|27 
000299 75.2 026433 026662 gi|22 008267 008484 gi|38 
000963 73.5 026678 027443 gi|22 030872 031626 gi|36 
000272 83.3 026882 026971 gi|22 008506 008595 gi|38 
000306 82.1 027225 027514 gi|22 012795 013057 gi|38 
000574 69.7 031868 032497 gi|22 028298 028963 gi|25 
000567 72.0 032499 032100 gi|22 022835 023234 gi|44 
000264 81.6 032200 032406 gi|22 006616 006810 gi|32 
000340 74.0 032588 032243 gi|22 025996 026347 gi|39 
000263 80.4 032367 032256 gi|22 035156 035261 gi|36 
000594 78.5 032518 032282 gi|22 020592 020825 gi|33 
000310 70.8 032527 032288 gi|22 018756 018986 gi|36 
000252 75.6 032406 032288 gi|22 032186 032313 gi|30 
000254 83.3 032908 032843 gi|22 004748 004812 gi|48 
000250 79.3 034640 034549 gi|22 023634 023728 gi|44 
000396 77.3 035568 035009 gi|22 021932 022479 gi|44 
000299 80.2 002614 002699 gi|27 021745 021828 gi|38 
000628 71.9 013791 014456 gi|27 026539 027190 gi|46 
000381 73.7 014657 014808 gi|27 027403 027554 gi|46 
000551 74.0 015223 015729 gi|27 009590 010098 gi|37 
000325 69.2 018795 018484 gi|27 000006 000317 gi|48 
000920 71.2 018486 019145 gi|27 010496 011146 gi|37 
000916 74.8 018661 019141 gi|27 012128 012599 gi|37 
000289 84.9 023781 023696 gi|27 036529 036616 gi|37 
002618 98.4 023699 024015 gi|27 033801 034114 gi|44 
002641 99.7 024015 023729 gi|27 021549 021835 gi|44 
002227 94.3 023734 024015 gi|27 030591 030872 gi|39 
000430 79.6 027678 027287 gi|27 034445 034830 gi|43 
000302 71.2 027373 027876 gi|27 013278 013781 gi|28 
000267 73.5 027510 027398 gi|27 034962 035071 gi|30 
000261 73.0 036630 036479 gi|27 006748 006896 gi|32 
000269 80.7 036627 036504 gi|27 005914 006033 gi|32 
000690 71.5 037527 036880 gi|27 005847 006495 gi|32 
000317 76.2 037967 037867 gi|27 006365 006465 gi|32 
000428 77.2 039060 038679 gi|27 000004 000401 gi|48 
000827 77.0 038815 039414 gi|27 010556 011146 gi|37 
000651 74.5 038906 039410 gi|27 012101 012599 gi|37 
000286 76.8 006149 006055 gi|28 020742 020836 gi|33 
000324 79.4 006175 006069 gi|28 026193 026299 gi|39 
000293 77.1 006152 006070 gi|28 018902 018988 gi|36 
000253 85.5 012750 012818 gi|28 033821 033898 gi|44 
000269 87.2 012772 012818 gi|28 030606 030656 gi|39 
000710 72.3 013087 014048 gi|28 013116 014095 gi|35 
000397 69.9 013978 013109 gi|28 034048 034916 gi|43 
000325 70.3 015056 015254 gi|28 038349 038547 gi|36 
000712 75.3 017254 016475 gi|28 039475 040245 gi|43 
000328 78.3 017793 018119 gi|28 035315 035646 gi|38 
000273 81.2 018080 017985 gi|28 039159 039256 gi|43 
000844 74.8 020674 020088 gi|28 016455 017036 gi|44 
000289 71.3 022210 021702 gi|28 016481 017013 gi|44 
000365 70.7 023848 024301 gi|28 025268 025718 gi|47 
000322 91.1 028528 028484 gi|28 026563 026610 gi|30 
000447 80.2 028484 028574 gi|28 016900 016988 gi|38 
000260 88.4 028489 028531 gi|28 034705 034746 gi|36 
013054 93.2 030102 028490 gi|28 016929 018547 gi|38 
003385 84.7 030089 030801 gi|28 025882 026601 gi|30 
000358 88.4 030801 030733 gi|28 016905 016966 gi|38 
000354 86.8 030764 030831 gi|28 018510 018575 gi|38 
018143 93.1 030821 033063 gi|28 034609 036850 gi|35 
018124 92.8 033074 030823 gi|28 012999 015250 gi|30 
000503 77.5 030983 031395 gi|28 034363 034778 gi|33 
000272 89.9 040144 040212 gi|28 020487 020576 gi|31 
000260 77.5 005280 005201 gi|26 024327 024405 gi|38 
000281 75.8 012935 013000 gi|26 023007 023075 gi|32 
000251 81.1 013850 013703 gi|26 011659 011825 gi|37 
000274 74.1 014048 013821 gi|26 013002 013227 gi|37 
000273 82.0 014052 014003 gi|26 013186 013238 gi|37 
000268 81.2 014154 014238 gi|26 023003 023087 gi|32 
000336 78.4 014558 014388 gi|26 013070 013249 gi|37 
000292 79.1 014852 015138 gi|26 035175 035433 gi|33 
000420 73.6 019294 018860 gi|26 000065 000484 gi|46 
001155 76.4 020552 019652 gi|26 010388 011307 gi|37 
001118 72.8 020642 019764 gi|26 038551 039438 gi|27 
000683 69.0 020258 019788 gi|26 018669 019145 gi|27 
000807 76.7 020269 019807 gi|26 012125 012587 gi|37 
000516 74.0 020128 020277 gi|26 000002 000151 gi|48 
000299 78.7 024122 024029 gi|26 026526 026625 gi|31 
000343 79.7 025716 025942 gi|26 007245 007484 gi|31 
000602 81.0 031002 031333 gi|26 032046 032388 gi|43 
000812 71.8 031018 031219 gi|26 024977 025178 gi|34 
000484 81.0 031300 031436 gi|26 025350 025486 gi|34 
000739 79.1 031515 032044 gi|26 025453 025989 gi|34 
000481 80.3 031721 032110 gi|26 032991 033396 gi|43 
001618 77.1 032279 033918 gi|26 031673 033333 gi|43 
001091 74.8 032279 032880 gi|26 024636 025178 gi|34 
000850 78.2 032966 033296 gi|26 025160 025474 gi|34 
000711 75.8 033444 033935 gi|26 025517 026007 gi|34 
001976 76.7 034172 035886 gi|26 031673 033395 gi|43 
001277 78.4 034316 034773 gi|26 024768 025178 gi|34 
000891 75.5 034859 035189 gi|26 025160 025474 gi|34 
000784 77.1 035241 035830 gi|26 025408 026003 gi|34 
001024 74.6 036073 036902 gi|26 031711 032528 gi|43 
000781 78.8 036326 036650 gi|26 024859 025186 gi|34 
000366 74.6 036756 037070 gi|26 025178 025483 gi|34 
000419 77.9 037180 037590 gi|26 032815 033237 gi|43 
000303 70.6 037385 037680 gi|26 025696 025985 gi|34 
000272 75.9 040078 040243 gi|26 000889 001065 gi|44 
000315 83.5 001290 001453 gi|25 030679 030836 gi|45 
002149 77.2 005295 006808 gi|25 025374 026930 gi|37 
000677 71.4 008129 008765 gi|25 025381 026004 gi|37 
000323 77.1 008484 008345 gi|25 033432 033571 gi|46 
000285 76.4 009131 009460 gi|25 026352 026693 gi|37 
000250 82.0 009991 010118 gi|25 003428 003561 gi|41 
000267 69.0 010593 010481 gi|25 033459 033571 gi|46 
000363 73.7 015293 014686 gi|25 025997 026616 gi|39 
000360 75.8 014697 014878 gi|25 005769 005950 gi|28 
000274 77.4 014779 015260 gi|25 001146 001641 gi|44 
000286 76.8 015881 016022 gi|25 009865 010006 gi|28 
000365 74.3 025582 025690 gi|25 026853 026961 gi|38 
000323 72.4 025592 026117 gi|25 027924 028444 gi|36 
000348 77.1 028861 028346 gi|25 026186 026668 gi|39 
000386 72.3 028851 028740 gi|25 020719 020830 gi|33 
000370 74.3 028743 028843 gi|25 000315 000415 gi|44 
000329 77.7 028743 029006 gi|25 001367 001615 gi|44 
000364 78.8 028843 028745 gi|25 035143 035242 gi|36 
001135 73.6 031654 030912 gi|25 031312 032063 gi|26 
003911 78.1 032581 030919 gi|25 034165 035837 gi|26 
001824 77.2 032592 030923 gi|25 031668 033348 gi|43 
003736 76.6 032598 030934 gi|25 032267 033925 gi|26 
000395 73.8 031465 030939 gi|25 025460 025989 gi|34 
003064 76.2 032593 030980 gi|25 036013 037646 gi|26 
000492 81.3 031883 031568 gi|25 025165 025461 gi|34 
001400 77.7 032232 031875 gi|25 030953 031319 gi|26 
000894 74.0 032307 031950 gi|25 024849 025197 gi|34 
007257 82.9 038159 036846 gi|25 025368 026693 gi|44 
020850 99.3 015250 013007 gi|30 034611 036853 gi|35 
000561 74.5 015091 014716 gi|30 034363 034741 gi|33 
000251 81.2 023607 023686 gi|30 024944 025015 gi|47 
000375 90.0 026602 026533 gi|30 016904 016966 gi|38 
000313 91.1 026557 026601 gi|30 018502 018547 gi|38 
001018 72.1 030251 030942 gi|30 016838 017529 gi|36 
000392 71.7 030268 030850 gi|30 018713 019295 gi|36 
000845 71.8 032056 032698 gi|30 018729 019368 gi|36 
000477 69.4 032069 032724 gi|30 016884 017536 gi|36 
000282 76.3 032216 032329 gi|30 020722 020837 gi|33 
000278 82.5 032217 032319 gi|30 026200 026301 gi|39 
000283 83.0 032599 032657 gi|30 021105 021163 gi|33 
000385 72.6 034801 035110 gi|30 034452 034758 gi|43 
000278 91.3 035923 035878 gi|30 023692 023735 gi|38 
000266 90.9 035880 035923 gi|30 031437 031485 gi|40 
001180 71.3 001562 002446 gi|31 009830 010717 gi|46 
000454 76.8 002254 001562 gi|31 028549 029253 gi|44 
048612 99.5 009170 014422 gi|31 003867 009120 gi|33 
048037 99.2 014422 009184 gi|31 009934 015173 gi|40 
029670 99.6 009216 012425 gi|31 013003 016210 gi|33 
000262 90.9 012474 012431 gi|31 008881 008920 gi|33 
000262 90.9 012474 012431 gi|31 018207 018246 gi|33 
000262 90.9 012431 012474 gi|31 010134 010173 gi|40 
017381 96.6 012432 014533 gi|31 016456 018564 gi|33 
000281 94.9 014221 014183 gi|31 016456 016498 gi|33 
000258 90.0 014222 014183 gi|31 007129 007172 gi|33 
000258 90.0 014183 014222 gi|31 011882 011925 gi|40 
000339 77.5 015960 016079 gi|31 007376 007496 gi|36 
000576 73.2 017082 017518 gi|31 032149 032589 gi|36 
000539 71.8 017099 017446 gi|31 022628 022979 gi|37 
000439 70.8 017432 017101 gi|31 024407 024738 gi|46 
002000 75.3 026261 027752 gi|31 020561 022070 gi|34 
000261 77.1 030874 030792 gi|31 012717 012811 gi|43 
000267 82.6 031333 031288 gi|31 018872 018917 gi|46 
000267 82.6 031435 031390 gi|31 018872 018917 gi|46 
000257 89.2 031472 031536 gi|31 026049 026118 gi|34 
000258 88.6 031895 031817 gi|31 016393 016474 gi|41 
000800 82.8 031896 032081 gi|31 012497 012674 gi|33 
000299 73.6 031906 032045 gi|31 012768 012923 gi|33 
000427 81.9 032185 032256 gi|31 026123 026194 gi|34 
000315 72.7 032599 033015 gi|31 012556 012995 gi|33 
000718 96.3 032602 032683 gi|31 016364 016445 gi|33 
000380 78.6 032684 032837 gi|31 012757 012917 gi|33 
000334 70.8 032685 032780 gi|31 006358 006454 gi|45 
000257 88.2 032844 032769 gi|31 016398 016475 gi|41 
000470 72.3 032859 033288 gi|31 012493 012916 gi|33 
000927 79.8 032872 033291 gi|31 012586 012995 gi|33 
000317 74.1 032944 033024 gi|31 016369 016449 gi|33 
000276 82.5 033044 033100 gi|31 016382 016439 gi|33 
001254 80.0 033138 033551 gi|31 012571 013001 gi|33 
000919 81.6 033151 033542 gi|31 012507 012916 gi|33 
000316 73.4 033413 033305 gi|31 018839 018945 gi|46 
000285 75.9 033392 033478 gi|31 006350 006435 gi|45 
000436 74.0 033404 033796 gi|31 012576 012993 gi|33 
000544 76.1 033410 033802 gi|31 012507 012921 gi|33 
000371 74.7 033489 033721 gi|31 012771 012993 gi|33 
000283 78.4 033492 033542 gi|31 016244 016294 gi|33 
000346 83.1 033643 033573 gi|31 018868 018942 gi|46 
000753 87.4 033660 033802 gi|31 012503 012647 gi|33 
000433 76.2 033666 033795 gi|31 012586 012716 gi|33 
000284 77.5 033666 033807 gi|31 012661 012833 gi|33 
000422 82.3 033727 033805 gi|31 016226 016304 gi|33 
000781 75.4 002401 002004 gi|33 023947 024348 gi|40 
000790 75.4 002004 002401 gi|33 010525 010926 gi|38 
000763 75.7 002004 002851 gi|33 028488 029307 gi|46 
000287 71.3 002851 002629 gi|33 023516 023735 gi|40 
000287 71.3 002629 002851 gi|33 011138 011357 gi|38 
000295 68.2 003658 003436 gi|33 022823 023054 gi|40 
000284 68.2 003436 003658 gi|33 011838 012069 gi|38 
000284 68.2 003436 003658 gi|33 029769 030000 gi|46 
048149 98.9 009122 003807 gi|33 009932 015240 gi|40 
000262 90.9 007129 007172 gi|33 010134 010173 gi|40 
000258 90.0 008881 008920 gi|33 011882 011925 gi|40 
000323 75.7 009289 009502 gi|33 013569 013785 gi|38 
000265 80.0 012758 012842 gi|33 006358 006441 gi|45 
029646 99.7 016210 013007 gi|33 011931 015135 gi|40 
017258 97.3 018443 016456 gi|33 009935 011924 gi|40 
000287 95.3 016456 016498 gi|33 010135 010173 gi|40 
000258 90.0 018207 018246 gi|33 011882 011925 gi|40 
000405 71.8 019041 019260 gi|33 037066 037283 gi|36 
000389 77.4 020721 020990 gi|33 035136 035403 gi|36 
000283 74.2 020723 020869 gi|33 026200 026352 gi|39 
000254 68.3 020824 020724 gi|33 001370 001470 gi|44 
000524 77.1 020727 021036 gi|33 022954 023275 gi|44 
011700 99.5 023925 025186 gi|33 008974 010236 gi|38 
011270 97.9 025186 023926 gi|33 011636 012896 gi|35 
000333 88.3 031866 032002 gi|33 010032 010165 gi|45 
000554 74.4 034363 034741 gi|33 034769 035144 gi|35 
000257 75.1 000005 000366 gi|32 025354 025715 gi|47 
000294 79.8 025649 025467 gi|32 037362 037556 gi|38 
001822 74.2 006587 005204 gi|34 022702 024090 gi|41 
000251 86.5 008276 008129 gi|34 019850 019996 gi|41 
000293 84.8 015820 015611 gi|34 021249 021451 gi|47 
000368 75.9 018112 017707 gi|34 000757 001158 gi|42 
000512 75.1 018048 017716 gi|34 016378 016705 gi|36 
000281 81.6 023373 023233 gi|34 034317 034478 gi|48 
000744 78.1 024858 025217 gi|34 031948 032308 gi|43 
000267 72.6 025172 025437 gi|34 032376 032665 gi|43 
000285 72.6 010664 010486 gi|35 007575 007749 gi|36 
011238 98.0 012884 011646 gi|35 008982 010220 gi|38 
001410 75.3 013762 013140 gi|35 034295 034914 gi|43 
000259 80.9 016365 016298 gi|35 019375 019445 gi|45 
000294 73.7 016778 017169 gi|35 017861 018273 gi|42 
000462 71.4 017845 018194 gi|35 018952 019290 gi|42 
000411 77.0 026114 026717 gi|35 019953 020546 gi|42 
000332 94.3 032864 032795 gi|35 034714 034779 gi|36 
001370 75.4 010808 010398 gi|37 000003 000413 gi|48 
001117 75.2 012259 011877 gi|37 000010 000391 gi|48 
001009 75.0 024566 022634 gi|37 022771 024738 gi|46 
002074 92.5 027662 027926 gi|37 022116 022380 gi|40 
002074 91.3 027962 027663 gi|37 012515 012806 gi|38 
002018 90.9 027926 027664 gi|37 030481 030743 gi|46 
000289 87.2 036529 036575 gi|37 021783 021830 gi|44 
000252 89.1 036629 036529 gi|37 033793 033880 gi|44 
000276 83.7 036577 036529 gi|37 030589 030638 gi|39 
000299 78.3 006964 007143 gi|36 026118 026297 gi|39 
000437 77.1 015978 016566 gi|36 000439 001004 gi|42 
000286 75.8 018894 018988 gi|36 026204 026298 gi|39 
000333 70.5 031077 031405 gi|36 008507 008850 gi|38 
000335 76.6 031540 031753 gi|36 012906 013139 gi|38 
000302 80.1 035065 035396 gi|36 022885 023213 gi|44 
000446 78.8 035169 035442 gi|36 026227 026517 gi|39 
001002 76.6 004940 003801 gi|40 037359 038552 gi|46 
022707 97.0 024747 022118 gi|40 028088 030743 gi|46 
000250 85.7 004997 005108 gi|41 036996 037086 gi|45 
000266 79.6 006316 006452 gi|41 019462 019609 gi|44 
000313 74.2 013879 014235 gi|41 028540 028904 gi|45 
000251 76.0 014753 014579 gi|41 031077 031244 gi|47 
000390 74.5 014637 014773 gi|41 029315 029448 gi|45 
000275 83.1 024138 024297 gi|41 014213 014369 gi|47 
000265 78.7 035768 036208 gi|41 010497 010910 gi|43 
000673 77.1 006804 006574 gi|38 014352 014580 gi|46 
000891 95.7 008989 008873 gi|38 024633 024748 gi|40 
000940 98.3 008874 008989 gi|38 028088 028202 gi|46 
022344 98.1 012806 010221 gi|38 022117 024652 gi|40 
022127 96.9 010221 012803 gi|38 028183 030742 gi|46 
000757 74.5 015358 016291 gi|38 011942 012884 gi|46 
001115 90.3 022453 022596 gi|38 030979 031122 gi|39 
010251 97.7 023727 022582 gi|38 031450 032595 gi|40 
000369 70.8 033578 033425 gi|38 039991 040144 gi|41 
000262 73.8 006317 006097 gi|39 038699 038932 gi|48 
000451 74.8 026436 026037 gi|39 001232 001634 gi|44 
000520 75.6 026202 026467 gi|39 022952 023214 gi|44 
000297 77.7 027190 027458 gi|39 007243 007506 gi|40 
002213 94.3 030872 030591 gi|39 021549 021830 gi|44 
002188 92.5 030591 030872 gi|39 033833 034114 gi|44 
000319 73.7 028950 028378 gi|44 010130 010702 gi|46 
000280 73.7 012863 012788 gi|45 000841 000916 gi|47 
000592 72.8 029436 028486 gi|45 031072 032025 gi|47 
000274 69.5 020672 021061 gi|46 018662 019055 gi|47 
000273 83.0 032164 032275 gi|42 018794 018897 gi|46 
000265 78.5 004213 004084 gi|43 039559 039692 gi|44 
000287 72.9 010868 010433 gi|43 010537 010990 gi|48 
000276 80.2 010899 010502 gi|43 019436 019786 gi|48 
000328 78.6 038183 038313 gi|43 010852 010982 gi|45 
