000800 74.8 002003 002851 gi|3 006374 007207 gi|20 
000790 75.4 002004 002401 gi|3 010525 010926 gi|25 
000781 75.4 002401 002004 gi|3 023947 024348 gi|32 
000774 75.1 002004 002401 gi|3 018378 018779 gi|9 
000763 75.7 002004 002851 gi|3 028488 029307 gi|34 
000763 75.7 002004 002851 gi|3 012810 013629 gi|7 
000287 71.3 002629 002851 gi|3 011138 011357 gi|25 
000287 71.3 002851 002629 gi|3 023516 023735 gi|32 
000287 71.3 002629 002851 gi|3 018991 019210 gi|9 
000319 68.6 003436 003658 gi|3 007669 007900 gi|20 
000284 68.2 003436 003658 gi|3 011838 012069 gi|25 
000295 68.2 003658 003436 gi|3 022823 023054 gi|32 
000284 68.2 003436 003658 gi|3 029769 030000 gi|34 
000284 68.2 003436 003658 gi|3 014091 014322 gi|7 
000260 69.9 003443 003658 gi|3 019685 019903 gi|9 
000287 79.2 009271 009128 gi|3 006328 006470 gi|24 
000323 75.7 009289 009502 gi|3 013569 013785 gi|25 
000405 71.8 019041 019260 gi|3 037066 037283 gi|31 
000529 78.2 020825 020592 gi|3 032282 032518 gi|17 
000500 78.6 020629 020983 gi|3 024716 025085 gi|10 
000551 78.0 020834 020649 gi|3 028308 028493 gi|40 
000444 77.4 020649 020834 gi|3 024818 025003 gi|5 
000250 76.2 020685 020856 gi|3 034678 034849 gi|26 
000466 74.9 020875 020697 gi|3 000522 000700 gi|24 
000333 72.3 020830 020719 gi|3 028740 028851 gi|39 
000389 77.4 020721 020990 gi|3 035136 035403 gi|31 
000508 74.0 020983 020722 gi|3 034327 034591 gi|9 
000283 74.2 020723 020869 gi|3 026200 026352 gi|29 
000276 76.7 020723 020885 gi|3 019380 019545 gi|43 
000254 68.3 020824 020724 gi|3 001370 001470 gi|38 
000269 73.3 020858 020724 gi|3 015065 015199 gi|45 
000524 77.1 020727 021036 gi|3 022954 023275 gi|38 
000365 77.4 020863 020727 gi|3 002381 002520 gi|46 
000279 69.5 020727 020831 gi|3 037288 037392 gi|19 
000407 81.5 020819 020728 gi|3 032552 032643 gi|28 
000284 79.0 020728 020822 gi|3 004906 005000 gi|26 
000253 80.8 020773 020819 gi|3 024453 024499 gi|9 
000286 83.0 021105 021163 gi|3 032599 032657 gi|8 
000333 88.3 031866 032002 gi|3 010032 010165 gi|42 
000281 81.0 031886 031990 gi|3 026461 026565 gi|46 
000307 77.5 032438 032579 gi|3 027319 027454 gi|46 
000402 72.0 032445 032723 gi|3 008282 008562 gi|17 
000349 76.2 032520 032641 gi|3 039972 040090 gi|44 
000570 74.7 034741 034363 gi|3 014716 015091 gi|8 
000554 74.4 034363 034741 gi|3 034769 035144 gi|48 
000530 77.6 034363 034778 gi|3 030983 031395 gi|11 
000288 76.8 035175 035433 gi|3 014852 015138 gi|15 
000251 74.2 036231 036319 gi|3 019661 019753 gi|28 
002547 77.2 038399 039460 gi|3 003916 004968 gi|40 
002430 75.8 038457 039490 gi|3 005361 006384 gi|40 
045519 100.0 000001 004810 gi|2 024568 029377 gi|7 
000398 78.4 000374 000250 gi|2 024817 024941 gi|7 
001139 74.4 002449 001441 gi|2 022009 023039 gi|43 
001180 71.3 001562 002446 gi|2 009830 010717 gi|34 
000454 76.8 002254 001562 gi|2 028549 029253 gi|38 
041556 100.0 004796 009183 gi|2 030615 035002 gi|7 
000335 80.8 007245 007484 gi|2 025716 025942 gi|15 
000263 79.2 007357 007476 gi|2 014713 014825 gi|20 
157276 99.9 014427 031250 gi|2 000001 016966 gi|18 
000339 77.5 015960 016079 gi|2 007376 007496 gi|31 
000576 73.2 017082 017518 gi|2 032149 032589 gi|31 
000539 71.8 017099 017446 gi|2 022628 022979 gi|4 
000439 70.8 017432 017101 gi|2 008729 009060 gi|7 
000439 70.8 017432 017101 gi|2 024407 024738 gi|34 
000287 92.2 020487 020576 gi|2 040144 040212 gi|11 
002000 75.3 026261 027752 gi|2 020561 022070 gi|21 
000286 80.0 026625 026526 gi|2 024029 024122 gi|15 
000261 77.1 030874 030792 gi|2 012717 012811 gi|30 
002280 100.0 032271 032519 gi|2 017987 018236 gi|18 
060529 100.0 033820 040245 gi|2 019537 025962 gi|18 
000327 77.0 001967 001807 gi|4 020764 020924 gi|46 
000561 74.1 009590 010098 gi|4 015223 015729 gi|23 
001211 76.8 011307 010388 gi|4 019652 020552 gi|15 
001370 75.4 010808 010398 gi|4 000003 000413 gi|37 
000910 70.8 010496 011146 gi|4 018486 019145 gi|23 
000823 76.7 010556 011146 gi|4 038815 039414 gi|23 
001270 75.0 011182 010811 gi|4 039874 040245 gi|9 
000254 83.2 011825 011659 gi|4 013703 013850 gi|15 
001117 75.2 012259 011877 gi|4 000010 000391 gi|37 
000693 74.2 012101 012599 gi|4 038906 039410 gi|23 
000853 76.7 012587 012125 gi|4 019807 020269 gi|15 
000955 74.4 012128 012599 gi|4 018661 019141 gi|23 
000287 73.9 013227 013002 gi|4 013821 014048 gi|15 
000335 79.4 013249 013070 gi|4 014388 014558 gi|15 
000268 83.0 013238 013186 gi|4 014003 014052 gi|15 
002130 72.0 016478 017291 gi|4 001666 002497 gi|28 
000712 78.3 019159 018732 gi|4 000025 000449 gi|44 
000533 72.2 022628 022979 gi|4 002673 003020 gi|18 
001009 75.0 024566 022634 gi|4 022771 024738 gi|34 
001009 75.0 024566 022634 gi|4 007093 009060 gi|7 
002283 77.8 025374 026930 gi|4 005295 006808 gi|39 
000703 70.8 025381 026004 gi|4 008129 008765 gi|39 
000280 77.2 026352 026693 gi|4 009131 009460 gi|39 
002074 92.5 027662 027926 gi|4 022116 022380 gi|32 
002074 91.3 027962 027663 gi|4 012515 012806 gi|25 
002018 90.9 027926 027664 gi|4 030481 030743 gi|34 
002018 90.9 027926 027664 gi|4 014803 015065 gi|7 
002093 93.1 027926 027666 gi|4 008381 008641 gi|20 
002014 91.5 027926 027667 gi|4 020384 020643 gi|9 
000425 68.2 027936 028215 gi|4 017117 017399 gi|44 
000327 75.9 027936 028184 gi|4 028253 028501 gi|40 
000251 79.6 027948 028099 gi|4 015046 015200 gi|45 
000327 77.5 027962 028196 gi|4 002384 002615 gi|46 
000304 74.8 028229 028000 gi|4 024765 024991 gi|5 
000257 81.2 028103 028003 gi|4 007042 007142 gi|31 
000258 78.9 032117 032206 gi|4 013374 013466 gi|23 
000285 69.8 033849 033724 gi|4 019257 019385 gi|28 
000286 85.2 036616 036529 gi|4 023696 023781 gi|23 
000295 85.7 036612 036529 gi|4 028892 028975 gi|47 
000289 87.2 036529 036575 gi|4 007433 007480 gi|47 
000289 87.2 036529 036575 gi|4 021783 021830 gi|38 
000252 89.1 036629 036529 gi|4 033793 033880 gi|38 
000289 87.2 036575 036529 gi|4 004525 004572 gi|43 
000289 87.2 036529 036575 gi|4 003554 003601 gi|24 
000276 83.7 036577 036529 gi|4 030589 030638 gi|29 
000688 76.5 038254 038479 gi|4 037392 037633 gi|22 
000779 81.3 038479 038255 gi|4 039436 039696 gi|10 
009623 92.9 038496 039699 gi|4 038496 039707 gi|10 
001776 94.6 038975 038754 gi|4 038007 038235 gi|22 
004921 93.0 039681 039053 gi|4 037389 038009 gi|22 
000330 79.0 002203 002061 gi|1 005647 005786 gi|38 
000552 75.1 004249 004505 gi|1 002682 002923 gi|41 
000326 81.0 005769 005910 gi|1 034868 035019 gi|18 
000424 77.8 008972 008739 gi|1 018233 018463 gi|45 
000403 75.2 008784 009419 gi|1 014888 015529 gi|31 
000491 74.8 009042 008817 gi|1 005484 005706 gi|5 
000464 75.0 009416 008828 gi|1 019285 019870 gi|21 
000330 83.5 009462 009257 gi|1 005034 005239 gi|5 
000402 72.8 010997 010243 gi|1 003102 003879 gi|5 
000789 74.8 010315 010806 gi|1 000525 000983 gi|41 
000549 79.2 010818 010382 gi|1 017864 018312 gi|21 
000279 75.7 010799 010578 gi|1 016309 016557 gi|45 
000363 77.5 010816 010613 gi|1 037250 037456 gi|6 
000253 92.2 017567 017517 gi|1 011820 011870 gi|38 
000256 73.6 019831 020012 gi|1 022645 022826 gi|40 
000278 81.5 023642 023524 gi|1 014723 014830 gi|20 
000921 96.9 027146 027275 gi|1 008860 008981 gi|25 
022598 96.6 029835 027167 gi|1 022123 024748 gi|32 
023195 97.1 027168 029839 gi|1 028088 030742 gi|34 
023195 97.1 027168 029839 gi|1 012410 015064 gi|7 
023020 96.2 027168 029836 gi|1 017980 020642 gi|9 
022784 95.5 027168 029847 gi|1 005977 008649 gi|20 
022136 96.7 027263 029839 gi|1 010221 012804 gi|25 
000833 75.5 027573 028405 gi|1 002004 002851 gi|3 
000286 69.7 028867 029097 gi|1 003436 003658 gi|3 
002100 90.0 029881 029551 gi|1 027628 027962 gi|4 
002382 94.3 034683 034978 gi|1 028609 028903 gi|15 
002396 93.0 034685 034984 gi|1 029717 030016 gi|15 
000257 81.4 034985 034916 gi|1 027457 027525 gi|15 
004047 78.7 035942 036777 gi|1 012509 013352 gi|47 
000467 78.9 038476 038330 gi|1 029440 029586 gi|32 
000515 73.2 039136 038630 gi|1 013749 014265 gi|27 
000269 78.9 039597 039413 gi|1 005567 005748 gi|5 
232346 100.0 000001 024567 gi|7 015662 040245 gi|34 
001552 98.3 000001 000173 gi|7 015555 015728 gi|34 
001511 97.1 000001 000173 gi|7 015449 015622 gi|34 
000600 97.0 000001 000067 gi|7 015768 015834 gi|34 
000771 97.7 000087 000173 gi|7 015429 015515 gi|34 
000343 74.1 003032 002890 gi|7 011539 011683 gi|35 
000279 78.8 002907 002958 gi|7 032330 032381 gi|34 
000285 81.7 003116 003219 gi|7 032164 032275 gi|41 
000288 76.1 003132 003332 gi|7 032863 033077 gi|16 
000318 84.6 003252 003316 gi|7 030440 030504 gi|46 
000274 69.5 004994 005383 gi|7 018662 019055 gi|27 
000464 70.8 009060 008729 gi|7 002675 003006 gi|18 
000277 69.3 010571 010671 gi|7 013545 013645 gi|23 
000586 71.3 010861 011512 gi|7 013791 014456 gi|23 
000345 73.7 011725 011876 gi|7 014657 014808 gi|23 
022770 95.8 012400 015067 gi|7 005967 008645 gi|20 
022939 96.4 012409 015062 gi|7 017979 020643 gi|9 
022677 97.0 015065 012410 gi|7 022118 024747 gi|32 
000933 100.0 012410 012517 gi|7 008874 008981 gi|25 
022111 96.8 012505 015064 gi|7 010221 012803 gi|25 
000312 72.3 016713 016631 gi|7 029986 030071 gi|36 
000290 70.1 016713 016637 gi|7 037225 037301 gi|36 
000282 78.8 016652 016703 gi|7 018585 018636 gi|34 
000310 77.1 017893 017754 gi|7 008345 008484 gi|39 
000265 69.0 017893 017781 gi|7 010481 010593 gi|39 
001127 77.6 022874 021681 gi|7 003801 004940 gi|32 
001139 74.4 027016 026008 gi|7 022009 023039 gi|43 
001180 71.3 026129 027013 gi|7 009830 010717 gi|34 
000454 76.8 026821 026129 gi|7 028549 029253 gi|38 
011705 99.5 030616 029341 gi|7 006981 008258 gi|8 
011675 99.7 030625 029356 gi|7 000485 001752 gi|37 
011672 99.8 029371 030627 gi|7 027510 028766 gi|36 
011664 100.0 029373 030616 gi|7 021027 022269 gi|9 
011250 97.9 030616 029375 gi|7 026166 027407 gi|9 
011723 99.0 030659 029376 gi|7 003925 005210 gi|34 
011074 98.2 029378 030616 gi|7 004355 005582 gi|11 
000258 86.1 030580 030651 gi|7 038037 038100 gi|40 
000335 80.8 033064 033303 gi|7 025716 025942 gi|15 
000263 79.2 033176 033295 gi|7 014713 014825 gi|20 
048037 99.2 040241 035003 gi|7 009934 015173 gi|32 
000262 90.9 038250 038293 gi|7 010134 010173 gi|32 
000258 90.0 040002 040041 gi|7 011882 011925 gi|32 
002584 76.3 000267 001238 gi|5 033434 034403 gi|43 
000260 80.9 002816 002925 gi|5 036778 036884 gi|12 
000420 75.1 003154 003490 gi|5 037117 037461 gi|6 
000719 77.5 003878 003159 gi|5 015986 016688 gi|31 
001115 75.3 003241 003855 gi|5 017814 018431 gi|21 
000580 75.3 003243 003525 gi|5 016246 016536 gi|45 
000538 73.5 003799 003249 gi|5 000526 001040 gi|41 
000284 85.2 005258 005056 gi|5 015345 015532 gi|31 
000340 76.1 005705 005451 gi|5 014922 015179 gi|31 
000375 81.6 005474 005777 gi|5 018165 018465 gi|45 
000276 79.0 005573 005686 gi|5 019736 019855 gi|21 
000260 81.6 014128 014042 gi|5 018935 019021 gi|45 
000366 77.4 014308 014643 gi|5 019302 019640 gi|43 
000252 80.9 014309 014491 gi|5 024745 024932 gi|10 
000288 76.6 014836 014406 gi|5 037464 037912 gi|36 
000255 87.0 014506 014430 gi|5 032252 032337 gi|17 
000258 83.8 014628 014726 gi|5 020863 020962 gi|43 
000283 88.9 014756 014676 gi|5 029351 029416 gi|46 
000260 82.9 014738 014854 gi|5 022989 023108 gi|9 
000322 68.8 015388 015155 gi|5 004837 005070 gi|27 
000280 74.6 015785 015554 gi|5 004431 004674 gi|27 
000257 76.1 017181 017414 gi|5 034682 034889 gi|32 
000457 76.0 024320 024059 gi|5 025496 025766 gi|23 
000583 78.5 024311 024066 gi|5 028449 028703 gi|23 
000483 71.8 024290 024068 gi|5 021950 022181 gi|23 
000358 78.9 024304 024068 gi|5 022998 023238 gi|23 
000388 79.3 024317 024096 gi|5 026469 026699 gi|23 
000287 76.9 025072 024671 gi|5 001288 001689 gi|38 
001906 75.5 026299 024687 gi|5 027086 028624 gi|40 
001477 73.4 025390 024687 gi|5 034089 034795 gi|9 
000849 70.7 025377 024695 gi|5 000177 000874 gi|24 
000295 71.7 024990 024726 gi|5 002426 002690 gi|46 
000359 71.6 025031 024729 gi|5 001555 001857 gi|46 
000475 70.5 025376 024763 gi|5 032146 032777 gi|28 
000481 71.3 024765 024994 gi|5 018769 018993 gi|31 
000553 75.4 024765 025873 gi|5 022823 023873 gi|38 
001079 75.8 025378 024776 gi|5 031897 032500 gi|17 
000335 76.2 025190 024783 gi|5 006680 007105 gi|40 
000568 71.4 025352 024783 gi|5 028363 028959 gi|39 
000272 76.7 024783 024988 gi|5 015438 015640 gi|10 
000376 72.7 024816 024991 gi|5 035060 035238 gi|31 
000338 74.5 025234 024816 gi|5 000056 000498 gi|38 
000268 82.4 025014 024816 gi|5 006669 006858 gi|33 
000317 74.2 025072 024864 gi|5 027477 027685 gi|28 
000284 74.4 024994 024870 gi|5 036920 037045 gi|36 
000253 76.0 024892 024991 gi|5 019380 019479 gi|43 
000314 77.9 025467 024893 gi|5 014550 015090 gi|39 
000293 73.2 024990 024894 gi|5 015102 015198 gi|45 
000338 73.0 024896 025043 gi|5 037288 037440 gi|19 
000343 75.0 025412 024912 gi|5 005654 006148 gi|11 
000307 80.3 024915 024990 gi|5 003030 003105 gi|19 
000487 72.9 025997 025658 gi|5 035820 036155 gi|9 
000273 70.4 025658 025873 gi|5 025500 025715 gi|10 
000340 74.2 026806 026574 gi|5 035058 035284 gi|9 
000259 85.0 034685 034593 gi|5 032663 032747 gi|27 
001467 78.5 035939 036656 gi|5 019988 020694 gi|42 
000291 74.1 039070 038607 gi|5 009537 010000 gi|17 
000263 81.2 038719 038651 gi|5 030349 030421 gi|29 
000488 69.5 004441 004847 gi|6 025298 025704 gi|34 
000488 69.5 004441 004847 gi|6 009620 010026 gi|7 
000542 74.2 010121 009669 gi|6 005915 006367 gi|9 
000363 79.6 012149 012442 gi|6 014133 014429 gi|20 
000251 79.4 012241 012337 gi|6 010995 011097 gi|42 
000296 76.1 016189 016077 gi|6 022348 022461 gi|31 
000291 73.4 016913 016636 gi|6 008501 008768 gi|36 
001429 78.5 017953 017615 gi|6 027205 027540 gi|33 
000314 71.5 023891 023622 gi|6 038065 038357 gi|11 
000317 69.2 028903 028709 gi|6 027559 027753 gi|9 
000250 76.5 028739 028891 gi|6 004242 004392 gi|43 
000369 76.5 029777 029642 gi|6 027609 027744 gi|9 
000336 69.2 036710 037004 gi|6 010033 010321 gi|47 
000338 77.6 037459 037188 gi|6 016351 016622 gi|31 
000406 74.0 037213 037427 gi|6 017823 018043 gi|21 
000338 79.4 037450 037344 gi|6 000799 000905 gi|41 
000260 86.9 005118 005216 gi|8 006992 007085 gi|35 
011296 97.4 006942 008221 gi|8 026115 027406 gi|9 
011704 99.6 006968 008224 gi|8 003957 005213 gi|34 
000283 88.0 007017 006968 gi|8 038037 038086 gi|40 
011738 99.7 008227 006969 gi|8 027507 028765 gi|36 
011133 98.2 008220 006975 gi|8 004354 005588 gi|11 
011687 99.0 006975 008278 gi|8 000485 001773 gi|37 
011680 99.8 008224 006977 gi|8 021026 022273 gi|9 
018144 92.8 015250 012999 gi|8 030823 033074 gi|11 
020850 99.3 015250 013007 gi|8 034611 036853 gi|48 
000251 81.2 023607 023686 gi|8 024944 025015 gi|27 
003334 84.9 025882 026601 gi|8 030089 030801 gi|11 
000390 90.1 026533 026603 gi|8 033817 033880 gi|36 
000390 90.1 026603 026533 gi|8 033104 033167 gi|16 
000375 90.0 026602 026533 gi|8 016904 016966 gi|25 
000333 90.3 026618 026557 gi|8 032223 032281 gi|36 
000288 88.9 026557 026601 gi|8 034702 034747 gi|16 
000313 91.1 026557 026601 gi|8 018502 018547 gi|25 
000299 95.2 026560 026601 gi|8 019060 019099 gi|22 
000317 91.7 026610 026563 gi|8 028484 028528 gi|11 
000753 72.8 030546 030216 gi|8 025690 026013 gi|45 
001133 74.6 030248 030901 gi|8 022413 023062 gi|9 
000630 72.0 030248 030861 gi|8 001006 001619 gi|19 
001018 72.1 030251 030942 gi|8 016838 017529 gi|31 
000371 76.5 030257 030418 gi|8 019766 019927 gi|28 
000392 71.7 030268 030850 gi|8 018713 019295 gi|31 
000284 74.3 030439 030547 gi|8 024397 024505 gi|9 
000256 82.9 030458 030568 gi|8 018521 018634 gi|43 
000418 72.7 030465 030922 gi|8 003027 003484 gi|19 
000275 74.0 030766 030861 gi|8 019973 020067 gi|28 
000279 71.2 031973 032316 gi|8 000967 001302 gi|19 
000701 73.0 031997 032729 gi|8 024180 024915 gi|9 
000845 71.8 032056 032698 gi|8 018729 019368 gi|31 
000270 71.8 032056 032346 gi|8 002843 003134 gi|19 
000477 69.4 032069 032724 gi|8 016884 017536 gi|31 
000350 75.7 032724 032187 gi|8 001187 001721 gi|46 
000278 82.5 032217 032319 gi|8 026200 026301 gi|29 
000289 75.3 032542 032634 gi|8 019976 020068 gi|28 
000385 72.6 034801 035110 gi|8 034452 034758 gi|30 
000260 72.7 035071 034962 gi|8 027398 027510 gi|23 
002054 87.2 035351 035656 gi|8 021847 022152 gi|40 
001969 94.9 035651 035903 gi|8 022836 023083 gi|40 
000256 89.6 035923 035876 gi|8 035460 035506 gi|38 
000266 90.9 035880 035923 gi|8 031437 031485 gi|32 
000267 75.7 007074 007258 gi|10 017507 017704 gi|43 
000541 74.4 012230 013117 gi|10 000900 001795 gi|11 
001328 72.4 015389 015965 gi|10 004734 005321 gi|26 
000262 78.5 015643 015421 gi|10 032285 032510 gi|17 
000255 78.2 015650 015495 gi|10 032541 032681 gi|28 
000364 85.5 015713 015501 gi|10 000528 000714 gi|24 
000279 81.4 015647 015546 gi|10 028316 028417 gi|40 
000271 73.5 015554 015700 gi|10 018900 019052 gi|31 
000264 80.6 015562 015669 gi|10 035158 035264 gi|31 
000453 74.2 019201 018973 gi|10 018462 018689 gi|28 
000687 75.5 020298 020750 gi|10 027675 028127 gi|26 
000396 78.8 024435 024552 gi|10 022412 022526 gi|38 
000315 77.7 024921 024684 gi|10 001595 001833 gi|46 
000865 71.9 025330 024712 gi|10 031856 032494 gi|17 
001225 82.4 025092 024713 gi|10 028149 028528 gi|40 
000950 72.7 024713 025815 gi|10 022841 023997 gi|38 
000594 75.3 025276 024713 gi|10 000193 000786 gi|24 
000330 73.0 024735 024923 gi|10 038196 038387 gi|19 
000438 72.9 025099 024742 gi|10 001177 001554 gi|38 
000417 70.2 024742 025272 gi|10 026117 026659 gi|29 
000387 74.6 025214 024746 gi|10 032241 032727 gi|28 
000294 76.4 024923 024746 gi|10 028981 029161 gi|44 
000299 80.9 024793 024923 gi|10 019351 019482 gi|43 
000392 75.0 025317 024806 gi|10 028313 028863 gi|39 
000343 73.7 024921 024823 gi|10 015101 015199 gi|45 
000393 80.6 024921 024824 gi|10 002425 002522 gi|46 
000270 79.1 024826 024954 gi|10 018894 019013 gi|31 
000337 75.5 024828 024921 gi|10 034722 034815 gi|26 
000351 77.4 024839 025210 gi|10 035156 035539 gi|31 
000304 75.5 025190 025287 gi|10 007384 007481 gi|31 
000281 74.2 025675 025350 gi|10 033770 034098 gi|17 
000423 78.2 029580 029411 gi|10 001717 001873 gi|34 
000460 75.6 029475 029765 gi|10 034942 035231 gi|32 
001336 94.3 038459 038303 gi|10 038210 038366 gi|22 
001789 92.9 038983 038759 gi|10 038007 038235 gi|22 
005206 94.4 039700 039060 gi|10 037379 038010 gi|22 
011096 97.8 005589 004345 gi|11 000484 001741 gi|37 
011080 98.2 005582 004354 gi|11 003970 005209 gi|34 
011086 98.2 004355 005584 gi|11 027515 028755 gi|36 
000327 91.3 005546 005591 gi|11 038037 038082 gi|40 
000519 72.2 005670 006148 gi|11 027912 028399 gi|40 
000375 76.9 006150 005710 gi|11 034734 035186 gi|26 
000285 73.3 005745 006149 gi|11 032213 032629 gi|28 
000770 73.0 005748 006380 gi|11 028668 029295 gi|44 
000376 75.8 005769 005950 gi|11 014697 014878 gi|39 
000254 71.1 006145 006056 gi|11 003030 003120 gi|19 
000309 68.9 006059 006164 gi|11 000564 000670 gi|24 
000324 79.4 006175 006069 gi|11 026193 026299 gi|29 
000293 77.1 006152 006070 gi|11 018902 018988 gi|31 
000262 73.1 006072 006149 gi|11 028751 028828 gi|39 
000253 76.8 009865 010006 gi|11 015881 016022 gi|39 
000253 85.5 012750 012818 gi|11 033821 033898 gi|38 
000254 85.1 012818 012772 gi|11 003536 003586 gi|24 
000254 85.1 012772 012818 gi|11 023749 023799 gi|23 
000269 87.2 012772 012818 gi|11 030606 030656 gi|29 
000254 85.1 012772 012818 gi|11 004540 004590 gi|43 
000710 72.3 013087 014048 gi|11 013116 014095 gi|48 
000397 69.9 013978 013109 gi|11 034048 034916 gi|30 
000265 81.9 013292 013188 gi|11 005648 005767 gi|35 
000337 71.2 013278 013781 gi|11 027373 027876 gi|23 
000325 70.3 015056 015254 gi|11 038349 038547 gi|31 
000712 75.3 017254 016475 gi|11 039475 040245 gi|30 
000300 84.5 017917 017757 gi|11 002117 002272 gi|35 
000328 78.3 017793 018119 gi|11 035315 035646 gi|25 
000335 79.4 018193 017850 gi|11 001742 002084 gi|35 
000273 81.2 018080 017985 gi|11 039159 039256 gi|30 
000844 74.8 020674 020088 gi|11 016455 017036 gi|38 
000578 75.5 020663 020104 gi|11 035012 035555 gi|36 
001450 73.3 022234 020107 gi|11 034997 037135 gi|36 
000312 79.8 021961 021700 gi|11 036874 037131 gi|36 
000289 71.3 022210 021702 gi|11 016481 017013 gi|38 
000260 75.0 021827 021910 gi|11 034735 034818 gi|26 
000365 70.7 023848 024301 gi|11 025268 025718 gi|27 
000444 76.8 028429 027990 gi|11 011803 012237 gi|24 
013174 93.1 030087 028413 gi|11 033149 034814 gi|16 
000447 80.2 028484 028574 gi|11 016900 016988 gi|25 
000431 81.4 028489 028574 gi|11 033105 033188 gi|16 
000260 88.4 028489 028531 gi|11 034705 034746 gi|31 
013160 93.5 028490 030135 gi|11 032236 033903 gi|36 
000441 80.0 028574 028490 gi|11 033795 033878 gi|36 
013054 93.2 030102 028490 gi|11 016929 018547 gi|25 
000286 91.7 028525 028490 gi|11 019064 019099 gi|22 
000384 87.1 030833 030733 gi|11 033074 033167 gi|16 
000358 88.4 030733 030801 gi|11 033817 033878 gi|36 
000358 88.4 030801 030733 gi|11 016905 016966 gi|25 
000299 90.2 030764 030804 gi|11 034710 034750 gi|16 
000323 94.9 030802 030764 gi|11 032235 032273 gi|36 
000354 86.8 030764 030831 gi|11 018510 018575 gi|25 
000316 92.5 030766 030805 gi|11 019064 019103 gi|22 
018143 93.1 030821 033063 gi|11 034609 036850 gi|48 
000524 69.3 038964 039168 gi|11 004871 005075 gi|24 
000272 89.9 040144 040212 gi|11 006061 006150 gi|18 
000774 91.5 001183 000972 gi|9 010826 011034 gi|46 
000279 71.3 004237 004008 gi|9 027698 027918 gi|30 
000280 86.2 004272 004208 gi|9 030936 031005 gi|16 
000250 72.3 004423 004294 gi|9 027353 027485 gi|30 
000263 80.3 009484 009813 gi|9 018785 019111 gi|12 
000473 76.0 017753 017633 gi|9 013222 013342 gi|17 
000265 76.0 017633 017799 gi|9 010410 010576 gi|45 
000337 68.0 017638 017762 gi|9 033129 033258 gi|43 
000261 67.9 017765 017654 gi|9 013945 014056 gi|43 
023023 95.8 017976 020643 gi|9 005973 008640 gi|20 
022974 96.4 017979 020643 gi|9 028087 030740 gi|34 
023444 98.1 020641 017980 gi|9 022123 024747 gi|32 
000925 99.1 017980 018087 gi|9 008874 008981 gi|25 
022911 97.9 018075 020651 gi|9 010221 012809 gi|25 
011671 99.5 022278 021014 gi|9 000483 001746 gi|37 
011662 99.9 021024 022270 gi|9 027509 028754 gi|36 
011671 99.9 022269 021026 gi|9 003970 005213 gi|34 
011100 98.2 021029 022277 gi|9 004353 005589 gi|11 
000433 76.2 022409 022580 gi|9 019753 019924 gi|28 
000751 73.1 022700 022411 gi|9 025699 025988 gi|45 
000872 72.0 022422 022700 gi|9 016844 017122 gi|31 
000566 71.6 022422 023058 gi|9 001015 001651 gi|19 
000418 71.1 022439 022701 gi|9 002836 003098 gi|19 
000352 70.6 022483 022839 gi|9 018763 019125 gi|31 
000597 79.1 022863 023130 gi|9 017291 017555 gi|31 
000482 74.3 024152 024856 gi|9 018649 019342 gi|31 
000309 71.8 024228 024671 gi|9 016857 017300 gi|31 
000353 73.4 024509 024243 gi|9 001588 001863 gi|46 
000381 72.3 024516 024243 gi|9 025676 025952 gi|45 
000357 76.3 024245 024514 gi|9 001042 001317 gi|19 
000393 78.2 024503 024302 gi|9 028319 028529 gi|40 
000332 81.1 024360 024502 gi|9 024779 024921 gi|10 
000282 76.9 024540 024398 gi|9 032242 032389 gi|17 
000259 74.8 024403 024509 gi|9 026200 026306 gi|29 
000277 81.0 024503 024404 gi|9 015100 015199 gi|45 
000333 81.8 024502 024404 gi|9 000575 000673 gi|24 
000286 76.7 024406 024624 gi|9 015547 015756 gi|10 
000272 82.1 024406 024517 gi|9 007049 007158 gi|31 
000321 73.1 024406 024535 gi|9 004904 005033 gi|26 
000281 76.6 024502 024426 gi|9 006069 006145 gi|11 
000274 79.8 025689 025606 gi|9 029974 030060 gi|24 
011262 97.9 027404 026151 gi|9 027515 028778 gi|36 
011271 97.9 026162 027406 gi|9 003966 005210 gi|34 
011248 97.8 026166 027411 gi|9 000491 001736 gi|37 
011019 97.9 027431 026166 gi|9 004338 005582 gi|11 
000257 84.6 027837 027901 gi|9 024162 024223 gi|42 
000575 75.3 031115 030289 gi|9 033266 034096 gi|32 
000581 76.0 034057 034589 gi|9 014644 015199 gi|45 
000609 72.2 034699 034067 gi|9 022841 023470 gi|38 
000259 78.4 034073 034345 gi|9 028304 028581 gi|39 
000389 71.5 034074 034586 gi|9 000928 001467 gi|38 
001246 74.3 034080 034877 gi|9 031877 032677 gi|17 
000340 72.3 034087 034570 gi|9 005674 006148 gi|11 
002109 76.6 034096 034813 gi|9 027925 028643 gi|40 
000530 74.9 034104 034585 gi|9 032147 032643 gi|28 
000740 76.0 034148 034717 gi|9 000220 000804 gi|24 
000629 75.8 034152 034753 gi|9 002080 002687 gi|46 
001036 77.1 034700 034155 gi|9 024712 025246 gi|10 
000400 74.0 034805 034282 gi|9 034901 035445 gi|31 
000602 77.3 034590 034282 gi|9 026200 026511 gi|29 
000303 75.0 034699 034404 gi|9 038174 038481 gi|19 
000267 78.5 034588 034412 gi|9 015546 015716 gi|10 
000256 71.2 034592 034430 gi|9 035438 035600 gi|26 
000419 76.5 034432 034614 gi|9 028689 028880 gi|39 
000322 78.6 034590 034451 gi|9 019380 019520 gi|43 
000353 77.7 034456 034666 gi|9 028948 029161 gi|44 
000254 70.3 034474 034766 gi|9 000303 000598 gi|38 
000292 72.5 034624 034494 gi|9 018844 018986 gi|31 
000264 75.0 034495 034666 gi|9 006901 007072 gi|40 
000435 74.3 035030 035332 gi|9 026584 026871 gi|40 
000302 74.7 036159 035714 gi|9 023654 024135 gi|38 
000449 75.0 035814 036300 gi|9 033601 034078 gi|17 
000434 70.7 035854 036317 gi|9 027402 027869 gi|40 
000319 76.2 035882 036171 gi|9 034343 034635 gi|17 
000277 79.2 038697 038797 gi|9 039785 039873 gi|44 
000284 74.0 038697 039061 gi|9 010677 011061 gi|42 
000260 76.0 038720 038982 gi|9 038036 038313 gi|30 
000315 76.0 038873 038993 gi|9 027327 027453 gi|46 
000531 71.0 039901 040245 gi|9 019779 020126 gi|15 
000539 73.9 040236 039911 gi|9 018810 019144 gi|23 
002623 100.0 000001 000281 gi|13 025963 026244 gi|18 
000256 83.7 000312 000184 gi|12 034533 034645 gi|28 
000257 85.2 006522 006629 gi|12 030119 030222 gi|27 
000459 74.2 016499 015650 gi|12 013637 014445 gi|44 
000271 73.4 017136 016690 gi|12 013109 013534 gi|44 
000440 81.8 019950 019874 gi|12 016397 016474 gi|14 
000389 72.2 024168 023942 gi|12 022031 022258 gi|29 
000483 76.1 027377 027681 gi|12 036966 037270 gi|48 
005732 78.0 033924 032663 gi|12 018611 019865 gi|14 
000270 83.0 012612 012840 gi|16 031202 031451 gi|21 
000252 85.7 019560 019706 gi|16 016226 016368 gi|48 
000262 83.0 019863 019770 gi|16 012274 012358 gi|47 
000380 75.7 024610 024397 gi|16 039172 039391 gi|19 
000252 87.0 025143 025188 gi|16 033151 033194 gi|48 
000383 74.0 025887 026274 gi|16 022266 022659 gi|47 
000679 73.1 028428 028027 gi|16 039707 040112 gi|43 
000405 82.2 031623 031712 gi|16 030013 030096 gi|24 
000985 92.6 032851 033013 gi|16 032170 032333 gi|41 
000289 90.2 033147 033087 gi|16 019060 019120 gi|22 
014935 98.7 034748 033104 gi|16 032235 033880 gi|36 
000356 75.9 033106 033188 gi|16 032236 032320 gi|36 
014796 97.7 033106 034780 gi|16 016905 018579 gi|25 
000356 75.9 033188 033106 gi|16 018463 018547 gi|25 
000338 74.1 034663 034747 gi|16 033795 033878 gi|36 
000376 73.9 034773 034663 gi|16 016879 016988 gi|25 
000309 85.6 034712 034808 gi|16 019064 019154 gi|22 
000265 82.8 003428 003561 gi|14 009991 010118 gi|39 
000250 85.7 004997 005108 gi|14 036996 037086 gi|42 
000266 79.6 006316 006452 gi|14 019462 019609 gi|38 
000313 74.2 013879 014235 gi|14 028540 028904 gi|42 
000251 76.0 014753 014579 gi|14 031077 031244 gi|27 
000390 74.5 014637 014773 gi|14 029315 029448 gi|42 
000251 86.4 019996 019850 gi|14 008129 008276 gi|21 
001823 74.3 024090 022702 gi|14 005204 006587 gi|21 
000275 83.1 024138 024297 gi|14 014213 014369 gi|27 
000615 75.6 032093 031466 gi|14 002792 003417 gi|17 
000255 93.6 034974 034928 gi|14 028992 029033 gi|19 
000265 78.7 035768 036208 gi|14 010497 010910 gi|30 
000408 74.8 035773 036006 gi|14 025231 025452 gi|35 
000358 70.8 040144 039991 gi|14 033425 033578 gi|25 
000416 75.6 040138 040049 gi|14 014766 014855 gi|35 
000260 77.5 005280 005201 gi|15 024327 024405 gi|25 
000455 76.1 013012 012728 gi|15 039278 039571 gi|36 
000255 80.3 013016 012865 gi|15 039039 039193 gi|28 
000281 75.8 012935 013000 gi|15 023007 023075 gi|33 
000412 75.2 014263 013844 gi|15 039267 039670 gi|36 
000268 81.2 014154 014238 gi|15 023003 023087 gi|33 
000317 74.6 014643 014368 gi|15 039278 039547 gi|36 
000420 73.6 019294 018860 gi|15 000065 000484 gi|34 
001118 72.8 020642 019764 gi|15 038551 039438 gi|23 
000683 69.0 020258 019788 gi|15 018669 019145 gi|23 
000516 74.0 020128 020277 gi|15 000002 000151 gi|37 
000299 78.7 024122 024029 gi|15 012125 012224 gi|18 
000253 74.8 027361 027255 gi|15 032327 032439 gi|34 
001426 78.2 031319 030953 gi|15 031875 032232 gi|39 
000688 73.1 030983 031294 gi|15 002623 002929 gi|35 
000602 81.0 031002 031333 gi|15 032046 032388 gi|30 
001309 76.0 031010 031321 gi|15 011603 011911 gi|43 
000999 75.5 031010 031335 gi|15 008329 008654 gi|45 
000812 71.8 031018 031219 gi|15 024977 025178 gi|21 
001761 81.2 031021 031329 gi|15 007024 007334 gi|46 
000594 80.3 031061 031339 gi|15 014781 015059 gi|46 
000890 82.3 031325 031173 gi|15 020597 020749 gi|26 
000484 81.0 031300 031436 gi|15 025350 025486 gi|21 
001827 75.6 031310 032039 gi|15 012116 012843 gi|43 
001157 73.9 032063 031312 gi|15 030912 031654 gi|39 
000316 73.2 031331 031796 gi|15 003179 003626 gi|35 
001845 75.4 031332 032034 gi|15 007554 008262 gi|46 
000739 79.1 031515 032044 gi|15 025453 025989 gi|21 
000746 77.8 031648 032048 gi|15 009170 009580 gi|45 
000481 80.3 031721 032110 gi|15 032991 033396 gi|30 
003915 76.5 033925 032267 gi|15 030934 032598 gi|39 
001618 77.1 032279 033918 gi|15 031673 033333 gi|30 
001091 74.8 032279 032880 gi|15 024636 025178 gi|21 
002671 74.9 032315 033800 gi|15 007979 009452 gi|45 
000834 75.2 032321 033713 gi|15 014383 015748 gi|46 
005968 79.4 032329 033918 gi|15 011268 012841 gi|43 
005312 77.2 032339 033971 gi|15 006681 008329 gi|46 
001740 75.1 032340 033920 gi|15 002314 003894 gi|35 
000836 80.7 032988 032834 gi|15 020595 020749 gi|26 
000850 78.2 032966 033296 gi|15 025160 025474 gi|21 
000711 75.8 033444 033935 gi|15 025517 026007 gi|21 
005455 77.5 034163 035832 gi|15 006615 008294 gi|46 
004002 78.2 035837 034165 gi|15 030919 032581 gi|39 
005792 77.5 034170 035812 gi|15 011210 012842 gi|43 
001976 76.7 034172 035886 gi|15 031673 033395 gi|30 
002067 75.7 034236 035809 gi|15 002321 003890 gi|35 
002937 75.4 034286 035803 gi|15 008048 009559 gi|45 
001277 78.4 034316 034773 gi|15 024768 025178 gi|21 
000977 76.7 034376 035148 gi|15 014539 015311 gi|46 
000872 81.9 034881 034727 gi|15 020595 020749 gi|26 
000891 75.5 034859 035189 gi|15 025160 025474 gi|21 
000784 77.1 035241 035830 gi|15 025408 026003 gi|21 
003206 76.4 037646 036013 gi|15 030980 032593 gi|39 
001024 74.6 036073 036902 gi|15 031711 032528 gi|30 
000450 78.3 036132 036384 gi|15 002900 003155 gi|43 
002399 74.7 036201 037680 gi|15 011365 012838 gi|43 
002140 77.1 036239 037694 gi|15 006813 008278 gi|46 
002083 75.9 036239 037672 gi|15 008129 009563 gi|45 
001135 75.4 036248 037367 gi|15 002457 003564 gi|35 
001209 76.1 036257 037018 gi|15 014548 015306 gi|46 
000781 78.8 036326 036650 gi|15 024859 025186 gi|21 
000394 78.3 036754 036626 gi|15 020594 020722 gi|26 
000366 74.6 036756 037070 gi|15 025178 025483 gi|21 
000419 77.9 037180 037590 gi|15 032815 033237 gi|30 
000303 70.6 037385 037680 gi|15 025696 025985 gi|21 
000362 72.2 039017 038550 gi|15 035942 036391 gi|19 
000272 75.9 040078 040243 gi|15 000889 001065 gi|38 
000267 71.8 040243 040173 gi|15 001594 001664 gi|19 
000477 72.5 007286 007900 gi|17 038899 039531 gi|44 
000295 82.1 007958 008041 gi|17 020485 020569 gi|47 
000606 76.0 008199 008506 gi|17 039821 040122 gi|44 
000409 70.1 008279 008415 gi|17 027318 027454 gi|46 
000482 80.7 010312 010523 gi|17 034317 034525 gi|25 
000596 71.6 010781 011431 gi|17 034635 035276 gi|25 
000389 78.6 013216 013355 gi|17 013951 014092 gi|43 
000422 78.6 013429 013224 gi|17 010323 010528 gi|45 
000253 89.3 015806 015676 gi|17 021214 021331 gi|41 
000314 83.0 015991 015898 gi|17 005445 005538 gi|45 
000267 72.3 020790 020708 gi|17 035083 035165 gi|26 
000274 80.4 020755 020805 gi|17 036621 036671 gi|36 
000611 76.1 021056 021390 gi|17 006638 006968 gi|33 
000820 74.8 021086 022170 gi|17 005817 006886 gi|33 
000466 79.6 021958 022182 gi|17 005834 006058 gi|33 
000268 73.0 022119 021968 gi|17 036543 036694 gi|23 
000285 75.7 022181 022001 gi|17 037318 037513 gi|23 
000299 75.2 026433 026662 gi|17 008267 008484 gi|25 
000963 73.5 026678 027443 gi|17 030872 031626 gi|31 
000272 83.3 026882 026971 gi|17 008506 008595 gi|25 
000306 82.1 027225 027514 gi|17 012795 013057 gi|25 
000570 77.3 031842 032383 gi|17 014638 015199 gi|45 
000271 76.4 031850 032362 gi|17 028565 029060 gi|44 
000574 69.7 031868 032497 gi|17 028298 028963 gi|39 
000485 75.7 031918 032460 gi|17 032179 032727 gi|28 
000771 74.8 031945 032480 gi|17 000220 000772 gi|24 
001624 77.3 031954 032544 gi|17 027989 028597 gi|40 
000567 72.0 032499 032100 gi|17 022835 023234 gi|38 
000350 75.2 032587 032193 gi|17 019170 019565 gi|43 
000264 81.6 032200 032406 gi|17 006616 006810 gi|33 
000269 78.6 032204 032362 gi|17 037764 037913 gi|36 
000340 74.0 032588 032243 gi|17 025996 026347 gi|29 
000263 80.4 032367 032256 gi|17 035156 035261 gi|31 
000320 75.5 032280 032442 gi|17 027553 027718 gi|28 
000307 83.4 032285 032465 gi|17 002425 002605 gi|46 
000324 75.5 032439 032285 gi|17 034661 034815 gi|26 
000268 76.3 032382 032286 gi|17 004903 004999 gi|26 
000310 70.8 032527 032288 gi|17 018756 018986 gi|31 
000281 73.2 032512 032293 gi|17 018380 018598 gi|43 
001162 73.6 033463 032753 gi|17 007163 007875 gi|19 
000254 83.3 032908 032843 gi|17 004748 004812 gi|37 
000539 72.5 032954 034101 gi|17 026711 027862 gi|40 
000286 75.2 034161 034766 gi|17 027259 027850 gi|40 
000250 79.3 034640 034549 gi|17 023634 023728 gi|38 
001275 72.8 035646 034868 gi|17 007173 007950 gi|19 
000396 77.3 035568 035009 gi|17 021932 022479 gi|38 
000339 77.5 001534 001653 gi|18 007376 007496 gi|31 
000576 73.2 002656 003092 gi|18 032149 032589 gi|31 
000439 70.8 003006 002675 gi|18 024407 024738 gi|34 
002029 75.1 011857 013354 gi|18 020561 022070 gi|21 
000261 77.1 016589 016507 gi|18 012717 012811 gi|30 
000277 78.2 036443 036621 gi|18 017509 017688 gi|22 
000878 74.1 000941 001686 gi|19 016760 017515 gi|31 
000516 76.2 001015 001161 gi|19 019766 019912 gi|28 
000573 70.8 001303 001016 gi|19 025690 025976 gi|45 
000463 73.9 001048 001419 gi|19 018717 019106 gi|31 
000260 72.0 001207 001299 gi|19 007050 007142 gi|31 
000264 72.1 003136 002829 gi|19 025660 025967 gi|45 
000256 68.0 002836 003144 gi|19 016861 017169 gi|31 
000656 73.0 002852 003281 gi|19 018735 019164 gi|31 
000436 78.3 003472 003011 gi|19 028635 029078 gi|44 
000258 79.0 003103 003028 gi|19 032552 032624 gi|28 
000253 78.5 003108 003030 gi|19 028318 028396 gi|40 
000253 83.3 006388 006483 gi|19 032808 032896 gi|25 
000259 74.8 006508 006398 gi|19 000402 000518 gi|47 
000349 75.5 007558 007810 gi|19 022239 022482 gi|38 
000319 78.0 034136 034028 gi|19 002884 002997 gi|35 
002489 74.8 038691 037012 gi|19 000014 001710 gi|38 
000345 67.7 037382 037132 gi|19 000576 000826 gi|24 
000291 71.3 037380 037252 gi|19 028323 028451 gi|40 
000343 74.0 037388 037262 gi|19 028743 028869 gi|39 
000287 69.5 037380 037276 gi|19 015104 015206 gi|45 
000280 69.5 037288 037382 gi|19 022954 023048 gi|38 
000303 68.6 037288 037392 gi|19 026204 026308 gi|29 
000519 69.3 038397 038141 gi|19 000563 000819 gi|24 
000326 73.0 038385 038171 gi|19 028320 028531 gi|40 
000299 75.6 038573 038173 gi|19 001422 001804 gi|46 
000275 70.8 038200 038398 gi|19 035052 035251 gi|31 
000640 73.0 038568 038203 gi|19 001192 001554 gi|38 
000310 75.3 038609 038278 gi|19 014886 015206 gi|45 
000340 68.3 038390 038290 gi|19 028743 028843 gi|39 
000257 72.7 038290 038388 gi|19 026204 026302 gi|29 
000305 74.1 002093 002413 gi|20 012726 013054 gi|30 
000284 77.9 002296 002220 gi|20 010917 011000 gi|35 
000529 74.4 003509 003076 gi|20 026345 026784 gi|39 
022789 95.9 005967 008645 gi|20 028078 030745 gi|34 
022520 96.3 008642 005973 gi|20 022118 024750 gi|32 
000933 100.0 005977 006084 gi|20 008874 008981 gi|25 
022146 96.4 006072 008640 gi|20 010221 012801 gi|25 
000564 75.9 011446 012213 gi|20 000601 001358 gi|30 
000256 78.7 014023 014200 gi|20 011525 011723 gi|47 
000373 76.9 016463 016360 gi|20 000805 000905 gi|27 
000268 81.4 020704 020843 gi|20 003610 003741 gi|35 
000330 75.1 027782 028014 gi|20 028146 028381 gi|47 
000252 79.8 028811 028698 gi|20 015780 015910 gi|42 
000266 80.4 002534 002701 gi|21 022846 022997 gi|45 
000293 84.8 015820 015611 gi|21 021249 021451 gi|27 
000368 75.9 018112 017707 gi|21 000757 001158 gi|41 
000512 75.1 018048 017716 gi|21 016378 016705 gi|31 
000390 76.0 017879 018423 gi|21 016305 016813 gi|45 
000355 78.3 019653 019869 gi|21 018160 018373 gi|45 
000281 81.6 023373 023233 gi|21 034317 034478 gi|37 
001245 74.3 024700 025178 gi|21 006691 007222 gi|46 
001088 76.5 024702 025185 gi|21 008012 008545 gi|45 
001088 75.4 024732 025178 gi|21 011321 011812 gi|43 
000917 73.3 025197 024849 gi|21 031950 032307 gi|39 
000569 74.5 024858 025179 gi|21 014616 014940 gi|46 
000744 78.1 024858 025217 gi|21 031948 032308 gi|30 
000604 75.5 024870 025179 gi|21 002546 002867 gi|35 
000432 71.3 025155 025450 gi|21 002945 003246 gi|35 
000611 76.5 025160 025537 gi|21 007308 007709 gi|46 
000487 80.1 025461 025165 gi|21 031568 031883 gi|39 
000307 74.7 025167 025257 gi|21 008638 008728 gi|45 
000267 72.6 025172 025437 gi|21 032376 032665 gi|30 
000823 71.6 025174 025536 gi|21 011919 012287 gi|43 
001066 75.7 025427 026038 gi|21 007714 008313 gi|46 
000337 75.2 025446 025800 gi|21 003344 003686 gi|35 
000388 74.0 025989 025460 gi|21 030939 031465 gi|39 
000526 75.8 025469 025984 gi|21 012301 012841 gi|43 
000490 73.1 025665 025976 gi|21 009241 009558 gi|45 
001059 75.0 030151 030845 gi|21 036941 037638 gi|47 
011940 97.3 000901 002267 gi|22 007099 008466 gi|48 
000334 81.0 003247 003148 gi|22 032374 032473 gi|45 
000776 73.9 006618 005345 gi|22 003877 005168 gi|35 
002225 76.3 015267 016027 gi|22 014074 014836 gi|48 
000561 72.7 016659 017207 gi|22 015471 016056 gi|48 
000291 94.4 019099 019064 gi|22 032236 032271 gi|36 
000291 94.4 019064 019099 gi|22 018512 018547 gi|25 
000266 91.4 019065 019099 gi|22 033844 033878 gi|36 
000266 91.4 019099 019065 gi|22 016905 016939 gi|25 
000395 73.3 020882 020986 gi|22 018088 018192 gi|38 
002035 75.4 021034 022432 gi|22 018309 019641 gi|38 
001320 74.3 039539 038412 gi|22 011663 012783 gi|46 
002637 73.9 038440 039540 gi|22 000022 001119 gi|29 
000299 80.2 002614 002699 gi|23 021745 021828 gi|25 
000628 71.9 013791 014456 gi|23 026539 027190 gi|34 
000381 73.7 014657 014808 gi|23 027403 027554 gi|34 
000325 69.2 018795 018484 gi|23 000006 000317 gi|37 
002618 98.4 023699 024015 gi|23 033801 034114 gi|38 
002661 97.8 024015 023702 gi|23 003320 003636 gi|24 
002682 99.3 024015 023714 gi|23 007199 007498 gi|47 
002587 98.3 023727 024015 gi|23 028921 029209 gi|47 
002641 99.7 024015 023729 gi|23 021549 021835 gi|38 
002648 100.0 023730 024015 gi|23 004521 004806 gi|43 
002227 94.3 023734 024015 gi|23 030591 030872 gi|29 
000430 79.6 027678 027287 gi|23 034445 034830 gi|30 
000261 73.0 036630 036479 gi|23 006748 006896 gi|33 
000269 80.7 036627 036504 gi|23 005914 006033 gi|33 
000690 71.5 037527 036880 gi|23 005847 006495 gi|33 
000317 76.2 037967 037867 gi|23 006365 006465 gi|33 
000428 77.2 039060 038679 gi|23 000004 000401 gi|37 
000367 84.6 039842 039765 gi|23 027363 027435 gi|36 
000286 71.3 039972 040135 gi|23 007921 008089 gi|26 
000673 77.1 006804 006574 gi|25 014352 014580 gi|34 
000304 71.8 008507 008850 gi|25 031077 031405 gi|31 
000883 97.2 008981 008873 gi|25 024640 024748 gi|32 
000933 100.0 008874 008981 gi|25 028088 028195 gi|34 
022344 98.1 012806 010221 gi|25 022117 024652 gi|32 
022127 96.9 010221 012803 gi|25 028183 030742 gi|34 
000356 78.6 012906 013139 gi|25 031540 031753 gi|31 
000757 74.5 015358 016291 gi|25 011942 012884 gi|34 
014823 98.2 018548 016904 gi|25 032235 033879 gi|36 
000385 75.0 016905 016988 gi|25 032236 032320 gi|36 
000367 75.3 018463 018547 gi|25 033795 033878 gi|36 
000678 88.6 021036 020932 gi|25 016220 016339 gi|40 
000753 92.7 021746 021881 gi|25 002331 002449 gi|36 
000326 81.5 023795 023918 gi|25 006507 006629 gi|26 
000346 74.3 026853 026961 gi|25 025582 025690 gi|39 
002831 76.8 031647 033584 gi|25 012937 014913 gi|35 
003827 77.1 033326 031731 gi|25 000001 001599 gi|47 
000278 74.0 033944 034089 gi|25 014626 014778 gi|43 
000305 81.0 037556 037362 gi|25 025467 025649 gi|33 
000362 73.8 038627 038897 gi|25 023705 023977 gi|44 
000483 72.6 038632 038850 gi|25 023596 023811 gi|35 
000585 79.2 038825 038653 gi|25 036310 036473 gi|44 
000276 78.4 039436 039266 gi|25 035681 035845 gi|44 
000536 75.9 000188 000673 gi|24 014705 015199 gi|45 
000426 76.1 000194 000753 gi|24 032180 032727 gi|28 
000266 72.3 000206 000769 gi|24 001000 001566 gi|38 
000784 75.9 000221 000738 gi|24 028385 028911 gi|39 
000618 76.6 000913 000259 gi|24 025991 026597 gi|29 
001091 75.8 000311 000789 gi|24 028075 028531 gi|40 
000266 76.7 000379 000670 gi|24 037646 037931 gi|36 
000319 74.3 000400 000808 gi|24 001417 001825 gi|46 
000350 80.2 000454 000615 gi|24 028862 029023 gi|44 
000395 78.2 000771 000487 gi|24 035343 035638 gi|26 
000402 74.6 000672 000492 gi|24 022952 023126 gi|38 
000364 75.4 000777 000534 gi|24 035039 035285 gi|31 
000254 79.1 000539 000758 gi|24 017145 017364 gi|44 
000409 76.2 000544 000753 gi|24 000293 000498 gi|38 
000323 68.2 000575 000841 gi|24 002425 002688 gi|46 
000320 73.2 000821 000576 gi|24 018755 018988 gi|31 
000293 75.5 000578 000761 gi|24 027561 027744 gi|28 
000250 82.1 000672 000578 gi|24 004903 004997 gi|26 
002672 99.7 003320 003613 gi|24 007199 007494 gi|47 
002587 98.3 003608 003320 gi|24 028921 029209 gi|47 
002648 100.0 003605 003320 gi|24 004521 004806 gi|43 
002641 99.7 003320 003606 gi|24 021549 021835 gi|38 
002617 99.3 003605 003320 gi|24 033829 034114 gi|38 
002227 94.3 003601 003320 gi|24 030591 030872 gi|29 
000252 80.8 020267 020339 gi|24 018957 019027 gi|32 
000255 76.2 026261 025989 gi|24 022116 022439 gi|31 
000256 74.6 037457 037633 gi|24 039856 040035 gi|33 
000587 76.6 001275 000764 gi|28 014650 015179 gi|29 
000491 73.9 012893 012477 gi|28 014775 015206 gi|29 
000282 77.1 015925 016103 gi|28 025688 025866 gi|45 
000583 75.7 019928 019727 gi|28 025815 026014 gi|45 
000367 76.4 019766 019930 gi|28 016844 017008 gi|31 
000328 72.0 022452 022182 gi|28 028813 029080 gi|48 
000383 76.3 023453 023163 gi|28 027793 028075 gi|48 
000339 73.0 024440 023782 gi|28 026812 027467 gi|48 
000272 71.7 027529 027765 gi|28 002396 002623 gi|46 
000260 82.6 027531 027754 gi|28 019219 019434 gi|45 
000312 74.6 027792 027545 gi|28 018761 019005 gi|31 
000290 76.4 027556 027661 gi|28 028746 028851 gi|39 
000342 82.1 029657 029435 gi|28 029559 029757 gi|29 
000274 81.2 029681 029533 gi|28 029605 029755 gi|29 
000305 73.4 032099 032406 gi|28 028279 028581 gi|39 
000436 71.0 032643 032133 gi|28 035144 035648 gi|31 
000433 76.8 032179 032643 gi|28 027970 028414 gi|40 
000302 78.0 032729 032216 gi|28 023474 023987 gi|40 
000251 85.9 032494 032628 gi|28 035296 035421 gi|36 
000331 72.0 032535 032727 gi|28 000306 000498 gi|38 
000332 77.6 032643 032537 gi|28 022955 023061 gi|38 
000290 73.7 032549 032719 gi|28 028747 028909 gi|39 
000295 78.3 032552 032643 gi|28 015104 015195 gi|45 
000251 89.7 033895 033818 gi|28 014026 014090 gi|34 
000314 79.3 039041 039180 gi|28 039276 039415 gi|36 
001621 73.6 001120 000183 gi|29 011661 012595 gi|46 
000298 76.2 005851 005993 gi|29 038431 038577 gi|45 
000262 73.8 006317 006097 gi|29 038699 038932 gi|37 
000375 70.0 010656 010047 gi|29 016994 017600 gi|40 
000371 74.2 026616 025997 gi|29 014686 015293 gi|39 
000451 74.8 026436 026037 gi|29 001232 001634 gi|38 
000391 78.0 026309 026037 gi|29 001585 001854 gi|46 
000382 75.0 026067 026438 gi|29 019244 019612 gi|43 
000455 76.7 026299 026103 gi|29 015101 015291 gi|45 
000383 75.4 026613 026105 gi|29 028680 029177 gi|44 
000297 78.3 026118 026297 gi|29 006964 007143 gi|31 
000354 75.6 026668 026186 gi|29 028346 028861 gi|39 
000428 84.0 026299 026200 gi|29 028320 028419 gi|40 
000520 75.6 026202 026467 gi|29 022952 023214 gi|38 
000281 75.8 026204 026298 gi|29 018894 018988 gi|31 
000446 80.1 026227 026517 gi|29 035169 035442 gi|31 
000297 77.7 027190 027458 gi|29 007243 007506 gi|32 
002213 94.3 030872 030591 gi|29 021549 021830 gi|38 
002188 92.5 030591 030872 gi|29 033833 034114 gi|38 
002213 94.3 030591 030872 gi|29 004525 004806 gi|43 
002213 94.3 030872 030591 gi|29 007199 007480 gi|47 
002172 92.2 030591 030872 gi|29 028928 029209 gi|47 
000688 78.7 040092 039788 gi|29 005809 006114 gi|45 
000897 75.1 001439 000556 gi|26 034877 035733 gi|42 
000284 76.8 005040 004903 gi|26 028722 028845 gi|39 
000282 74.8 005001 004903 gi|26 015100 015198 gi|45 
000255 78.8 005001 004903 gi|26 028319 028417 gi|40 
000295 70.0 004906 005005 gi|26 035144 035243 gi|31 
000270 79.3 005184 005347 gi|26 019690 019844 gi|43 
001552 79.1 009281 008952 gi|26 027045 027373 gi|36 
000302 79.7 013271 013119 gi|26 001863 002009 gi|40 
000932 83.9 020749 020595 gi|26 007176 007330 gi|46 
000656 81.0 020741 020595 gi|26 011774 011920 gi|43 
000513 72.3 020742 020595 gi|26 008499 008646 gi|45 
000447 86.8 020746 020596 gi|26 014896 015045 gi|46 
000271 86.8 020724 020596 gi|26 032262 032381 gi|30 
000645 77.5 020603 020749 gi|26 031875 032021 gi|39 
000252 91.4 022485 022519 gi|26 001448 001482 gi|47 
000250 79.4 023759 023692 gi|26 007587 007652 gi|41 
000372 76.4 029898 029602 gi|26 020006 020292 gi|27 
000268 77.7 032206 032059 gi|26 010565 010714 gi|35 
000342 74.6 032742 032511 gi|26 009890 010115 gi|35 
000551 72.0 034224 033753 gi|26 009613 010087 gi|35 
000279 78.0 034824 034661 gi|26 028310 028474 gi|40 
000256 69.1 034853 034731 gi|26 015064 015185 gi|45 
000343 74.4 035265 034993 gi|26 000879 001173 gi|38 
000268 82.0 035179 035030 gi|26 036569 036709 gi|36 
000267 73.5 035164 035044 gi|26 006539 006659 gi|40 
000273 66.0 035056 035152 gi|26 025552 025649 gi|43 
000334 85.5 035085 035160 gi|26 010343 010415 gi|43 
000282 67.7 035520 035354 gi|26 027577 027743 gi|28 
000261 76.3 035522 035384 gi|26 002442 002586 gi|46 
000281 70.5 035600 035418 gi|26 029541 029715 gi|46 
000267 72.4 035524 035438 gi|26 028335 028421 gi|40 
000261 71.7 035460 035611 gi|26 026220 026378 gi|29 
000253 77.2 035935 035664 gi|26 032192 032467 gi|28 
000250 80.4 035859 035914 gi|26 025583 025641 gi|43 
000278 73.7 000916 000841 gi|27 012788 012863 gi|42 
000352 69.8 018662 019055 gi|27 020672 021061 gi|34 
000306 75.1 025354 025715 gi|27 000005 000366 gi|33 
000636 72.8 032025 031072 gi|27 028486 029436 gi|42 
001002 76.6 004940 003801 gi|32 037359 038552 gi|34 
000273 82.6 005044 005135 gi|32 013813 013898 gi|47 
022707 97.0 024747 022118 gi|32 028088 030743 gi|34 
010151 97.0 031442 032595 gi|32 020162 021313 gi|38 
010126 96.9 032595 031442 gi|32 034350 035502 gi|38 
000256 81.8 005833 005953 gi|33 037817 037931 gi|36 
000269 73.3 005951 005836 gi|33 019380 019498 gi|43 
000292 76.5 005861 006022 gi|33 019253 019414 gi|45 
000284 70.5 006467 006329 gi|33 018876 019020 gi|43 
000262 84.1 018821 018646 gi|33 018409 018617 gi|47 
001869 96.4 000365 000145 gi|31 026797 027017 gi|36 
000263 87.5 002273 002218 gi|31 035486 035544 gi|38 
000321 89.1 002222 002276 gi|31 035487 035547 gi|38 
000261 79.3 007142 006964 gi|31 002428 002603 gi|46 
000251 75.1 007142 006966 gi|31 001598 001774 gi|46 
000258 86.3 007041 007142 gi|31 019378 019476 gi|43 
000252 85.3 007142 007048 gi|31 028323 028417 gi|40 
000275 76.9 007381 007553 gi|31 010342 010509 gi|43 
000322 76.1 008276 008363 gi|31 023923 024010 gi|35 
000306 90.4 008385 008292 gi|31 023915 024009 gi|45 
000275 82.8 010235 010114 gi|31 019639 019772 gi|35 
000533 78.7 015061 014851 gi|31 018245 018461 gi|45 
000437 77.1 015978 016566 gi|31 000439 001004 gi|41 
000360 73.0 016478 016312 gi|31 016380 016555 gi|45 
000739 75.2 017130 016845 gi|31 025691 025976 gi|45 
000508 75.9 019008 018681 gi|31 025674 026014 gi|45 
000318 70.9 019021 018792 gi|31 028291 028523 gi|40 
000333 72.2 027924 028444 gi|31 025592 026117 gi|39 
000332 93.9 034779 034714 gi|31 032795 032864 gi|48 
000309 76.8 035241 035005 gi|31 001592 001828 gi|46 
000357 73.6 035240 035029 gi|31 002423 002634 gi|46 
000365 74.1 035053 035307 gi|31 023468 023723 gi|40 
000390 78.3 035239 035060 gi|31 028319 028495 gi|40 
000302 80.1 035065 035396 gi|31 022885 023213 gi|38 
000347 79.0 035242 035143 gi|31 028745 028843 gi|39 
000285 81.1 035194 035283 gi|31 019435 019519 gi|43 
000265 78.5 004213 004084 gi|30 039559 039692 gi|38 
000287 72.9 010868 010433 gi|30 010537 010990 gi|37 
000487 78.0 010478 010867 gi|30 025209 025602 gi|35 
000276 80.2 010899 010502 gi|30 019436 019786 gi|37 
000597 81.3 024015 024443 gi|30 025205 025625 gi|35 
000272 79.7 029748 030058 gi|30 026193 026513 gi|36 
001896 77.2 033348 031668 gi|30 030923 032592 gi|39 
001279 73.4 031743 033333 gi|30 008013 009567 gi|45 
000349 73.5 031776 032024 gi|30 002913 003171 gi|43 
001758 76.4 031871 033394 gi|30 006822 008315 gi|46 
001788 75.8 031880 032859 gi|30 002466 003430 gi|35 
001058 75.7 031880 032563 gi|30 014548 015243 gi|46 
001517 77.5 031880 033192 gi|30 011421 012706 gi|43 
001386 75.2 034914 034295 gi|30 013140 013762 gi|48 
000255 73.0 036888 037072 gi|30 025804 025988 gi|46 
000252 82.8 037433 037612 gi|30 026406 026585 gi|46 
000358 76.4 038094 038330 gi|30 027230 027453 gi|46 
000328 78.6 038183 038313 gi|30 010852 010982 gi|42 
011743 99.8 005213 003958 gi|34 027510 028765 gi|36 
011663 100.0 003970 005209 gi|34 000491 001730 gi|37 
000302 79.3 009382 009526 gi|34 003381 003510 gi|43 
005669 77.4 011117 009746 gi|34 021609 022976 gi|43 
000343 73.7 010702 010130 gi|34 028378 028950 gi|38 
000343 74.1 018710 018568 gi|34 011539 011683 gi|35 
000285 81.7 018794 018897 gi|34 032164 032275 gi|41 
000318 84.6 018930 018994 gi|34 030440 030504 gi|46 
000312 72.3 032391 032309 gi|34 029986 030071 gi|36 
000290 70.1 032391 032315 gi|34 037225 037301 gi|36 
000310 77.1 033571 033432 gi|34 008345 008484 gi|39 
000265 69.0 033571 033459 gi|34 010481 010593 gi|39 
000289 88.6 000527 000484 gi|37 038037 038080 gi|40 
000255 79.3 001995 002081 gi|37 014675 014763 gi|41 
001371 69.2 001397 001935 gi|36 038290 038829 gi|40 
000802 67.9 001940 002269 gi|36 038654 038983 gi|40 
017038 97.6 003935 005866 gi|36 032465 034428 gi|41 
005625 74.6 015785 019246 gi|36 026884 030353 gi|45 
000258 82.7 023170 023250 gi|36 021192 021297 gi|46 
011653 100.0 028753 027515 gi|36 000491 001729 gi|37 
000258 91.8 028717 028777 gi|36 038037 038098 gi|40 
000259 75.8 035458 035335 gi|36 009984 010106 gi|43 
000924 72.6 036550 037130 gi|36 016431 017014 gi|38 
000257 78.6 036650 036595 gi|36 019768 019823 gi|43 
000250 78.6 037200 037302 gi|36 032221 032331 gi|41 
001545 77.2 002206 003458 gi|35 011167 012416 gi|43 
000864 75.4 002280 003814 gi|35 014365 015879 gi|46 
001926 74.8 002308 003894 gi|35 006674 008268 gi|46 
001810 75.2 003902 002314 gi|35 030930 032515 gi|39 
001567 74.7 002323 003893 gi|35 008010 009572 gi|45 
000260 82.0 008623 008672 gi|35 022925 022975 gi|45 
000257 83.1 010978 010831 gi|35 005854 006006 gi|40 
000319 81.8 011445 011592 gi|35 037127 037290 gi|36 
000338 79.2 011607 011459 gi|35 006355 006507 gi|42 
000330 78.2 011862 011739 gi|35 006358 006480 gi|42 
000294 79.0 011742 011874 gi|35 029926 030074 gi|36 
003061 75.0 014641 012956 gi|35 000018 001652 gi|47 
000463 71.8 023759 023590 gi|35 036328 036500 gi|44 
000307 71.8 023820 023594 gi|35 024506 024734 gi|45 
000454 77.5 023602 023814 gi|35 023719 023930 gi|44 
000251 76.7 023844 023678 gi|35 032990 033156 gi|38 
000279 76.9 025511 025166 gi|35 010629 010985 gi|37 
000262 87.5 001266 001369 gi|40 022729 022814 gi|41 
000258 86.8 013640 013722 gi|40 027736 027812 gi|44 
000734 76.4 027894 028612 gi|40 014660 015390 gi|45 
000380 75.0 028118 028592 gi|40 028773 029258 gi|44 
000381 77.7 028287 028582 gi|40 001562 001857 gi|46 
000332 84.2 028419 028306 gi|40 019380 019499 gi|43 
000419 79.0 028319 028556 gi|40 002424 002664 gi|46 
000252 80.4 037912 037816 gi|40 011179 011282 gi|43 
000323 85.1 001002 000768 gi|41 016291 016528 gi|45 
000267 75.1 017861 018273 gi|41 016778 017169 gi|48 
000449 70.5 018952 019290 gi|41 017845 018194 gi|48 
000429 76.6 019953 020546 gi|41 026114 026717 gi|48 
000427 71.3 036416 036180 gi|41 003845 004069 gi|47 
000392 72.8 000110 000597 gi|38 028127 028594 gi|40 
000315 75.2 000287 000415 gi|38 015079 015196 gi|45 
000384 74.3 000315 000415 gi|38 028743 028843 gi|39 
000297 83.2 000392 000498 gi|38 006969 007072 gi|40 
000353 78.0 001146 001641 gi|38 014779 015260 gi|39 
000357 76.3 001367 001615 gi|38 028743 029006 gi|39 
000279 77.0 001368 001550 gi|38 028979 029161 gi|44 
000348 79.6 001375 001467 gi|38 015104 015196 gi|45 
001784 76.5 003450 002293 gi|38 036993 038159 gi|43 
001479 76.0 004753 003673 gi|38 037056 038145 gi|43 
002651 99.7 021549 021842 gi|38 007199 007490 gi|47 
002614 98.3 021847 021549 gi|38 028907 029209 gi|47 
002666 99.3 021844 021549 gi|38 004507 004806 gi|43 
000947 72.6 023939 022675 gi|38 027427 028686 gi|40 
000257 80.5 023233 022772 gi|38 002241 002699 gi|46 
000321 75.1 023059 022779 gi|38 001586 001864 gi|46 
000521 76.6 023389 022835 gi|38 014749 015312 gi|45 
007265 83.0 026693 025368 gi|38 036846 038159 gi|39 
000492 74.0 028412 029255 gi|38 022060 022898 gi|43 
000250 74.3 032425 032681 gi|38 035683 035937 gi|44 
000268 83.3 032474 032433 gi|38 024525 024566 gi|44 
000267 75.2 033179 033075 gi|38 023773 023876 gi|44 
002678 97.8 033804 034114 gi|38 028892 029209 gi|47 
002632 99.0 033817 034114 gi|38 004507 004806 gi|43 
002620 99.3 034114 033821 gi|38 007199 007489 gi|47 
000315 83.5 001290 001453 gi|39 030679 030836 gi|42 
000323 76.1 014478 015004 gi|39 014568 015114 gi|45 
000994 74.2 014584 015433 gi|39 028579 029455 gi|44 
000368 74.5 015250 014697 gi|39 019217 019796 gi|43 
000287 72.6 014820 015260 gi|39 028146 028586 gi|40 
000270 69.9 028365 028447 gi|39 005558 005640 gi|44 
000626 71.9 028409 028942 gi|39 028005 028511 gi|40 
000282 81.2 028694 028789 gi|39 028929 029024 gi|44 
000340 77.9 028717 028847 gi|39 015078 015200 gi|45 
000266 67.3 028744 028847 gi|39 002421 002524 gi|46 
003579 79.0 032579 030898 gi|39 011211 012878 gi|43 
003214 74.2 032583 030912 gi|39 006617 008291 gi|46 
003000 72.8 032514 030926 gi|39 008004 009580 gi|45 
001274 77.6 032515 031151 gi|39 014399 015745 gi|46 
000360 74.5 032366 032222 gi|39 003028 003171 gi|43 
000317 72.2 035299 034933 gi|39 005304 005664 gi|45 
000511 74.6 009494 010182 gi|42 025888 026594 gi|46 
000268 73.0 010876 010986 gi|42 027330 027440 gi|46 
000297 68.5 023894 023736 gi|44 024552 024710 gi|45 
000499 77.0 028857 029247 gi|44 001469 001856 gi|46 
000274 77.8 028977 029161 gi|44 002419 002600 gi|46 
001328 78.1 008006 008830 gi|45 014404 015231 gi|46 
002521 74.7 008058 009598 gi|45 006742 008293 gi|46 
000436 74.7 002927 003171 gi|43 006730 006975 gi|46 
000423 79.1 002929 003158 gi|43 008048 008277 gi|45 
000296 76.7 003023 003155 gi|43 014543 014675 gi|46 
002648 100.0 004806 004509 gi|43 007199 007490 gi|47 
002585 98.6 004521 004806 gi|43 028924 029209 gi|47 
001201 75.2 011174 012572 gi|43 014313 015687 gi|46 
004699 78.6 011267 012909 gi|43 006680 008316 gi|46 
002525 73.7 011326 012837 gi|43 008052 009562 gi|45 
000253 77.1 014403 014472 gi|43 022929 022995 gi|45 
000250 74.0 018597 018371 gi|43 002434 002660 gi|46 
000486 76.9 019643 019137 gi|43 001431 001943 gi|46 
000367 71.7 019554 019382 gi|43 002342 002522 gi|46 
000380 78.9 032781 032903 gi|43 010043 010172 gi|45 
000592 75.5 011648 012051 gi|47 026278 026682 gi|48 
000421 81.9 032514 032728 gi|46 001207 001436 gi|48 
000251 87.5 033761 033832 gi|46 002667 002732 gi|48 
