

Building a new DB, current time: 02/23/2024 23:32:31
New DB name:   /Users/emelbiner/PycharmProjects/FinalProjekt/output/repeatmodeler/B_longum/RM_51394.FriFeb232332102024/round-1/sampleDB-1.fa
New DB title:  /Users/emelbiner/PycharmProjects/FinalProjekt/output/repeatmodeler/B_longum/RM_51394.FriFeb232332102024/round-1/sampleDB-1.fa
Sequence type: Nucleotide
Keep MBits: T
Maximum file size: 3000000000B
Adding sequences from FASTA; added 60 sequences in 0.0143352 seconds.




Building a new DB, current time: 02/23/2024 23:32:32
New DB name:   /Users/emelbiner/PycharmProjects/FinalProjekt/output/repeatmodeler/B_longum/RM_51394.FriFeb232332102024/round-1/family-0.fa
New DB title:  /Users/emelbiner/PycharmProjects/FinalProjekt/output/repeatmodeler/B_longum/RM_51394.FriFeb232332102024/round-1/family-0.fa
Sequence type: Nucleotide
Keep MBits: T
Maximum file size: 3000000000B
Adding sequences from FASTA; added 28 sequences in 0.00246096 seconds.




Building a new DB, current time: 02/23/2024 23:32:32
New DB name:   /Users/emelbiner/PycharmProjects/FinalProjekt/output/repeatmodeler/B_longum/RM_51394.FriFeb232332102024/round-1/family-0-cons-2.fa
New DB title:  /Users/emelbiner/PycharmProjects/FinalProjekt/output/repeatmodeler/B_longum/RM_51394.FriFeb232332102024/round-1/family-0-cons-2.fa
Sequence type: Nucleotide
Keep MBits: T
Maximum file size: 3000000000B
Adding sequences from FASTA; added 1 sequences in 0.000307083 seconds.




Building a new DB, current time: 02/23/2024 23:32:32
New DB name:   /Users/emelbiner/PycharmProjects/FinalProjekt/output/repeatmodeler/B_longum/RM_51394.FriFeb232332102024/round-1/family-0-cons-3.fa
New DB title:  /Users/emelbiner/PycharmProjects/FinalProjekt/output/repeatmodeler/B_longum/RM_51394.FriFeb232332102024/round-1/family-0-cons-3.fa
Sequence type: Nucleotide
Keep MBits: T
Maximum file size: 3000000000B
Adding sequences from FASTA; added 1 sequences in 0.000301123 seconds.




Building a new DB, current time: 02/23/2024 23:32:32
New DB name:   /Users/emelbiner/PycharmProjects/FinalProjekt/output/repeatmodeler/B_longum/RM_51394.FriFeb232332102024/round-1/family-0-cons-4.fa
New DB title:  /Users/emelbiner/PycharmProjects/FinalProjekt/output/repeatmodeler/B_longum/RM_51394.FriFeb232332102024/round-1/family-0-cons-4.fa
Sequence type: Nucleotide
Keep MBits: T
Maximum file size: 3000000000B
Adding sequences from FASTA; added 1 sequences in 0.000305891 seconds.




Building a new DB, current time: 02/23/2024 23:32:32
New DB name:   /Users/emelbiner/PycharmProjects/FinalProjekt/output/repeatmodeler/B_longum/RM_51394.FriFeb232332102024/round-1/family-0-cons-5.fa
New DB title:  /Users/emelbiner/PycharmProjects/FinalProjekt/output/repeatmodeler/B_longum/RM_51394.FriFeb232332102024/round-1/family-0-cons-5.fa
Sequence type: Nucleotide
Keep MBits: T
Maximum file size: 3000000000B
Adding sequences from FASTA; added 1 sequences in 0.000310183 seconds.




Building a new DB, current time: 02/23/2024 23:32:33
New DB name:   /Users/emelbiner/PycharmProjects/FinalProjekt/output/repeatmodeler/B_longum/RM_51394.FriFeb232332102024/round-1/family-1.fa
New DB title:  /Users/emelbiner/PycharmProjects/FinalProjekt/output/repeatmodeler/B_longum/RM_51394.FriFeb232332102024/round-1/family-1.fa
Sequence type: Nucleotide
Keep MBits: T
Maximum file size: 3000000000B
Adding sequences from FASTA; added 26 sequences in 0.00245404 seconds.




Building a new DB, current time: 02/23/2024 23:32:33
New DB name:   /Users/emelbiner/PycharmProjects/FinalProjekt/output/repeatmodeler/B_longum/RM_51394.FriFeb232332102024/round-1/family-1-cons-2.fa
New DB title:  /Users/emelbiner/PycharmProjects/FinalProjekt/output/repeatmodeler/B_longum/RM_51394.FriFeb232332102024/round-1/family-1-cons-2.fa
Sequence type: Nucleotide
Keep MBits: T
Maximum file size: 3000000000B
Adding sequences from FASTA; added 1 sequences in 0.000307083 seconds.




Building a new DB, current time: 02/23/2024 23:32:33
New DB name:   /Users/emelbiner/PycharmProjects/FinalProjekt/output/repeatmodeler/B_longum/RM_51394.FriFeb232332102024/round-1/family-1-cons-3.fa
New DB title:  /Users/emelbiner/PycharmProjects/FinalProjekt/output/repeatmodeler/B_longum/RM_51394.FriFeb232332102024/round-1/family-1-cons-3.fa
Sequence type: Nucleotide
Keep MBits: T
Maximum file size: 3000000000B
Adding sequences from FASTA; added 1 sequences in 0.000302076 seconds.




Building a new DB, current time: 02/23/2024 23:32:33
New DB name:   /Users/emelbiner/PycharmProjects/FinalProjekt/output/repeatmodeler/B_longum/RM_51394.FriFeb232332102024/round-1/family-1-cons-4.fa
New DB title:  /Users/emelbiner/PycharmProjects/FinalProjekt/output/repeatmodeler/B_longum/RM_51394.FriFeb232332102024/round-1/family-1-cons-4.fa
Sequence type: Nucleotide
Keep MBits: T
Maximum file size: 3000000000B
Adding sequences from FASTA; added 1 sequences in 0.00030303 seconds.




Building a new DB, current time: 02/23/2024 23:32:34
New DB name:   /Users/emelbiner/PycharmProjects/FinalProjekt/output/repeatmodeler/B_longum/RM_51394.FriFeb232332102024/round-1/family-1-cons-5.fa
New DB title:  /Users/emelbiner/PycharmProjects/FinalProjekt/output/repeatmodeler/B_longum/RM_51394.FriFeb232332102024/round-1/family-1-cons-5.fa
Sequence type: Nucleotide
Keep MBits: T
Maximum file size: 3000000000B
Adding sequences from FASTA; added 1 sequences in 0.000324011 seconds.




Building a new DB, current time: 02/23/2024 23:32:34
New DB name:   /Users/emelbiner/PycharmProjects/FinalProjekt/output/repeatmodeler/B_longum/RM_51394.FriFeb232332102024/round-1/family-1-cons-6.fa
New DB title:  /Users/emelbiner/PycharmProjects/FinalProjekt/output/repeatmodeler/B_longum/RM_51394.FriFeb232332102024/round-1/family-1-cons-6.fa
Sequence type: Nucleotide
Keep MBits: T
Maximum file size: 3000000000B
Adding sequences from FASTA; added 1 sequences in 0.00030303 seconds.




Building a new DB, current time: 02/23/2024 23:32:34
New DB name:   /Users/emelbiner/PycharmProjects/FinalProjekt/output/repeatmodeler/B_longum/RM_51394.FriFeb232332102024/round-1/family-1-cons-7.fa
New DB title:  /Users/emelbiner/PycharmProjects/FinalProjekt/output/repeatmodeler/B_longum/RM_51394.FriFeb232332102024/round-1/family-1-cons-7.fa
Sequence type: Nucleotide
Keep MBits: T
Maximum file size: 3000000000B
Adding sequences from FASTA; added 1 sequences in 0.000300884 seconds.




Building a new DB, current time: 02/23/2024 23:32:34
New DB name:   /Users/emelbiner/PycharmProjects/FinalProjekt/output/repeatmodeler/B_longum/RM_51394.FriFeb232332102024/round-1/family-1-cons-8.fa
New DB title:  /Users/emelbiner/PycharmProjects/FinalProjekt/output/repeatmodeler/B_longum/RM_51394.FriFeb232332102024/round-1/family-1-cons-8.fa
Sequence type: Nucleotide
Keep MBits: T
Maximum file size: 3000000000B
Adding sequences from FASTA; added 1 sequences in 0.00031209 seconds.




Building a new DB, current time: 02/23/2024 23:32:34
New DB name:   /Users/emelbiner/PycharmProjects/FinalProjekt/output/repeatmodeler/B_longum/RM_51394.FriFeb232332102024/round-1/family-1-cons-9.fa
New DB title:  /Users/emelbiner/PycharmProjects/FinalProjekt/output/repeatmodeler/B_longum/RM_51394.FriFeb232332102024/round-1/family-1-cons-9.fa
Sequence type: Nucleotide
Keep MBits: T
Maximum file size: 3000000000B
Adding sequences from FASTA; added 1 sequences in 0.000339985 seconds.




Building a new DB, current time: 02/23/2024 23:32:34
New DB name:   /Users/emelbiner/PycharmProjects/FinalProjekt/output/repeatmodeler/B_longum/RM_51394.FriFeb232332102024/round-1/family-2.fa
New DB title:  /Users/emelbiner/PycharmProjects/FinalProjekt/output/repeatmodeler/B_longum/RM_51394.FriFeb232332102024/round-1/family-2.fa
Sequence type: Nucleotide
Keep MBits: T
Maximum file size: 3000000000B
Adding sequences from FASTA; added 25 sequences in 0.00244784 seconds.




Building a new DB, current time: 02/23/2024 23:32:36
New DB name:   /Users/emelbiner/PycharmProjects/FinalProjekt/output/repeatmodeler/B_longum/RM_51394.FriFeb232332102024/round-1/family-2-cons-2.fa
New DB title:  /Users/emelbiner/PycharmProjects/FinalProjekt/output/repeatmodeler/B_longum/RM_51394.FriFeb232332102024/round-1/family-2-cons-2.fa
Sequence type: Nucleotide
Keep MBits: T
Maximum file size: 3000000000B
Adding sequences from FASTA; added 1 sequences in 0.00030899 seconds.




Building a new DB, current time: 02/23/2024 23:32:36
New DB name:   /Users/emelbiner/PycharmProjects/FinalProjekt/output/repeatmodeler/B_longum/RM_51394.FriFeb232332102024/round-1/family-2-cons-3.fa
New DB title:  /Users/emelbiner/PycharmProjects/FinalProjekt/output/repeatmodeler/B_longum/RM_51394.FriFeb232332102024/round-1/family-2-cons-3.fa
Sequence type: Nucleotide
Keep MBits: T
Maximum file size: 3000000000B
Adding sequences from FASTA; added 1 sequences in 0.00029707 seconds.




Building a new DB, current time: 02/23/2024 23:32:36
New DB name:   /Users/emelbiner/PycharmProjects/FinalProjekt/output/repeatmodeler/B_longum/RM_51394.FriFeb232332102024/round-1/family-2-cons-4.fa
New DB title:  /Users/emelbiner/PycharmProjects/FinalProjekt/output/repeatmodeler/B_longum/RM_51394.FriFeb232332102024/round-1/family-2-cons-4.fa
Sequence type: Nucleotide
Keep MBits: T
Maximum file size: 3000000000B
Adding sequences from FASTA; added 1 sequences in 0.000298977 seconds.




Building a new DB, current time: 02/23/2024 23:32:36
New DB name:   /Users/emelbiner/PycharmProjects/FinalProjekt/output/repeatmodeler/B_longum/RM_51394.FriFeb232332102024/round-1/family-2-cons-5.fa
New DB title:  /Users/emelbiner/PycharmProjects/FinalProjekt/output/repeatmodeler/B_longum/RM_51394.FriFeb232332102024/round-1/family-2-cons-5.fa
Sequence type: Nucleotide
Keep MBits: T
Maximum file size: 3000000000B
Adding sequences from FASTA; added 1 sequences in 0.000313997 seconds.




Building a new DB, current time: 02/23/2024 23:32:36
New DB name:   /Users/emelbiner/PycharmProjects/FinalProjekt/output/repeatmodeler/B_longum/RM_51394.FriFeb232332102024/round-1/family-2-cons-6.fa
New DB title:  /Users/emelbiner/PycharmProjects/FinalProjekt/output/repeatmodeler/B_longum/RM_51394.FriFeb232332102024/round-1/family-2-cons-6.fa
Sequence type: Nucleotide
Keep MBits: T
Maximum file size: 3000000000B
Adding sequences from FASTA; added 1 sequences in 0.000320911 seconds.




Building a new DB, current time: 02/23/2024 23:32:36
New DB name:   /Users/emelbiner/PycharmProjects/FinalProjekt/output/repeatmodeler/B_longum/RM_51394.FriFeb232332102024/round-1/family-3.fa
New DB title:  /Users/emelbiner/PycharmProjects/FinalProjekt/output/repeatmodeler/B_longum/RM_51394.FriFeb232332102024/round-1/family-3.fa
Sequence type: Nucleotide
Keep MBits: T
Maximum file size: 3000000000B
Adding sequences from FASTA; added 20 sequences in 0.00246596 seconds.




Building a new DB, current time: 02/23/2024 23:32:37
New DB name:   /Users/emelbiner/PycharmProjects/FinalProjekt/output/repeatmodeler/B_longum/RM_51394.FriFeb232332102024/round-1/family-3-cons-2.fa
New DB title:  /Users/emelbiner/PycharmProjects/FinalProjekt/output/repeatmodeler/B_longum/RM_51394.FriFeb232332102024/round-1/family-3-cons-2.fa
Sequence type: Nucleotide
Keep MBits: T
Maximum file size: 3000000000B
Adding sequences from FASTA; added 1 sequences in 0.000309944 seconds.




Building a new DB, current time: 02/23/2024 23:32:37
New DB name:   /Users/emelbiner/PycharmProjects/FinalProjekt/output/repeatmodeler/B_longum/RM_51394.FriFeb232332102024/round-1/family-3-cons-3.fa
New DB title:  /Users/emelbiner/PycharmProjects/FinalProjekt/output/repeatmodeler/B_longum/RM_51394.FriFeb232332102024/round-1/family-3-cons-3.fa
Sequence type: Nucleotide
Keep MBits: T
Maximum file size: 3000000000B
Adding sequences from FASTA; added 1 sequences in 0.00030303 seconds.




Building a new DB, current time: 02/23/2024 23:32:37
New DB name:   /Users/emelbiner/PycharmProjects/FinalProjekt/output/repeatmodeler/B_longum/RM_51394.FriFeb232332102024/round-1/family-3-cons-4.fa
New DB title:  /Users/emelbiner/PycharmProjects/FinalProjekt/output/repeatmodeler/B_longum/RM_51394.FriFeb232332102024/round-1/family-3-cons-4.fa
Sequence type: Nucleotide
Keep MBits: T
Maximum file size: 3000000000B
Adding sequences from FASTA; added 1 sequences in 0.000301838 seconds.




Building a new DB, current time: 02/23/2024 23:32:37
New DB name:   /Users/emelbiner/PycharmProjects/FinalProjekt/output/repeatmodeler/B_longum/RM_51394.FriFeb232332102024/round-1/family-3-cons-5.fa
New DB title:  /Users/emelbiner/PycharmProjects/FinalProjekt/output/repeatmodeler/B_longum/RM_51394.FriFeb232332102024/round-1/family-3-cons-5.fa
Sequence type: Nucleotide
Keep MBits: T
Maximum file size: 3000000000B
Adding sequences from FASTA; added 1 sequences in 0.000299931 seconds.




Building a new DB, current time: 02/23/2024 23:32:37
New DB name:   /Users/emelbiner/PycharmProjects/FinalProjekt/output/repeatmodeler/B_longum/RM_51394.FriFeb232332102024/round-1/family-3-cons-6.fa
New DB title:  /Users/emelbiner/PycharmProjects/FinalProjekt/output/repeatmodeler/B_longum/RM_51394.FriFeb232332102024/round-1/family-3-cons-6.fa
Sequence type: Nucleotide
Keep MBits: T
Maximum file size: 3000000000B
Adding sequences from FASTA; added 1 sequences in 0.000326157 seconds.


