

Building a new DB, current time: 02/23/2024 23:28:00
New DB name:   /Users/emelbiner/PycharmProjects/FinalProjekt/output/repeatmodeler/L_delbureckii/RM_48967.FriFeb232327442024/round-1/sampleDB-1.fa
New DB title:  /Users/emelbiner/PycharmProjects/FinalProjekt/output/repeatmodeler/L_delbureckii/RM_48967.FriFeb232327442024/round-1/sampleDB-1.fa
Sequence type: Nucleotide
Keep MBits: T
Maximum file size: 3000000000B
Adding sequences from FASTA; added 48 sequences in 0.0147781 seconds.




Building a new DB, current time: 02/23/2024 23:28:01
New DB name:   /Users/emelbiner/PycharmProjects/FinalProjekt/output/repeatmodeler/L_delbureckii/RM_48967.FriFeb232327442024/round-1/family-0.fa
New DB title:  /Users/emelbiner/PycharmProjects/FinalProjekt/output/repeatmodeler/L_delbureckii/RM_48967.FriFeb232327442024/round-1/family-0.fa
Sequence type: Nucleotide
Keep MBits: T
Maximum file size: 3000000000B
Adding sequences from FASTA; added 56 sequences in 0.00319719 seconds.




Building a new DB, current time: 02/23/2024 23:28:02
New DB name:   /Users/emelbiner/PycharmProjects/FinalProjekt/output/repeatmodeler/L_delbureckii/RM_48967.FriFeb232327442024/round-1/family-0-cons-2.fa
New DB title:  /Users/emelbiner/PycharmProjects/FinalProjekt/output/repeatmodeler/L_delbureckii/RM_48967.FriFeb232327442024/round-1/family-0-cons-2.fa
Sequence type: Nucleotide
Keep MBits: T
Maximum file size: 3000000000B
Adding sequences from FASTA; added 1 sequences in 0.000337124 seconds.




Building a new DB, current time: 02/23/2024 23:28:02
New DB name:   /Users/emelbiner/PycharmProjects/FinalProjekt/output/repeatmodeler/L_delbureckii/RM_48967.FriFeb232327442024/round-1/family-0-cons-3.fa
New DB title:  /Users/emelbiner/PycharmProjects/FinalProjekt/output/repeatmodeler/L_delbureckii/RM_48967.FriFeb232327442024/round-1/family-0-cons-3.fa
Sequence type: Nucleotide
Keep MBits: T
Maximum file size: 3000000000B
Adding sequences from FASTA; added 1 sequences in 0.000308037 seconds.




Building a new DB, current time: 02/23/2024 23:28:03
New DB name:   /Users/emelbiner/PycharmProjects/FinalProjekt/output/repeatmodeler/L_delbureckii/RM_48967.FriFeb232327442024/round-1/family-0-cons-4.fa
New DB title:  /Users/emelbiner/PycharmProjects/FinalProjekt/output/repeatmodeler/L_delbureckii/RM_48967.FriFeb232327442024/round-1/family-0-cons-4.fa
Sequence type: Nucleotide
Keep MBits: T
Maximum file size: 3000000000B
Adding sequences from FASTA; added 1 sequences in 0.000313997 seconds.




Building a new DB, current time: 02/23/2024 23:28:03
New DB name:   /Users/emelbiner/PycharmProjects/FinalProjekt/output/repeatmodeler/L_delbureckii/RM_48967.FriFeb232327442024/round-1/family-0-cons-5.fa
New DB title:  /Users/emelbiner/PycharmProjects/FinalProjekt/output/repeatmodeler/L_delbureckii/RM_48967.FriFeb232327442024/round-1/family-0-cons-5.fa
Sequence type: Nucleotide
Keep MBits: T
Maximum file size: 3000000000B
Adding sequences from FASTA; added 1 sequences in 0.000313997 seconds.




Building a new DB, current time: 02/23/2024 23:28:03
New DB name:   /Users/emelbiner/PycharmProjects/FinalProjekt/output/repeatmodeler/L_delbureckii/RM_48967.FriFeb232327442024/round-1/family-1.fa
New DB title:  /Users/emelbiner/PycharmProjects/FinalProjekt/output/repeatmodeler/L_delbureckii/RM_48967.FriFeb232327442024/round-1/family-1.fa
Sequence type: Nucleotide
Keep MBits: T
Maximum file size: 3000000000B
Adding sequences from FASTA; added 41 sequences in 0.00259995 seconds.




Building a new DB, current time: 02/23/2024 23:28:05
New DB name:   /Users/emelbiner/PycharmProjects/FinalProjekt/output/repeatmodeler/L_delbureckii/RM_48967.FriFeb232327442024/round-1/family-1-cons-2.fa
New DB title:  /Users/emelbiner/PycharmProjects/FinalProjekt/output/repeatmodeler/L_delbureckii/RM_48967.FriFeb232327442024/round-1/family-1-cons-2.fa
Sequence type: Nucleotide
Keep MBits: T
Maximum file size: 3000000000B
Adding sequences from FASTA; added 1 sequences in 0.000333071 seconds.




Building a new DB, current time: 02/23/2024 23:28:05
New DB name:   /Users/emelbiner/PycharmProjects/FinalProjekt/output/repeatmodeler/L_delbureckii/RM_48967.FriFeb232327442024/round-1/family-1-cons-3.fa
New DB title:  /Users/emelbiner/PycharmProjects/FinalProjekt/output/repeatmodeler/L_delbureckii/RM_48967.FriFeb232327442024/round-1/family-1-cons-3.fa
Sequence type: Nucleotide
Keep MBits: T
Maximum file size: 3000000000B
Adding sequences from FASTA; added 1 sequences in 0.000597954 seconds.




Building a new DB, current time: 02/23/2024 23:28:05
New DB name:   /Users/emelbiner/PycharmProjects/FinalProjekt/output/repeatmodeler/L_delbureckii/RM_48967.FriFeb232327442024/round-1/family-1-cons-4.fa
New DB title:  /Users/emelbiner/PycharmProjects/FinalProjekt/output/repeatmodeler/L_delbureckii/RM_48967.FriFeb232327442024/round-1/family-1-cons-4.fa
Sequence type: Nucleotide
Keep MBits: T
Maximum file size: 3000000000B
Adding sequences from FASTA; added 1 sequences in 0.000328064 seconds.




Building a new DB, current time: 02/23/2024 23:28:05
New DB name:   /Users/emelbiner/PycharmProjects/FinalProjekt/output/repeatmodeler/L_delbureckii/RM_48967.FriFeb232327442024/round-1/family-1-cons-5.fa
New DB title:  /Users/emelbiner/PycharmProjects/FinalProjekt/output/repeatmodeler/L_delbureckii/RM_48967.FriFeb232327442024/round-1/family-1-cons-5.fa
Sequence type: Nucleotide
Keep MBits: T
Maximum file size: 3000000000B
Adding sequences from FASTA; added 1 sequences in 0.000314951 seconds.




Building a new DB, current time: 02/23/2024 23:28:06
New DB name:   /Users/emelbiner/PycharmProjects/FinalProjekt/output/repeatmodeler/L_delbureckii/RM_48967.FriFeb232327442024/round-1/family-1-cons-6.fa
New DB title:  /Users/emelbiner/PycharmProjects/FinalProjekt/output/repeatmodeler/L_delbureckii/RM_48967.FriFeb232327442024/round-1/family-1-cons-6.fa
Sequence type: Nucleotide
Keep MBits: T
Maximum file size: 3000000000B
Adding sequences from FASTA; added 1 sequences in 0.000341892 seconds.




Building a new DB, current time: 02/23/2024 23:28:06
New DB name:   /Users/emelbiner/PycharmProjects/FinalProjekt/output/repeatmodeler/L_delbureckii/RM_48967.FriFeb232327442024/round-1/family-2.fa
New DB title:  /Users/emelbiner/PycharmProjects/FinalProjekt/output/repeatmodeler/L_delbureckii/RM_48967.FriFeb232327442024/round-1/family-2.fa
Sequence type: Nucleotide
Keep MBits: T
Maximum file size: 3000000000B
Adding sequences from FASTA; added 34 sequences in 0.00286698 seconds.




Building a new DB, current time: 02/23/2024 23:28:08
New DB name:   /Users/emelbiner/PycharmProjects/FinalProjekt/output/repeatmodeler/L_delbureckii/RM_48967.FriFeb232327442024/round-1/family-2-cons-2.fa
New DB title:  /Users/emelbiner/PycharmProjects/FinalProjekt/output/repeatmodeler/L_delbureckii/RM_48967.FriFeb232327442024/round-1/family-2-cons-2.fa
Sequence type: Nucleotide
Keep MBits: T
Maximum file size: 3000000000B
Adding sequences from FASTA; added 1 sequences in 0.00032711 seconds.




Building a new DB, current time: 02/23/2024 23:28:09
New DB name:   /Users/emelbiner/PycharmProjects/FinalProjekt/output/repeatmodeler/L_delbureckii/RM_48967.FriFeb232327442024/round-1/family-2-cons-3.fa
New DB title:  /Users/emelbiner/PycharmProjects/FinalProjekt/output/repeatmodeler/L_delbureckii/RM_48967.FriFeb232327442024/round-1/family-2-cons-3.fa
Sequence type: Nucleotide
Keep MBits: T
Maximum file size: 3000000000B
Adding sequences from FASTA; added 1 sequences in 0.000334978 seconds.




Building a new DB, current time: 02/23/2024 23:28:09
New DB name:   /Users/emelbiner/PycharmProjects/FinalProjekt/output/repeatmodeler/L_delbureckii/RM_48967.FriFeb232327442024/round-1/family-2-cons-4.fa
New DB title:  /Users/emelbiner/PycharmProjects/FinalProjekt/output/repeatmodeler/L_delbureckii/RM_48967.FriFeb232327442024/round-1/family-2-cons-4.fa
Sequence type: Nucleotide
Keep MBits: T
Maximum file size: 3000000000B
Adding sequences from FASTA; added 1 sequences in 0.000341892 seconds.




Building a new DB, current time: 02/23/2024 23:28:10
New DB name:   /Users/emelbiner/PycharmProjects/FinalProjekt/output/repeatmodeler/L_delbureckii/RM_48967.FriFeb232327442024/round-1/family-2-cons-5.fa
New DB title:  /Users/emelbiner/PycharmProjects/FinalProjekt/output/repeatmodeler/L_delbureckii/RM_48967.FriFeb232327442024/round-1/family-2-cons-5.fa
Sequence type: Nucleotide
Keep MBits: T
Maximum file size: 3000000000B
Adding sequences from FASTA; added 1 sequences in 0.000323057 seconds.




Building a new DB, current time: 02/23/2024 23:28:11
New DB name:   /Users/emelbiner/PycharmProjects/FinalProjekt/output/repeatmodeler/L_delbureckii/RM_48967.FriFeb232327442024/round-1/family-3.fa
New DB title:  /Users/emelbiner/PycharmProjects/FinalProjekt/output/repeatmodeler/L_delbureckii/RM_48967.FriFeb232327442024/round-1/family-3.fa
Sequence type: Nucleotide
Keep MBits: T
Maximum file size: 3000000000B
Adding sequences from FASTA; added 30 sequences in 0.00264907 seconds.




Building a new DB, current time: 02/23/2024 23:28:11
New DB name:   /Users/emelbiner/PycharmProjects/FinalProjekt/output/repeatmodeler/L_delbureckii/RM_48967.FriFeb232327442024/round-1/family-3-cons-2.fa
New DB title:  /Users/emelbiner/PycharmProjects/FinalProjekt/output/repeatmodeler/L_delbureckii/RM_48967.FriFeb232327442024/round-1/family-3-cons-2.fa
Sequence type: Nucleotide
Keep MBits: T
Maximum file size: 3000000000B
Adding sequences from FASTA; added 1 sequences in 0.000325918 seconds.




Building a new DB, current time: 02/23/2024 23:28:11
New DB name:   /Users/emelbiner/PycharmProjects/FinalProjekt/output/repeatmodeler/L_delbureckii/RM_48967.FriFeb232327442024/round-1/family-3-cons-3.fa
New DB title:  /Users/emelbiner/PycharmProjects/FinalProjekt/output/repeatmodeler/L_delbureckii/RM_48967.FriFeb232327442024/round-1/family-3-cons-3.fa
Sequence type: Nucleotide
Keep MBits: T
Maximum file size: 3000000000B
Adding sequences from FASTA; added 1 sequences in 0.000305891 seconds.




Building a new DB, current time: 02/23/2024 23:28:12
New DB name:   /Users/emelbiner/PycharmProjects/FinalProjekt/output/repeatmodeler/L_delbureckii/RM_48967.FriFeb232327442024/round-1/family-3-cons-4.fa
New DB title:  /Users/emelbiner/PycharmProjects/FinalProjekt/output/repeatmodeler/L_delbureckii/RM_48967.FriFeb232327442024/round-1/family-3-cons-4.fa
Sequence type: Nucleotide
Keep MBits: T
Maximum file size: 3000000000B
Adding sequences from FASTA; added 1 sequences in 0.00030303 seconds.




Building a new DB, current time: 02/23/2024 23:28:12
New DB name:   /Users/emelbiner/PycharmProjects/FinalProjekt/output/repeatmodeler/L_delbureckii/RM_48967.FriFeb232327442024/round-1/family-3-cons-5.fa
New DB title:  /Users/emelbiner/PycharmProjects/FinalProjekt/output/repeatmodeler/L_delbureckii/RM_48967.FriFeb232327442024/round-1/family-3-cons-5.fa
Sequence type: Nucleotide
Keep MBits: T
Maximum file size: 3000000000B
Adding sequences from FASTA; added 1 sequences in 0.000311136 seconds.




Building a new DB, current time: 02/23/2024 23:28:12
New DB name:   /Users/emelbiner/PycharmProjects/FinalProjekt/output/repeatmodeler/L_delbureckii/RM_48967.FriFeb232327442024/round-1/family-4.fa
New DB title:  /Users/emelbiner/PycharmProjects/FinalProjekt/output/repeatmodeler/L_delbureckii/RM_48967.FriFeb232327442024/round-1/family-4.fa
Sequence type: Nucleotide
Keep MBits: T
Maximum file size: 3000000000B
Adding sequences from FASTA; added 27 sequences in 0.00247312 seconds.




Building a new DB, current time: 02/23/2024 23:28:12
New DB name:   /Users/emelbiner/PycharmProjects/FinalProjekt/output/repeatmodeler/L_delbureckii/RM_48967.FriFeb232327442024/round-1/family-4-cons-2.fa
New DB title:  /Users/emelbiner/PycharmProjects/FinalProjekt/output/repeatmodeler/L_delbureckii/RM_48967.FriFeb232327442024/round-1/family-4-cons-2.fa
Sequence type: Nucleotide
Keep MBits: T
Maximum file size: 3000000000B
Adding sequences from FASTA; added 1 sequences in 0.000304937 seconds.




Building a new DB, current time: 02/23/2024 23:28:12
New DB name:   /Users/emelbiner/PycharmProjects/FinalProjekt/output/repeatmodeler/L_delbureckii/RM_48967.FriFeb232327442024/round-1/family-4-cons-3.fa
New DB title:  /Users/emelbiner/PycharmProjects/FinalProjekt/output/repeatmodeler/L_delbureckii/RM_48967.FriFeb232327442024/round-1/family-4-cons-3.fa
Sequence type: Nucleotide
Keep MBits: T
Maximum file size: 3000000000B
Adding sequences from FASTA; added 1 sequences in 0.000320911 seconds.




Building a new DB, current time: 02/23/2024 23:28:13
New DB name:   /Users/emelbiner/PycharmProjects/FinalProjekt/output/repeatmodeler/L_delbureckii/RM_48967.FriFeb232327442024/round-1/family-4-cons-4.fa
New DB title:  /Users/emelbiner/PycharmProjects/FinalProjekt/output/repeatmodeler/L_delbureckii/RM_48967.FriFeb232327442024/round-1/family-4-cons-4.fa
Sequence type: Nucleotide
Keep MBits: T
Maximum file size: 3000000000B
Adding sequences from FASTA; added 1 sequences in 0.000313044 seconds.




Building a new DB, current time: 02/23/2024 23:28:13
New DB name:   /Users/emelbiner/PycharmProjects/FinalProjekt/output/repeatmodeler/L_delbureckii/RM_48967.FriFeb232327442024/round-1/family-5.fa
New DB title:  /Users/emelbiner/PycharmProjects/FinalProjekt/output/repeatmodeler/L_delbureckii/RM_48967.FriFeb232327442024/round-1/family-5.fa
Sequence type: Nucleotide
Keep MBits: T
Maximum file size: 3000000000B
Adding sequences from FASTA; added 21 sequences in 0.00261092 seconds.




Building a new DB, current time: 02/23/2024 23:28:13
New DB name:   /Users/emelbiner/PycharmProjects/FinalProjekt/output/repeatmodeler/L_delbureckii/RM_48967.FriFeb232327442024/round-1/family-5-cons-2.fa
New DB title:  /Users/emelbiner/PycharmProjects/FinalProjekt/output/repeatmodeler/L_delbureckii/RM_48967.FriFeb232327442024/round-1/family-5-cons-2.fa
Sequence type: Nucleotide
Keep MBits: T
Maximum file size: 3000000000B
Adding sequences from FASTA; added 1 sequences in 0.000343084 seconds.




Building a new DB, current time: 02/23/2024 23:28:14
New DB name:   /Users/emelbiner/PycharmProjects/FinalProjekt/output/repeatmodeler/L_delbureckii/RM_48967.FriFeb232327442024/round-1/family-5-cons-3.fa
New DB title:  /Users/emelbiner/PycharmProjects/FinalProjekt/output/repeatmodeler/L_delbureckii/RM_48967.FriFeb232327442024/round-1/family-5-cons-3.fa
Sequence type: Nucleotide
Keep MBits: T
Maximum file size: 3000000000B
Adding sequences from FASTA; added 1 sequences in 0.000310898 seconds.




Building a new DB, current time: 02/23/2024 23:28:14
New DB name:   /Users/emelbiner/PycharmProjects/FinalProjekt/output/repeatmodeler/L_delbureckii/RM_48967.FriFeb232327442024/round-1/family-5-cons-4.fa
New DB title:  /Users/emelbiner/PycharmProjects/FinalProjekt/output/repeatmodeler/L_delbureckii/RM_48967.FriFeb232327442024/round-1/family-5-cons-4.fa
Sequence type: Nucleotide
Keep MBits: T
Maximum file size: 3000000000B
Adding sequences from FASTA; added 1 sequences in 0.000319004 seconds.




Building a new DB, current time: 02/23/2024 23:28:14
New DB name:   /Users/emelbiner/PycharmProjects/FinalProjekt/output/repeatmodeler/L_delbureckii/RM_48967.FriFeb232327442024/round-1/family-5-cons-5.fa
New DB title:  /Users/emelbiner/PycharmProjects/FinalProjekt/output/repeatmodeler/L_delbureckii/RM_48967.FriFeb232327442024/round-1/family-5-cons-5.fa
Sequence type: Nucleotide
Keep MBits: T
Maximum file size: 3000000000B
Adding sequences from FASTA; added 1 sequences in 0.000306129 seconds.




Building a new DB, current time: 02/23/2024 23:28:15
New DB name:   /Users/emelbiner/PycharmProjects/FinalProjekt/output/repeatmodeler/L_delbureckii/RM_48967.FriFeb232327442024/round-1/family-6.fa
New DB title:  /Users/emelbiner/PycharmProjects/FinalProjekt/output/repeatmodeler/L_delbureckii/RM_48967.FriFeb232327442024/round-1/family-6.fa
Sequence type: Nucleotide
Keep MBits: T
Maximum file size: 3000000000B
Adding sequences from FASTA; added 20 sequences in 0.00238013 seconds.




Building a new DB, current time: 02/23/2024 23:28:15
New DB name:   /Users/emelbiner/PycharmProjects/FinalProjekt/output/repeatmodeler/L_delbureckii/RM_48967.FriFeb232327442024/round-1/family-6-cons-2.fa
New DB title:  /Users/emelbiner/PycharmProjects/FinalProjekt/output/repeatmodeler/L_delbureckii/RM_48967.FriFeb232327442024/round-1/family-6-cons-2.fa
Sequence type: Nucleotide
Keep MBits: T
Maximum file size: 3000000000B
Adding sequences from FASTA; added 1 sequences in 0.000298023 seconds.




Building a new DB, current time: 02/23/2024 23:28:15
New DB name:   /Users/emelbiner/PycharmProjects/FinalProjekt/output/repeatmodeler/L_delbureckii/RM_48967.FriFeb232327442024/round-1/family-6-cons-3.fa
New DB title:  /Users/emelbiner/PycharmProjects/FinalProjekt/output/repeatmodeler/L_delbureckii/RM_48967.FriFeb232327442024/round-1/family-6-cons-3.fa
Sequence type: Nucleotide
Keep MBits: T
Maximum file size: 3000000000B
Adding sequences from FASTA; added 1 sequences in 0.00029397 seconds.




Building a new DB, current time: 02/23/2024 23:28:15
New DB name:   /Users/emelbiner/PycharmProjects/FinalProjekt/output/repeatmodeler/L_delbureckii/RM_48967.FriFeb232327442024/round-1/family-6-cons-4.fa
New DB title:  /Users/emelbiner/PycharmProjects/FinalProjekt/output/repeatmodeler/L_delbureckii/RM_48967.FriFeb232327442024/round-1/family-6-cons-4.fa
Sequence type: Nucleotide
Keep MBits: T
Maximum file size: 3000000000B
Adding sequences from FASTA; added 1 sequences in 0.000333071 seconds.




Building a new DB, current time: 02/23/2024 23:28:15
New DB name:   /Users/emelbiner/PycharmProjects/FinalProjekt/output/repeatmodeler/L_delbureckii/RM_48967.FriFeb232327442024/round-1/family-7.fa
New DB title:  /Users/emelbiner/PycharmProjects/FinalProjekt/output/repeatmodeler/L_delbureckii/RM_48967.FriFeb232327442024/round-1/family-7.fa
Sequence type: Nucleotide
Keep MBits: T
Maximum file size: 3000000000B
Adding sequences from FASTA; added 18 sequences in 0.00248003 seconds.




Building a new DB, current time: 02/23/2024 23:28:16
New DB name:   /Users/emelbiner/PycharmProjects/FinalProjekt/output/repeatmodeler/L_delbureckii/RM_48967.FriFeb232327442024/round-1/family-7-cons-2.fa
New DB title:  /Users/emelbiner/PycharmProjects/FinalProjekt/output/repeatmodeler/L_delbureckii/RM_48967.FriFeb232327442024/round-1/family-7-cons-2.fa
Sequence type: Nucleotide
Keep MBits: T
Maximum file size: 3000000000B
Adding sequences from FASTA; added 1 sequences in 0.000338078 seconds.




Building a new DB, current time: 02/23/2024 23:28:17
New DB name:   /Users/emelbiner/PycharmProjects/FinalProjekt/output/repeatmodeler/L_delbureckii/RM_48967.FriFeb232327442024/round-1/family-7-cons-3.fa
New DB title:  /Users/emelbiner/PycharmProjects/FinalProjekt/output/repeatmodeler/L_delbureckii/RM_48967.FriFeb232327442024/round-1/family-7-cons-3.fa
Sequence type: Nucleotide
Keep MBits: T
Maximum file size: 3000000000B
Adding sequences from FASTA; added 1 sequences in 0.000322819 seconds.




Building a new DB, current time: 02/23/2024 23:28:18
New DB name:   /Users/emelbiner/PycharmProjects/FinalProjekt/output/repeatmodeler/L_delbureckii/RM_48967.FriFeb232327442024/round-1/family-7-cons-4.fa
New DB title:  /Users/emelbiner/PycharmProjects/FinalProjekt/output/repeatmodeler/L_delbureckii/RM_48967.FriFeb232327442024/round-1/family-7-cons-4.fa
Sequence type: Nucleotide
Keep MBits: T
Maximum file size: 3000000000B
Adding sequences from FASTA; added 1 sequences in 0.000566959 seconds.




Building a new DB, current time: 02/23/2024 23:28:19
New DB name:   /Users/emelbiner/PycharmProjects/FinalProjekt/output/repeatmodeler/L_delbureckii/RM_48967.FriFeb232327442024/round-1/family-8.fa
New DB title:  /Users/emelbiner/PycharmProjects/FinalProjekt/output/repeatmodeler/L_delbureckii/RM_48967.FriFeb232327442024/round-1/family-8.fa
Sequence type: Nucleotide
Keep MBits: T
Maximum file size: 3000000000B
Adding sequences from FASTA; added 18 sequences in 0.00249195 seconds.




Building a new DB, current time: 02/23/2024 23:28:21
New DB name:   /Users/emelbiner/PycharmProjects/FinalProjekt/output/repeatmodeler/L_delbureckii/RM_48967.FriFeb232327442024/round-1/family-8-cons-2.fa
New DB title:  /Users/emelbiner/PycharmProjects/FinalProjekt/output/repeatmodeler/L_delbureckii/RM_48967.FriFeb232327442024/round-1/family-8-cons-2.fa
Sequence type: Nucleotide
Keep MBits: T
Maximum file size: 3000000000B
Adding sequences from FASTA; added 1 sequences in 0.000344038 seconds.




Building a new DB, current time: 02/23/2024 23:28:21
New DB name:   /Users/emelbiner/PycharmProjects/FinalProjekt/output/repeatmodeler/L_delbureckii/RM_48967.FriFeb232327442024/round-1/family-8-cons-3.fa
New DB title:  /Users/emelbiner/PycharmProjects/FinalProjekt/output/repeatmodeler/L_delbureckii/RM_48967.FriFeb232327442024/round-1/family-8-cons-3.fa
Sequence type: Nucleotide
Keep MBits: T
Maximum file size: 3000000000B
Adding sequences from FASTA; added 1 sequences in 0.000322104 seconds.




Building a new DB, current time: 02/23/2024 23:28:22
New DB name:   /Users/emelbiner/PycharmProjects/FinalProjekt/output/repeatmodeler/L_delbureckii/RM_48967.FriFeb232327442024/round-1/family-8-cons-4.fa
New DB title:  /Users/emelbiner/PycharmProjects/FinalProjekt/output/repeatmodeler/L_delbureckii/RM_48967.FriFeb232327442024/round-1/family-8-cons-4.fa
Sequence type: Nucleotide
Keep MBits: T
Maximum file size: 3000000000B
Adding sequences from FASTA; added 1 sequences in 0.000326872 seconds.




Building a new DB, current time: 02/23/2024 23:28:23
New DB name:   /Users/emelbiner/PycharmProjects/FinalProjekt/output/repeatmodeler/L_delbureckii/RM_48967.FriFeb232327442024/round-1/family-8-cons-5.fa
New DB title:  /Users/emelbiner/PycharmProjects/FinalProjekt/output/repeatmodeler/L_delbureckii/RM_48967.FriFeb232327442024/round-1/family-8-cons-5.fa
Sequence type: Nucleotide
Keep MBits: T
Maximum file size: 3000000000B
Adding sequences from FASTA; added 1 sequences in 0.000329018 seconds.


