

Building a new DB, current time: 02/23/2024 23:32:26
New DB name:   /Users/emelbiner/PycharmProjects/FinalProjekt/output/repeatmodeler/L_delbureckii/RM_51396.FriFeb232332102024/round-1/sampleDB-1.fa
New DB title:  /Users/emelbiner/PycharmProjects/FinalProjekt/output/repeatmodeler/L_delbureckii/RM_51396.FriFeb232332102024/round-1/sampleDB-1.fa
Sequence type: Nucleotide
Keep MBits: T
Maximum file size: 3000000000B
Adding sequences from FASTA; added 48 sequences in 0.0149159 seconds.




Building a new DB, current time: 02/23/2024 23:32:27
New DB name:   /Users/emelbiner/PycharmProjects/FinalProjekt/output/repeatmodeler/L_delbureckii/RM_51396.FriFeb232332102024/round-1/family-0.fa
New DB title:  /Users/emelbiner/PycharmProjects/FinalProjekt/output/repeatmodeler/L_delbureckii/RM_51396.FriFeb232332102024/round-1/family-0.fa
Sequence type: Nucleotide
Keep MBits: T
Maximum file size: 3000000000B
Adding sequences from FASTA; added 56 sequences in 0.00316715 seconds.




Building a new DB, current time: 02/23/2024 23:32:28
New DB name:   /Users/emelbiner/PycharmProjects/FinalProjekt/output/repeatmodeler/L_delbureckii/RM_51396.FriFeb232332102024/round-1/family-0-cons-2.fa
New DB title:  /Users/emelbiner/PycharmProjects/FinalProjekt/output/repeatmodeler/L_delbureckii/RM_51396.FriFeb232332102024/round-1/family-0-cons-2.fa
Sequence type: Nucleotide
Keep MBits: T
Maximum file size: 3000000000B
Adding sequences from FASTA; added 1 sequences in 0.00032115 seconds.




Building a new DB, current time: 02/23/2024 23:32:28
New DB name:   /Users/emelbiner/PycharmProjects/FinalProjekt/output/repeatmodeler/L_delbureckii/RM_51396.FriFeb232332102024/round-1/family-0-cons-3.fa
New DB title:  /Users/emelbiner/PycharmProjects/FinalProjekt/output/repeatmodeler/L_delbureckii/RM_51396.FriFeb232332102024/round-1/family-0-cons-3.fa
Sequence type: Nucleotide
Keep MBits: T
Maximum file size: 3000000000B
Adding sequences from FASTA; added 1 sequences in 0.000319004 seconds.




Building a new DB, current time: 02/23/2024 23:32:29
New DB name:   /Users/emelbiner/PycharmProjects/FinalProjekt/output/repeatmodeler/L_delbureckii/RM_51396.FriFeb232332102024/round-1/family-0-cons-4.fa
New DB title:  /Users/emelbiner/PycharmProjects/FinalProjekt/output/repeatmodeler/L_delbureckii/RM_51396.FriFeb232332102024/round-1/family-0-cons-4.fa
Sequence type: Nucleotide
Keep MBits: T
Maximum file size: 3000000000B
Adding sequences from FASTA; added 1 sequences in 0.000313044 seconds.




Building a new DB, current time: 02/23/2024 23:32:29
New DB name:   /Users/emelbiner/PycharmProjects/FinalProjekt/output/repeatmodeler/L_delbureckii/RM_51396.FriFeb232332102024/round-1/family-0-cons-5.fa
New DB title:  /Users/emelbiner/PycharmProjects/FinalProjekt/output/repeatmodeler/L_delbureckii/RM_51396.FriFeb232332102024/round-1/family-0-cons-5.fa
Sequence type: Nucleotide
Keep MBits: T
Maximum file size: 3000000000B
Adding sequences from FASTA; added 1 sequences in 0.000315905 seconds.




Building a new DB, current time: 02/23/2024 23:32:30
New DB name:   /Users/emelbiner/PycharmProjects/FinalProjekt/output/repeatmodeler/L_delbureckii/RM_51396.FriFeb232332102024/round-1/family-1.fa
New DB title:  /Users/emelbiner/PycharmProjects/FinalProjekt/output/repeatmodeler/L_delbureckii/RM_51396.FriFeb232332102024/round-1/family-1.fa
Sequence type: Nucleotide
Keep MBits: T
Maximum file size: 3000000000B
Adding sequences from FASTA; added 41 sequences in 0.0026269 seconds.




Building a new DB, current time: 02/23/2024 23:32:31
New DB name:   /Users/emelbiner/PycharmProjects/FinalProjekt/output/repeatmodeler/L_delbureckii/RM_51396.FriFeb232332102024/round-1/family-1-cons-2.fa
New DB title:  /Users/emelbiner/PycharmProjects/FinalProjekt/output/repeatmodeler/L_delbureckii/RM_51396.FriFeb232332102024/round-1/family-1-cons-2.fa
Sequence type: Nucleotide
Keep MBits: T
Maximum file size: 3000000000B
Adding sequences from FASTA; added 1 sequences in 0.000322104 seconds.




Building a new DB, current time: 02/23/2024 23:32:31
New DB name:   /Users/emelbiner/PycharmProjects/FinalProjekt/output/repeatmodeler/L_delbureckii/RM_51396.FriFeb232332102024/round-1/family-1-cons-3.fa
New DB title:  /Users/emelbiner/PycharmProjects/FinalProjekt/output/repeatmodeler/L_delbureckii/RM_51396.FriFeb232332102024/round-1/family-1-cons-3.fa
Sequence type: Nucleotide
Keep MBits: T
Maximum file size: 3000000000B
Adding sequences from FASTA; added 1 sequences in 0.000320196 seconds.




Building a new DB, current time: 02/23/2024 23:32:31
New DB name:   /Users/emelbiner/PycharmProjects/FinalProjekt/output/repeatmodeler/L_delbureckii/RM_51396.FriFeb232332102024/round-1/family-1-cons-4.fa
New DB title:  /Users/emelbiner/PycharmProjects/FinalProjekt/output/repeatmodeler/L_delbureckii/RM_51396.FriFeb232332102024/round-1/family-1-cons-4.fa
Sequence type: Nucleotide
Keep MBits: T
Maximum file size: 3000000000B
Adding sequences from FASTA; added 1 sequences in 0.000458002 seconds.




Building a new DB, current time: 02/23/2024 23:32:32
New DB name:   /Users/emelbiner/PycharmProjects/FinalProjekt/output/repeatmodeler/L_delbureckii/RM_51396.FriFeb232332102024/round-1/family-1-cons-5.fa
New DB title:  /Users/emelbiner/PycharmProjects/FinalProjekt/output/repeatmodeler/L_delbureckii/RM_51396.FriFeb232332102024/round-1/family-1-cons-5.fa
Sequence type: Nucleotide
Keep MBits: T
Maximum file size: 3000000000B
Adding sequences from FASTA; added 1 sequences in 0.000301123 seconds.




Building a new DB, current time: 02/23/2024 23:32:32
New DB name:   /Users/emelbiner/PycharmProjects/FinalProjekt/output/repeatmodeler/L_delbureckii/RM_51396.FriFeb232332102024/round-1/family-1-cons-6.fa
New DB title:  /Users/emelbiner/PycharmProjects/FinalProjekt/output/repeatmodeler/L_delbureckii/RM_51396.FriFeb232332102024/round-1/family-1-cons-6.fa
Sequence type: Nucleotide
Keep MBits: T
Maximum file size: 3000000000B
Adding sequences from FASTA; added 1 sequences in 0.000302076 seconds.




Building a new DB, current time: 02/23/2024 23:32:32
New DB name:   /Users/emelbiner/PycharmProjects/FinalProjekt/output/repeatmodeler/L_delbureckii/RM_51396.FriFeb232332102024/round-1/family-2.fa
New DB title:  /Users/emelbiner/PycharmProjects/FinalProjekt/output/repeatmodeler/L_delbureckii/RM_51396.FriFeb232332102024/round-1/family-2.fa
Sequence type: Nucleotide
Keep MBits: T
Maximum file size: 3000000000B
Adding sequences from FASTA; added 34 sequences in 0.00276303 seconds.




Building a new DB, current time: 02/23/2024 23:32:34
New DB name:   /Users/emelbiner/PycharmProjects/FinalProjekt/output/repeatmodeler/L_delbureckii/RM_51396.FriFeb232332102024/round-1/family-2-cons-2.fa
New DB title:  /Users/emelbiner/PycharmProjects/FinalProjekt/output/repeatmodeler/L_delbureckii/RM_51396.FriFeb232332102024/round-1/family-2-cons-2.fa
Sequence type: Nucleotide
Keep MBits: T
Maximum file size: 3000000000B
Adding sequences from FASTA; added 1 sequences in 0.000334024 seconds.




Building a new DB, current time: 02/23/2024 23:32:35
New DB name:   /Users/emelbiner/PycharmProjects/FinalProjekt/output/repeatmodeler/L_delbureckii/RM_51396.FriFeb232332102024/round-1/family-2-cons-3.fa
New DB title:  /Users/emelbiner/PycharmProjects/FinalProjekt/output/repeatmodeler/L_delbureckii/RM_51396.FriFeb232332102024/round-1/family-2-cons-3.fa
Sequence type: Nucleotide
Keep MBits: T
Maximum file size: 3000000000B
Adding sequences from FASTA; added 1 sequences in 0.000328064 seconds.




Building a new DB, current time: 02/23/2024 23:32:35
New DB name:   /Users/emelbiner/PycharmProjects/FinalProjekt/output/repeatmodeler/L_delbureckii/RM_51396.FriFeb232332102024/round-1/family-2-cons-4.fa
New DB title:  /Users/emelbiner/PycharmProjects/FinalProjekt/output/repeatmodeler/L_delbureckii/RM_51396.FriFeb232332102024/round-1/family-2-cons-4.fa
Sequence type: Nucleotide
Keep MBits: T
Maximum file size: 3000000000B
Adding sequences from FASTA; added 1 sequences in 0.000351906 seconds.




Building a new DB, current time: 02/23/2024 23:32:36
New DB name:   /Users/emelbiner/PycharmProjects/FinalProjekt/output/repeatmodeler/L_delbureckii/RM_51396.FriFeb232332102024/round-1/family-2-cons-5.fa
New DB title:  /Users/emelbiner/PycharmProjects/FinalProjekt/output/repeatmodeler/L_delbureckii/RM_51396.FriFeb232332102024/round-1/family-2-cons-5.fa
Sequence type: Nucleotide
Keep MBits: T
Maximum file size: 3000000000B
Adding sequences from FASTA; added 1 sequences in 0.00032711 seconds.




Building a new DB, current time: 02/23/2024 23:32:37
New DB name:   /Users/emelbiner/PycharmProjects/FinalProjekt/output/repeatmodeler/L_delbureckii/RM_51396.FriFeb232332102024/round-1/family-3.fa
New DB title:  /Users/emelbiner/PycharmProjects/FinalProjekt/output/repeatmodeler/L_delbureckii/RM_51396.FriFeb232332102024/round-1/family-3.fa
Sequence type: Nucleotide
Keep MBits: T
Maximum file size: 3000000000B
Adding sequences from FASTA; added 30 sequences in 0.00251484 seconds.




Building a new DB, current time: 02/23/2024 23:32:37
New DB name:   /Users/emelbiner/PycharmProjects/FinalProjekt/output/repeatmodeler/L_delbureckii/RM_51396.FriFeb232332102024/round-1/family-3-cons-2.fa
New DB title:  /Users/emelbiner/PycharmProjects/FinalProjekt/output/repeatmodeler/L_delbureckii/RM_51396.FriFeb232332102024/round-1/family-3-cons-2.fa
Sequence type: Nucleotide
Keep MBits: T
Maximum file size: 3000000000B
Adding sequences from FASTA; added 1 sequences in 0.000326157 seconds.




Building a new DB, current time: 02/23/2024 23:32:37
New DB name:   /Users/emelbiner/PycharmProjects/FinalProjekt/output/repeatmodeler/L_delbureckii/RM_51396.FriFeb232332102024/round-1/family-3-cons-3.fa
New DB title:  /Users/emelbiner/PycharmProjects/FinalProjekt/output/repeatmodeler/L_delbureckii/RM_51396.FriFeb232332102024/round-1/family-3-cons-3.fa
Sequence type: Nucleotide
Keep MBits: T
Maximum file size: 3000000000B
Adding sequences from FASTA; added 1 sequences in 0.000340939 seconds.




Building a new DB, current time: 02/23/2024 23:32:38
New DB name:   /Users/emelbiner/PycharmProjects/FinalProjekt/output/repeatmodeler/L_delbureckii/RM_51396.FriFeb232332102024/round-1/family-3-cons-4.fa
New DB title:  /Users/emelbiner/PycharmProjects/FinalProjekt/output/repeatmodeler/L_delbureckii/RM_51396.FriFeb232332102024/round-1/family-3-cons-4.fa
Sequence type: Nucleotide
Keep MBits: T
Maximum file size: 3000000000B
Adding sequences from FASTA; added 1 sequences in 0.000313997 seconds.




Building a new DB, current time: 02/23/2024 23:32:38
New DB name:   /Users/emelbiner/PycharmProjects/FinalProjekt/output/repeatmodeler/L_delbureckii/RM_51396.FriFeb232332102024/round-1/family-3-cons-5.fa
New DB title:  /Users/emelbiner/PycharmProjects/FinalProjekt/output/repeatmodeler/L_delbureckii/RM_51396.FriFeb232332102024/round-1/family-3-cons-5.fa
Sequence type: Nucleotide
Keep MBits: T
Maximum file size: 3000000000B
Adding sequences from FASTA; added 1 sequences in 0.000310183 seconds.




Building a new DB, current time: 02/23/2024 23:32:38
New DB name:   /Users/emelbiner/PycharmProjects/FinalProjekt/output/repeatmodeler/L_delbureckii/RM_51396.FriFeb232332102024/round-1/family-4.fa
New DB title:  /Users/emelbiner/PycharmProjects/FinalProjekt/output/repeatmodeler/L_delbureckii/RM_51396.FriFeb232332102024/round-1/family-4.fa
Sequence type: Nucleotide
Keep MBits: T
Maximum file size: 3000000000B
Adding sequences from FASTA; added 25 sequences in 0.00300503 seconds.




Building a new DB, current time: 02/23/2024 23:32:38
New DB name:   /Users/emelbiner/PycharmProjects/FinalProjekt/output/repeatmodeler/L_delbureckii/RM_51396.FriFeb232332102024/round-1/family-4-cons-2.fa
New DB title:  /Users/emelbiner/PycharmProjects/FinalProjekt/output/repeatmodeler/L_delbureckii/RM_51396.FriFeb232332102024/round-1/family-4-cons-2.fa
Sequence type: Nucleotide
Keep MBits: T
Maximum file size: 3000000000B
Adding sequences from FASTA; added 1 sequences in 0.000300884 seconds.




Building a new DB, current time: 02/23/2024 23:32:38
New DB name:   /Users/emelbiner/PycharmProjects/FinalProjekt/output/repeatmodeler/L_delbureckii/RM_51396.FriFeb232332102024/round-1/family-4-cons-3.fa
New DB title:  /Users/emelbiner/PycharmProjects/FinalProjekt/output/repeatmodeler/L_delbureckii/RM_51396.FriFeb232332102024/round-1/family-4-cons-3.fa
Sequence type: Nucleotide
Keep MBits: T
Maximum file size: 3000000000B
Adding sequences from FASTA; added 1 sequences in 0.000329018 seconds.




Building a new DB, current time: 02/23/2024 23:32:38
New DB name:   /Users/emelbiner/PycharmProjects/FinalProjekt/output/repeatmodeler/L_delbureckii/RM_51396.FriFeb232332102024/round-1/family-4-cons-4.fa
New DB title:  /Users/emelbiner/PycharmProjects/FinalProjekt/output/repeatmodeler/L_delbureckii/RM_51396.FriFeb232332102024/round-1/family-4-cons-4.fa
Sequence type: Nucleotide
Keep MBits: T
Maximum file size: 3000000000B
Adding sequences from FASTA; added 1 sequences in 0.000304937 seconds.




Building a new DB, current time: 02/23/2024 23:32:39
New DB name:   /Users/emelbiner/PycharmProjects/FinalProjekt/output/repeatmodeler/L_delbureckii/RM_51396.FriFeb232332102024/round-1/family-5.fa
New DB title:  /Users/emelbiner/PycharmProjects/FinalProjekt/output/repeatmodeler/L_delbureckii/RM_51396.FriFeb232332102024/round-1/family-5.fa
Sequence type: Nucleotide
Keep MBits: T
Maximum file size: 3000000000B
Adding sequences from FASTA; added 21 sequences in 0.00273991 seconds.




Building a new DB, current time: 02/23/2024 23:32:39
New DB name:   /Users/emelbiner/PycharmProjects/FinalProjekt/output/repeatmodeler/L_delbureckii/RM_51396.FriFeb232332102024/round-1/family-5-cons-2.fa
New DB title:  /Users/emelbiner/PycharmProjects/FinalProjekt/output/repeatmodeler/L_delbureckii/RM_51396.FriFeb232332102024/round-1/family-5-cons-2.fa
Sequence type: Nucleotide
Keep MBits: T
Maximum file size: 3000000000B
Adding sequences from FASTA; added 1 sequences in 0.000314951 seconds.




Building a new DB, current time: 02/23/2024 23:32:40
New DB name:   /Users/emelbiner/PycharmProjects/FinalProjekt/output/repeatmodeler/L_delbureckii/RM_51396.FriFeb232332102024/round-1/family-5-cons-3.fa
New DB title:  /Users/emelbiner/PycharmProjects/FinalProjekt/output/repeatmodeler/L_delbureckii/RM_51396.FriFeb232332102024/round-1/family-5-cons-3.fa
Sequence type: Nucleotide
Keep MBits: T
Maximum file size: 3000000000B
Adding sequences from FASTA; added 1 sequences in 0.00031209 seconds.




Building a new DB, current time: 02/23/2024 23:32:40
New DB name:   /Users/emelbiner/PycharmProjects/FinalProjekt/output/repeatmodeler/L_delbureckii/RM_51396.FriFeb232332102024/round-1/family-5-cons-4.fa
New DB title:  /Users/emelbiner/PycharmProjects/FinalProjekt/output/repeatmodeler/L_delbureckii/RM_51396.FriFeb232332102024/round-1/family-5-cons-4.fa
Sequence type: Nucleotide
Keep MBits: T
Maximum file size: 3000000000B
Adding sequences from FASTA; added 1 sequences in 0.000370026 seconds.




Building a new DB, current time: 02/23/2024 23:32:40
New DB name:   /Users/emelbiner/PycharmProjects/FinalProjekt/output/repeatmodeler/L_delbureckii/RM_51396.FriFeb232332102024/round-1/family-5-cons-5.fa
New DB title:  /Users/emelbiner/PycharmProjects/FinalProjekt/output/repeatmodeler/L_delbureckii/RM_51396.FriFeb232332102024/round-1/family-5-cons-5.fa
Sequence type: Nucleotide
Keep MBits: T
Maximum file size: 3000000000B
Adding sequences from FASTA; added 1 sequences in 0.000319004 seconds.




Building a new DB, current time: 02/23/2024 23:32:41
New DB name:   /Users/emelbiner/PycharmProjects/FinalProjekt/output/repeatmodeler/L_delbureckii/RM_51396.FriFeb232332102024/round-1/family-6.fa
New DB title:  /Users/emelbiner/PycharmProjects/FinalProjekt/output/repeatmodeler/L_delbureckii/RM_51396.FriFeb232332102024/round-1/family-6.fa
Sequence type: Nucleotide
Keep MBits: T
Maximum file size: 3000000000B
Adding sequences from FASTA; added 20 sequences in 0.00237489 seconds.




Building a new DB, current time: 02/23/2024 23:32:41
New DB name:   /Users/emelbiner/PycharmProjects/FinalProjekt/output/repeatmodeler/L_delbureckii/RM_51396.FriFeb232332102024/round-1/family-6-cons-2.fa
New DB title:  /Users/emelbiner/PycharmProjects/FinalProjekt/output/repeatmodeler/L_delbureckii/RM_51396.FriFeb232332102024/round-1/family-6-cons-2.fa
Sequence type: Nucleotide
Keep MBits: T
Maximum file size: 3000000000B
Adding sequences from FASTA; added 1 sequences in 0.00029707 seconds.




Building a new DB, current time: 02/23/2024 23:32:41
New DB name:   /Users/emelbiner/PycharmProjects/FinalProjekt/output/repeatmodeler/L_delbureckii/RM_51396.FriFeb232332102024/round-1/family-6-cons-3.fa
New DB title:  /Users/emelbiner/PycharmProjects/FinalProjekt/output/repeatmodeler/L_delbureckii/RM_51396.FriFeb232332102024/round-1/family-6-cons-3.fa
Sequence type: Nucleotide
Keep MBits: T
Maximum file size: 3000000000B
Adding sequences from FASTA; added 1 sequences in 0.000299931 seconds.




Building a new DB, current time: 02/23/2024 23:32:41
New DB name:   /Users/emelbiner/PycharmProjects/FinalProjekt/output/repeatmodeler/L_delbureckii/RM_51396.FriFeb232332102024/round-1/family-6-cons-4.fa
New DB title:  /Users/emelbiner/PycharmProjects/FinalProjekt/output/repeatmodeler/L_delbureckii/RM_51396.FriFeb232332102024/round-1/family-6-cons-4.fa
Sequence type: Nucleotide
Keep MBits: T
Maximum file size: 3000000000B
Adding sequences from FASTA; added 1 sequences in 0.000328064 seconds.




Building a new DB, current time: 02/23/2024 23:32:41
New DB name:   /Users/emelbiner/PycharmProjects/FinalProjekt/output/repeatmodeler/L_delbureckii/RM_51396.FriFeb232332102024/round-1/family-7.fa
New DB title:  /Users/emelbiner/PycharmProjects/FinalProjekt/output/repeatmodeler/L_delbureckii/RM_51396.FriFeb232332102024/round-1/family-7.fa
Sequence type: Nucleotide
Keep MBits: T
Maximum file size: 3000000000B
Adding sequences from FASTA; added 18 sequences in 0.00251484 seconds.




Building a new DB, current time: 02/23/2024 23:32:42
New DB name:   /Users/emelbiner/PycharmProjects/FinalProjekt/output/repeatmodeler/L_delbureckii/RM_51396.FriFeb232332102024/round-1/family-7-cons-2.fa
New DB title:  /Users/emelbiner/PycharmProjects/FinalProjekt/output/repeatmodeler/L_delbureckii/RM_51396.FriFeb232332102024/round-1/family-7-cons-2.fa
Sequence type: Nucleotide
Keep MBits: T
Maximum file size: 3000000000B
Adding sequences from FASTA; added 1 sequences in 0.000279903 seconds.




Building a new DB, current time: 02/23/2024 23:32:42
New DB name:   /Users/emelbiner/PycharmProjects/FinalProjekt/output/repeatmodeler/L_delbureckii/RM_51396.FriFeb232332102024/round-1/family-7-cons-3.fa
New DB title:  /Users/emelbiner/PycharmProjects/FinalProjekt/output/repeatmodeler/L_delbureckii/RM_51396.FriFeb232332102024/round-1/family-7-cons-3.fa
Sequence type: Nucleotide
Keep MBits: T
Maximum file size: 3000000000B
Adding sequences from FASTA; added 1 sequences in 0.000348091 seconds.




Building a new DB, current time: 02/23/2024 23:32:43
New DB name:   /Users/emelbiner/PycharmProjects/FinalProjekt/output/repeatmodeler/L_delbureckii/RM_51396.FriFeb232332102024/round-1/family-7-cons-4.fa
New DB title:  /Users/emelbiner/PycharmProjects/FinalProjekt/output/repeatmodeler/L_delbureckii/RM_51396.FriFeb232332102024/round-1/family-7-cons-4.fa
Sequence type: Nucleotide
Keep MBits: T
Maximum file size: 3000000000B
Adding sequences from FASTA; added 1 sequences in 0.000333071 seconds.




Building a new DB, current time: 02/23/2024 23:32:44
New DB name:   /Users/emelbiner/PycharmProjects/FinalProjekt/output/repeatmodeler/L_delbureckii/RM_51396.FriFeb232332102024/round-1/family-7-cons-5.fa
New DB title:  /Users/emelbiner/PycharmProjects/FinalProjekt/output/repeatmodeler/L_delbureckii/RM_51396.FriFeb232332102024/round-1/family-7-cons-5.fa
Sequence type: Nucleotide
Keep MBits: T
Maximum file size: 3000000000B
Adding sequences from FASTA; added 1 sequences in 0.000325918 seconds.




Building a new DB, current time: 02/23/2024 23:32:44
New DB name:   /Users/emelbiner/PycharmProjects/FinalProjekt/output/repeatmodeler/L_delbureckii/RM_51396.FriFeb232332102024/round-1/family-8.fa
New DB title:  /Users/emelbiner/PycharmProjects/FinalProjekt/output/repeatmodeler/L_delbureckii/RM_51396.FriFeb232332102024/round-1/family-8.fa
Sequence type: Nucleotide
Keep MBits: T
Maximum file size: 3000000000B
Adding sequences from FASTA; added 18 sequences in 0.00360107 seconds.




Building a new DB, current time: 02/23/2024 23:32:47
New DB name:   /Users/emelbiner/PycharmProjects/FinalProjekt/output/repeatmodeler/L_delbureckii/RM_51396.FriFeb232332102024/round-1/family-8-cons-2.fa
New DB title:  /Users/emelbiner/PycharmProjects/FinalProjekt/output/repeatmodeler/L_delbureckii/RM_51396.FriFeb232332102024/round-1/family-8-cons-2.fa
Sequence type: Nucleotide
Keep MBits: T
Maximum file size: 3000000000B
Adding sequences from FASTA; added 1 sequences in 0.000592947 seconds.




Building a new DB, current time: 02/23/2024 23:32:47
New DB name:   /Users/emelbiner/PycharmProjects/FinalProjekt/output/repeatmodeler/L_delbureckii/RM_51396.FriFeb232332102024/round-1/family-8-cons-3.fa
New DB title:  /Users/emelbiner/PycharmProjects/FinalProjekt/output/repeatmodeler/L_delbureckii/RM_51396.FriFeb232332102024/round-1/family-8-cons-3.fa
Sequence type: Nucleotide
Keep MBits: T
Maximum file size: 3000000000B
Adding sequences from FASTA; added 1 sequences in 0.000586987 seconds.




Building a new DB, current time: 02/23/2024 23:32:48
New DB name:   /Users/emelbiner/PycharmProjects/FinalProjekt/output/repeatmodeler/L_delbureckii/RM_51396.FriFeb232332102024/round-1/family-8-cons-4.fa
New DB title:  /Users/emelbiner/PycharmProjects/FinalProjekt/output/repeatmodeler/L_delbureckii/RM_51396.FriFeb232332102024/round-1/family-8-cons-4.fa
Sequence type: Nucleotide
Keep MBits: T
Maximum file size: 3000000000B
Adding sequences from FASTA; added 1 sequences in 0.000334024 seconds.




Building a new DB, current time: 02/23/2024 23:32:49
New DB name:   /Users/emelbiner/PycharmProjects/FinalProjekt/output/repeatmodeler/L_delbureckii/RM_51396.FriFeb232332102024/round-1/family-9.fa
New DB title:  /Users/emelbiner/PycharmProjects/FinalProjekt/output/repeatmodeler/L_delbureckii/RM_51396.FriFeb232332102024/round-1/family-9.fa
Sequence type: Nucleotide
Keep MBits: T
Maximum file size: 3000000000B
Adding sequences from FASTA; added 16 sequences in 0.00545812 seconds.




Building a new DB, current time: 02/23/2024 23:32:49
New DB name:   /Users/emelbiner/PycharmProjects/FinalProjekt/output/repeatmodeler/L_delbureckii/RM_51396.FriFeb232332102024/round-1/family-9-cons-2.fa
New DB title:  /Users/emelbiner/PycharmProjects/FinalProjekt/output/repeatmodeler/L_delbureckii/RM_51396.FriFeb232332102024/round-1/family-9-cons-2.fa
Sequence type: Nucleotide
Keep MBits: T
Maximum file size: 3000000000B
Adding sequences from FASTA; added 1 sequences in 0.000584126 seconds.




Building a new DB, current time: 02/23/2024 23:32:49
New DB name:   /Users/emelbiner/PycharmProjects/FinalProjekt/output/repeatmodeler/L_delbureckii/RM_51396.FriFeb232332102024/round-1/family-9-cons-3.fa
New DB title:  /Users/emelbiner/PycharmProjects/FinalProjekt/output/repeatmodeler/L_delbureckii/RM_51396.FriFeb232332102024/round-1/family-9-cons-3.fa
Sequence type: Nucleotide
Keep MBits: T
Maximum file size: 3000000000B
Adding sequences from FASTA; added 1 sequences in 0.000323057 seconds.




Building a new DB, current time: 02/23/2024 23:32:49
New DB name:   /Users/emelbiner/PycharmProjects/FinalProjekt/output/repeatmodeler/L_delbureckii/RM_51396.FriFeb232332102024/round-1/family-9-cons-4.fa
New DB title:  /Users/emelbiner/PycharmProjects/FinalProjekt/output/repeatmodeler/L_delbureckii/RM_51396.FriFeb232332102024/round-1/family-9-cons-4.fa
Sequence type: Nucleotide
Keep MBits: T
Maximum file size: 3000000000B
Adding sequences from FASTA; added 1 sequences in 0.000571012 seconds.




Building a new DB, current time: 02/23/2024 23:32:49
New DB name:   /Users/emelbiner/PycharmProjects/FinalProjekt/output/repeatmodeler/L_delbureckii/RM_51396.FriFeb232332102024/round-1/family-9-cons-5.fa
New DB title:  /Users/emelbiner/PycharmProjects/FinalProjekt/output/repeatmodeler/L_delbureckii/RM_51396.FriFeb232332102024/round-1/family-9-cons-5.fa
Sequence type: Nucleotide
Keep MBits: T
Maximum file size: 3000000000B
Adding sequences from FASTA; added 1 sequences in 0.000323057 seconds.


