    12 16.23 0.00 8.11           AP010888.1     27612     27651 (2357513) +            (CGTGGC)n   Simple_repeat       1      37     (0)    
    13 15.86 0.00 0.00           AP010888.1     33297     33324 (2351840) +              (GGCC)n   Simple_repeat       1      28     (0)    
    23 25.81 1.11 4.60           AP010888.1     34263     34352 (2350812) +            (GCCGCC)n   Simple_repeat       1      87     (0)    
  1084 14.66 0.00 0.00           AP010888.1     56856     57046 (2328118) +       rnd-1_family-1     Unspecified       6     196     (6)    
    12 14.69 3.33 0.00           AP010888.1     65169     65198 (2319966) +            (TCGTCC)n   Simple_repeat       1      31     (0)    
    12 14.91 4.88 4.88           AP010888.1     69425     69465 (2315699) +               (TGC)n   Simple_repeat       1      41     (0)    
    12 25.83 5.45 0.00           AP010888.1     70468     70522 (2314642) +            (ACCGGT)n   Simple_repeat       1      58     (0)    
    14 16.94 3.03 0.00           AP010888.1     83396     83428 (2301736) +               (CCG)n   Simple_repeat       1      34     (0)    
   897 10.42 0.00 0.00           AP010888.1     89203     89346 (2295818) +       rnd-1_family-3     Unspecified       1     144     (0)    
   929 13.61 1.03 1.55           AP010888.1     94271     94464 (2290700) +       rnd-1_family-1     Unspecified       1     193     (9)    
   779 21.72 1.00 1.00           AP010888.1    104979    105178 (2279986) +       rnd-1_family-1     Unspecified       1     200     (2)    
    14 29.00 1.04 7.78           AP010888.1    105834    105929 (2279235) +            (GCAACC)n   Simple_repeat       1      90     (0)    
    13 23.81 5.88 0.00           AP010888.1    107282    107332 (2277832) +            (AATGGC)n   Simple_repeat       1      54     (0)    
    15 26.36 0.00 0.00           AP010888.1    112555    112599 (2272565) +            (GCGGGA)n   Simple_repeat       1      45     (0)    
    12 21.71 0.00 0.00           AP010888.1    120561    120592 (2264572) +            (GACGTC)n   Simple_repeat       1      32     (0)    
    13 26.92 0.00 3.92           AP010888.1    121254    121306 (2263858) +             (CCGGG)n   Simple_repeat       1      51     (0)    
    13 22.63 1.52 8.06           AP010888.1    125335    125400 (2259764) +            (GCGGTG)n   Simple_repeat       1      62     (0)    
    12 13.69 6.25 0.00           AP010888.1    133749    133780 (2251384) +             (CCGGA)n   Simple_repeat       1      34     (0)    
    12 18.76 2.63 2.63           AP010888.1    144803    144840 (2240324) +            (CGCCGT)n   Simple_repeat       1      38     (0)    
    15 16.94 0.00 0.00           AP010888.1    145362    145394 (2239770) +            (GCCGAG)n   Simple_repeat       1      33     (0)    
    14 23.97 0.00 0.00           AP010888.1    146047    146085 (2239079) +            (CGAGGC)n   Simple_repeat       1      39     (0)    
    12 14.91 8.11 0.00           AP010888.1    147589    147625 (2237539) +           (GCGGCAC)n   Simple_repeat       1      40     (0)    
    11 13.62 2.78 5.71           AP010888.1    152411    152446 (2232718) +            (TGCTGG)n   Simple_repeat       1      35     (0)    
    18 28.40 0.00 0.00           AP010888.1    161173    161227 (2223937) +               (CGA)n   Simple_repeat       1      55     (0)    
    12 24.11 0.00 2.50           AP010888.1    162732    162772 (2222392) +            (TGGCCG)n   Simple_repeat       1      40     (0)    
    12 28.69 0.00 0.00           AP010888.1    162747    162788 (2222376) +            (CCGAGG)n   Simple_repeat       1      42     (0)    
    13 22.79 0.00 0.00           AP010888.1    178845    178880 (2206284) +            (CTGCCG)n   Simple_repeat       1      36     (0)    
    11 24.12 0.00 0.00           AP010888.1    180145    180178 (2204986) +            (CCAACC)n   Simple_repeat       1      34     (0)    
    13 8.48 4.00 0.00           AP010888.1    185445    185469 (2199695) +             (CAAGA)n   Simple_repeat       1      26     (0)    
    12 32.05 0.00 0.00           AP010888.1    198547    198596 (2186568) +            (GCTGCT)n   Simple_repeat       1      50     (0)    
  1286 11.88 0.00 0.00           AP010888.1    199434    199635 (2185529) C       rnd-1_family-1     Unspecified     (0)     202       1    
   436 24.02 8.02 2.02           AP010888.1    205559    205745 (2179419) +       rnd-1_family-1     Unspecified       5     202     (0)    
    12 16.34 2.78 2.78           AP010888.1    210272    210307 (2174857) +            (GACGAA)n   Simple_repeat       1      36     (0)    
    14 28.93 0.00 0.00           AP010888.1    231028    231073 (2154091) +               (CTC)n   Simple_repeat       1      46     (0)    
    12 18.09 0.00 3.12           AP010888.1    234239    234271 (2150893) +            (TGGTGC)n   Simple_repeat       1      32     (0)    
   386 14.81 0.00 0.00           AP010888.1    236032    236112 (2149052) +       rnd-1_family-0     Unspecified       3      83     (0)    
    11 17.10 8.93 3.39           AP010888.1    259478    259533 (2125631) +           (CGCCCAG)n   Simple_repeat       1      59     (0)    
    13 33.96 0.00 0.00           AP010888.1    264943    264997 (2120167) +               (GCC)n   Simple_repeat       1      55     (0)    
    14 3.51 2.70 11.76           AP010888.1    269816    269852 (2115312) +               (CTT)n   Simple_repeat       1      34     (0)    
    16 17.11 0.00 0.00           AP010888.1    275896    275928 (2109236) +               (ACA)n   Simple_repeat       1      33     (0)    
    12 12.75 5.56 2.70           AP010888.1    293766    293801 (2091363) +           (GTGCGCG)n   Simple_repeat       1      37     (0)    
    48 0.00 0.00 0.00           AP010888.1    341083    341126 (2044038) +        (GAATCGTCTG)n   Simple_repeat       1      44     (0)    
   345 16.25 0.00 0.00           AP010888.1    349112    349191 (2035973) +       rnd-1_family-0     Unspecified       1      80     (3)    
    13 18.28 2.56 2.56           AP010888.1    370422    370460 (2014704) +           (CGCTCAG)n   Simple_repeat       1      39     (0)    
   300 20.25 0.00 0.00           AP010888.1    383704    383782 (2001382) +       rnd-1_family-0     Unspecified       1      79     (4)    
    19 28.25 2.97 4.00           AP010888.1    390354    390454 (1994710) +            (CTTCGG)n   Simple_repeat       1     100     (0)    
    13 16.57 0.00 0.00           AP010888.1    392439    392465 (1992699) +               (CTT)n   Simple_repeat       1      27     (0)    
    20 12.93 2.27 2.27           AP010888.1    404389    404432 (1980732) +             (GTGTT)n   Simple_repeat       1      44     (0)    
    15 13.68 7.50 0.00           AP010888.1    405086    405125 (1980039) +            (CTTGCC)n   Simple_repeat       1      43     (0)    
    13 8.83 4.76 7.32           AP010888.1    423274    423315 (1961849) +          (TCTGAACC)n   Simple_repeat       1      41     (0)    
    14 11.70 10.42 1.92           AP010888.1    433570    433617 (1951547) +            (CGTGCT)n   Simple_repeat       1      52     (0)    
    14 20.95 0.00 0.00           AP010888.1    439285    439317 (1945847) +               (CCG)n   Simple_repeat       1      33     (0)    
    15 20.75 2.17 2.17           AP010888.1    442629    442674 (1942490) +            (CGGCCG)n   Simple_repeat       1      46     (0)    
    12 21.71 0.00 0.00           AP010888.1    450417    450448 (1934716) +            (TGTTCG)n   Simple_repeat       1      32     (0)    
    20 22.07 0.00 0.00           AP010888.1    451468    451515 (1933649) +            (TGGTGA)n   Simple_repeat       1      48     (0)    
   738 16.90 0.00 0.00           AP010888.1    451642    451783 (1933381) +       rnd-1_family-3     Unspecified       2     143     (1)    
    12 7.49 6.67 3.23           AP010888.1    457742    457771 (1927393) +            (CGCACG)n   Simple_repeat       1      31     (0)    
   797 13.89 0.00 0.00           AP010888.1    500011    500154 (1885010) +       rnd-1_family-3     Unspecified       1     144     (0)    
   401 24.62 7.91 0.67           AP010888.1    506915    507053 (1878111) C       rnd-1_family-1     Unspecified    (51)     151       3    
    17 28.65 1.41 2.86           AP010888.1    518107    518177 (1866987) +               (CGG)n   Simple_repeat       1      70     (0)    
    16 32.55 0.00 0.00           AP010888.1    522217    522277 (1862887) +            (CAGGTG)n   Simple_repeat       1      61     (0)    
    12 22.78 4.76 0.00           AP010888.1    527649    527690 (1857474) +           (GGTAGGC)n   Simple_repeat       1      44     (0)    
    56 0.00 0.00 0.00           AP010888.1    549892    549942 (1835222) +         (GAAGCCACT)n   Simple_repeat       1      51     (0)    
   300 19.75 0.00 0.00           AP010888.1    556828    556908 (1828256) +       rnd-1_family-0     Unspecified       3      83     (0)    
    12 11.09 3.23 3.23           AP010888.1    557107    557137 (1828027) +            (GAAGCC)n   Simple_repeat       1      31     (0)    
    16 23.96 0.00 0.00           AP010888.1    559499    559542 (1825622) +            (ACTCCC)n   Simple_repeat       1      44     (0)    
    15 10.32 0.00 6.06           AP010888.1    561773    561807 (1823357) +            (ATATGT)n   Simple_repeat       1      33     (0)    
   409 19.28 0.00 0.00           AP010888.1    564456    564538 (1820626) +       rnd-1_family-0     Unspecified       1      83     (0)    
    13 15.80 2.70 2.70           AP010888.1    569273    569309 (1815855) +            (GTGTTC)n   Simple_repeat       1      37     (0)    
    11 27.58 0.00 0.00           AP010888.1    582784    582822 (1802342) +            (AAGGAC)n   Simple_repeat       1      39     (0)    
   274 24.10 0.00 0.00           AP010888.1    586057    586139 (1799025) +       rnd-1_family-0     Unspecified       1      83     (0)    
   394 16.05 0.00 0.00           AP010888.1    586868    586948 (1798216) +       rnd-1_family-0     Unspecified       1      81     (2)    
    16 11.06 7.69 0.00           AP010888.1    588212    588250 (1796914) +            (CCGGCA)n   Simple_repeat       1      42     (0)    
   370 18.07 0.00 0.00           AP010888.1    617832    617914 (1767250) +       rnd-1_family-0     Unspecified       1      83     (0)    
    12 24.30 0.00 0.00           AP010888.1    634528    634561 (1750603) +               (GCC)n   Simple_repeat       1      34     (0)    
   338 20.00 0.00 0.00           AP010888.1    636931    637005 (1748159) C       rnd-1_family-0     Unspecified     (6)      77       3    
    14 0.00 7.41 3.57           AP010888.1    647919    647945 (1737219) +             (GCTCG)n   Simple_repeat       1      28     (0)    
    16 24.63 3.03 3.03           AP010888.1    657193    657258 (1727906) +            (CGGCCA)n   Simple_repeat       1      66     (0)    
    11 27.97 0.00 0.00           AP010888.1    717906    717944 (1667220) +            (CGCCCG)n   Simple_repeat       1      39     (0)    
    15 26.67 0.00 2.00           AP010888.1    732930    732980 (1652184) +            (CGTTGC)n   Simple_repeat       1      50     (0)    
    16 24.82 3.90 3.90           AP010888.1    766198    766274 (1618890) +            (GGCCTC)n   Simple_repeat       1      77     (0)    
   267 26.25 0.00 0.00           AP010888.1    787431    787510 (1597654) C       rnd-1_family-0     Unspecified     (3)      80       1    
    12 24.95 5.77 0.00           AP010888.1    791151    791202 (1593962) +            (CGTCGA)n   Simple_repeat       1      55     (0)    
    37 0.00 2.33 2.33           AP010888.1    814681    814723 (1570441) +        (GCGAATATCA)n   Simple_repeat       1      43     (0)    
   393 15.66 0.00 0.00           AP010888.1    835796    835878 (1549286) +       rnd-1_family-0     Unspecified       1      83     (0)    
    12 19.66 0.00 0.00           AP010888.1    836509    836537 (1548627) +               (GCC)n   Simple_repeat       1      29     (0)    
    12 25.69 0.00 0.00           AP010888.1    842869    842905 (1542259) +            (ACGACA)n   Simple_repeat       1      37     (0)    
   562 7.23 0.00 0.00           AP010888.1    867406    867488 (1517676) +       rnd-1_family-0     Unspecified       1      83     (0)    
   898 7.20 0.00 0.00           AP010888.1    892099    892223 (1492941) +       rnd-1_family-3     Unspecified       1     125    (19)    
    16 14.17 0.00 0.00           AP010888.1    893754    893784 (1491380) +            (GCAAGC)n   Simple_repeat       1      31     (0)    
    11 24.31 4.00 1.96           AP010888.1    910408    910457 (1474707) +            (CCGCGC)n   Simple_repeat       1      51     (0)    
    12 24.50 2.22 2.22           AP010888.1    918545    918589 (1466575) +               (TCG)n   Simple_repeat       1      45     (0)    
   327 20.48 0.00 0.00           AP010888.1    920832    920914 (1464250) +       rnd-1_family-0     Unspecified       1      83     (0)    
    13 25.76 0.00 0.00           AP010888.1    924806    924843 (1460321) +           (GCAAATA)n   Simple_repeat       1      38     (0)    
    12 5.56 0.00 0.00           AP010888.1    928351    928369 (1456795) +               (CGG)n   Simple_repeat       1      19     (0)    
    14 23.55 1.67 5.17           AP010888.1    955968    956027 (1429137) +            (CGGTGG)n   Simple_repeat       1      58     (0)    
    12 21.08 2.50 2.50           AP010888.1    957734    957773 (1427391) +               (GCC)n   Simple_repeat       1      40     (0)    
    16 21.15 0.00 0.00           AP010888.1    961707    961744 (1423420) +               (GCT)n   Simple_repeat       1      38     (0)    
    12 10.36 8.51 6.25           AP010888.1   1019899   1019945 (1365219) +             (CACCG)n   Simple_repeat       1      48     (0)    
    11 32.14 0.00 3.39           AP010888.1   1024867   1024927 (1360237) +            (CCGCAG)n   Simple_repeat       1      59     (0)    
   622 22.22 0.00 0.65           AP010888.1   1031854   1032007 (1353157) +       rnd-1_family-1     Unspecified      50     202     (0)    
   241 12.77 0.00 2.13           AP010888.1   1038246   1038293 (1346871) C       rnd-1_family-3     Unspecified    (58)      86      40    
    11 16.86 2.86 2.86           AP010888.1   1041597   1041631 (1343533) +            (CAACAG)n   Simple_repeat       1      35     (0)    
   991 18.78 0.00 0.00           AP010888.1   1046115   1046311 (1338853) C       rnd-1_family-1     Unspecified     (5)     197       1    
  1071 14.87 0.00 0.00           AP010888.1   1058891   1059085 (1326079) C       rnd-1_family-1     Unspecified     (3)     199       5    
    11 14.05 0.00 8.82           AP010888.1   1067163   1067199 (1317965) +            (GCCGGT)n   Simple_repeat       1      34     (0)    
    13 11.65 7.69 2.44           AP010888.1   1074571   1074609 (1310555) +          (CGTACCGT)n   Simple_repeat       1      41     (0)    
    12 17.89 9.09 0.00           AP010888.1   1097733   1097776 (1287388) +             (GCGCG)n   Simple_repeat       1      48     (0)    
  2760 2.75 1.65 0.00           AP010888.1   1097911   1098273 (1286891) C       rnd-1_family-2     Unspecified     (0)     369       1    
    12 15.30 5.26 2.56           AP010888.1   1098610   1098647 (1286517) +            (CCGGAG)n   Simple_repeat       1      39     (0)    
    13 21.89 2.27 2.27           AP010888.1   1105917   1105960 (1279204) +            (TCCGGA)n   Simple_repeat       1      44     (0)    
    12 21.20 0.00 5.00           AP010888.1   1106874   1106915 (1278249) +            (CCGAAT)n   Simple_repeat       1      40     (0)    
  2411 4.23 2.11 0.30           AP010888.1   1129736   1130067 (1255097) C       rnd-1_family-2     Unspecified     (0)     369      32    
  2580 2.67 1.78 0.00           AP010888.1   1130259   1130595 (1254569) C       rnd-1_family-2     Unspecified     (0)     369      27    
    13 8.49 0.00 7.41           AP010888.1   1132892   1132920 (1252244) +               (GCG)n   Simple_repeat       1      27     (0)    
    13 19.39 0.00 2.78           AP010888.1   1133445   1133481 (1251683) +            (GCCCGC)n   Simple_repeat       1      36     (0)    
    14 24.32 2.00 2.00           AP010888.1   1134597   1134646 (1250518) +            (GTGACC)n   Simple_repeat       1      50     (0)    
    13 19.79 6.52 0.00           AP010888.1   1142266   1142311 (1242853) +            (GGCCTT)n   Simple_repeat       1      49     (0)    
    12 28.71 0.00 5.26           AP010888.1   1142445   1142504 (1242660) +            (CCTTGG)n   Simple_repeat       1      57     (0)    
    12 23.27 0.00 0.00           AP010888.1   1142768   1142802 (1242362) +            (GCGGTG)n   Simple_repeat       1      35     (0)    
    12 21.77 0.00 6.67           AP010888.1   1143963   1144010 (1241154) +            (CCTTGG)n   Simple_repeat       1      45     (0)    
    14 22.58 2.08 2.08           AP010888.1   1145108   1145155 (1240009) +            (CGTCCG)n   Simple_repeat       1      48     (0)    
    17 28.11 1.28 3.95           AP010888.1   1148998   1149075 (1236089) +            (CGCGAA)n   Simple_repeat       1      76     (0)    
    12 11.98 7.89 2.50           AP010888.1   1149685   1149722 (1235442) +            (GACGCG)n   Simple_repeat       1      40     (0)    
    14 14.74 8.93 3.39           AP010888.1   1152571   1152626 (1232538) +            (CGTCCG)n   Simple_repeat       1      59     (0)    
    20 17.07 5.66 0.00           AP010888.1   1152977   1153029 (1232135) +            (GAAAAA)n   Simple_repeat       1      56     (0)    
    14 15.27 2.74 11.94           AP010888.1   1157132   1157204 (1227960) +           (CGCGGTC)n   Simple_repeat       1      67     (0)    
    12 24.06 4.84 3.17           AP010888.1   1160702   1160763 (1224401) +            (GGCGCC)n   Simple_repeat       1      63     (0)    
    13 22.70 7.14 2.74           AP010888.1   1161557   1161626 (1223538) +            (GCTCGC)n   Simple_repeat       1      73     (0)    
    12 17.70 0.00 5.88           AP010888.1   1164174   1164209 (1220955) +              (GGCC)n   Simple_repeat       1      34     (0)    
    13 18.14 4.55 7.81           AP010888.1   1164388   1164453 (1220711) +             (CCCGG)n   Simple_repeat       1      64     (0)    
    18 30.50 0.00 3.80           AP010888.1   1164421   1164502 (1220662) +            (CCCGCC)n   Simple_repeat       1      79     (0)    
    28 20.96 2.47 2.47           AP010888.1   1165057   1165137 (1220027) +            (CCCACG)n   Simple_repeat       1      81     (0)    
    12 14.40 3.03 3.03           AP010888.1   1165592   1165624 (1219540) +              (CATG)n   Simple_repeat       1      33     (0)    
    12 10.65 12.96 3.39           AP010888.1   1167372   1167425 (1217739) +          (GGCGAGCG)n   Simple_repeat       1      59     (0)    
  2026 6.40 2.02 0.00           AP010888.1   1174749   1175045 (1210119) C       rnd-1_family-2     Unspecified     (0)     369      67    
  2220 5.19 1.95 0.00           AP010888.1   1175335   1175642 (1209522) C       rnd-1_family-2     Unspecified     (0)     369      56    
    12 13.94 4.44 6.82           AP010888.1   1180670   1180714 (1204450) +            (CGGCGC)n   Simple_repeat       1      44     (0)    
    12 23.27 0.00 0.00           AP010888.1   1181557   1181591 (1203573) +            (CGGCGG)n   Simple_repeat       1      35     (0)    
    17 9.67 2.78 2.78           AP010888.1   1181976   1182011 (1203153) +            (CGGCCT)n   Simple_repeat       1      36     (0)    
    12 19.04 1.75 9.43           AP010888.1   1187694   1187750 (1197414) +            (CGCCCG)n   Simple_repeat       1      53     (0)    
    13 12.75 2.63 5.41           AP010888.1   1194305   1194342 (1190822) +           (CGCGCGT)n   Simple_repeat       1      37     (0)    
  2499 6.63 1.65 0.27           AP010888.1   1195816   1196178 (1188986) C       rnd-1_family-2     Unspecified     (1)     368       1    
    12 24.30 0.00 0.00           AP010888.1   1196352   1196385 (1188779) +             (GCCGG)n   Simple_repeat       1      34     (0)    
    15 22.81 5.17 1.67           AP010888.1   1196865   1196922 (1188242) +               (CGC)n   Simple_repeat       1      60     (0)    
    14 16.03 3.57 7.41           AP010888.1   1200805   1200860 (1184304) +           (GGCCGCC)n   Simple_repeat       1      54     (0)    
    14 19.62 1.92 6.00           AP010888.1   1200830   1200881 (1184283) +              (CCGG)n   Simple_repeat       1      50     (0)    
    12 28.69 0.00 0.00           AP010888.1   1202562   1202603 (1182561) +            (CGATGG)n   Simple_repeat       1      42     (0)    
    13 4.17 8.00 0.00           AP010888.1   1202943   1202967 (1182197) +              (CGCC)n   Simple_repeat       1      27     (0)    
    12 25.02 0.00 4.55           AP010888.1   1209699   1209744 (1175420) +              (CGGC)n   Simple_repeat       1      44     (0)    
    12 12.01 7.89 2.50           AP010888.1   1212129   1212166 (1172998) +              (CACG)n   Simple_repeat       1      40     (0)    
    17 19.94 0.00 0.00           AP010888.1   1212594   1212633 (1172531) +            (ACCGGA)n   Simple_repeat       1      40     (0)    
    20 17.07 5.66 0.00           AP010888.1   1212812   1212864 (1172300) +            (GAAAAA)n   Simple_repeat       1      56     (0)    
    12 10.73 0.00 11.76           AP010888.1   1222477   1222514 (1162650) +              (GCCG)n   Simple_repeat       1      34     (0)    
    12 23.85 6.12 0.00           AP010888.1   1226965   1227013 (1158151) +             (GCGCC)n   Simple_repeat       1      52     (0)    
  2722 3.86 1.65 0.00           AP010888.1   1229431   1229793 (1155371) +       rnd-1_family-2     Unspecified       1     369     (0)    
   402 5.56 0.00 0.00           AP010888.1   1229941   1229994 (1155170) C       rnd-1_family-2     Unspecified     (0)     369     316    
  2257 3.06 1.36 0.00           AP010888.1   1229958   1230251 (1154913) +       rnd-1_family-2     Unspecified      72     369     (0)    
   402 5.56 0.00 0.00           AP010888.1   1230399   1230452 (1154712) C       rnd-1_family-2     Unspecified     (0)     369     316    
  2215 3.41 1.37 0.00           AP010888.1   1230416   1230708 (1154456) +       rnd-1_family-2     Unspecified      72     368     (1)    
    14 26.90 1.82 1.82           AP010888.1   1237563   1237617 (1147547) +            (ACCGAC)n   Simple_repeat       1      55     (0)    
    12 15.62 1.92 10.42           AP010888.1   1244596   1244647 (1140517) +            (GCGCCG)n   Simple_repeat       1      48     (0)    
    15 23.76 1.96 1.96           AP010888.1   1304168   1304218 (1080946) +            (TCGTCG)n   Simple_repeat       1      51     (0)    
    12 11.71 7.32 4.76           AP010888.1   1326962   1327002 (1058162) +               (CCG)n   Simple_repeat       1      42     (0)    
    16 27.26 3.85 2.53           AP010888.1   1333365   1333442 (1051722) +            (CCACGG)n   Simple_repeat       1      79     (0)    
    12 20.30 6.67 0.00           AP010888.1   1351006   1351050 (1034114) +            (CACCGG)n   Simple_repeat       1      48     (0)    
    15 21.38 0.00 0.00           AP010888.1   1386500   1386537 (998627) +            (CGTCCT)n   Simple_repeat       1      38     (0)    
    13 17.86 3.12 0.00           AP010888.1   1388375   1388406 (996758) +               (TCG)n   Simple_repeat       1      33     (0)    
    13 12.03 8.33 0.00           AP010888.1   1389587   1389622 (995542) +            (CGGCTC)n   Simple_repeat       1      39     (0)    
    12 12.03 3.70 0.00           AP010888.1   1390299   1390325 (994839) +             (ACGAC)n   Simple_repeat       1      28     (0)    
    11 24.76 0.00 2.56           AP010888.1   1397940   1397979 (987185) +            (CGCCGA)n   Simple_repeat       1      39     (0)    
    13 16.22 4.44 4.44           AP010888.1   1399159   1399203 (985961) +            (CGTCGG)n   Simple_repeat       1      45     (0)    
    14 24.13 0.00 0.00           AP010888.1   1416987   1417025 (968139) +            (CGATGA)n   Simple_repeat       1      39     (0)    
    17 15.40 2.13 4.35           AP010888.1   1428756   1428802 (956362) +            (TGCCGC)n   Simple_repeat       1      46     (0)    
    14 10.04 0.00 8.57           AP010888.1   1435401   1435438 (949726) +            (GCGCCA)n   Simple_repeat       1      35     (0)    
    16 25.24 3.57 0.00           AP010888.1   1438480   1438535 (946629) +            (CGGCAG)n   Simple_repeat       1      58     (0)    
    12 21.58 0.00 0.00           AP010888.1   1445696   1445727 (939437) +            (GCACCA)n   Simple_repeat       1      32     (0)    
   379 14.46 0.00 0.00           AP010888.1   1447288   1447370 (937794) C       rnd-1_family-0     Unspecified     (0)      83       1    
    13 16.60 9.09 4.35           AP010888.1   1465808   1465873 (919291) +            (GTCGGT)n   Simple_repeat       1      69     (0)    
   238 22.50 1.23 1.23           AP010888.1   1473153   1473233 (911931) C       rnd-1_family-0     Unspecified     (0)      83       3    
    14 31.04 0.00 0.00           AP010888.1   1474929   1474976 (910188) +               (CGA)n   Simple_repeat       1      48     (0)    
    18 28.77 0.00 0.00           AP010888.1   1474932   1474990 (910174) +            (CGATGA)n   Simple_repeat       1      59     (0)    
   838 12.59 0.00 0.00           AP010888.1   1581829   1581971 (803193) +       rnd-1_family-3     Unspecified       2     144     (0)    
    13 13.08 0.00 0.00           AP010888.1   1604713   1604737 (780427) +               (CCG)n   Simple_repeat       1      25     (0)    
   292 13.34 2.60 2.60           AP010888.1   1633747   1633823 (751341) +       rnd-1_family-0     Unspecified       1      77     (6)    
    21 12.90 6.49 6.49           AP010888.1   1635463   1635539 (749625) +            (GCGGCT)n   Simple_repeat       1      77     (0)    
    21 9.71 0.00 0.00           AP010888.1   1643368   1643401 (741763) +            (CGCACC)n   Simple_repeat       1      34     (0)    
    12 13.59 2.78 5.71           AP010888.1   1646419   1646454 (738710) +              (CGGC)n   Simple_repeat       1      35     (0)    
    12 14.38 0.00 0.00           AP010888.1   1654274   1654297 (730867) +               (GCC)n   Simple_repeat       1      24     (0)    
   235 26.58 0.00 0.00           AP010888.1   1663788   1663866 (721298) +       rnd-1_family-0     Unspecified       5      83     (0)    
    12 0.00 0.00 16.67           AP010888.1   1671356   1671390 (713774) +             (GAGCC)n   Simple_repeat       1      30     (0)    
    14 20.23 0.00 0.00           AP010888.1   1686403   1686436 (698728) +            (ACCACA)n   Simple_repeat       1      34     (0)    
   336 16.05 0.00 0.00           AP010888.1   1695529   1695609 (689555) C       rnd-1_family-0     Unspecified     (0)      83       3    
   362 31.21 1.40 1.40           AP010888.1   1697666   1697808 (687356) +       rnd-1_family-3     Unspecified       1     143     (1)    
   845 8.80 0.00 0.00           AP010888.1   1697666   1697790 (687374) C       rnd-1_family-3     Unspecified    (19)     125       1    
    17 22.67 3.08 3.08           AP010888.1   1702790   1702854 (682310) +            (GCCGAA)n   Simple_repeat       1      65     (0)    
    12 38.39 0.00 0.00           AP010888.1   1703364   1703418 (681746) +            (TCAGCA)n   Simple_repeat       1      55     (0)    
    16 14.86 2.56 2.56           AP010888.1   1714553   1714591 (670573) +               (ATC)n   Simple_repeat       1      39     (0)    
    16 20.55 0.00 0.00           AP010888.1   1726764   1726802 (658362) +            (GTGCTG)n   Simple_repeat       1      39     (0)    
   286 24.10 0.00 0.00           AP010888.1   1781632   1781714 (603450) C       rnd-1_family-0     Unspecified     (0)      83       1    
    12 24.01 2.56 0.00           AP010888.1   1784085   1784123 (601041) +               (CGG)n   Simple_repeat       1      40     (0)    
    12 23.47 0.00 0.00           AP010888.1   1784472   1784506 (600658) +            (GGTGTC)n   Simple_repeat       1      35     (0)    
    15 4.10 3.45 7.14           AP010888.1   1792615   1792643 (592521) +                (CG)n   Simple_repeat       1      28     (0)    
    20 24.35 6.32 2.02           AP010888.1   1792701   1792795 (592369) +             (CCGCA)n   Simple_repeat       1      99     (0)    
    14 27.68 1.72 1.72           AP010888.1   1793472   1793529 (591635) +            (GACGCC)n   Simple_repeat       1      58     (0)    
    18 16.17 4.00 1.96           AP010888.1   1794379   1794428 (590736) +            (ACGGCG)n   Simple_repeat       1      51     (0)    
    12 24.38 2.17 2.17           AP010888.1   1795073   1795118 (590046) +            (CGAGAC)n   Simple_repeat       1      46     (0)    
    18 25.17 5.68 2.20           AP010888.1   1796188   1796275 (588889) +            (CCGTCA)n   Simple_repeat       1      91     (0)    
    14 28.35 0.00 4.84           AP010888.1   1796537   1796601 (588563) +            (CGTCAC)n   Simple_repeat       1      62     (0)    
    29 19.65 1.23 3.80           AP010888.1   1797672   1797752 (587412) +            (CCGAAC)n   Simple_repeat       1      79     (0)    
    20 22.85 4.55 0.00           AP010888.1   1797764   1797829 (587335) +            (CGGTTC)n   Simple_repeat       1      69     (0)    
    13 21.38 2.63 0.00           AP010888.1   1798205   1798242 (586922) +             (CGGCG)n   Simple_repeat       1      39     (0)    
    13 22.43 1.69 7.14           AP010888.1   1798592   1798650 (586514) +               (CGA)n   Simple_repeat       1      56     (0)    
    11 12.96 8.82 0.00           AP010888.1   1800325   1800358 (584806) +            (GACTTC)n   Simple_repeat       1      37     (0)    
    12 19.19 3.77 5.77           AP010888.1   1800397   1800449 (584715) +           (CGCGCAT)n   Simple_repeat       1      52     (0)    
    13 18.98 0.00 8.70           AP010888.1   1800711   1800760 (584404) +           (GCGGGCG)n   Simple_repeat       1      46     (0)    
    11 27.68 0.00 0.00           AP010888.1   1820994   1821032 (564132) +            (GGCGCC)n   Simple_repeat       1      39     (0)    
    13 35.44 0.00 2.74           AP010888.1   1833988   1834062 (551102) +            (CGTTGC)n   Simple_repeat       1      73     (0)    
    20 20.58 2.00 0.00           AP010888.1   1862779   1862828 (522336) +               (CCA)n   Simple_repeat       1      51     (0)    
   256 25.30 0.00 0.00           AP010888.1   1874230   1874312 (510852) +       rnd-1_family-0     Unspecified       1      83     (0)    
   941 9.09 0.00 0.00           AP010888.1   1915161   1915303 (469861) C       rnd-1_family-3     Unspecified     (1)     143       1    
    13 21.84 0.00 0.00           AP010888.1   1915400   1915432 (469732) +            (AGCGGC)n   Simple_repeat       1      33     (0)    
    12 16.52 2.08 8.89           AP010888.1   1932539   1932586 (452578) +               (CGG)n   Simple_repeat       1      45     (0)    
    12 17.57 3.12 0.00           AP010888.1   1934598   1934629 (450535) +            (CGCCCA)n   Simple_repeat       1      33     (0)    
    12 23.31 5.08 3.33           AP010888.1   1945505   1945563 (439601) +              (CAGC)n   Simple_repeat       1      60     (0)    
   681 16.79 0.00 0.70           AP010888.1   1994761   1994904 (390260) C       rnd-1_family-3     Unspecified     (1)     143       1    
   408 15.23 3.73 18.44           AP010888.1   1994762   1994922 (390242) +       rnd-1_family-3     Unspecified       3     143     (1)    
    14 20.65 0.00 6.38           AP010888.1   2014521   2014570 (370594) +            (GCCGAA)n   Simple_repeat       1      47     (0)    
    16 0.00 7.69 0.00           AP010888.1   2016815   2016840 (368324) +              (CGGC)n   Simple_repeat       1      28     (0)    
    19 26.21 0.00 0.00           AP010888.1   2030127   2030181 (354983) +            (CAGCAG)n   Simple_repeat       1      55     (0)    
    11 24.08 0.00 0.00           AP010888.1   2033108   2033141 (352023) +            (GGCACC)n   Simple_repeat       1      34     (0)    
    12 27.58 0.00 0.00           AP010888.1   2034149   2034187 (350977) +               (TCG)n   Simple_repeat       1      39     (0)    
    19 11.01 2.44 2.44           AP010888.1   2034205   2034245 (350919) +            (ACGGCC)n   Simple_repeat       1      41     (0)    
    11 35.63 1.43 1.43           AP010888.1   2034519   2034588 (350576) +            (CGCGAC)n   Simple_repeat       1      70     (0)    
    22 13.64 0.00 5.88           AP010888.1   2046155   2046208 (338956) +           (GGTGTAA)n   Simple_repeat       1      51     (0)    
    12 8.09 0.00 10.34           AP010888.1   2064271   2064302 (320862) +             (CGCGG)n   Simple_repeat       1      29     (0)    
    11 20.85 6.82 0.00           AP010888.1   2072478   2072521 (312643) +           (CGCGCGC)n   Simple_repeat       1      47     (0)    
    12 11.09 3.23 3.23           AP010888.1   2089205   2089235 (295929) +            (GCCGGA)n   Simple_repeat       1      31     (0)    
    13 24.90 7.35 1.39           AP010888.1   2094511   2094578 (290586) +               (CGG)n   Simple_repeat       1      72     (0)    
   276 22.78 0.00 0.00           AP010888.1   2099935   2100013 (285151) C       rnd-1_family-0     Unspecified     (0)      83       5    
    13 13.61 0.00 8.57           AP010888.1   2100416   2100453 (284711) +              (GGCT)n   Simple_repeat       1      35     (0)    
    13 4.77 4.55 0.00           AP010888.1   2116166   2116187 (268977) +               (AAG)n   Simple_repeat       1      23     (0)    
   330 26.09 4.17 4.17           AP010888.1   2130584   2130727 (254437) C       rnd-1_family-3     Unspecified     (0)     144       1    
   877 11.81 0.00 0.00           AP010888.1   2130603   2130746 (254418) +       rnd-1_family-3     Unspecified       1     144     (0)    
    12 23.88 4.55 0.00           AP010888.1   2131000   2131043 (254121) +             (GCTCA)n   Simple_repeat       1      46     (0)    
    15 6.33 9.09 0.00           AP010888.1   2140771   2140803 (244361) +            (GGGCGC)n   Simple_repeat       1      36     (0)    
    12 26.85 0.00 0.00           AP010888.1   2144453   2144492 (240672) +           (GGCTTCC)n   Simple_repeat       1      40     (0)    
    12 15.22 8.70 2.04           AP010888.1   2168723   2168768 (216396) +           (CGGACGC)n   Simple_repeat       1      49     (0)    
    14 20.23 0.00 0.00           AP010888.1   2168766   2168799 (216365) +            (CGCGTC)n   Simple_repeat       1      34     (0)    
   235 20.32 0.00 4.35           AP010888.1   2180244   2180315 (204849) +       rnd-1_family-0     Unspecified      14      82     (1)    
    14 22.50 0.00 6.12           AP010888.1   2199080   2199131 (186033) +            (AGGCCG)n   Simple_repeat       1      49     (0)    
    13 34.18 2.82 0.00           AP010888.1   2204159   2204229 (180935) +            (CATACG)n   Simple_repeat       1      73     (0)    
  1009 15.31 0.51 0.51           AP010888.1   2206461   2206657 (178507) C       rnd-1_family-1     Unspecified     (3)     199       3    
    13 20.05 2.38 2.38           AP010888.1   2219792   2219833 (165331) +            (GCGACA)n   Simple_repeat       1      42     (0)    
    15 21.28 5.26 1.69           AP010888.1   2226367   2226423 (158741) +           (GCCGCCA)n   Simple_repeat       1      59     (0)    
    14 7.82 0.00 6.90           AP010888.1   2229938   2229968 (155196) +             (TTCGC)n   Simple_repeat       1      29     (0)    
    11 21.27 2.50 2.50           AP010888.1   2231193   2231232 (153932) +            (TCGGCG)n   Simple_repeat       1      40     (0)    
   402 18.07 0.00 0.00           AP010888.1   2232126   2232208 (152956) C       rnd-1_family-0     Unspecified     (0)      83       1    
    12 17.53 3.12 0.00           AP010888.1   2233400   2233431 (151733) +            (CGCCCG)n   Simple_repeat       1      33     (0)    
    15 19.43 2.33 2.33           AP010888.1   2258912   2258954 (126210) +               (GGC)n   Simple_repeat       1      43     (0)    
    41 0.00 0.00 0.00           AP010888.1   2277088   2277125 (108039) +         (CAGTCTGGG)n   Simple_repeat       1      38     (0)    
   423 20.95 0.95 0.00           AP010888.1   2327845   2327949  (57215) C       rnd-1_family-3     Unspecified    (19)     125      20    
    13 25.69 0.00 0.00           AP010888.1   2338365   2338401  (46763) +               (GTT)n   Simple_repeat       1      37     (0)    
    13 26.58 1.43 5.97           AP010888.1   2339081   2339150  (46014) +            (TGAAGG)n   Simple_repeat       1      67     (0)    
    12 23.47 0.00 0.00           AP010888.1   2339492   2339526  (45638) +            (CGTTGT)n   Simple_repeat       1      35     (0)    
   262 27.50 0.00 0.00           AP010888.1   2348998   2349077  (36087) C       rnd-1_family-0     Unspecified     (3)      80       1    
  1021 18.37 0.00 0.00           AP010888.1   2355681   2355876  (29288) +       rnd-1_family-1     Unspecified       4     199     (3)    
    12 22.64 2.33 2.33           AP010888.1   2362177   2362219  (22945) +            (CGAGCG)n   Simple_repeat       1      43     (0)    
    16 33.10 1.35 1.35           AP010888.1   2365359   2365432  (19732) +               (AAC)n   Simple_repeat       1      74     (0)    
    32 12.31 0.00 0.00           AP010888.1   2365455   2365516  (19648) +         (AACTCCGGT)n   Simple_repeat       1      62     (0)    
    12 15.30 5.26 2.56           AP010888.1   2370474   2370511  (14653) +            (CGAGGC)n   Simple_repeat       1      39     (0)    
    12 23.31 0.00 0.00           AP010888.1   2383052   2383086   (2078) +            (TGGCCT)n   Simple_repeat       1      35     (0)    
