   SW   perc perc perc  query       position in query           matching       repeat          position in repeat
score   div. del. ins.  sequence    begin   end        (left)   repeat         class/family  begin  end    (left)  ID

   12   16.2  0.0  8.1  AP010888.1    27612   27651 (2357513) + (CGTGGC)n      Simple_repeat      1     37    (0)   1  
   13   15.9  0.0  0.0  AP010888.1    33297   33324 (2351840) + (GGCC)n        Simple_repeat      1     28    (0)   2  
   23   25.8  1.1  4.6  AP010888.1    34263   34352 (2350812) + (GCCGCC)n      Simple_repeat      1     87    (0)   3  
 1084   14.7  0.0  0.0  AP010888.1    56856   57046 (2328118) + rnd-1_family-1 Unspecified        6    196    (6)   4  
   12   14.7  3.3  0.0  AP010888.1    65169   65198 (2319966) + (TCGTCC)n      Simple_repeat      1     31    (0)   5  
   12   14.9  4.9  4.9  AP010888.1    69425   69465 (2315699) + (TGC)n         Simple_repeat      1     41    (0)   6  
   12   25.8  5.5  0.0  AP010888.1    70468   70522 (2314642) + (ACCGGT)n      Simple_repeat      1     58    (0)   7  
   14   16.9  3.0  0.0  AP010888.1    83396   83428 (2301736) + (CCG)n         Simple_repeat      1     34    (0)   8  
  897   10.4  0.0  0.0  AP010888.1    89203   89346 (2295818) + rnd-1_family-3 Unspecified        1    144    (0)   9  
  929   13.6  1.0  1.6  AP010888.1    94271   94464 (2290700) + rnd-1_family-1 Unspecified        1    193    (9)  10  
  779   21.7  1.0  1.0  AP010888.1   104979  105178 (2279986) + rnd-1_family-1 Unspecified        1    200    (2)  11  
   14   29.0  1.0  7.8  AP010888.1   105834  105929 (2279235) + (GCAACC)n      Simple_repeat      1     90    (0)  12  
   13   23.8  5.9  0.0  AP010888.1   107282  107332 (2277832) + (AATGGC)n      Simple_repeat      1     54    (0)  13  
   15   26.4  0.0  0.0  AP010888.1   112555  112599 (2272565) + (GCGGGA)n      Simple_repeat      1     45    (0)  14  
   12   21.7  0.0  0.0  AP010888.1   120561  120592 (2264572) + (GACGTC)n      Simple_repeat      1     32    (0)  15  
   13   26.9  0.0  3.9  AP010888.1   121254  121306 (2263858) + (CCGGG)n       Simple_repeat      1     51    (0)  16  
   13   22.6  1.5  8.1  AP010888.1   125335  125400 (2259764) + (GCGGTG)n      Simple_repeat      1     62    (0)  17  
   12   13.7  6.2  0.0  AP010888.1   133749  133780 (2251384) + (CCGGA)n       Simple_repeat      1     34    (0)  18  
   12   18.8  2.6  2.6  AP010888.1   144803  144840 (2240324) + (CGCCGT)n      Simple_repeat      1     38    (0)  19  
   15   16.9  0.0  0.0  AP010888.1   145362  145394 (2239770) + (GCCGAG)n      Simple_repeat      1     33    (0)  20  
   14   24.0  0.0  0.0  AP010888.1   146047  146085 (2239079) + (CGAGGC)n      Simple_repeat      1     39    (0)  21  
   12   14.9  8.1  0.0  AP010888.1   147589  147625 (2237539) + (GCGGCAC)n     Simple_repeat      1     40    (0)  22  
   11   13.6  2.8  5.7  AP010888.1   152411  152446 (2232718) + (TGCTGG)n      Simple_repeat      1     35    (0)  23  
   18   28.4  0.0  0.0  AP010888.1   161173  161227 (2223937) + (CGA)n         Simple_repeat      1     55    (0)  24  
   12   24.1  0.0  2.5  AP010888.1   162732  162772 (2222392) + (TGGCCG)n      Simple_repeat      1     40    (0)  25  
   12   28.7  0.0  0.0  AP010888.1   162747  162788 (2222376) + (CCGAGG)n      Simple_repeat      1     42    (0)  26  
   13   22.8  0.0  0.0  AP010888.1   178845  178880 (2206284) + (CTGCCG)n      Simple_repeat      1     36    (0)  27  
   11   24.1  0.0  0.0  AP010888.1   180145  180178 (2204986) + (CCAACC)n      Simple_repeat      1     34    (0)  28  
   13    8.5  4.0  0.0  AP010888.1   185445  185469 (2199695) + (CAAGA)n       Simple_repeat      1     26    (0)  29  
   12   32.0  0.0  0.0  AP010888.1   198547  198596 (2186568) + (GCTGCT)n      Simple_repeat      1     50    (0)  30  
 1286   11.9  0.0  0.0  AP010888.1   199434  199635 (2185529) C rnd-1_family-1 Unspecified      (0)    202      1  31  
  436   24.0  8.0  2.0  AP010888.1   205559  205745 (2179419) + rnd-1_family-1 Unspecified        5    202    (0)  32  
   12   16.3  2.8  2.8  AP010888.1   210272  210307 (2174857) + (GACGAA)n      Simple_repeat      1     36    (0)  33  
   14   28.9  0.0  0.0  AP010888.1   231028  231073 (2154091) + (CTC)n         Simple_repeat      1     46    (0)  34  
   12   18.1  0.0  3.1  AP010888.1   234239  234271 (2150893) + (TGGTGC)n      Simple_repeat      1     32    (0)  35  
  386   14.8  0.0  0.0  AP010888.1   236032  236112 (2149052) + rnd-1_family-0 Unspecified        3     83    (0)  36  
   11   17.1  8.9  3.4  AP010888.1   259478  259533 (2125631) + (CGCCCAG)n     Simple_repeat      1     59    (0)  37  
   13   34.0  0.0  0.0  AP010888.1   264943  264997 (2120167) + (GCC)n         Simple_repeat      1     55    (0)  38  
   14    3.5  2.7 11.8  AP010888.1   269816  269852 (2115312) + (CTT)n         Simple_repeat      1     34    (0)  39  
   16   17.1  0.0  0.0  AP010888.1   275896  275928 (2109236) + (ACA)n         Simple_repeat      1     33    (0)  40  
   12   12.8  5.6  2.7  AP010888.1   293766  293801 (2091363) + (GTGCGCG)n     Simple_repeat      1     37    (0)  41  
   48    0.0  0.0  0.0  AP010888.1   341083  341126 (2044038) + (GAATCGTCTG)n  Simple_repeat      1     44    (0)  42  
  345   16.2  0.0  0.0  AP010888.1   349112  349191 (2035973) + rnd-1_family-0 Unspecified        1     80    (3)  43  
   13   18.3  2.6  2.6  AP010888.1   370422  370460 (2014704) + (CGCTCAG)n     Simple_repeat      1     39    (0)  44  
  300   20.2  0.0  0.0  AP010888.1   383704  383782 (2001382) + rnd-1_family-0 Unspecified        1     79    (4)  45  
   19   28.2  3.0  4.0  AP010888.1   390354  390454 (1994710) + (CTTCGG)n      Simple_repeat      1    100    (0)  46  
   13   16.6  0.0  0.0  AP010888.1   392439  392465 (1992699) + (CTT)n         Simple_repeat      1     27    (0)  47  
   20   12.9  2.3  2.3  AP010888.1   404389  404432 (1980732) + (GTGTT)n       Simple_repeat      1     44    (0)  48  
   15   13.7  7.5  0.0  AP010888.1   405086  405125 (1980039) + (CTTGCC)n      Simple_repeat      1     43    (0)  49  
   13    8.8  4.8  7.3  AP010888.1   423274  423315 (1961849) + (TCTGAACC)n    Simple_repeat      1     41    (0)  50  
   14   11.7 10.4  1.9  AP010888.1   433570  433617 (1951547) + (CGTGCT)n      Simple_repeat      1     52    (0)  51  
   14   20.9  0.0  0.0  AP010888.1   439285  439317 (1945847) + (CCG)n         Simple_repeat      1     33    (0)  52  
   15   20.8  2.2  2.2  AP010888.1   442629  442674 (1942490) + (CGGCCG)n      Simple_repeat      1     46    (0)  53  
   12   21.7  0.0  0.0  AP010888.1   450417  450448 (1934716) + (TGTTCG)n      Simple_repeat      1     32    (0)  54  
   20   22.1  0.0  0.0  AP010888.1   451468  451515 (1933649) + (TGGTGA)n      Simple_repeat      1     48    (0)  55  
  738   16.9  0.0  0.0  AP010888.1   451642  451783 (1933381) + rnd-1_family-3 Unspecified        2    143    (1)  56  
   12    7.5  6.7  3.2  AP010888.1   457742  457771 (1927393) + (CGCACG)n      Simple_repeat      1     31    (0)  57  
  797   13.9  0.0  0.0  AP010888.1   500011  500154 (1885010) + rnd-1_family-3 Unspecified        1    144    (0)  58  
  401   24.6  7.9  0.7  AP010888.1   506915  507053 (1878111) C rnd-1_family-1 Unspecified     (51)    151      3  59  
   17   28.6  1.4  2.9  AP010888.1   518107  518177 (1866987) + (CGG)n         Simple_repeat      1     70    (0)  60  
   16   32.5  0.0  0.0  AP010888.1   522217  522277 (1862887) + (CAGGTG)n      Simple_repeat      1     61    (0)  61  
   12   22.8  4.8  0.0  AP010888.1   527649  527690 (1857474) + (GGTAGGC)n     Simple_repeat      1     44    (0)  62  
   56    0.0  0.0  0.0  AP010888.1   549892  549942 (1835222) + (GAAGCCACT)n   Simple_repeat      1     51    (0)  63  
  300   19.8  0.0  0.0  AP010888.1   556828  556908 (1828256) + rnd-1_family-0 Unspecified        3     83    (0)  64  
   12   11.1  3.2  3.2  AP010888.1   557107  557137 (1828027) + (GAAGCC)n      Simple_repeat      1     31    (0)  65  
   16   24.0  0.0  0.0  AP010888.1   559499  559542 (1825622) + (ACTCCC)n      Simple_repeat      1     44    (0)  66  
   15   10.3  0.0  6.1  AP010888.1   561773  561807 (1823357) + (ATATGT)n      Simple_repeat      1     33    (0)  67  
  409   19.3  0.0  0.0  AP010888.1   564456  564538 (1820626) + rnd-1_family-0 Unspecified        1     83    (0)  68  
   13   15.8  2.7  2.7  AP010888.1   569273  569309 (1815855) + (GTGTTC)n      Simple_repeat      1     37    (0)  69  
   11   27.6  0.0  0.0  AP010888.1   582784  582822 (1802342) + (AAGGAC)n      Simple_repeat      1     39    (0)  70  
  274   24.1  0.0  0.0  AP010888.1   586057  586139 (1799025) + rnd-1_family-0 Unspecified        1     83    (0)  71  
  394   16.1  0.0  0.0  AP010888.1   586868  586948 (1798216) + rnd-1_family-0 Unspecified        1     81    (2)  72  
   16   11.1  7.7  0.0  AP010888.1   588212  588250 (1796914) + (CCGGCA)n      Simple_repeat      1     42    (0)  73  
  370   18.1  0.0  0.0  AP010888.1   617832  617914 (1767250) + rnd-1_family-0 Unspecified        1     83    (0)  74  
   12   24.3  0.0  0.0  AP010888.1   634528  634561 (1750603) + (GCC)n         Simple_repeat      1     34    (0)  75  
  338   20.0  0.0  0.0  AP010888.1   636931  637005 (1748159) C rnd-1_family-0 Unspecified      (6)     77      3  76  
   14    0.0  7.4  3.6  AP010888.1   647919  647945 (1737219) + (GCTCG)n       Simple_repeat      1     28    (0)  77  
   16   24.6  3.0  3.0  AP010888.1   657193  657258 (1727906) + (CGGCCA)n      Simple_repeat      1     66    (0)  78  
   11   28.0  0.0  0.0  AP010888.1   717906  717944 (1667220) + (CGCCCG)n      Simple_repeat      1     39    (0)  79  
   15   26.7  0.0  2.0  AP010888.1   732930  732980 (1652184) + (CGTTGC)n      Simple_repeat      1     50    (0)  80  
   16   24.8  3.9  3.9  AP010888.1   766198  766274 (1618890) + (GGCCTC)n      Simple_repeat      1     77    (0)  81  
  267   26.2  0.0  0.0  AP010888.1   787431  787510 (1597654) C rnd-1_family-0 Unspecified      (3)     80      1  82  
   12   24.9  5.8  0.0  AP010888.1   791151  791202 (1593962) + (CGTCGA)n      Simple_repeat      1     55    (0)  83  
   37    0.0  2.3  2.3  AP010888.1   814681  814723 (1570441) + (GCGAATATCA)n  Simple_repeat      1     43    (0)  84  
  393   15.7  0.0  0.0  AP010888.1   835796  835878 (1549286) + rnd-1_family-0 Unspecified        1     83    (0)  85  
   12   19.7  0.0  0.0  AP010888.1   836509  836537 (1548627) + (GCC)n         Simple_repeat      1     29    (0)  86  
   12   25.7  0.0  0.0  AP010888.1   842869  842905 (1542259) + (ACGACA)n      Simple_repeat      1     37    (0)  87  
  562    7.2  0.0  0.0  AP010888.1   867406  867488 (1517676) + rnd-1_family-0 Unspecified        1     83    (0)  88  
  898    7.2  0.0  0.0  AP010888.1   892099  892223 (1492941) + rnd-1_family-3 Unspecified        1    125   (19)  89  
   16   14.2  0.0  0.0  AP010888.1   893754  893784 (1491380) + (GCAAGC)n      Simple_repeat      1     31    (0)  90  
   11   24.3  4.0  2.0  AP010888.1   910408  910457 (1474707) + (CCGCGC)n      Simple_repeat      1     51    (0)  91  
   12   24.5  2.2  2.2  AP010888.1   918545  918589 (1466575) + (TCG)n         Simple_repeat      1     45    (0)  92  
  327   20.5  0.0  0.0  AP010888.1   920832  920914 (1464250) + rnd-1_family-0 Unspecified        1     83    (0)  93  
   13   25.8  0.0  0.0  AP010888.1   924806  924843 (1460321) + (GCAAATA)n     Simple_repeat      1     38    (0)  94  
   12    5.6  0.0  0.0  AP010888.1   928351  928369 (1456795) + (CGG)n         Simple_repeat      1     19    (0)  95  
   14   23.6  1.7  5.2  AP010888.1   955968  956027 (1429137) + (CGGTGG)n      Simple_repeat      1     58    (0)  96  
   12   21.1  2.5  2.5  AP010888.1   957734  957773 (1427391) + (GCC)n         Simple_repeat      1     40    (0)  97  
   16   21.1  0.0  0.0  AP010888.1   961707  961744 (1423420) + (GCT)n         Simple_repeat      1     38    (0)  98  
   12   10.4  8.5  6.2  AP010888.1  1019899 1019945 (1365219) + (CACCG)n       Simple_repeat      1     48    (0)  99  
   11   32.1  0.0  3.4  AP010888.1  1024867 1024927 (1360237) + (CCGCAG)n      Simple_repeat      1     59    (0) 100  
  622   22.2  0.0  0.7  AP010888.1  1031854 1032007 (1353157) + rnd-1_family-1 Unspecified       50    202    (0) 101  
  241   12.8  0.0  2.1  AP010888.1  1038246 1038293 (1346871) C rnd-1_family-3 Unspecified     (58)     86     40 102  
   11   16.9  2.9  2.9  AP010888.1  1041597 1041631 (1343533) + (CAACAG)n      Simple_repeat      1     35    (0) 103  
  991   18.8  0.0  0.0  AP010888.1  1046115 1046311 (1338853) C rnd-1_family-1 Unspecified      (5)    197      1 104  
 1071   14.9  0.0  0.0  AP010888.1  1058891 1059085 (1326079) C rnd-1_family-1 Unspecified      (3)    199      5 105  
   11   14.1  0.0  8.8  AP010888.1  1067163 1067199 (1317965) + (GCCGGT)n      Simple_repeat      1     34    (0) 106  
   13   11.7  7.7  2.4  AP010888.1  1074571 1074609 (1310555) + (CGTACCGT)n    Simple_repeat      1     41    (0) 107  
   12   17.9  9.1  0.0  AP010888.1  1097733 1097776 (1287388) + (GCGCG)n       Simple_repeat      1     48    (0) 108  
 2760    2.8  1.6  0.0  AP010888.1  1097911 1098273 (1286891) C rnd-1_family-2 Unspecified      (0)    369      1 109  
   12   15.3  5.3  2.6  AP010888.1  1098610 1098647 (1286517) + (CCGGAG)n      Simple_repeat      1     39    (0) 110  
   13   21.9  2.3  2.3  AP010888.1  1105917 1105960 (1279204) + (TCCGGA)n      Simple_repeat      1     44    (0) 111  
   12   21.2  0.0  5.0  AP010888.1  1106874 1106915 (1278249) + (CCGAAT)n      Simple_repeat      1     40    (0) 112  
 2411    4.2  2.1  0.3  AP010888.1  1129736 1130067 (1255097) C rnd-1_family-2 Unspecified      (0)    369     32 113  
 2580    2.7  1.8  0.0  AP010888.1  1130259 1130595 (1254569) C rnd-1_family-2 Unspecified      (0)    369     27 114  
   13    8.5  0.0  7.4  AP010888.1  1132892 1132920 (1252244) + (GCG)n         Simple_repeat      1     27    (0) 115  
   13   19.4  0.0  2.8  AP010888.1  1133445 1133481 (1251683) + (GCCCGC)n      Simple_repeat      1     36    (0) 116  
   14   24.3  2.0  2.0  AP010888.1  1134597 1134646 (1250518) + (GTGACC)n      Simple_repeat      1     50    (0) 117  
   13   19.8  6.5  0.0  AP010888.1  1142266 1142311 (1242853) + (GGCCTT)n      Simple_repeat      1     49    (0) 118  
   12   28.7  0.0  5.3  AP010888.1  1142445 1142504 (1242660) + (CCTTGG)n      Simple_repeat      1     57    (0) 119  
   12   23.3  0.0  0.0  AP010888.1  1142768 1142802 (1242362) + (GCGGTG)n      Simple_repeat      1     35    (0) 120  
   12   21.8  0.0  6.7  AP010888.1  1143963 1144010 (1241154) + (CCTTGG)n      Simple_repeat      1     45    (0) 121  
   14   22.6  2.1  2.1  AP010888.1  1145108 1145155 (1240009) + (CGTCCG)n      Simple_repeat      1     48    (0) 122  
   17   28.1  1.3  4.0  AP010888.1  1148998 1149075 (1236089) + (CGCGAA)n      Simple_repeat      1     76    (0) 123  
   12   12.0  7.9  2.5  AP010888.1  1149685 1149722 (1235442) + (GACGCG)n      Simple_repeat      1     40    (0) 124  
   14   14.7  8.9  3.4  AP010888.1  1152571 1152626 (1232538) + (CGTCCG)n      Simple_repeat      1     59    (0) 125  
   20   17.1  5.7  0.0  AP010888.1  1152977 1153029 (1232135) + (GAAAAA)n      Simple_repeat      1     56    (0) 126  
   14   15.3  2.7 11.9  AP010888.1  1157132 1157204 (1227960) + (CGCGGTC)n     Simple_repeat      1     67    (0) 127  
   12   24.1  4.8  3.2  AP010888.1  1160702 1160763 (1224401) + (GGCGCC)n      Simple_repeat      1     63    (0) 128  
   13   22.7  7.1  2.7  AP010888.1  1161557 1161626 (1223538) + (GCTCGC)n      Simple_repeat      1     73    (0) 129  
   12   17.7  0.0  5.9  AP010888.1  1164174 1164209 (1220955) + (GGCC)n        Simple_repeat      1     34    (0) 130  
   13   18.1  4.5  7.8  AP010888.1  1164388 1164453 (1220711) + (CCCGG)n       Simple_repeat      1     64    (0) 131 *
   18   30.5  0.0  3.8  AP010888.1  1164421 1164502 (1220662) + (CCCGCC)n      Simple_repeat      1     79    (0) 132  
   28   21.0  2.5  2.5  AP010888.1  1165057 1165137 (1220027) + (CCCACG)n      Simple_repeat      1     81    (0) 133  
   12   14.4  3.0  3.0  AP010888.1  1165592 1165624 (1219540) + (CATG)n        Simple_repeat      1     33    (0) 134  
   12   10.7 13.0  3.4  AP010888.1  1167372 1167425 (1217739) + (GGCGAGCG)n    Simple_repeat      1     59    (0) 135  
 2026    6.4  2.0  0.0  AP010888.1  1174749 1175045 (1210119) C rnd-1_family-2 Unspecified      (0)    369     67 136  
 2220    5.2  1.9  0.0  AP010888.1  1175335 1175642 (1209522) C rnd-1_family-2 Unspecified      (0)    369     56 137  
   12   13.9  4.4  6.8  AP010888.1  1180670 1180714 (1204450) + (CGGCGC)n      Simple_repeat      1     44    (0) 138  
   12   23.3  0.0  0.0  AP010888.1  1181557 1181591 (1203573) + (CGGCGG)n      Simple_repeat      1     35    (0) 139  
   17    9.7  2.8  2.8  AP010888.1  1181976 1182011 (1203153) + (CGGCCT)n      Simple_repeat      1     36    (0) 140  
   12   19.0  1.8  9.4  AP010888.1  1187694 1187750 (1197414) + (CGCCCG)n      Simple_repeat      1     53    (0) 141  
   13   12.8  2.6  5.4  AP010888.1  1194305 1194342 (1190822) + (CGCGCGT)n     Simple_repeat      1     37    (0) 142  
 2499    6.6  1.6  0.3  AP010888.1  1195816 1196178 (1188986) C rnd-1_family-2 Unspecified      (1)    368      1 143  
   12   24.3  0.0  0.0  AP010888.1  1196352 1196385 (1188779) + (GCCGG)n       Simple_repeat      1     34    (0) 144  
   15   22.8  5.2  1.7  AP010888.1  1196865 1196922 (1188242) + (CGC)n         Simple_repeat      1     60    (0) 145  
   14   16.0  3.6  7.4  AP010888.1  1200805 1200860 (1184304) + (GGCCGCC)n     Simple_repeat      1     54    (0) 146  
   14   19.6  1.9  6.0  AP010888.1  1200830 1200881 (1184283) + (CCGG)n        Simple_repeat      1     50    (0) 147  
   12   28.7  0.0  0.0  AP010888.1  1202562 1202603 (1182561) + (CGATGG)n      Simple_repeat      1     42    (0) 148  
   13    4.2  8.0  0.0  AP010888.1  1202943 1202967 (1182197) + (CGCC)n        Simple_repeat      1     27    (0) 149  
   12   25.0  0.0  4.5  AP010888.1  1209699 1209744 (1175420) + (CGGC)n        Simple_repeat      1     44    (0) 150  
   12   12.0  7.9  2.5  AP010888.1  1212129 1212166 (1172998) + (CACG)n        Simple_repeat      1     40    (0) 151  
   17   19.9  0.0  0.0  AP010888.1  1212594 1212633 (1172531) + (ACCGGA)n      Simple_repeat      1     40    (0) 152  
   20   17.1  5.7  0.0  AP010888.1  1212812 1212864 (1172300) + (GAAAAA)n      Simple_repeat      1     56    (0) 153  
   12   10.7  0.0 11.8  AP010888.1  1222477 1222514 (1162650) + (GCCG)n        Simple_repeat      1     34    (0) 154  
   12   23.9  6.1  0.0  AP010888.1  1226965 1227013 (1158151) + (GCGCC)n       Simple_repeat      1     52    (0) 155  
 2722    3.9  1.6  0.0  AP010888.1  1229431 1229793 (1155371) + rnd-1_family-2 Unspecified        1    369    (0) 156  
  402    5.6  0.0  0.0  AP010888.1  1229941 1229994 (1155170) C rnd-1_family-2 Unspecified      (0)    369    316 157 *
 2257    3.1  1.4  0.0  AP010888.1  1229958 1230251 (1154913) + rnd-1_family-2 Unspecified       72    369    (0) 158  
  402    5.6  0.0  0.0  AP010888.1  1230399 1230452 (1154712) C rnd-1_family-2 Unspecified      (0)    369    316 159 *
 2215    3.4  1.4  0.0  AP010888.1  1230416 1230708 (1154456) + rnd-1_family-2 Unspecified       72    368    (1) 160  
   14   26.9  1.8  1.8  AP010888.1  1237563 1237617 (1147547) + (ACCGAC)n      Simple_repeat      1     55    (0) 161  
   12   15.6  1.9 10.4  AP010888.1  1244596 1244647 (1140517) + (GCGCCG)n      Simple_repeat      1     48    (0) 162  
   15   23.8  2.0  2.0  AP010888.1  1304168 1304218 (1080946) + (TCGTCG)n      Simple_repeat      1     51    (0) 163  
   12   11.7  7.3  4.8  AP010888.1  1326962 1327002 (1058162) + (CCG)n         Simple_repeat      1     42    (0) 164  
   16   27.3  3.9  2.5  AP010888.1  1333365 1333442 (1051722) + (CCACGG)n      Simple_repeat      1     79    (0) 165  
   12   20.3  6.7  0.0  AP010888.1  1351006 1351050 (1034114) + (CACCGG)n      Simple_repeat      1     48    (0) 166  
   15   21.4  0.0  0.0  AP010888.1  1386500 1386537  (998627) + (CGTCCT)n      Simple_repeat      1     38    (0) 167  
   13   17.9  3.1  0.0  AP010888.1  1388375 1388406  (996758) + (TCG)n         Simple_repeat      1     33    (0) 168  
   13   12.0  8.3  0.0  AP010888.1  1389587 1389622  (995542) + (CGGCTC)n      Simple_repeat      1     39    (0) 169  
   12   12.0  3.7  0.0  AP010888.1  1390299 1390325  (994839) + (ACGAC)n       Simple_repeat      1     28    (0) 170  
   11   24.8  0.0  2.6  AP010888.1  1397940 1397979  (987185) + (CGCCGA)n      Simple_repeat      1     39    (0) 171  
   13   16.2  4.4  4.4  AP010888.1  1399159 1399203  (985961) + (CGTCGG)n      Simple_repeat      1     45    (0) 172  
   14   24.1  0.0  0.0  AP010888.1  1416987 1417025  (968139) + (CGATGA)n      Simple_repeat      1     39    (0) 173  
   17   15.4  2.1  4.3  AP010888.1  1428756 1428802  (956362) + (TGCCGC)n      Simple_repeat      1     46    (0) 174  
   14   10.0  0.0  8.6  AP010888.1  1435401 1435438  (949726) + (GCGCCA)n      Simple_repeat      1     35    (0) 175  
   16   25.2  3.6  0.0  AP010888.1  1438480 1438535  (946629) + (CGGCAG)n      Simple_repeat      1     58    (0) 176  
   12   21.6  0.0  0.0  AP010888.1  1445696 1445727  (939437) + (GCACCA)n      Simple_repeat      1     32    (0) 177  
  379   14.5  0.0  0.0  AP010888.1  1447288 1447370  (937794) C rnd-1_family-0 Unspecified      (0)     83      1 178  
   13   16.6  9.1  4.3  AP010888.1  1465808 1465873  (919291) + (GTCGGT)n      Simple_repeat      1     69    (0) 179  
  238   22.5  1.2  1.2  AP010888.1  1473153 1473233  (911931) C rnd-1_family-0 Unspecified      (0)     83      3 180  
   14   31.0  0.0  0.0  AP010888.1  1474929 1474976  (910188) + (CGA)n         Simple_repeat      1     48    (0) 181 *
   18   28.8  0.0  0.0  AP010888.1  1474932 1474990  (910174) + (CGATGA)n      Simple_repeat      1     59    (0) 182  
  838   12.6  0.0  0.0  AP010888.1  1581829 1581971  (803193) + rnd-1_family-3 Unspecified        2    144    (0) 183  
   13   13.1  0.0  0.0  AP010888.1  1604713 1604737  (780427) + (CCG)n         Simple_repeat      1     25    (0) 184  
  292   13.3  2.6  2.6  AP010888.1  1633747 1633823  (751341) + rnd-1_family-0 Unspecified        1     77    (6) 185  
   21   12.9  6.5  6.5  AP010888.1  1635463 1635539  (749625) + (GCGGCT)n      Simple_repeat      1     77    (0) 186  
   21    9.7  0.0  0.0  AP010888.1  1643368 1643401  (741763) + (CGCACC)n      Simple_repeat      1     34    (0) 187  
   12   13.6  2.8  5.7  AP010888.1  1646419 1646454  (738710) + (CGGC)n        Simple_repeat      1     35    (0) 188  
   12   14.4  0.0  0.0  AP010888.1  1654274 1654297  (730867) + (GCC)n         Simple_repeat      1     24    (0) 189  
  235   26.6  0.0  0.0  AP010888.1  1663788 1663866  (721298) + rnd-1_family-0 Unspecified        5     83    (0) 190  
   12    0.0  0.0 16.7  AP010888.1  1671356 1671390  (713774) + (GAGCC)n       Simple_repeat      1     30    (0) 191  
   14   20.2  0.0  0.0  AP010888.1  1686403 1686436  (698728) + (ACCACA)n      Simple_repeat      1     34    (0) 192  
  336   16.1  0.0  0.0  AP010888.1  1695529 1695609  (689555) C rnd-1_family-0 Unspecified      (0)     83      3 193  
  362   31.2  1.4  1.4  AP010888.1  1697666 1697808  (687356) + rnd-1_family-3 Unspecified        1    143    (1) 194 *
  845    8.8  0.0  0.0  AP010888.1  1697666 1697790  (687374) C rnd-1_family-3 Unspecified     (19)    125      1 195  
   17   22.7  3.1  3.1  AP010888.1  1702790 1702854  (682310) + (GCCGAA)n      Simple_repeat      1     65    (0) 196  
   12   38.4  0.0  0.0  AP010888.1  1703364 1703418  (681746) + (TCAGCA)n      Simple_repeat      1     55    (0) 197  
   16   14.9  2.6  2.6  AP010888.1  1714553 1714591  (670573) + (ATC)n         Simple_repeat      1     39    (0) 198  
   16   20.6  0.0  0.0  AP010888.1  1726764 1726802  (658362) + (GTGCTG)n      Simple_repeat      1     39    (0) 199  
  286   24.1  0.0  0.0  AP010888.1  1781632 1781714  (603450) C rnd-1_family-0 Unspecified      (0)     83      1 200  
   12   24.0  2.6  0.0  AP010888.1  1784085 1784123  (601041) + (CGG)n         Simple_repeat      1     40    (0) 201  
   12   23.5  0.0  0.0  AP010888.1  1784472 1784506  (600658) + (GGTGTC)n      Simple_repeat      1     35    (0) 202  
   15    4.1  3.5  7.1  AP010888.1  1792615 1792643  (592521) + (CG)n          Simple_repeat      1     28    (0) 203  
   20   24.4  6.3  2.0  AP010888.1  1792701 1792795  (592369) + (CCGCA)n       Simple_repeat      1     99    (0) 204  
   14   27.7  1.7  1.7  AP010888.1  1793472 1793529  (591635) + (GACGCC)n      Simple_repeat      1     58    (0) 205  
   18   16.2  4.0  2.0  AP010888.1  1794379 1794428  (590736) + (ACGGCG)n      Simple_repeat      1     51    (0) 206  
   12   24.4  2.2  2.2  AP010888.1  1795073 1795118  (590046) + (CGAGAC)n      Simple_repeat      1     46    (0) 207  
   18   25.2  5.7  2.2  AP010888.1  1796188 1796275  (588889) + (CCGTCA)n      Simple_repeat      1     91    (0) 208  
   14   28.4  0.0  4.8  AP010888.1  1796537 1796601  (588563) + (CGTCAC)n      Simple_repeat      1     62    (0) 209  
   29   19.6  1.2  3.8  AP010888.1  1797672 1797752  (587412) + (CCGAAC)n      Simple_repeat      1     79    (0) 210  
   20   22.9  4.5  0.0  AP010888.1  1797764 1797829  (587335) + (CGGTTC)n      Simple_repeat      1     69    (0) 211  
   13   21.4  2.6  0.0  AP010888.1  1798205 1798242  (586922) + (CGGCG)n       Simple_repeat      1     39    (0) 212  
   13   22.4  1.7  7.1  AP010888.1  1798592 1798650  (586514) + (CGA)n         Simple_repeat      1     56    (0) 213  
   11   13.0  8.8  0.0  AP010888.1  1800325 1800358  (584806) + (GACTTC)n      Simple_repeat      1     37    (0) 214  
   12   19.2  3.8  5.8  AP010888.1  1800397 1800449  (584715) + (CGCGCAT)n     Simple_repeat      1     52    (0) 215  
   13   19.0  0.0  8.7  AP010888.1  1800711 1800760  (584404) + (GCGGGCG)n     Simple_repeat      1     46    (0) 216  
   11   27.7  0.0  0.0  AP010888.1  1820994 1821032  (564132) + (GGCGCC)n      Simple_repeat      1     39    (0) 217  
   13   35.4  0.0  2.7  AP010888.1  1833988 1834062  (551102) + (CGTTGC)n      Simple_repeat      1     73    (0) 218  
   20   20.6  2.0  0.0  AP010888.1  1862779 1862828  (522336) + (CCA)n         Simple_repeat      1     51    (0) 219  
  256   25.3  0.0  0.0  AP010888.1  1874230 1874312  (510852) + rnd-1_family-0 Unspecified        1     83    (0) 220  
  941    9.1  0.0  0.0  AP010888.1  1915161 1915303  (469861) C rnd-1_family-3 Unspecified      (1)    143      1 221  
   13   21.8  0.0  0.0  AP010888.1  1915400 1915432  (469732) + (AGCGGC)n      Simple_repeat      1     33    (0) 222  
   12   16.5  2.1  8.9  AP010888.1  1932539 1932586  (452578) + (CGG)n         Simple_repeat      1     45    (0) 223  
   12   17.6  3.1  0.0  AP010888.1  1934598 1934629  (450535) + (CGCCCA)n      Simple_repeat      1     33    (0) 224  
   12   23.3  5.1  3.3  AP010888.1  1945505 1945563  (439601) + (CAGC)n        Simple_repeat      1     60    (0) 225  
  681   16.8  0.0  0.7  AP010888.1  1994761 1994904  (390260) C rnd-1_family-3 Unspecified      (1)    143      1 226  
  408   15.2  3.7 18.4  AP010888.1  1994762 1994922  (390242) + rnd-1_family-3 Unspecified        3    143    (1) 227 *
   14   20.6  0.0  6.4  AP010888.1  2014521 2014570  (370594) + (GCCGAA)n      Simple_repeat      1     47    (0) 228  
   16    0.0  7.7  0.0  AP010888.1  2016815 2016840  (368324) + (CGGC)n        Simple_repeat      1     28    (0) 229  
   19   26.2  0.0  0.0  AP010888.1  2030127 2030181  (354983) + (CAGCAG)n      Simple_repeat      1     55    (0) 230  
   11   24.1  0.0  0.0  AP010888.1  2033108 2033141  (352023) + (GGCACC)n      Simple_repeat      1     34    (0) 231  
   12   27.6  0.0  0.0  AP010888.1  2034149 2034187  (350977) + (TCG)n         Simple_repeat      1     39    (0) 232  
   19   11.0  2.4  2.4  AP010888.1  2034205 2034245  (350919) + (ACGGCC)n      Simple_repeat      1     41    (0) 233  
   11   35.6  1.4  1.4  AP010888.1  2034519 2034588  (350576) + (CGCGAC)n      Simple_repeat      1     70    (0) 234  
   22   13.6  0.0  5.9  AP010888.1  2046155 2046208  (338956) + (GGTGTAA)n     Simple_repeat      1     51    (0) 235  
   12    8.1  0.0 10.3  AP010888.1  2064271 2064302  (320862) + (CGCGG)n       Simple_repeat      1     29    (0) 236  
   11   20.9  6.8  0.0  AP010888.1  2072478 2072521  (312643) + (CGCGCGC)n     Simple_repeat      1     47    (0) 237  
   12   11.1  3.2  3.2  AP010888.1  2089205 2089235  (295929) + (GCCGGA)n      Simple_repeat      1     31    (0) 238  
   13   24.9  7.3  1.4  AP010888.1  2094511 2094578  (290586) + (CGG)n         Simple_repeat      1     72    (0) 239  
  276   22.8  0.0  0.0  AP010888.1  2099935 2100013  (285151) C rnd-1_family-0 Unspecified      (0)     83      5 240  
   13   13.6  0.0  8.6  AP010888.1  2100416 2100453  (284711) + (GGCT)n        Simple_repeat      1     35    (0) 241  
   13    4.8  4.5  0.0  AP010888.1  2116166 2116187  (268977) + (AAG)n         Simple_repeat      1     23    (0) 242  
  330   26.1  4.2  4.2  AP010888.1  2130584 2130727  (254437) C rnd-1_family-3 Unspecified      (0)    144      1 243 *
  877   11.8  0.0  0.0  AP010888.1  2130603 2130746  (254418) + rnd-1_family-3 Unspecified        1    144    (0) 244  
   12   23.9  4.5  0.0  AP010888.1  2131000 2131043  (254121) + (GCTCA)n       Simple_repeat      1     46    (0) 245  
   15    6.3  9.1  0.0  AP010888.1  2140771 2140803  (244361) + (GGGCGC)n      Simple_repeat      1     36    (0) 246  
   12   26.9  0.0  0.0  AP010888.1  2144453 2144492  (240672) + (GGCTTCC)n     Simple_repeat      1     40    (0) 247  
   12   15.2  8.7  2.0  AP010888.1  2168723 2168768  (216396) + (CGGACGC)n     Simple_repeat      1     49    (0) 248 *
   14   20.2  0.0  0.0  AP010888.1  2168766 2168799  (216365) + (CGCGTC)n      Simple_repeat      1     34    (0) 249  
  235   20.3  0.0  4.3  AP010888.1  2180244 2180315  (204849) + rnd-1_family-0 Unspecified       14     82    (1) 250  
   14   22.5  0.0  6.1  AP010888.1  2199080 2199131  (186033) + (AGGCCG)n      Simple_repeat      1     49    (0) 251  
   13   34.2  2.8  0.0  AP010888.1  2204159 2204229  (180935) + (CATACG)n      Simple_repeat      1     73    (0) 252  
 1009   15.3  0.5  0.5  AP010888.1  2206461 2206657  (178507) C rnd-1_family-1 Unspecified      (3)    199      3 253  
   13   20.1  2.4  2.4  AP010888.1  2219792 2219833  (165331) + (GCGACA)n      Simple_repeat      1     42    (0) 254  
   15   21.3  5.3  1.7  AP010888.1  2226367 2226423  (158741) + (GCCGCCA)n     Simple_repeat      1     59    (0) 255  
   14    7.8  0.0  6.9  AP010888.1  2229938 2229968  (155196) + (TTCGC)n       Simple_repeat      1     29    (0) 256  
   11   21.3  2.5  2.5  AP010888.1  2231193 2231232  (153932) + (TCGGCG)n      Simple_repeat      1     40    (0) 257  
  402   18.1  0.0  0.0  AP010888.1  2232126 2232208  (152956) C rnd-1_family-0 Unspecified      (0)     83      1 258  
   12   17.5  3.1  0.0  AP010888.1  2233400 2233431  (151733) + (CGCCCG)n      Simple_repeat      1     33    (0) 259  
   15   19.4  2.3  2.3  AP010888.1  2258912 2258954  (126210) + (GGC)n         Simple_repeat      1     43    (0) 260  
   41    0.0  0.0  0.0  AP010888.1  2277088 2277125  (108039) + (CAGTCTGGG)n   Simple_repeat      1     38    (0) 261  
  423   20.9  0.9  0.0  AP010888.1  2327845 2327949   (57215) C rnd-1_family-3 Unspecified     (19)    125     20 262  
   13   25.7  0.0  0.0  AP010888.1  2338365 2338401   (46763) + (GTT)n         Simple_repeat      1     37    (0) 263  
   13   26.6  1.4  6.0  AP010888.1  2339081 2339150   (46014) + (TGAAGG)n      Simple_repeat      1     67    (0) 264  
   12   23.5  0.0  0.0  AP010888.1  2339492 2339526   (45638) + (CGTTGT)n      Simple_repeat      1     35    (0) 265  
  262   27.5  0.0  0.0  AP010888.1  2348998 2349077   (36087) C rnd-1_family-0 Unspecified      (3)     80      1 266  
 1021   18.4  0.0  0.0  AP010888.1  2355681 2355876   (29288) + rnd-1_family-1 Unspecified        4    199    (3) 267  
   12   22.6  2.3  2.3  AP010888.1  2362177 2362219   (22945) + (CGAGCG)n      Simple_repeat      1     43    (0) 268  
   16   33.1  1.4  1.4  AP010888.1  2365359 2365432   (19732) + (AAC)n         Simple_repeat      1     74    (0) 269  
   32   12.3  0.0  0.0  AP010888.1  2365455 2365516   (19648) + (AACTCCGGT)n   Simple_repeat      1     62    (0) 270  
   12   15.3  5.3  2.6  AP010888.1  2370474 2370511   (14653) + (CGAGGC)n      Simple_repeat      1     39    (0) 271  
   12   23.3  0.0  0.0  AP010888.1  2383052 2383086    (2078) + (TGGCCT)n      Simple_repeat      1     35    (0) 272  
