   SW   perc perc perc  query       position in query           matching       repeat          position in repeat
score   div. del. ins.  sequence    begin   end        (left)   repeat         class/family  begin  end    (left)  ID

   16   19.3  0.0  2.4  CP018218.1     3974    4016 (1887780) + (TTTTTTC)n     Simple_repeat      1     42    (0)   1  
   14   10.4  3.0  3.0  CP018218.1     8635    8667 (1883129) + (CTGAAG)n      Simple_repeat      1     33    (0)   2  
   15   26.2  1.8  1.8  CP018218.1    19248   19303 (1872493) + (TTGATC)n      Simple_repeat      1     56    (0)   3  
   16   25.8  0.0  0.0  CP018218.1    26217   26262 (1865534) + (TCATCT)n      Simple_repeat      1     46    (0)   4  
   13   10.8  3.1  3.1  CP018218.1    77338   77369 (1814427) + (CCACGG)n      Simple_repeat      1     32    (0)   5  
   12   18.9  2.6  2.6  CP018218.1    97236   97273 (1794523) + (TTCATG)n      Simple_repeat      1     38    (0)   6  
   12   25.5  0.0  0.0  CP018218.1   102282  102318 (1789478) + (TTCTTT)n      Simple_repeat      1     37    (0)   7  
  344   21.0  0.0  0.0  CP018218.1   105328  105408 (1786388) C rnd-1_family-0 Unspecified      (0)     83      3   8  
   11   24.1  0.0  0.0  CP018218.1   114168  114201 (1777595) + (CAGCTT)n      Simple_repeat      1     34    (0)   9  
   15   24.1  0.0  0.0  CP018218.1   138353  138391 (1753405) + (TTC)n         Simple_repeat      1     39    (0)  10  
   12    7.9  7.4  0.0  CP018218.1   139308  139334 (1752462) + (AGAAA)n       Simple_repeat      1     29    (0)  11  
   13   11.5  3.2  3.2  CP018218.1   142089  142119 (1749677) + (CAG)n         Simple_repeat      1     31    (0)  12  
   11   18.1  2.4  5.0  CP018218.1   154903  154943 (1736853) + (TCCAGCA)n     Simple_repeat      1     40    (0)  13  
   23   15.3  0.0  0.0  CP018218.1   177667  177710 (1714086) + (CCATAA)n      Simple_repeat      1     44    (0)  14  
   15   19.6  0.0  0.0  CP018218.1   178751  178785 (1713011) + (CCTTGG)n      Simple_repeat      1     35    (0)  15  
   13   17.6  0.0  0.0  CP018218.1   180315  180341 (1711455) + (TGA)n         Simple_repeat      1     27    (0)  16  
   19    0.0  0.0  9.4  CP018218.1   260666  260700 (1631096) + (AACTTG)n      Simple_repeat      1     32    (0)  17  
   16    9.4  5.6  2.7  CP018218.1   279317  279352 (1612444) + (CTT)n         Simple_repeat      1     37    (0)  18  
   18   21.8  0.0  0.0  CP018218.1   285569  285605 (1606191) + (A)n           Simple_repeat      1     37    (0)  19  
  382   20.5  0.0  0.0  CP018218.1   302454  302536 (1589260) C rnd-1_family-0 Unspecified      (0)     83      1  20  
  399   16.9  0.0  0.0  CP018218.1   350281  350363 (1541433) + rnd-1_family-0 Unspecified        1     83    (0)  21  
   12   17.2  8.3  2.0  CP018218.1   352073  352120 (1539676) + (TGATCT)n      Simple_repeat      1     51    (0)  22  
   13   13.1  0.0  0.0  CP018218.1   375149  375173 (1516623) + (ATAA)n        Simple_repeat      1     25    (0)  23  
   12   23.3  0.0  0.0  CP018218.1   383315  383349 (1508447) + (CGGCAA)n      Simple_repeat      1     35    (0)  24  
   14    7.8  3.7  0.0  CP018218.1   391006  391032 (1500764) + (AAATG)n       Simple_repeat      1     28    (0)  25  
   11   24.1  0.0  0.0  CP018218.1   406488  406521 (1485275) + (CCAGGC)n      Simple_repeat      1     34    (0)  26  
   12   23.9  0.0  2.5  CP018218.1   444489  444529 (1447267) + (AAAGAAA)n     Simple_repeat      1     40    (0)  27  
   12   21.6  0.0  5.1  CP018218.1   490168  490208 (1401588) + (CAGG)n        Simple_repeat      1     39    (0)  28  
   16   38.8  0.7  4.9  CP018218.1   506739  506886 (1384910) + (CACTAA)n      Simple_repeat      1    142    (0)  29  
   17   12.0  0.0  5.3  CP018218.1   522203  522242 (1369554) + (TTTTAC)n      Simple_repeat      1     38    (0)  30  
   13   12.1  8.3  0.0  CP018218.1   525619  525654 (1366142) + (GCCCTG)n      Simple_repeat      1     39    (0)  31  
   11   24.1  0.0  0.0  CP018218.1   531394  531427 (1360369) + (ACGGCA)n      Simple_repeat      1     34    (0)  32  
   13   15.4  0.0  3.3  CP018218.1   534474  534504 (1357292) + (AGGC)n        Simple_repeat      1     30    (0)  33  
  321   25.6  0.0  0.0  CP018218.1   551934  552015 (1339781) + rnd-1_family-0 Unspecified        1     82    (1)  34  
   16   13.6  4.7  2.3  CP018218.1   554082  554124 (1337672) + (GTCTGTT)n     Simple_repeat      1     44    (0)  35  
   11   12.5 13.6  0.0  CP018218.1   561906  561949 (1329847) + (GAAGCC)n      Simple_repeat      1     50    (0)  36  
   12   24.5  0.0  8.8  CP018218.1   580070  580131 (1311665) + (TTTTTC)n      Simple_repeat      1     57    (0)  37  
   13   13.2  0.0  8.3  CP018218.1   584122  584160 (1307636) + (TCCAGC)n      Simple_repeat      1     36    (0)  38  
   13   21.3  4.3  2.1  CP018218.1   584203  584249 (1307547) + (AACTAC)n      Simple_repeat      1     48    (0)  39  
   11   27.7  0.0  2.3  CP018218.1   613403  613447 (1278349) + (CGCCTGC)n     Simple_repeat      1     44    (0)  40  
   29    8.7  2.0  0.0  CP018218.1   631500  631548 (1260248) + (TGATT)n       Simple_repeat      1     50    (0)  41  
   16   12.6 11.5  0.0  CP018218.1   636024  636075 (1255721) + (CTTTTTT)n     Simple_repeat      1     58    (0)  42 *
   21   19.4  0.0  0.0  CP018218.1   636026  636072 (1255724) + (TTTTTC)n      Simple_repeat      1     47    (0)  43  
   13   19.2  2.2  4.5  CP018218.1   640690  640734 (1251062) + (AAAAGTA)n     Simple_repeat      1     44    (0)  44  
   12   14.0  6.2  0.0  CP018218.1   641328  641359 (1250437) + (TAAAA)n       Simple_repeat      1     34    (0)  45  
   12   18.9  2.6  2.6  CP018218.1   650081  650118 (1241678) + (CTTTGC)n      Simple_repeat      1     38    (0)  46  
   12   19.4  0.0  5.4  CP018218.1   650552  650590 (1241206) + (ACCGGCA)n     Simple_repeat      1     37    (0)  47  
   13   19.8  6.3  4.7  CP018218.1   657412  657474 (1234322) + (GAA)n         Simple_repeat      1     64    (0)  48  
   18   23.6  2.9  2.9  CP018218.1   663286  663353 (1228443) + (AGTTCA)n      Simple_repeat      1     68    (0)  49  
   14   17.2  2.4  2.4  CP018218.1   693540  693580 (1198216) + (AACAACT)n     Simple_repeat      1     41    (0)  50  
   13   19.9  2.9  0.0  CP018218.1   695548  695582 (1196214) + (TCTTT)n       Simple_repeat      1     36    (0)  51  
   16   12.0  2.5  5.1  CP018218.1   697121  697160 (1194636) + (CAGC)n        Simple_repeat      1     39    (0)  52  
   14   20.3 10.0  1.3  CP018218.1   703265  703334 (1188462) + (GCTGAA)n      Simple_repeat      1     76    (0)  53  
   12   24.4  0.0  0.0  CP018218.1   759901  759934 (1131862) + (GCCCT)n       Simple_repeat      1     34    (0)  54  
   14   18.9  0.0  2.7  CP018218.1   776113  776150 (1115646) + (TAGAAAC)n     Simple_repeat      1     37    (0)  55  
   20    9.2  2.9  0.0  CP018218.1   804127  804161 (1087635) + (AAG)n         Simple_repeat      1     36    (0)  56  
   13    9.4  5.3  5.3  CP018218.1   807064  807101 (1084695) + (GAATCCA)n     Simple_repeat      1     38    (0)  57  
   17   27.7  0.0  1.8  CP018218.1   814297  814354 (1077442) + (AAGAAG)n      Simple_repeat      1     57    (0)  58  
   16   20.5  0.0  0.0  CP018218.1   819842  819880 (1071916) + (AAGAAC)n      Simple_repeat      1     39    (0)  59  
   13   23.8  0.0  4.3  CP018218.1   824760  824807 (1066989) + (AAAAGAA)n     Simple_repeat      1     46    (0)  60  
   15   25.2  0.0  0.0  CP018218.1   868843  868885 (1022911) + (ACCAGC)n      Simple_repeat      1     43    (0)  61  
   12   31.6  2.9  1.4  CP018218.1   892659  892726  (999070) + (AAAGGAA)n     Simple_repeat      1     69    (0)  62  
   15   22.5  0.0  8.2  CP018218.1   907550  907615  (984181) + (TTTTTGC)n     Simple_repeat      1     61    (0)  63  
   21   14.4  0.0  6.1  CP018218.1   912295  912346  (979450) + (AGCAAA)n      Simple_repeat      1     49    (0)  64  
  277   18.5  0.0  0.0  CP018218.1   914376  914440  (977356) + rnd-1_family-0 Unspecified        3     67   (16)  65  
   13   26.2  2.0  2.0  CP018218.1   939583  939631  (952165) + (AAAGA)n       Simple_repeat      1     49    (0)  66  
   13   10.0  0.0  0.0  CP018218.1  1000284 1000305  (891491) + (ACG)n         Simple_repeat      1     22    (0)  67  
  328   22.2  0.0  0.0  CP018218.1  1046948 1047028  (844768) + rnd-1_family-0 Unspecified        3     83    (0)  68  
   13   10.5  6.5  0.0  CP018218.1  1085536 1085566  (806230) + (TTTTCC)n      Simple_repeat      1     33    (0)  69  
   16   19.7  6.7  1.6  CP018218.1  1113770 1113829  (777967) + (AAGCAG)n      Simple_repeat      1     63    (0)  70  
   12   17.1  2.9  2.9  CP018218.1  1113771 1113805  (777991) + (AGC)n         Simple_repeat      1     35    (0)  71 *
   14    7.2  3.0  6.2  CP018218.1  1113918 1113950  (777846) + (AGAA)n        Simple_repeat      1     32    (0)  72  
   14   14.0  3.1  0.0  CP018218.1  1125793 1125824  (765972) + (AAAGAA)n      Simple_repeat      1     33    (0)  73  
   14   15.9  0.0  0.0  CP018218.1  1137007 1137034  (754762) + (ACC)n         Simple_repeat      1     28    (0)  74  
   12   24.1  2.6  0.0  CP018218.1  1163375 1163413  (728383) + (CTGG)n        Simple_repeat      1     40    (0)  75  
  306   27.7  0.0  0.0  CP018218.1  1182207 1182289  (709507) + rnd-1_family-0 Unspecified        1     83    (0)  76  
   11   24.6  4.0  2.0  CP018218.1  1189019 1189068  (702728) + (AGATGA)n      Simple_repeat      1     51    (0)  77  
   13   19.2  7.9  3.0  CP018218.1  1223665 1223727  (668069) + (GCTTGA)n      Simple_repeat      1     66    (0)  78  
   13   20.9  0.0  0.0  CP018218.1  1247290 1247322  (644474) + (TTTC)n        Simple_repeat      1     33    (0)  79  
   14   33.1  0.0  0.0  CP018218.1  1258602 1258657  (633139) + (GAA)n         Simple_repeat      1     56    (0)  80  
   12   22.4  0.0  2.7  CP018218.1  1268411 1268448  (623348) + (AGCTGAA)n     Simple_repeat      1     37    (0)  81  
   13   19.1  5.1  5.1  CP018218.1  1280911 1280969  (610827) + (GATCAT)n      Simple_repeat      1     59    (0)  82  
   13   18.7  0.0  5.3  CP018218.1  1286184 1286223  (605573) + (GCCGTTT)n     Simple_repeat      1     38    (0)  83  
   12   23.5  0.0  0.0  CP018218.1  1287486 1287520  (604276) + (TCATCT)n      Simple_repeat      1     35    (0)  84  
   12    5.5  0.0  0.0  CP018218.1  1316232 1316250  (575546) + (TCA)n         Simple_repeat      1     19    (0)  85  
   14   13.6  0.0  5.9  CP018218.1  1325849 1325884  (565912) + (AAAACA)n      Simple_repeat      1     34    (0)  86  
   11   20.2  2.9  0.0  CP018218.1  1332970 1333003  (558793) + (TTTCTG)n      Simple_repeat      1     35    (0)  87  
  262   17.7  0.0  0.0  CP018218.1  1354320 1354381  (537415) C rnd-1_family-0 Unspecified     (19)     64      3  88  
   14   17.5  0.0  3.0  CP018218.1  1372469 1372502  (519294) + (GAA)n         Simple_repeat      1     33    (0)  89  
   16   11.3  7.9  0.0  CP018218.1  1409518 1409555  (482241) + (AAAG)n        Simple_repeat      1     41    (0)  90  
   12   20.0  0.0  2.9  CP018218.1  1419953 1419988  (471808) + (TTTTTC)n      Simple_repeat      1     35    (0)  91  
   13    9.7  9.1  0.0  CP018218.1  1441808 1441840  (449956) + (TTGACC)n      Simple_repeat      1     36    (0)  92  
   14   20.2  0.0  0.0  CP018218.1  1442367 1442400  (449396) + (TTTATT)n      Simple_repeat      1     34    (0)  93  
  402   20.5  0.0  0.0  CP018218.1  1443067 1443149  (448647) + rnd-1_family-0 Unspecified        1     83    (0)  94  
   21   20.2  0.0  8.8  CP018218.1  1461465 1461538  (430258) + (CTT)n         Simple_repeat      1     68    (0)  95  
   13   21.5  4.7  0.0  CP018218.1  1486058 1486100  (405696) + (CTTGTTA)n     Simple_repeat      1     45    (0)  96  
   13   18.9  0.0  0.0  CP018218.1  1512548 1512577  (379219) + (CTT)n         Simple_repeat      1     30    (0)  97  
   12   20.8  0.0  2.9  CP018218.1  1568691 1568725  (323071) + (TTTTA)n       Simple_repeat      1     34    (0)  98  
   12   11.1  3.2  3.2  CP018218.1  1575992 1576022  (315774) + (GGTCCA)n      Simple_repeat      1     31    (0)  99  
   13   36.6  0.0  0.0  CP018218.1  1586677 1586742  (305054) + (CTTCTT)n      Simple_repeat      1     66    (0) 100  
   13   26.8  0.0  0.0  CP018218.1  1618374 1618413  (273383) + (AAAAA)n       Simple_repeat      1     40    (0) 101  
   15   16.0  2.9  0.0  CP018218.1  1620934 1620968  (270828) + (TTCGTC)n      Simple_repeat      1     36    (0) 102  
   14   16.2  0.0  0.0  CP018218.1  1630666 1630693  (261103) + (AGA)n         Simple_repeat      1     28    (0) 103  
   11   24.1  0.0  0.0  CP018218.1  1678641 1678674  (213122) + (GCCGTA)n      Simple_repeat      1     34    (0) 104  
   12   17.6  2.4  4.9  CP018218.1  1713990 1714031  (177765) + (AGCCGGC)n     Simple_repeat      1     41    (0) 105  
   25   18.1  3.7  4.9  CP018218.1  1728916 1728997  (162799) + (TTCT)n        Simple_repeat      1     81    (0) 106  
   12   14.3  3.0  3.0  CP018218.1  1742669 1742701  (149095) + (AGCTGC)n      Simple_repeat      1     33    (0) 107  
   23   17.4  0.0  0.0  CP018218.1  1759850 1759894  (131902) + (CAG)n         Simple_repeat      1     45    (0) 108  
   13   14.5 10.9  1.7  CP018218.1  1768254 1768308  (123488) + (TACTATT)n     Simple_repeat      1     60    (0) 109 *
   16   16.9  0.0  0.0  CP018218.1  1768264 1768290  (123506) + (T)n           Simple_repeat      1     27    (0) 110  
   12   12.5  0.0  3.7  CP018218.1  1784267 1784294  (107502) + (AGAAA)n       Simple_repeat      1     27    (0) 111  
   13   25.6  0.0  0.0  CP018218.1  1792447 1792483   (99313) + (GAA)n         Simple_repeat      1     37    (0) 112  
   17   13.9  3.8  5.8  CP018218.1  1796982 1797034   (94762) + (AGAA)n        Simple_repeat      1     52    (0) 113  
   16   16.7  0.0  0.0  CP018218.1  1805519 1805552   (86244) + (GGCCAT)n      Simple_repeat      1     34    (0) 114  
   19    8.8  0.0  7.7  CP018218.1  1820732 1820773   (71023) + (ATTTT)n       Simple_repeat      1     39    (0) 115  
   17   24.2  4.8  0.0  CP018218.1  1825606 1825668   (66128) + (TGAAGT)n      Simple_repeat      1     66    (0) 116  
   14   27.2  0.0  5.3  CP018218.1  1825726 1825785   (66011) + (GCTATA)n      Simple_repeat      1     57    (0) 117  
   16   19.3  0.0  2.4  CP018218.1  1830677 1830719   (61077) + (TTTTTTC)n     Simple_repeat      1     42    (0) 118  
   14   10.4  3.0  3.0  CP018218.1  1835338 1835370   (56426) + (CTGAAG)n      Simple_repeat      1     33    (0) 119  
   15   26.2  1.8  1.8  CP018218.1  1845951 1846006   (45790) + (TTGATC)n      Simple_repeat      1     56    (0) 120  
   16   25.8  0.0  0.0  CP018218.1  1852920 1852965   (38831) + (TCATCT)n      Simple_repeat      1     46    (0) 121  
