    16 19.34 0.00 2.38           CP018218.1      3974      4016 (1887780) +           (TTTTTTC)n   Simple_repeat       1      42     (0)    
    14 10.43 3.03 3.03           CP018218.1      8635      8667 (1883129) +            (CTGAAG)n   Simple_repeat       1      33     (0)    
    15 26.25 1.79 1.79           CP018218.1     19248     19303 (1872493) +            (TTGATC)n   Simple_repeat       1      56     (0)    
    16 25.80 0.00 0.00           CP018218.1     26217     26262 (1865534) +            (TCATCT)n   Simple_repeat       1      46     (0)    
    13 10.80 3.12 3.12           CP018218.1     77338     77369 (1814427) +            (CCACGG)n   Simple_repeat       1      32     (0)    
    12 18.86 2.63 2.63           CP018218.1     97236     97273 (1794523) +            (TTCATG)n   Simple_repeat       1      38     (0)    
    12 25.52 0.00 0.00           CP018218.1    102282    102318 (1789478) +            (TTCTTT)n   Simple_repeat       1      37     (0)    
   344 20.99 0.00 0.00           CP018218.1    105328    105408 (1786388) C       rnd-1_family-0     Unspecified     (0)      83       3    
    11 24.12 0.00 0.00           CP018218.1    114168    114201 (1777595) +            (CAGCTT)n   Simple_repeat       1      34     (0)    
    15 24.13 0.00 0.00           CP018218.1    138353    138391 (1753405) +               (TTC)n   Simple_repeat       1      39     (0)    
    12 7.86 7.41 0.00           CP018218.1    139308    139334 (1752462) +             (AGAAA)n   Simple_repeat       1      29     (0)    
    13 11.53 3.23 3.23           CP018218.1    142089    142119 (1749677) +               (CAG)n   Simple_repeat       1      31     (0)    
    11 18.13 2.44 5.00           CP018218.1    154903    154943 (1736853) +           (TCCAGCA)n   Simple_repeat       1      40     (0)    
    23 15.27 0.00 0.00           CP018218.1    177667    177710 (1714086) +            (CCATAA)n   Simple_repeat       1      44     (0)    
    15 19.56 0.00 0.00           CP018218.1    178751    178785 (1713011) +            (CCTTGG)n   Simple_repeat       1      35     (0)    
    13 17.57 0.00 0.00           CP018218.1    180315    180341 (1711455) +               (TGA)n   Simple_repeat       1      27     (0)    
    19 0.00 0.00 9.38           CP018218.1    260666    260700 (1631096) +            (AACTTG)n   Simple_repeat       1      32     (0)    
    16 9.43 5.56 2.70           CP018218.1    279317    279352 (1612444) +               (CTT)n   Simple_repeat       1      37     (0)    
    18 21.81 0.00 0.00           CP018218.1    285569    285605 (1606191) +                 (A)n   Simple_repeat       1      37     (0)    
   382 20.48 0.00 0.00           CP018218.1    302454    302536 (1589260) C       rnd-1_family-0     Unspecified     (0)      83       1    
   399 16.87 0.00 0.00           CP018218.1    350281    350363 (1541433) +       rnd-1_family-0     Unspecified       1      83     (0)    
    12 17.24 8.33 1.96           CP018218.1    352073    352120 (1539676) +            (TGATCT)n   Simple_repeat       1      51     (0)    
    13 13.08 0.00 0.00           CP018218.1    375149    375173 (1516623) +              (ATAA)n   Simple_repeat       1      25     (0)    
    12 23.27 0.00 0.00           CP018218.1    383315    383349 (1508447) +            (CGGCAA)n   Simple_repeat       1      35     (0)    
    14 7.81 3.70 0.00           CP018218.1    391006    391032 (1500764) +             (AAATG)n   Simple_repeat       1      28     (0)    
    11 24.08 0.00 0.00           CP018218.1    406488    406521 (1485275) +            (CCAGGC)n   Simple_repeat       1      34     (0)    
    12 23.90 0.00 2.50           CP018218.1    444489    444529 (1447267) +           (AAAGAAA)n   Simple_repeat       1      40     (0)    
    12 21.63 0.00 5.13           CP018218.1    490168    490208 (1401588) +              (CAGG)n   Simple_repeat       1      39     (0)    
    16 38.79 0.68 4.93           CP018218.1    506739    506886 (1384910) +            (CACTAA)n   Simple_repeat       1     142     (0)    
    17 11.98 0.00 5.26           CP018218.1    522203    522242 (1369554) +            (TTTTAC)n   Simple_repeat       1      38     (0)    
    13 12.06 8.33 0.00           CP018218.1    525619    525654 (1366142) +            (GCCCTG)n   Simple_repeat       1      39     (0)    
    11 24.12 0.00 0.00           CP018218.1    531394    531427 (1360369) +            (ACGGCA)n   Simple_repeat       1      34     (0)    
    13 15.42 0.00 3.33           CP018218.1    534474    534504 (1357292) +              (AGGC)n   Simple_repeat       1      30     (0)    
   321 25.61 0.00 0.00           CP018218.1    551934    552015 (1339781) +       rnd-1_family-0     Unspecified       1      82     (1)    
    16 13.59 4.65 2.27           CP018218.1    554082    554124 (1337672) +           (GTCTGTT)n   Simple_repeat       1      44     (0)    
    11 12.48 13.64 0.00           CP018218.1    561906    561949 (1329847) +            (GAAGCC)n   Simple_repeat       1      50     (0)    
    12 24.53 0.00 8.77           CP018218.1    580070    580131 (1311665) +            (TTTTTC)n   Simple_repeat       1      57     (0)    
    13 13.16 0.00 8.33           CP018218.1    584122    584160 (1307636) +            (TCCAGC)n   Simple_repeat       1      36     (0)    
    13 21.28 4.26 2.08           CP018218.1    584203    584249 (1307547) +            (AACTAC)n   Simple_repeat       1      48     (0)    
    11 27.71 0.00 2.27           CP018218.1    613403    613447 (1278349) +           (CGCCTGC)n   Simple_repeat       1      44     (0)    
    29 8.66 2.04 0.00           CP018218.1    631500    631548 (1260248) +             (TGATT)n   Simple_repeat       1      50     (0)    
    16 12.57 11.54 0.00           CP018218.1    636024    636075 (1255721) +           (CTTTTTT)n   Simple_repeat       1      58     (0)    
    21 19.40 0.00 0.00           CP018218.1    636026    636072 (1255724) +            (TTTTTC)n   Simple_repeat       1      47     (0)    
    13 19.24 2.22 4.55           CP018218.1    640690    640734 (1251062) +           (AAAAGTA)n   Simple_repeat       1      44     (0)    
    12 13.96 6.25 0.00           CP018218.1    641328    641359 (1250437) +             (TAAAA)n   Simple_repeat       1      34     (0)    
    12 18.86 2.63 2.63           CP018218.1    650081    650118 (1241678) +            (CTTTGC)n   Simple_repeat       1      38     (0)    
    12 19.41 0.00 5.41           CP018218.1    650552    650590 (1241206) +           (ACCGGCA)n   Simple_repeat       1      37     (0)    
    13 19.78 6.35 4.69           CP018218.1    657412    657474 (1234322) +               (GAA)n   Simple_repeat       1      64     (0)    
    18 23.55 2.94 2.94           CP018218.1    663286    663353 (1228443) +            (AGTTCA)n   Simple_repeat       1      68     (0)    
    14 17.16 2.44 2.44           CP018218.1    693540    693580 (1198216) +           (AACAACT)n   Simple_repeat       1      41     (0)    
    13 19.86 2.86 0.00           CP018218.1    695548    695582 (1196214) +             (TCTTT)n   Simple_repeat       1      36     (0)    
    16 11.96 2.50 5.13           CP018218.1    697121    697160 (1194636) +              (CAGC)n   Simple_repeat       1      39     (0)    
    14 20.31 10.00 1.32           CP018218.1    703265    703334 (1188462) +            (GCTGAA)n   Simple_repeat       1      76     (0)    
    12 24.40 0.00 0.00           CP018218.1    759901    759934 (1131862) +             (GCCCT)n   Simple_repeat       1      34     (0)    
    14 18.87 0.00 2.70           CP018218.1    776113    776150 (1115646) +           (TAGAAAC)n   Simple_repeat       1      37     (0)    
    20 9.18 2.86 0.00           CP018218.1    804127    804161 (1087635) +               (AAG)n   Simple_repeat       1      36     (0)    
    13 9.40 5.26 5.26           CP018218.1    807064    807101 (1084695) +           (GAATCCA)n   Simple_repeat       1      38     (0)    
    17 27.69 0.00 1.75           CP018218.1    814297    814354 (1077442) +            (AAGAAG)n   Simple_repeat       1      57     (0)    
    16 20.52 0.00 0.00           CP018218.1    819842    819880 (1071916) +            (AAGAAC)n   Simple_repeat       1      39     (0)    
    13 23.76 0.00 4.35           CP018218.1    824760    824807 (1066989) +           (AAAAGAA)n   Simple_repeat       1      46     (0)    
    15 25.21 0.00 0.00           CP018218.1    868843    868885 (1022911) +            (ACCAGC)n   Simple_repeat       1      43     (0)    
    12 31.63 2.94 1.45           CP018218.1    892659    892726 (999070) +           (AAAGGAA)n   Simple_repeat       1      69     (0)    
    15 22.54 0.00 8.20           CP018218.1    907550    907615 (984181) +           (TTTTTGC)n   Simple_repeat       1      61     (0)    
    21 14.42 0.00 6.12           CP018218.1    912295    912346 (979450) +            (AGCAAA)n   Simple_repeat       1      49     (0)    
   277 18.46 0.00 0.00           CP018218.1    914376    914440 (977356) +       rnd-1_family-0     Unspecified       3      67    (16)    
    13 26.21 2.04 2.04           CP018218.1    939583    939631 (952165) +             (AAAGA)n   Simple_repeat       1      49     (0)    
    13 10.03 0.00 0.00           CP018218.1   1000284   1000305 (891491) +               (ACG)n   Simple_repeat       1      22     (0)    
   328 22.22 0.00 0.00           CP018218.1   1046948   1047028 (844768) +       rnd-1_family-0     Unspecified       3      83     (0)    
    13 10.46 6.45 0.00           CP018218.1   1085536   1085566 (806230) +            (TTTTCC)n   Simple_repeat       1      33     (0)    
    16 19.73 6.67 1.59           CP018218.1   1113770   1113829 (777967) +            (AAGCAG)n   Simple_repeat       1      63     (0)    
    12 17.15 2.86 2.86           CP018218.1   1113771   1113805 (777991) +               (AGC)n   Simple_repeat       1      35     (0)    
    14 7.24 3.03 6.25           CP018218.1   1113918   1113950 (777846) +              (AGAA)n   Simple_repeat       1      32     (0)    
    14 13.96 3.12 0.00           CP018218.1   1125793   1125824 (765972) +            (AAAGAA)n   Simple_repeat       1      33     (0)    
    14 15.91 0.00 0.00           CP018218.1   1137007   1137034 (754762) +               (ACC)n   Simple_repeat       1      28     (0)    
    12 24.13 2.56 0.00           CP018218.1   1163375   1163413 (728383) +              (CTGG)n   Simple_repeat       1      40     (0)    
   306 27.71 0.00 0.00           CP018218.1   1182207   1182289 (709507) +       rnd-1_family-0     Unspecified       1      83     (0)    
    11 24.64 4.00 1.96           CP018218.1   1189019   1189068 (702728) +            (AGATGA)n   Simple_repeat       1      51     (0)    
    13 19.17 7.94 3.03           CP018218.1   1223665   1223727 (668069) +            (GCTTGA)n   Simple_repeat       1      66     (0)    
    13 20.94 0.00 0.00           CP018218.1   1247290   1247322 (644474) +              (TTTC)n   Simple_repeat       1      33     (0)    
    14 33.14 0.00 0.00           CP018218.1   1258602   1258657 (633139) +               (GAA)n   Simple_repeat       1      56     (0)    
    12 22.42 0.00 2.70           CP018218.1   1268411   1268448 (623348) +           (AGCTGAA)n   Simple_repeat       1      37     (0)    
    13 19.10 5.08 5.08           CP018218.1   1280911   1280969 (610827) +            (GATCAT)n   Simple_repeat       1      59     (0)    
    13 18.71 0.00 5.26           CP018218.1   1286184   1286223 (605573) +           (GCCGTTT)n   Simple_repeat       1      38     (0)    
    12 23.47 0.00 0.00           CP018218.1   1287486   1287520 (604276) +            (TCATCT)n   Simple_repeat       1      35     (0)    
    12 5.48 0.00 0.00           CP018218.1   1316232   1316250 (575546) +               (TCA)n   Simple_repeat       1      19     (0)    
    14 13.64 0.00 5.88           CP018218.1   1325849   1325884 (565912) +            (AAAACA)n   Simple_repeat       1      34     (0)    
    11 20.23 2.94 0.00           CP018218.1   1332970   1333003 (558793) +            (TTTCTG)n   Simple_repeat       1      35     (0)    
   262 17.74 0.00 0.00           CP018218.1   1354320   1354381 (537415) C       rnd-1_family-0     Unspecified    (19)      64       3    
    14 17.50 0.00 3.03           CP018218.1   1372469   1372502 (519294) +               (GAA)n   Simple_repeat       1      33     (0)    
    16 11.35 7.89 0.00           CP018218.1   1409518   1409555 (482241) +              (AAAG)n   Simple_repeat       1      41     (0)    
    12 20.03 0.00 2.86           CP018218.1   1419953   1419988 (471808) +            (TTTTTC)n   Simple_repeat       1      35     (0)    
    13 9.69 9.09 0.00           CP018218.1   1441808   1441840 (449956) +            (TTGACC)n   Simple_repeat       1      36     (0)    
    14 20.23 0.00 0.00           CP018218.1   1442367   1442400 (449396) +            (TTTATT)n   Simple_repeat       1      34     (0)    
   402 20.48 0.00 0.00           CP018218.1   1443067   1443149 (448647) +       rnd-1_family-0     Unspecified       1      83     (0)    
    21 20.20 0.00 8.82           CP018218.1   1461465   1461538 (430258) +               (CTT)n   Simple_repeat       1      68     (0)    
    13 21.51 4.65 0.00           CP018218.1   1486058   1486100 (405696) +           (CTTGTTA)n   Simple_repeat       1      45     (0)    
    13 18.86 0.00 0.00           CP018218.1   1512548   1512577 (379219) +               (CTT)n   Simple_repeat       1      30     (0)    
    12 20.84 0.00 2.94           CP018218.1   1568691   1568725 (323071) +             (TTTTA)n   Simple_repeat       1      34     (0)    
    12 11.09 3.23 3.23           CP018218.1   1575992   1576022 (315774) +            (GGTCCA)n   Simple_repeat       1      31     (0)    
    13 36.63 0.00 0.00           CP018218.1   1586677   1586742 (305054) +            (CTTCTT)n   Simple_repeat       1      66     (0)    
    13 26.84 0.00 0.00           CP018218.1   1618374   1618413 (273383) +             (AAAAA)n   Simple_repeat       1      40     (0)    
    15 16.01 2.86 0.00           CP018218.1   1620934   1620968 (270828) +            (TTCGTC)n   Simple_repeat       1      36     (0)    
    14 16.24 0.00 0.00           CP018218.1   1630666   1630693 (261103) +               (AGA)n   Simple_repeat       1      28     (0)    
    11 24.08 0.00 0.00           CP018218.1   1678641   1678674 (213122) +            (GCCGTA)n   Simple_repeat       1      34     (0)    
    12 17.60 2.38 4.88           CP018218.1   1713990   1714031 (177765) +           (AGCCGGC)n   Simple_repeat       1      41     (0)    
    25 18.14 3.66 4.94           CP018218.1   1728916   1728997 (162799) +              (TTCT)n   Simple_repeat       1      81     (0)    
    12 14.30 3.03 3.03           CP018218.1   1742669   1742701 (149095) +            (AGCTGC)n   Simple_repeat       1      33     (0)    
    23 17.44 0.00 0.00           CP018218.1   1759850   1759894 (131902) +               (CAG)n   Simple_repeat       1      45     (0)    
    13 14.54 10.91 1.67           CP018218.1   1768254   1768308 (123488) +           (TACTATT)n   Simple_repeat       1      60     (0)    
    16 16.93 0.00 0.00           CP018218.1   1768264   1768290 (123506) +                 (T)n   Simple_repeat       1      27     (0)    
    12 12.49 0.00 3.70           CP018218.1   1784267   1784294 (107502) +             (AGAAA)n   Simple_repeat       1      27     (0)    
    13 25.56 0.00 0.00           CP018218.1   1792447   1792483  (99313) +               (GAA)n   Simple_repeat       1      37     (0)    
    17 13.92 3.77 5.77           CP018218.1   1796982   1797034  (94762) +              (AGAA)n   Simple_repeat       1      52     (0)    
    16 16.66 0.00 0.00           CP018218.1   1805519   1805552  (86244) +            (GGCCAT)n   Simple_repeat       1      34     (0)    
    19 8.80 0.00 7.69           CP018218.1   1820732   1820773  (71023) +             (ATTTT)n   Simple_repeat       1      39     (0)    
    17 24.20 4.76 0.00           CP018218.1   1825606   1825668  (66128) +            (TGAAGT)n   Simple_repeat       1      66     (0)    
    14 27.19 0.00 5.26           CP018218.1   1825726   1825785  (66011) +            (GCTATA)n   Simple_repeat       1      57     (0)    
    16 19.34 0.00 2.38           CP018218.1   1830677   1830719  (61077) +           (TTTTTTC)n   Simple_repeat       1      42     (0)    
    14 10.43 3.03 3.03           CP018218.1   1835338   1835370  (56426) +            (CTGAAG)n   Simple_repeat       1      33     (0)    
    15 26.25 1.79 1.79           CP018218.1   1845951   1846006  (45790) +            (TTGATC)n   Simple_repeat       1      56     (0)    
    16 25.80 0.00 0.00           CP018218.1   1852920   1852965  (38831) +            (TCATCT)n   Simple_repeat       1      46     (0)    
