000266 80.4 002534 002701 gi|4 022846 022997 gi|23 
001822 74.2 006587 005204 gi|4 022702 024090 gi|36 
000251 86.5 008276 008129 gi|4 019850 019996 gi|36 
000293 84.8 015820 015611 gi|4 021249 021451 gi|15 
000368 75.9 018112 017707 gi|4 000757 001158 gi|21 
000512 75.1 018048 017716 gi|4 016378 016705 gi|20 
000430 74.7 017823 018043 gi|4 037213 037427 gi|14 
000550 79.7 018312 017864 gi|4 010382 010818 gi|34 
000390 76.0 017879 018423 gi|4 016305 016813 gi|23 
000437 75.3 019870 019285 gi|4 008828 009416 gi|34 
000355 78.3 019653 019869 gi|4 018160 018373 gi|23 
002006 75.5 020561 022070 gi|4 011857 013354 gi|43 
001972 75.8 020561 022070 gi|4 026261 027752 gi|19 
001095 72.0 024636 025178 gi|4 032279 032880 gi|33 
001245 74.3 024700 025178 gi|4 006691 007222 gi|46 
001088 76.5 024702 025185 gi|4 008012 008545 gi|23 
001088 75.4 024732 025178 gi|4 011321 011812 gi|31 
001278 75.9 024768 025178 gi|4 034316 034773 gi|33 
000917 73.3 025197 024849 gi|4 031950 032307 gi|8 
000569 74.5 024858 025179 gi|4 014616 014940 gi|46 
000744 78.1 024858 025217 gi|4 031948 032308 gi|35 
000775 78.3 024859 025186 gi|4 036326 036650 gi|33 
000604 75.5 024870 025179 gi|4 002546 002867 gi|40 
000811 71.8 024977 025178 gi|4 031018 031219 gi|33 
000432 71.3 025155 025450 gi|4 002945 003246 gi|40 
000886 74.3 025160 025474 gi|4 034859 035189 gi|33 
000793 77.1 025160 025474 gi|4 032966 033296 gi|33 
000611 76.5 025160 025537 gi|4 007308 007709 gi|46 
000487 80.1 025461 025165 gi|4 031568 031883 gi|8 
000307 74.7 025167 025257 gi|4 008638 008728 gi|23 
000267 72.6 025172 025437 gi|4 032376 032665 gi|35 
000823 71.6 025174 025536 gi|4 011919 012287 gi|31 
000333 73.9 025178 025483 gi|4 036756 037070 gi|33 
000461 81.0 025350 025486 gi|4 031300 031436 gi|33 
000789 77.3 025408 026003 gi|4 035241 035830 gi|33 
001066 75.7 025427 026038 gi|4 007714 008313 gi|46 
000337 75.2 025446 025800 gi|4 003344 003686 gi|40 
000766 79.3 025453 025989 gi|4 031515 032044 gi|33 
000388 74.0 025989 025460 gi|4 030939 031465 gi|8 
000526 75.8 025469 025984 gi|4 012301 012841 gi|31 
000690 75.8 025517 026007 gi|4 033444 033935 gi|33 
000490 73.1 025665 025976 gi|4 009241 009558 gi|23 
000297 70.0 025696 025985 gi|4 037385 037680 gi|33 
001059 75.0 030151 030845 gi|4 036941 037638 gi|13 
000262 84.4 031202 031451 gi|4 012612 012840 gi|12 
000517 74.0 000002 000151 gi|2 020128 020277 gi|33 
001314 75.4 000413 000003 gi|2 010398 010808 gi|39 
000426 78.1 000401 000004 gi|2 038679 039060 gi|5 
000280 69.2 000317 000006 gi|2 018484 018795 gi|5 
001040 75.1 000391 000010 gi|2 011877 012259 gi|39 
000255 79.3 001995 002081 gi|2 014675 014763 gi|21 
000324 74.0 010990 010537 gi|2 010433 010868 gi|35 
000283 77.6 010985 010629 gi|2 025166 025511 gi|40 
000276 84.0 034478 034317 gi|2 023233 023373 gi|4 
000267 75.2 038932 038699 gi|2 006097 006317 gi|9 
000305 74.1 002093 002413 gi|3 012726 013054 gi|35 
000284 77.9 002296 002220 gi|3 010917 011000 gi|40 
000529 74.4 003509 003076 gi|3 026345 026784 gi|8 
022789 95.9 005967 008645 gi|3 028078 030745 gi|28 
022789 95.9 005967 008645 gi|3 012400 015067 gi|27 
023010 95.8 005973 008640 gi|3 017976 020643 gi|38 
022520 96.3 008642 005973 gi|3 022118 024750 gi|16 
022792 95.5 005977 008649 gi|3 027168 029847 gi|34 
000930 98.3 005977 006091 gi|3 008874 008989 gi|32 
022146 96.4 006072 008640 gi|3 010221 012801 gi|32 
000875 74.3 006374 007207 gi|3 002003 002851 gi|26 
000325 69.8 007669 007900 gi|3 003436 003658 gi|26 
002083 93.1 008641 008381 gi|3 027666 027926 gi|39 
000564 75.9 011446 012213 gi|3 000601 001358 gi|35 
000256 78.7 014023 014200 gi|3 011525 011723 gi|13 
000360 79.8 014133 014429 gi|3 012149 012442 gi|14 
000277 77.9 014713 014825 gi|3 033176 033295 gi|27 
000277 77.9 014713 014825 gi|3 007357 007476 gi|19 
000373 76.9 016463 016360 gi|3 000805 000905 gi|15 
000268 81.4 020704 020843 gi|3 003610 003741 gi|40 
000330 75.1 027782 028014 gi|3 028146 028381 gi|13 
000252 79.8 028811 028698 gi|3 015780 015910 gi|11 
002584 76.3 000267 001238 gi|1 033434 034403 gi|31 
000260 80.9 002816 002925 gi|1 036778 036884 gi|10 
000382 73.7 003879 003102 gi|1 010243 010997 gi|34 
000420 75.1 003154 003490 gi|1 037117 037461 gi|14 
000719 77.5 003878 003159 gi|1 015986 016688 gi|20 
001115 75.3 003241 003855 gi|1 017814 018431 gi|4 
000580 75.3 003243 003525 gi|1 016246 016536 gi|23 
000538 73.5 003799 003249 gi|1 000526 001040 gi|21 
000328 83.5 005239 005034 gi|1 009257 009462 gi|34 
000284 85.2 005258 005056 gi|1 015345 015532 gi|20 
000340 76.1 005705 005451 gi|1 014922 015179 gi|20 
000375 81.6 005474 005777 gi|1 018165 018465 gi|23 
000472 74.4 005706 005484 gi|1 008817 009042 gi|34 
000276 79.0 005573 005686 gi|1 019736 019855 gi|4 
000260 81.6 014128 014042 gi|1 018935 019021 gi|23 
000366 77.4 014308 014643 gi|1 019302 019640 gi|31 
000252 80.9 014309 014491 gi|1 024745 024932 gi|22 
000288 76.6 014836 014406 gi|1 037464 037912 gi|44 
000255 87.0 014506 014430 gi|1 032252 032337 gi|48 
000258 83.8 014628 014726 gi|1 020863 020962 gi|31 
000283 88.9 014756 014676 gi|1 029351 029416 gi|46 
000260 82.9 014738 014854 gi|1 022989 023108 gi|38 
000322 68.8 015388 015155 gi|1 004837 005070 gi|15 
000280 74.6 015785 015554 gi|1 004431 004674 gi|15 
000257 76.1 017181 017414 gi|1 034682 034889 gi|16 
000457 76.0 024320 024059 gi|1 025496 025766 gi|5 
000583 78.5 024311 024066 gi|1 028449 028703 gi|5 
000483 71.8 024290 024068 gi|1 021950 022181 gi|5 
000358 78.9 024304 024068 gi|1 022998 023238 gi|5 
000388 79.3 024317 024096 gi|1 026469 026699 gi|5 
000287 76.9 025072 024671 gi|1 001288 001689 gi|47 
001906 75.5 026299 024687 gi|1 027086 028624 gi|45 
001477 73.4 025390 024687 gi|1 034089 034795 gi|38 
000849 70.7 025377 024695 gi|1 000177 000874 gi|18 
000295 71.7 024990 024726 gi|1 002426 002690 gi|46 
000359 71.6 025031 024729 gi|1 001555 001857 gi|46 
000475 70.5 025376 024763 gi|1 032146 032777 gi|42 
000481 71.3 024765 024994 gi|1 018769 018993 gi|20 
000553 75.4 024765 025873 gi|1 022823 023873 gi|47 
000294 74.5 024991 024765 gi|1 028000 028229 gi|39 
001079 75.8 025378 024776 gi|1 031897 032500 gi|48 
000335 76.2 025190 024783 gi|1 006680 007105 gi|45 
000568 71.4 025352 024783 gi|1 028363 028959 gi|8 
000272 76.7 024783 024988 gi|1 015438 015640 gi|22 
000376 72.7 024816 024991 gi|1 035060 035238 gi|20 
000338 74.5 025234 024816 gi|1 000056 000498 gi|47 
000268 82.4 025014 024816 gi|1 006669 006858 gi|24 
000482 77.4 024818 025003 gi|1 020649 020834 gi|26 
000317 74.2 025072 024864 gi|1 027477 027685 gi|42 
000284 74.4 024994 024870 gi|1 036920 037045 gi|44 
000253 76.0 024892 024991 gi|1 019380 019479 gi|31 
000314 77.9 025467 024893 gi|1 014550 015090 gi|8 
000293 73.2 024990 024894 gi|1 015102 015198 gi|23 
000338 73.0 024896 025043 gi|1 037288 037440 gi|30 
000343 75.0 025412 024912 gi|1 005654 006148 gi|29 
000307 80.3 024915 024990 gi|1 003030 003105 gi|30 
000487 72.9 025997 025658 gi|1 035820 036155 gi|38 
000273 70.4 025658 025873 gi|1 025500 025715 gi|22 
000340 74.2 026806 026574 gi|1 035058 035284 gi|38 
000259 85.0 034685 034593 gi|1 032663 032747 gi|15 
001467 78.5 035939 036656 gi|1 019988 020694 gi|11 
000291 74.1 039070 038607 gi|1 009537 010000 gi|48 
000263 81.2 038719 038651 gi|1 030349 030421 gi|9 
000299 80.2 002614 002699 gi|5 021745 021828 gi|32 
000628 71.9 013791 014456 gi|5 026539 027190 gi|28 
000628 71.9 013791 014456 gi|5 010861 011512 gi|27 
000381 73.7 014657 014808 gi|5 027403 027554 gi|28 
000381 73.7 014657 014808 gi|5 011725 011876 gi|27 
000551 74.0 015223 015729 gi|5 009590 010098 gi|39 
000920 71.2 018486 019145 gi|5 010496 011146 gi|39 
000916 74.8 018661 019141 gi|5 012128 012599 gi|39 
000687 69.8 019145 018669 gi|5 019788 020258 gi|33 
000530 74.6 019144 018810 gi|5 039911 040236 gi|38 
000289 84.9 023781 023696 gi|5 036529 036616 gi|39 
002618 98.4 023699 024015 gi|5 033801 034114 gi|47 
002661 97.8 024015 023702 gi|5 003320 003636 gi|18 
002682 99.3 024015 023714 gi|5 007199 007498 gi|13 
002587 98.3 023727 024015 gi|5 028921 029209 gi|13 
002641 99.7 024015 023729 gi|5 021549 021835 gi|47 
002648 100.0 023730 024015 gi|5 004521 004806 gi|31 
002227 94.3 023734 024015 gi|5 030591 030872 gi|9 
000430 79.6 027678 027287 gi|5 034445 034830 gi|35 
000302 71.2 027373 027876 gi|5 013278 013781 gi|29 
000267 73.5 027510 027398 gi|5 034962 035071 gi|7 
000261 73.0 036630 036479 gi|5 006748 006896 gi|24 
000269 80.7 036627 036504 gi|5 005914 006033 gi|24 
000269 73.0 036694 036543 gi|5 021968 022119 gi|48 
000690 71.5 037527 036880 gi|5 005847 006495 gi|24 
000262 71.3 037492 037305 gi|5 021152 021339 gi|48 
000310 77.5 037513 037318 gi|5 022001 022181 gi|48 
000317 76.2 037967 037867 gi|5 006365 006465 gi|24 
001097 73.1 039438 038551 gi|5 019764 020642 gi|33 
000827 77.0 038815 039414 gi|5 010556 011146 gi|39 
000651 74.5 038906 039410 gi|5 012101 012599 gi|39 
000367 84.6 039842 039765 gi|5 027363 027435 gi|44 
000286 71.3 039972 040135 gi|5 007921 008089 gi|25 
000260 86.9 005118 005216 gi|7 006992 007085 gi|40 
011296 97.4 006942 008221 gi|7 026115 027406 gi|38 
011680 99.8 008224 006977 gi|7 021026 022273 gi|38 
011653 100.0 008219 006981 gi|7 008982 010220 gi|32 
018144 92.8 015250 012999 gi|7 030823 033074 gi|29 
000561 74.5 015091 014716 gi|7 034363 034741 gi|26 
000251 81.2 023607 023686 gi|7 024944 025015 gi|15 
003334 84.9 025882 026601 gi|7 030089 030801 gi|29 
000375 90.0 026602 026533 gi|7 016904 016966 gi|32 
000390 90.1 026533 026603 gi|7 033817 033880 gi|44 
000390 90.1 026603 026533 gi|7 033104 033167 gi|12 
000313 91.1 026557 026601 gi|7 018502 018547 gi|32 
000333 90.3 026618 026557 gi|7 032223 032281 gi|44 
000288 88.9 026557 026601 gi|7 034702 034747 gi|12 
000299 95.2 026560 026601 gi|7 019060 019099 gi|41 
000317 91.7 026610 026563 gi|7 028484 028528 gi|29 
000753 72.8 030546 030216 gi|7 025690 026013 gi|23 
001133 74.6 030248 030901 gi|7 022413 023062 gi|38 
000630 72.0 030248 030861 gi|7 001006 001619 gi|30 
001018 72.1 030251 030942 gi|7 016838 017529 gi|20 
000371 76.5 030257 030418 gi|7 019766 019927 gi|42 
000392 71.7 030268 030850 gi|7 018713 019295 gi|20 
000284 74.3 030439 030547 gi|7 024397 024505 gi|38 
000256 82.9 030458 030568 gi|7 018521 018634 gi|31 
000418 72.7 030465 030922 gi|7 003027 003484 gi|30 
000275 74.0 030766 030861 gi|7 019973 020067 gi|42 
000279 71.2 031973 032316 gi|7 000967 001302 gi|30 
000701 73.0 031997 032729 gi|7 024180 024915 gi|38 
000845 71.8 032056 032698 gi|7 018729 019368 gi|20 
000270 71.8 032056 032346 gi|7 002843 003134 gi|30 
000477 69.4 032069 032724 gi|7 016884 017536 gi|20 
000350 75.7 032724 032187 gi|7 001187 001721 gi|46 
000282 76.3 032216 032329 gi|7 020722 020837 gi|26 
000278 82.5 032217 032319 gi|7 026200 026301 gi|9 
000289 75.3 032542 032634 gi|7 019976 020068 gi|42 
000283 83.0 032599 032657 gi|7 021105 021163 gi|26 
000385 72.6 034801 035110 gi|7 034452 034758 gi|35 
002054 87.2 035351 035656 gi|7 021847 022152 gi|45 
001969 94.9 035651 035903 gi|7 022836 023083 gi|45 
000278 91.3 035923 035878 gi|7 023692 023735 gi|32 
000406 83.0 001207 001436 gi|6 032514 032728 gi|46 
000267 86.4 002667 002732 gi|6 033761 033832 gi|46 
011940 97.3 007099 008466 gi|6 000901 002267 gi|41 
000285 72.6 010664 010486 gi|6 007575 007749 gi|20 
011283 97.8 012892 011635 gi|6 021025 022282 gi|38 
011701 99.9 011637 012896 gi|6 026153 027412 gi|38 
011256 97.9 011642 012884 gi|6 006977 008219 gi|7 
011238 98.0 012884 011646 gi|6 008982 010220 gi|32 
000662 72.9 013116 014095 gi|6 013087 014048 gi|29 
001410 75.3 013762 013140 gi|6 034295 034914 gi|35 
002227 76.4 014074 014836 gi|6 015267 016027 gi|41 
000594 74.4 015471 016056 gi|6 016659 017207 gi|41 
000259 80.9 016365 016298 gi|6 019375 019445 gi|11 
000294 73.7 016778 017169 gi|6 017861 018273 gi|21 
000462 71.4 017845 018194 gi|6 018952 019290 gi|21 
000411 77.0 026114 026717 gi|6 019953 020546 gi|21 
000561 75.6 026278 026682 gi|6 011648 012051 gi|13 
000353 72.9 027467 026812 gi|6 023782 024440 gi|42 
000269 80.7 027774 027939 gi|6 037235 037418 gi|23 
000385 75.6 028075 027793 gi|6 023163 023453 gi|42 
000320 71.6 029080 028813 gi|6 022182 022452 gi|42 
000365 77.6 029747 029556 gi|6 021528 021718 gi|42 
000332 94.3 032864 032795 gi|6 034714 034779 gi|20 
000253 86.4 033151 033194 gi|6 025143 025188 gi|12 
018163 93.1 034609 036850 gi|6 030821 033063 gi|29 
020853 99.3 036853 034611 gi|6 013007 015250 gi|7 
000544 74.2 034769 035144 gi|6 034363 034741 gi|26 
000482 76.1 036966 037270 gi|6 027377 027681 gi|10 
000315 83.5 001290 001453 gi|8 030679 030836 gi|11 
002149 77.2 005295 006808 gi|8 025374 026930 gi|39 
000677 71.4 008129 008765 gi|8 025381 026004 gi|39 
000323 77.1 008484 008345 gi|8 033432 033571 gi|28 
000323 77.1 008484 008345 gi|8 017754 017893 gi|27 
000285 76.4 009131 009460 gi|8 026352 026693 gi|39 
000250 82.0 009991 010118 gi|8 003428 003561 gi|36 
000267 69.0 010593 010481 gi|8 033459 033571 gi|28 
000267 69.0 010593 010481 gi|8 017781 017893 gi|27 
000323 76.1 014478 015004 gi|8 014568 015114 gi|23 
000994 74.2 014584 015433 gi|8 028579 029455 gi|17 
000363 73.7 015293 014686 gi|8 025997 026616 gi|9 
000368 74.5 015250 014697 gi|8 019217 019796 gi|31 
000360 75.8 014697 014878 gi|8 005769 005950 gi|29 
000274 77.4 014779 015260 gi|8 001146 001641 gi|47 
000287 72.6 014820 015260 gi|8 028146 028586 gi|45 
000286 76.8 015881 016022 gi|8 009865 010006 gi|29 
000365 74.3 025582 025690 gi|8 026853 026961 gi|32 
000323 72.4 025592 026117 gi|8 027924 028444 gi|20 
000313 72.9 028279 028581 gi|8 032099 032406 gi|42 
000570 71.3 028298 028963 gi|8 031868 032497 gi|48 
000270 79.9 028304 028581 gi|8 034073 034345 gi|38 
000466 76.8 028863 028313 gi|8 024806 025317 gi|22 
000348 77.1 028861 028346 gi|8 026186 026668 gi|9 
000270 69.9 028365 028447 gi|8 005558 005640 gi|17 
000816 76.3 028385 028911 gi|8 000221 000738 gi|18 
000626 71.9 028409 028942 gi|8 028005 028511 gi|45 
000429 77.6 028689 028880 gi|8 034432 034614 gi|38 
000282 81.2 028694 028789 gi|8 028929 029024 gi|17 
000340 77.9 028717 028847 gi|8 015078 015200 gi|23 
000284 74.2 028845 028722 gi|8 004903 005040 gi|25 
000386 72.3 028851 028740 gi|8 020719 020830 gi|26 
000370 74.3 028743 028843 gi|8 000315 000415 gi|47 
000329 77.7 028743 029006 gi|8 001367 001615 gi|47 
000331 68.3 028843 028743 gi|8 038290 038390 gi|30 
000329 74.0 028869 028743 gi|8 037262 037388 gi|30 
000266 67.3 028744 028847 gi|8 002421 002524 gi|46 
000364 78.8 028843 028745 gi|8 035143 035242 gi|20 
000279 76.4 028746 028851 gi|8 027556 027661 gi|42 
000288 72.4 028747 028909 gi|8 032549 032719 gi|42 
003579 79.0 032579 030898 gi|8 011211 012878 gi|31 
001135 73.6 031654 030912 gi|8 031312 032063 gi|33 
003214 74.2 032583 030912 gi|8 006617 008291 gi|46 
003911 78.1 032581 030919 gi|8 034165 035837 gi|33 
001824 77.2 032592 030923 gi|8 031668 033348 gi|35 
003000 72.8 032514 030926 gi|8 008004 009580 gi|23 
001744 75.2 032515 030930 gi|8 002314 003902 gi|40 
003736 76.6 032598 030934 gi|8 032267 033925 gi|33 
003064 76.2 032593 030980 gi|8 036013 037646 gi|33 
001274 77.6 032515 031151 gi|8 014399 015745 gi|46 
001400 77.7 032232 031875 gi|8 030953 031319 gi|33 
000647 77.5 031875 032021 gi|8 020603 020749 gi|25 
000360 74.5 032366 032222 gi|8 003028 003171 gi|31 
000317 72.2 035299 034933 gi|8 005304 005664 gi|23 
007257 82.9 038159 036846 gi|8 025368 026693 gi|47 
002685 74.0 000022 001119 gi|9 038440 039540 gi|41 
001621 73.6 001120 000183 gi|9 011661 012595 gi|46 
000298 76.2 005851 005993 gi|9 038431 038577 gi|23 
000375 70.0 010656 010047 gi|9 016994 017600 gi|45 
000673 77.4 015179 014650 gi|9 000764 001275 gi|42 
000503 74.8 015206 014775 gi|9 012477 012893 gi|42 
000255 74.0 017249 017344 gi|9 014563 014658 gi|25 
000416 72.4 022258 022031 gi|9 023942 024168 gi|10 
000624 74.8 026597 025991 gi|9 000259 000913 gi|18 
000301 74.4 026347 025996 gi|9 032243 032588 gi|48 
000451 74.8 026436 026037 gi|9 001232 001634 gi|47 
000391 78.0 026309 026037 gi|9 001585 001854 gi|46 
000382 75.0 026067 026438 gi|9 019244 019612 gi|31 
000455 76.7 026299 026103 gi|9 015101 015291 gi|23 
000383 75.4 026613 026105 gi|9 028680 029177 gi|17 
000461 70.9 026117 026659 gi|9 024742 025272 gi|22 
000297 78.3 026118 026297 gi|9 006964 007143 gi|20 
000276 79.4 026299 026193 gi|9 006069 006175 gi|29 
000595 77.6 026511 026200 gi|9 034282 034590 gi|38 
000251 74.8 026200 026306 gi|9 024403 024509 gi|38 
000428 84.0 026299 026200 gi|9 028320 028419 gi|45 
000308 75.2 026200 026352 gi|9 020723 020869 gi|26 
000520 75.6 026202 026467 gi|9 022952 023214 gi|47 
000281 75.8 026204 026298 gi|9 018894 018988 gi|20 
000282 68.6 026204 026308 gi|9 037288 037392 gi|30 
000253 76.5 026215 026299 gi|9 034731 034815 gi|25 
000255 73.0 026220 026378 gi|9 035460 035611 gi|25 
000446 80.1 026227 026517 gi|9 035169 035442 gi|20 
000297 77.7 027190 027458 gi|9 007243 007506 gi|16 
000365 79.9 029757 029559 gi|9 029435 029657 gi|42 
000272 84.0 030638 030589 gi|9 036529 036577 gi|39 
004339 94.2 031122 030591 gi|9 006949 007480 gi|13 
004298 93.0 030591 031122 gi|9 028928 029459 gi|13 
004323 94.0 030591 031122 gi|9 004525 005056 gi|31 
002213 94.3 030872 030591 gi|9 021549 021830 gi|47 
002188 92.5 030591 030872 gi|9 033833 034114 gi|47 
002213 94.3 030872 030591 gi|9 003320 003601 gi|18 
000254 88.2 030606 030656 gi|9 012772 012818 gi|29 
001111 90.3 030979 031122 gi|9 022453 022596 gi|32 
000688 78.7 040092 039788 gi|9 005809 006114 gi|23 
000256 83.7 000312 000184 gi|10 034533 034645 gi|42 
000257 85.2 006522 006629 gi|10 030119 030222 gi|15 
000459 74.2 016499 015650 gi|10 013637 014445 gi|17 
000271 73.4 017136 016690 gi|10 013109 013534 gi|17 
000271 80.1 018785 019111 gi|10 009484 009813 gi|38 
000440 81.8 019950 019874 gi|10 016397 016474 gi|36 
005732 78.0 033924 032663 gi|10 018611 019865 gi|36 
000253 87.7 037211 037283 gi|10 011620 011683 gi|22 
000333 79.7 006507 006355 gi|11 011459 011607 gi|40 
000331 78.0 006480 006358 gi|11 011739 011862 gi|40 
000276 76.6 006358 006434 gi|11 026634 026711 gi|31 
000253 74.5 006790 006934 gi|11 005812 005971 gi|24 
000511 74.6 009494 010182 gi|11 025888 026594 gi|46 
000310 88.1 010032 010165 gi|11 031866 032002 gi|26 
000316 75.3 010677 011061 gi|11 038697 039061 gi|38 
000326 78.6 010852 010982 gi|11 038183 038313 gi|35 
000268 73.0 010876 010986 gi|11 027330 027440 gi|46 
000280 73.7 012863 012788 gi|11 000841 000916 gi|15 
000254 83.9 024162 024223 gi|11 027837 027901 gi|38 
000592 72.8 029436 028486 gi|11 031072 032025 gi|15 
000283 74.8 028540 028904 gi|11 013879 014235 gi|36 
000367 73.9 029315 029448 gi|11 014637 014773 gi|36 
000876 74.3 035733 034877 gi|11 000556 001439 gi|25 
000262 83.0 019863 019770 gi|12 012274 012358 gi|13 
000380 75.7 024610 024397 gi|12 039172 039391 gi|30 
000383 74.0 025887 026274 gi|12 022266 022659 gi|13 
000679 73.1 028428 028027 gi|12 039707 040112 gi|31 
000252 87.1 031005 030936 gi|12 004208 004272 gi|38 
000405 82.2 031623 031712 gi|12 030013 030096 gi|18 
000985 92.6 032851 033013 gi|12 032170 032333 gi|21 
000375 86.2 033167 033074 gi|12 030733 030833 gi|29 
000289 90.2 033147 033087 gi|12 019060 019120 gi|41 
014935 98.7 034748 033104 gi|12 032235 033880 gi|44 
000416 81.0 033105 033188 gi|12 028489 028574 gi|29 
000356 75.9 033106 033188 gi|12 032236 032320 gi|44 
014796 97.7 033106 034780 gi|12 016905 018579 gi|32 
000356 75.9 033188 033106 gi|12 018463 018547 gi|32 
013171 93.0 034814 033149 gi|12 028413 030087 gi|29 
000338 74.1 034663 034747 gi|12 033795 033878 gi|44 
000376 73.9 034773 034663 gi|12 016879 016988 gi|32 
000301 90.2 034710 034750 gi|12 030764 030804 gi|29 
000309 85.6 034712 034808 gi|12 019064 019154 gi|41 
020570 97.8 040245 037905 gi|12 010174 012527 gi|15 
017301 98.1 039939 037980 gi|12 029953 031927 gi|31 
000258 90.0 038149 038188 gi|12 029952 029995 gi|31 
000281 94.9 038150 038188 gi|12 010480 010522 gi|15 
000287 95.3 039897 039939 gi|12 012230 012268 gi|15 
000287 95.3 039897 039939 gi|12 031704 031742 gi|31 
000292 82.8 040013 039956 gi|12 006783 006839 gi|15 
000268 70.0 040167 040088 gi|12 006770 006850 gi|15 
000451 81.8 040178 040091 gi|12 006451 006538 gi|15 
000434 82.4 040184 040094 gi|12 026437 026528 gi|31 
000499 98.4 040245 040185 gi|12 029886 029946 gi|31 
001002 76.6 004940 003801 gi|16 037359 038552 gi|28 
001002 76.6 004940 003801 gi|16 021681 022874 gi|27 
000260 80.3 018957 019027 gi|16 020267 020339 gi|18 
002067 92.5 022116 022380 gi|16 027662 027926 gi|39 
022358 98.1 024652 022117 gi|16 010221 012806 gi|32 
022707 97.0 024747 022118 gi|16 028088 030743 gi|28 
022707 97.0 024747 022118 gi|16 012410 015065 gi|27 
023435 98.1 024747 022123 gi|16 017980 020641 gi|38 
022609 96.6 024748 022123 gi|16 027167 029835 gi|34 
000305 69.4 023054 022823 gi|16 003436 003658 gi|26 
000287 70.9 023735 023516 gi|16 002629 002851 gi|26 
000821 75.6 024348 023947 gi|16 002004 002401 gi|26 
000875 95.7 024748 024633 gi|16 008873 008989 gi|32 
000254 76.3 025653 025766 gi|16 035434 035555 gi|39 
000476 78.9 029586 029440 gi|16 038330 038476 gi|34 
000549 75.5 034096 033266 gi|16 030289 031115 gi|38 
000452 75.5 034942 035231 gi|16 029475 029765 gi|22 
003823 77.1 001599 000001 gi|13 031731 033326 gi|32 
002921 74.2 001652 000018 gi|13 012956 014641 gi|40 
000250 91.4 001448 001482 gi|13 022485 022519 gi|25 
000417 69.8 004069 003845 gi|13 036180 036416 gi|21 
015430 99.2 007490 005812 gi|13 004509 006193 gi|31 
011594 98.6 007092 005820 gi|13 022453 023726 gi|32 
002652 99.7 007199 007490 gi|13 021549 021842 gi|47 
002624 99.3 007489 007199 gi|13 033821 034114 gi|47 
002667 99.7 007199 007494 gi|13 003320 003613 gi|18 
000257 79.2 007490 007414 gi|13 007278 007354 gi|21 
000289 87.5 007433 007480 gi|13 036529 036575 gi|39 
000319 68.5 010033 010321 gi|13 036710 037004 gi|14 
004054 78.9 012509 013352 gi|13 035942 036777 gi|34 
000257 86.6 018617 018409 gi|13 018646 018821 gi|24 
000253 82.3 020485 020569 gi|13 007958 008041 gi|48 
002678 97.8 028892 029209 gi|13 033804 034114 gi|47 
000296 85.7 028975 028892 gi|13 036529 036612 gi|39 
002604 98.3 029209 028907 gi|13 021549 021847 gi|47 
002581 98.3 029209 028921 gi|13 003320 003608 gi|18 
015377 99.0 028924 030597 gi|13 004521 006193 gi|31 
011577 98.3 029316 030591 gi|13 022453 023728 gi|32 
000488 69.5 004441 004847 gi|14 025298 025704 gi|28 
000488 69.5 004441 004847 gi|14 009620 010026 gi|27 
000542 74.2 010121 009669 gi|14 005915 006367 gi|38 
000296 76.1 016189 016077 gi|14 022348 022461 gi|20 
000291 73.4 016913 016636 gi|14 008501 008768 gi|44 
001429 78.5 017953 017615 gi|14 027205 027540 gi|24 
000314 71.5 023891 023622 gi|14 038065 038357 gi|29 
000317 69.2 028903 028709 gi|14 027559 027753 gi|38 
000250 76.5 028739 028891 gi|14 004242 004392 gi|31 
000369 76.5 029777 029642 gi|14 027609 027744 gi|38 
000338 77.6 037459 037188 gi|14 016351 016622 gi|20 
000356 77.8 037456 037250 gi|14 010613 010816 gi|34 
000338 79.4 037450 037344 gi|14 000799 000905 gi|21 
000368 75.5 006744 006418 gi|15 011385 011746 gi|40 
000791 98.0 006462 006562 gi|15 026455 026554 gi|31 
000688 100.0 006538 006610 gi|15 026380 026452 gi|31 
029825 98.1 006782 010234 gi|15 026467 029946 gi|31 
000434 82.4 010235 010325 gi|15 026437 026528 gi|31 
017436 96.7 010480 012596 gi|15 029953 032083 gi|31 
000287 95.3 010522 010480 gi|15 031704 031742 gi|31 
000258 90.0 012269 012230 gi|15 029952 029995 gi|31 
000556 73.7 014265 013749 gi|15 038630 039136 gi|34 
000279 82.8 014213 014369 gi|15 024138 024297 gi|36 
000352 69.8 018662 019055 gi|15 020672 021061 gi|28 
000352 69.8 018662 019055 gi|15 004994 005383 gi|27 
000358 75.6 020292 020006 gi|15 029602 029898 gi|25 
000354 70.5 025268 025718 gi|15 023848 024301 gi|29 
000306 75.1 025354 025715 gi|15 000005 000366 gi|24 
000257 75.0 031244 031077 gi|15 014579 014753 gi|36 
045501 100.0 000001 004808 gi|19 024568 029375 gi|27 
000398 78.4 000374 000250 gi|19 024817 024941 gi|27 
001139 74.4 002449 001441 gi|19 022009 023039 gi|31 
001180 71.3 001562 002446 gi|19 009830 010717 gi|28 
000454 76.8 002254 001562 gi|19 028549 029253 gi|47 
041552 100.0 004798 009183 gi|19 030617 035002 gi|27 
000335 80.8 007245 007484 gi|19 025716 025942 gi|33 
157276 99.9 014427 031250 gi|19 000001 016966 gi|43 
000339 77.5 015960 016079 gi|19 007376 007496 gi|20 
000576 73.2 017082 017518 gi|19 032149 032589 gi|20 
000539 71.8 017099 017446 gi|19 022628 022979 gi|39 
000439 70.8 017432 017101 gi|19 008729 009060 gi|27 
000439 70.8 017432 017101 gi|19 024407 024738 gi|28 
000287 92.2 020487 020576 gi|19 040144 040212 gi|29 
000286 80.0 026625 026526 gi|19 024029 024122 gi|33 
000261 77.1 030874 030792 gi|19 012717 012811 gi|35 
002280 100.0 032271 032519 gi|19 017987 018236 gi|43 
060529 100.0 033820 040245 gi|19 019537 025962 gi|43 
000536 75.9 000188 000673 gi|18 014705 015199 gi|23 
000608 76.9 000786 000193 gi|18 024713 025276 gi|22 
000426 76.1 000194 000753 gi|18 032180 032727 gi|42 
000266 72.3 000206 000769 gi|18 001000 001566 gi|47 
000725 75.6 000220 000772 gi|18 031945 032480 gi|48 
000709 76.6 000220 000804 gi|18 034148 034717 gi|38 
001091 75.8 000311 000789 gi|18 028075 028531 gi|45 
000266 76.7 000379 000670 gi|18 037646 037931 gi|44 
000319 74.3 000400 000808 gi|18 001417 001825 gi|46 
000395 78.2 000771 000487 gi|18 035343 035638 gi|25 
000402 74.6 000672 000492 gi|18 022952 023126 gi|47 
000453 74.9 000700 000522 gi|18 020697 020875 gi|26 
000389 83.4 000714 000528 gi|18 015501 015713 gi|22 
000364 75.4 000777 000534 gi|18 035039 035285 gi|20 
000409 76.2 000544 000753 gi|18 000293 000498 gi|47 
000459 69.3 000819 000563 gi|18 038141 038397 gi|30 
000300 81.8 000673 000575 gi|18 024404 024502 gi|38 
000323 68.2 000575 000841 gi|18 002425 002688 gi|46 
000296 67.7 000826 000576 gi|18 037132 037382 gi|30 
000320 73.2 000821 000576 gi|18 018755 018988 gi|20 
000293 75.5 000578 000761 gi|18 027561 027744 gi|42 
000250 82.1 000672 000578 gi|18 004903 004997 gi|25 
002648 100.0 003605 003320 gi|18 004521 004806 gi|31 
002641 99.7 003320 003606 gi|18 021549 021835 gi|47 
002617 99.3 003605 003320 gi|18 033829 034114 gi|47 
000289 87.5 003554 003601 gi|18 036529 036575 gi|39 
000565 69.3 004871 005075 gi|18 038964 039168 gi|29 
000268 79.0 006470 006328 gi|18 009128 009271 gi|26 
000456 76.5 012237 011803 gi|18 027990 028429 gi|29 
000254 80.6 015063 014961 gi|18 036980 037078 gi|38 
000255 76.2 026261 025989 gi|18 022116 022439 gi|20 
000284 80.5 030060 029974 gi|18 025606 025689 gi|38 
000256 74.6 037457 037633 gi|18 039856 040035 gi|24 
000658 78.6 000449 000025 gi|17 018732 019159 gi|39 
000251 84.8 016879 016821 gi|17 018878 018936 gi|31 
000384 68.5 017117 017399 gi|17 027936 028215 gi|39 
000303 74.0 023705 023977 gi|17 038627 038897 gi|32 
000422 77.4 023719 023930 gi|17 023602 023814 gi|40 
000297 68.5 023894 023736 gi|17 024552 024710 gi|23 
000298 75.0 023876 023773 gi|17 033075 033179 gi|47 
000268 83.3 024566 024525 gi|17 032433 032474 gi|47 
000256 85.7 027736 027812 gi|17 013640 013722 gi|45 
000311 75.6 028565 029060 gi|17 031850 032362 gi|48 
000425 77.5 029078 028635 gi|17 003011 003472 gi|30 
000763 72.8 028668 029295 gi|17 005748 006380 gi|29 
000452 75.5 028773 029258 gi|17 028118 028592 gi|45 
000499 77.0 028857 029247 gi|17 001469 001856 gi|46 
000309 80.2 028862 029023 gi|17 000454 000615 gi|18 
000376 78.0 028948 029161 gi|17 034456 034666 gi|38 
000284 78.7 029181 028971 gi|17 035033 035254 gi|20 
000274 77.8 028977 029161 gi|17 002419 002600 gi|46 
000271 77.0 028979 029161 gi|17 001368 001550 gi|47 
000283 70.4 029185 028980 gi|17 019279 019483 gi|31 
000342 75.1 029161 028981 gi|17 024746 024923 gi|22 
000284 77.6 035845 035681 gi|17 039266 039436 gi|32 
000585 78.0 036473 036310 gi|17 038653 038825 gi|32 
000454 72.2 036500 036328 gi|17 023590 023759 gi|40 
000412 73.3 038899 039531 gi|17 007286 007900 gi|48 
000303 76.4 039785 039873 gi|17 038697 038797 gi|38 
000616 75.5 039821 040122 gi|17 008199 008506 gi|48 
000369 75.6 039972 040090 gi|17 032520 032641 gi|26 
001869 96.4 000365 000145 gi|20 026797 027017 gi|44 
000261 79.3 007142 006964 gi|20 002428 002603 gi|46 
000251 75.1 007142 006966 gi|20 001598 001774 gi|46 
000258 86.3 007041 007142 gi|20 019378 019476 gi|31 
000252 85.3 007142 007048 gi|20 028323 028417 gi|45 
000349 77.7 007376 007496 gi|20 001534 001653 gi|43 
000275 76.9 007381 007553 gi|20 010342 010509 gi|31 
000304 75.5 007384 007481 gi|20 025190 025287 gi|22 
000322 76.1 008276 008363 gi|20 023923 024010 gi|40 
000306 90.4 008385 008292 gi|20 023915 024009 gi|23 
000275 82.8 010235 010114 gi|20 019639 019772 gi|40 
000533 78.7 015061 014851 gi|20 018245 018461 gi|23 
000359 75.4 014888 015529 gi|20 008784 009419 gi|34 
000437 77.1 015978 016566 gi|20 000439 001004 gi|21 
000360 73.0 016478 016312 gi|20 016380 016555 gi|23 
000795 74.5 016760 017515 gi|20 000941 001686 gi|30 
000795 72.0 016844 017122 gi|20 022422 022700 gi|38 
000339 76.4 016844 017008 gi|20 019766 019930 gi|42 
000739 75.2 017130 016845 gi|20 025691 025976 gi|23 
000264 71.8 016857 017300 gi|20 024228 024671 gi|38 
000623 78.9 017291 017555 gi|20 022863 023130 gi|38 
000469 73.9 018649 019342 gi|20 024152 024856 gi|38 
000508 75.9 019008 018681 gi|20 025674 026014 gi|23 
000394 75.1 018717 019106 gi|20 001048 001419 gi|30 
000593 73.0 018735 019164 gi|20 002852 003281 gi|30 
000264 69.7 018986 018756 gi|20 032288 032527 gi|48 
000266 74.3 019005 018761 gi|20 027545 027792 gi|42 
000298 71.1 018763 019125 gi|20 022483 022839 gi|38 
000318 70.9 019021 018792 gi|20 028291 028523 gi|45 
000262 74.8 018986 018844 gi|20 034494 034624 gi|38 
000289 77.5 018894 019013 gi|20 024826 024954 gi|22 
000310 74.5 018900 019052 gi|20 015554 015700 gi|22 
000276 78.2 018988 018902 gi|20 006070 006152 gi|29 
000974 73.1 030872 031626 gi|20 026678 027443 gi|48 
000333 70.5 031077 031405 gi|20 008507 008850 gi|32 
000335 76.6 031540 031753 gi|20 012906 013139 gi|32 
000555 75.1 032149 032589 gi|20 002656 003092 gi|43 
000410 75.0 035445 034901 gi|20 034282 034805 gi|38 
000309 76.8 035241 035005 gi|20 001592 001828 gi|46 
000357 73.6 035240 035029 gi|20 002423 002634 gi|46 
000251 71.0 035052 035251 gi|20 038200 038398 gi|30 
000365 74.1 035053 035307 gi|20 023468 023723 gi|45 
000390 78.3 035239 035060 gi|20 028319 028495 gi|45 
000302 80.1 035065 035396 gi|20 022885 023213 gi|47 
000257 80.8 035113 035565 gi|20 035423 035907 gi|25 
000398 77.2 035136 035403 gi|20 020721 020990 gi|26 
000362 70.7 035648 035144 gi|20 032133 032643 gi|42 
000294 70.0 035144 035243 gi|20 004906 005005 gi|25 
000260 79.2 035261 035156 gi|20 032256 032367 gi|48 
000381 78.1 035156 035539 gi|20 024839 025210 gi|22 
000316 80.4 035158 035264 gi|20 015562 015669 gi|22 
000285 81.1 035194 035283 gi|20 019435 019519 gi|31 
000384 71.6 037066 037283 gi|20 019041 019260 gi|26 
000353 70.3 038349 038547 gi|20 015056 015254 gi|29 
000714 73.0 000525 000983 gi|21 010315 010806 gi|34 
000323 85.1 001002 000768 gi|21 016291 016528 gi|23 
000566 73.5 002682 002923 gi|21 004249 004505 gi|34 
000262 88.1 021331 021214 gi|21 015676 015806 gi|48 
017035 97.7 032465 034428 gi|21 003935 005866 gi|44 
000267 75.7 007074 007258 gi|22 017507 017704 gi|31 
000282 79.1 011736 011296 gi|22 016691 017104 gi|39 
000541 74.4 012230 013117 gi|22 000900 001795 gi|29 
001328 72.4 015389 015965 gi|22 004734 005321 gi|25 
000262 78.5 015643 015421 gi|22 032285 032510 gi|48 
000255 78.2 015650 015495 gi|22 032541 032681 gi|42 
000279 81.4 015647 015546 gi|22 028316 028417 gi|45 
000453 74.2 019201 018973 gi|22 018462 018689 gi|42 
000687 75.5 020298 020750 gi|22 027675 028127 gi|25 
000396 78.8 024435 024552 gi|22 022412 022526 gi|47 
000315 77.7 024921 024684 gi|22 001595 001833 gi|46 
000985 76.6 025246 024712 gi|22 034155 034700 gi|38 
000865 71.9 025330 024712 gi|22 031856 032494 gi|48 
001225 82.4 025092 024713 gi|22 028149 028528 gi|45 
000950 72.7 024713 025815 gi|22 022841 023997 gi|47 
000524 79.5 024716 025085 gi|22 020629 020983 gi|26 
000330 73.0 024735 024923 gi|22 038196 038387 gi|30 
000438 72.9 025099 024742 gi|22 001177 001554 gi|47 
000387 74.6 025214 024746 gi|22 032241 032727 gi|42 
000329 81.1 024779 024921 gi|22 024360 024502 gi|38 
000299 80.9 024793 024923 gi|22 019351 019482 gi|31 
000343 73.7 024921 024823 gi|22 015101 015199 gi|23 
000393 80.6 024921 024824 gi|22 002425 002522 gi|46 
000337 75.5 024828 024921 gi|22 034722 034815 gi|25 
000281 74.2 025675 025350 gi|22 033770 034098 gi|48 
000277 72.9 025720 025470 gi|22 035923 036185 gi|38 
000423 78.2 029580 029411 gi|22 001717 001873 gi|28 
001336 94.3 038459 038303 gi|22 038210 038366 gi|41 
009617 92.9 038496 039707 gi|22 038496 039699 gi|39 
001789 92.9 038983 038759 gi|22 038007 038235 gi|41 
005206 94.4 039700 039060 gi|22 037379 038010 gi|41 
000784 83.9 039696 039436 gi|22 038255 038479 gi|39 
000313 83.0 005538 005445 gi|23 015898 015991 gi|48 
002655 74.7 007979 009452 gi|23 032315 033800 gi|33 
001328 78.1 008006 008830 gi|23 014404 015231 gi|46 
001652 74.6 008010 009572 gi|23 002323 003893 gi|40 
001332 72.8 008013 009567 gi|23 031743 033333 gi|35 
003014 75.3 008048 009559 gi|23 034286 035803 gi|33 
000422 79.1 008048 008277 gi|23 002929 003158 gi|31 
002609 73.7 008052 009562 gi|23 011326 012837 gi|31 
002521 74.7 008058 009598 gi|23 006742 008293 gi|46 
002149 76.0 008129 009563 gi|23 036239 037672 gi|33 
000986 75.5 008329 008654 gi|23 031010 031335 gi|33 
000522 72.3 008646 008499 gi|23 020595 020742 gi|25 
000791 78.3 009170 009580 gi|23 031648 032048 gi|33 
000384 80.0 010043 010172 gi|23 032781 032903 gi|31 
000419 78.6 010528 010323 gi|23 013224 013429 gi|48 
000253 76.0 010410 010576 gi|23 017633 017799 gi|38 
000539 78.1 014638 015199 gi|23 031842 032383 gi|48 
000577 77.0 014644 015199 gi|23 034057 034589 gi|38 
000828 76.7 014660 015390 gi|23 027894 028612 gi|45 
000548 77.0 015312 014749 gi|23 022835 023389 gi|47 
000275 74.5 015206 014886 gi|23 038278 038609 gi|30 
000259 68.8 015185 015064 gi|23 034731 034853 gi|25 
000278 73.3 015199 015065 gi|23 020724 020858 gi|26 
000272 72.9 015079 015196 gi|23 000287 000415 gi|47 
000256 81.0 015199 015100 gi|23 024404 024503 gi|38 
000276 74.8 015198 015100 gi|23 004903 005001 gi|25 
000277 78.3 015104 015195 gi|23 032552 032643 gi|42 
000263 68.9 015206 015104 gi|23 037276 037380 gi|30 
000332 79.6 015104 015196 gi|23 001375 001467 gi|47 
000287 78.3 016557 016309 gi|23 010578 010799 gi|34 
000408 77.5 018463 018233 gi|23 008739 008972 gi|34 
000259 81.9 019219 019434 gi|23 027531 027754 gi|42 
000259 84.1 019340 019253 gi|23 019383 019470 gi|31 
000290 76.5 019253 019414 gi|23 005861 006022 gi|24 
000269 82.3 022925 022975 gi|23 008623 008672 gi|40 
000320 72.0 024734 024506 gi|23 023594 023820 gi|40 
000262 72.0 024516 024658 gi|23 033021 033163 gi|47 
000268 72.1 025967 025660 gi|23 002829 003136 gi|30 
000393 72.6 025952 025676 gi|23 024243 024516 gi|38 
000276 77.1 025688 025866 gi|23 015925 016103 gi|42 
000555 70.7 025976 025690 gi|23 001016 001303 gi|30 
000739 73.1 025988 025699 gi|23 022411 022700 gi|38 
000566 75.5 026014 025815 gi|23 019727 019928 gi|42 
005848 74.7 026884 030353 gi|23 015785 019246 gi|44 
000348 81.0 032473 032374 gi|23 003148 003247 gi|41 
000833 74.8 005817 006886 gi|24 021086 022170 gi|48 
000256 81.8 005833 005953 gi|24 037817 037931 gi|44 
000459 79.6 005834 006058 gi|24 021958 022182 gi|48 
000269 73.3 005951 005836 gi|24 019380 019498 gi|31 
000284 70.5 006467 006329 gi|24 018876 019020 gi|31 
000275 80.5 006616 006810 gi|24 032200 032406 gi|48 
000612 75.8 006638 006968 gi|24 021056 021390 gi|48 
000273 81.2 023003 023087 gi|24 014154 014238 gi|33 
000280 76.8 023007 023075 gi|24 012935 013000 gi|33 
000294 79.8 025649 025467 gi|24 037362 037556 gi|32 
000790 75.4 002004 002401 gi|26 010525 010926 gi|32 
000774 75.1 002004 002401 gi|26 018378 018779 gi|38 
000774 75.9 002004 002851 gi|26 027573 028405 gi|34 
000763 75.7 002004 002851 gi|26 028488 029307 gi|28 
000763 75.7 002004 002851 gi|26 012810 013629 gi|27 
000287 71.3 002629 002851 gi|26 011138 011357 gi|32 
000287 71.3 002629 002851 gi|26 018991 019210 gi|38 
000284 68.2 003436 003658 gi|26 011838 012069 gi|32 
000281 68.6 003436 003658 gi|26 028867 029097 gi|34 
000284 68.2 003436 003658 gi|26 029769 030000 gi|28 
000284 68.2 003436 003658 gi|26 014091 014322 gi|27 
000260 69.9 003443 003658 gi|26 019685 019903 gi|38 
000323 75.7 009289 009502 gi|26 013569 013785 gi|32 
000529 78.2 020825 020592 gi|26 032282 032518 gi|48 
000551 78.0 020834 020649 gi|26 028308 028493 gi|45 
000508 74.0 020983 020722 gi|26 034327 034591 gi|38 
000276 76.7 020723 020885 gi|26 019380 019545 gi|31 
000254 68.3 020824 020724 gi|26 001370 001470 gi|47 
000524 77.1 020727 021036 gi|26 022954 023275 gi|47 
000365 77.4 020863 020727 gi|26 002381 002520 gi|46 
000279 69.5 020727 020831 gi|26 037288 037392 gi|30 
000407 81.5 020819 020728 gi|26 032552 032643 gi|42 
000253 80.8 020773 020819 gi|26 024453 024499 gi|38 
000281 81.0 031886 031990 gi|26 026461 026565 gi|46 
000307 77.5 032438 032579 gi|26 027319 027454 gi|46 
000402 72.0 032445 032723 gi|26 008282 008562 gi|48 
000530 77.6 034363 034778 gi|26 030983 031395 gi|29 
000288 76.8 035175 035433 gi|26 014852 015138 gi|33 
000251 74.2 036231 036319 gi|26 019661 019753 gi|42 
002547 77.2 038399 039460 gi|26 003916 004968 gi|45 
002430 75.8 038457 039490 gi|26 005361 006384 gi|45 
227978 98.6 000055 024567 gi|27 015716 040245 gi|28 
000447 48.7 000055 000173 gi|27 015609 015728 gi|28 
000406 47.1 000055 000173 gi|27 015503 015622 gi|28 
000318 84.6 003252 003316 gi|27 030440 030504 gi|46 
000983 75.4 009060 007093 gi|27 022634 024566 gi|39 
000464 70.8 009060 008729 gi|27 002675 003006 gi|43 
022939 96.4 012409 015062 gi|27 017979 020643 gi|38 
023180 97.1 012410 015064 gi|27 027168 029839 gi|34 
000930 98.3 012410 012524 gi|27 008874 008989 gi|32 
022111 96.8 012505 015064 gi|27 010221 012803 gi|32 
002007 90.9 015065 014803 gi|27 027664 027926 gi|39 
001139 74.4 027016 026008 gi|27 022009 023039 gi|31 
001180 71.3 026129 027013 gi|27 009830 010717 gi|28 
000454 76.8 026821 026129 gi|27 028549 029253 gi|47 
000335 80.8 033064 033303 gi|27 025716 025942 gi|33 
000255 78.8 005001 004903 gi|25 028319 028417 gi|45 
000312 73.1 004904 005033 gi|25 024406 024535 gi|38 
000311 79.0 004906 005000 gi|25 020728 020822 gi|26 
000270 79.3 005184 005347 gi|25 019690 019844 gi|31 
000320 81.3 006507 006629 gi|25 023795 023918 gi|32 
001552 79.1 009281 008952 gi|25 027045 027373 gi|44 
000302 79.7 013271 013119 gi|25 001863 002009 gi|45 
000378 78.3 020722 020594 gi|25 036626 036754 gi|33 
000932 83.9 020749 020595 gi|25 007176 007330 gi|46 
000867 81.9 020749 020595 gi|25 034727 034881 gi|33 
000824 80.7 020749 020595 gi|25 032834 032988 gi|33 
000656 81.0 020741 020595 gi|25 011774 011920 gi|31 
000447 86.8 020746 020596 gi|25 014896 015045 gi|46 
000271 86.8 020724 020596 gi|25 032262 032381 gi|35 
000879 82.3 020749 020597 gi|25 031173 031325 gi|33 
000268 77.7 032206 032059 gi|25 010565 010714 gi|40 
000342 74.6 032742 032511 gi|25 009890 010115 gi|40 
000551 72.0 034224 033753 gi|25 009613 010087 gi|40 
000330 75.5 034815 034661 gi|25 032285 032439 gi|48 
000279 78.0 034824 034661 gi|25 028310 028474 gi|45 
000285 76.2 034678 034849 gi|25 020685 020856 gi|26 
000304 77.5 035186 034734 gi|25 005710 006150 gi|29 
000343 74.4 035265 034993 gi|25 000879 001173 gi|47 
000268 82.0 035179 035030 gi|25 036569 036709 gi|44 
000267 73.5 035164 035044 gi|25 006539 006659 gi|45 
000273 66.0 035056 035152 gi|25 025552 025649 gi|31 
000268 72.3 035165 035083 gi|25 020708 020790 gi|48 
000334 85.5 035085 035160 gi|25 010343 010415 gi|31 
000282 67.7 035520 035354 gi|25 027577 027743 gi|42 
000261 76.3 035522 035384 gi|25 002442 002586 gi|46 
000281 70.5 035600 035418 gi|25 029541 029715 gi|46 
000254 76.5 035422 035523 gi|25 020708 020806 gi|26 
000267 72.4 035524 035438 gi|25 028335 028421 gi|45 
000253 77.2 035935 035664 gi|25 032192 032467 gi|42 
000250 80.4 035859 035914 gi|25 025583 025641 gi|31 
000354 73.6 000484 000065 gi|28 018860 019294 gi|33 
000302 79.3 009382 009526 gi|28 003381 003510 gi|31 
005669 77.4 011117 009746 gi|28 021609 022976 gi|31 
000343 73.7 010702 010130 gi|28 028378 028950 gi|47 
000699 74.8 011942 012884 gi|28 015358 016291 gi|32 
000674 76.9 014580 014352 gi|28 006574 006804 gi|32 
000318 84.6 018930 018994 gi|28 030440 030504 gi|46 
000983 75.4 024738 022771 gi|28 022634 024566 gi|39 
000464 70.8 024738 024407 gi|28 002675 003006 gi|43 
022939 96.4 028087 030740 gi|28 017979 020643 gi|38 
023180 97.1 028088 030742 gi|28 027168 029839 gi|34 
000930 98.3 028088 028202 gi|28 008874 008989 gi|32 
022111 96.8 028183 030742 gi|28 010221 012803 gi|32 
002007 90.9 030743 030481 gi|28 027664 027926 gi|39 
000519 72.2 005670 006148 gi|29 027912 028399 gi|45 
000360 71.8 005674 006148 gi|29 034087 034570 gi|38 
000285 73.3 005745 006149 gi|29 032213 032629 gi|42 
000254 71.1 006145 006056 gi|29 003030 003120 gi|30 
000289 76.6 006145 006069 gi|29 024426 024502 gi|38 
000253 85.5 012750 012818 gi|29 033821 033898 gi|47 
000254 85.1 012772 012818 gi|29 004540 004590 gi|31 
000397 69.9 013978 013109 gi|29 034048 034916 gi|35 
000265 81.9 013292 013188 gi|29 005648 005767 gi|40 
000712 75.3 017254 016475 gi|29 039475 040245 gi|35 
000300 84.5 017917 017757 gi|29 002117 002272 gi|40 
000328 78.3 017793 018119 gi|29 035315 035646 gi|32 
000335 79.4 018193 017850 gi|29 001742 002084 gi|40 
000273 81.2 018080 017985 gi|29 039159 039256 gi|35 
000844 74.8 020674 020088 gi|29 016455 017036 gi|47 
000578 75.5 020663 020104 gi|29 035012 035555 gi|44 
001450 73.3 022234 020107 gi|29 034997 037135 gi|44 
000312 79.8 021961 021700 gi|29 036874 037131 gi|44 
000289 71.3 022210 021702 gi|29 016481 017013 gi|47 
000447 80.2 028484 028574 gi|29 016900 016988 gi|32 
013160 93.5 028490 030135 gi|29 032236 033903 gi|44 
000441 80.0 028574 028490 gi|29 033795 033878 gi|44 
013054 93.2 030102 028490 gi|29 016929 018547 gi|32 
000286 91.7 028525 028490 gi|29 019064 019099 gi|41 
000358 88.4 030733 030801 gi|29 033817 033878 gi|44 
000358 88.4 030801 030733 gi|29 016905 016966 gi|32 
000323 94.9 030802 030764 gi|29 032235 032273 gi|44 
000354 86.8 030764 030831 gi|29 018510 018575 gi|32 
000316 92.5 030766 030805 gi|29 019064 019103 gi|41 
000272 89.9 040144 040212 gi|29 006061 006150 gi|43 
000607 71.6 001015 001651 gi|30 022422 023058 gi|38 
000516 76.2 001015 001161 gi|30 019766 019912 gi|42 
000368 76.8 001042 001317 gi|30 024245 024514 gi|38 
000255 71.8 001664 001594 gi|30 040173 040243 gi|33 
000410 71.1 002836 003098 gi|30 022439 022701 gi|38 
000258 79.0 003103 003028 gi|30 032552 032624 gi|42 
000253 78.5 003108 003030 gi|30 028318 028396 gi|45 
000253 83.3 006388 006483 gi|30 032808 032896 gi|32 
001196 73.6 007875 007163 gi|30 032753 033463 gi|48 
001247 72.8 007950 007173 gi|30 034868 035646 gi|48 
000349 75.5 007558 007810 gi|30 022239 022482 gi|47 
000319 78.0 034136 034028 gi|30 002884 002997 gi|40 
000354 71.1 036391 035942 gi|30 038550 039017 gi|33 
002489 74.8 038691 037012 gi|30 000014 001710 gi|47 
000291 71.3 037380 037252 gi|30 028323 028451 gi|45 
000280 69.5 037288 037382 gi|30 022954 023048 gi|47 
000326 73.0 038385 038171 gi|30 028320 028531 gi|45 
000299 75.6 038573 038173 gi|30 001422 001804 gi|46 
000329 76.0 038481 038174 gi|30 034404 034699 gi|38 
000640 73.0 038568 038203 gi|30 001192 001554 gi|47 
000415 78.5 002900 003155 gi|31 036132 036384 gi|33 
000310 74.5 002913 003171 gi|31 031776 032024 gi|35 
000436 74.7 002927 003171 gi|31 006730 006975 gi|46 
000296 76.7 003023 003155 gi|31 014543 014675 gi|46 
002668 99.3 004806 004507 gi|31 021549 021844 gi|47 
002633 99.0 004507 004806 gi|31 033817 034114 gi|47 
000289 87.5 004572 004525 gi|31 036529 036575 gi|39 
011596 98.6 004913 006186 gi|31 022453 023727 gi|32 
000266 75.6 010106 009984 gi|31 035335 035458 gi|44 
001522 77.1 011167 012416 gi|31 002206 003458 gi|40 
001201 75.2 011174 012572 gi|31 014313 015687 gi|46 
000267 81.7 011282 011179 gi|31 037816 037912 gi|45 
005773 77.4 011210 012842 gi|31 034170 035812 gi|33 
004699 78.6 011267 012909 gi|31 006680 008316 gi|46 
005889 79.2 011268 012841 gi|31 032329 033918 gi|33 
002390 74.8 011365 012838 gi|31 036201 037680 gi|33 
001495 77.1 011421 012706 gi|31 031880 033192 gi|35 
001279 75.7 011603 011911 gi|31 031010 031321 gi|33 
001867 75.5 012116 012843 gi|31 031310 032039 gi|33 
000260 67.9 014056 013945 gi|31 017654 017765 gi|38 
000401 78.9 013951 014092 gi|31 013216 013355 gi|48 
000266 75.2 014626 014778 gi|31 033944 034089 gi|32 
000250 74.0 018597 018371 gi|31 002434 002660 gi|46 
000301 73.1 018598 018380 gi|31 032293 032512 gi|48 
000486 76.9 019643 019137 gi|31 001431 001943 gi|46 
000312 75.2 019565 019170 gi|31 032193 032587 gi|48 
000353 85.0 019499 019380 gi|31 028306 028419 gi|45 
000305 78.7 019520 019380 gi|31 034451 034590 gi|38 
000367 71.7 019554 019382 gi|31 002342 002522 gi|46 
000261 78.6 019823 019768 gi|31 036595 036650 gi|44 
000547 73.9 022060 022898 gi|31 028412 029255 gi|47 
000269 77.8 026559 026290 gi|31 011575 011852 gi|40 
000262 74.1 026557 026388 gi|31 011506 011674 gi|40 
000701 98.8 026712 026626 gi|31 011786 011868 gi|40 
000685 100.0 026707 026634 gi|31 011531 011604 gi|40 
000337 69.2 033129 033258 gi|31 017638 017762 gi|38 
001886 76.7 038159 036993 gi|31 002293 003450 gi|47 
001560 76.2 038145 037056 gi|31 003673 004753 gi|47 
000302 73.8 008267 008484 gi|32 026433 026662 gi|48 
000280 83.3 008506 008595 gi|32 026882 026971 gi|48 
000926 95.4 008860 008989 gi|32 027146 027282 gi|34 
000925 97.4 008874 008989 gi|32 017980 018094 gi|38 
011651 99.8 008967 010220 gi|32 021012 022269 gi|38 
011265 97.7 010234 008975 gi|32 026154 027413 gi|38 
022888 97.9 010221 012809 gi|32 018075 020651 gi|38 
022134 96.7 010221 012804 gi|32 027263 029839 gi|34 
002054 91.1 012806 012515 gi|32 027663 027962 gi|39 
000292 78.3 012795 013057 gi|32 027225 027514 gi|48 
014823 98.2 018548 016904 gi|32 032235 033879 gi|44 
000385 75.0 016905 016988 gi|32 032236 032320 gi|44 
000275 91.4 016939 016905 gi|32 019065 019099 gi|41 
000367 75.3 018463 018547 gi|32 033795 033878 gi|44 
000296 94.4 018512 018547 gi|32 019064 019099 gi|41 
000678 88.6 021036 020932 gi|32 016220 016339 gi|45 
000753 92.7 021746 021881 gi|32 002331 002449 gi|44 
002831 76.8 031647 033584 gi|32 012937 014913 gi|40 
000369 70.8 033578 033425 gi|32 039991 040144 gi|36 
000466 80.4 034317 034525 gi|32 010312 010523 gi|48 
000627 71.2 034635 035276 gi|32 010781 011431 gi|48 
000483 72.6 038632 038850 gi|32 023596 023811 gi|40 
000455 76.1 013012 012728 gi|33 039278 039571 gi|44 
000255 80.3 013016 012865 gi|33 039039 039193 gi|42 
000251 81.1 013850 013703 gi|33 011659 011825 gi|39 
000274 74.1 014048 013821 gi|33 013002 013227 gi|39 
000412 75.2 014263 013844 gi|33 039267 039670 gi|44 
000273 82.0 014052 014003 gi|33 013186 013238 gi|39 
000317 74.6 014643 014368 gi|33 039278 039547 gi|44 
000336 78.4 014558 014388 gi|33 013070 013249 gi|39 
001155 76.4 020552 019652 gi|33 010388 011307 gi|39 
000526 71.3 019779 020126 gi|33 039901 040245 gi|38 
000807 76.7 020269 019807 gi|33 012125 012587 gi|39 
000299 78.7 024122 024029 gi|33 012125 012224 gi|43 
002372 94.2 028609 028903 gi|33 034683 034978 gi|34 
002387 93.0 029717 030016 gi|33 034685 034984 gi|34 
000688 73.1 030983 031294 gi|33 002623 002929 gi|40 
000602 81.0 031002 031333 gi|33 032046 032388 gi|35 
001761 81.2 031021 031329 gi|33 007024 007334 gi|46 
000594 80.3 031061 031339 gi|33 014781 015059 gi|46 
000316 73.2 031331 031796 gi|33 003179 003626 gi|40 
001845 75.4 031332 032034 gi|33 007554 008262 gi|46 
000481 80.3 031721 032110 gi|33 032991 033396 gi|35 
001618 77.1 032279 033918 gi|33 031673 033333 gi|35 
000834 75.2 032321 033713 gi|33 014383 015748 gi|46 
005312 77.2 032339 033971 gi|33 006681 008329 gi|46 
001740 75.1 032340 033920 gi|33 002314 003894 gi|40 
005455 77.5 034163 035832 gi|33 006615 008294 gi|46 
001976 76.7 034172 035886 gi|33 031673 033395 gi|35 
002067 75.7 034236 035809 gi|33 002321 003890 gi|40 
000977 76.7 034376 035148 gi|33 014539 015311 gi|46 
001024 74.6 036073 036902 gi|33 031711 032528 gi|35 
002140 77.1 036239 037694 gi|33 006813 008278 gi|46 
001135 75.4 036248 037367 gi|33 002457 003564 gi|40 
001209 76.1 036257 037018 gi|33 014548 015306 gi|46 
000419 77.9 037180 037590 gi|33 032815 033237 gi|35 
000272 75.9 040078 040243 gi|33 000889 001065 gi|47 
000330 79.0 002203 002061 gi|34 005647 005786 gi|47 
000326 81.0 005769 005910 gi|34 034868 035019 gi|43 
000253 92.2 017567 017517 gi|34 011820 011870 gi|47 
000256 73.6 019831 020012 gi|34 022645 022826 gi|45 
023020 96.2 027168 029836 gi|34 017980 020642 gi|38 
002100 90.0 029881 029551 gi|34 027628 027962 gi|39 
000266 79.6 006316 006452 gi|36 019462 019609 gi|47 
000615 75.6 032093 031466 gi|36 002792 003417 gi|48 
000408 74.8 035773 036006 gi|36 025231 025452 gi|40 
000416 75.6 040138 040049 gi|36 014766 014855 gi|40 
002623 100.0 000001 000281 gi|37 025963 026244 gi|43 
000265 78.5 004213 004084 gi|35 039559 039692 gi|47 
000487 78.0 010478 010867 gi|35 025209 025602 gi|40 
000310 77.3 010497 010910 gi|35 035768 036208 gi|36 
000597 81.3 024015 024443 gi|35 025205 025625 gi|40 
000256 72.9 027485 027353 gi|35 004294 004423 gi|38 
000285 70.1 027918 027698 gi|35 004008 004237 gi|38 
000272 79.7 029748 030058 gi|35 026193 026513 gi|44 
001758 76.4 031871 033394 gi|35 006822 008315 gi|46 
001788 75.8 031880 032859 gi|35 002466 003430 gi|40 
001058 75.7 031880 032563 gi|35 014548 015243 gi|46 
000255 73.0 036888 037072 gi|35 025804 025988 gi|46 
000252 82.8 037433 037612 gi|35 026406 026585 gi|46 
000265 77.3 038036 038313 gi|35 038720 038982 gi|38 
000358 76.4 038094 038330 gi|35 027230 027453 gi|46 
000864 75.4 002280 003814 gi|40 014365 015879 gi|46 
001926 74.8 002308 003894 gi|40 006674 008268 gi|46 
000783 74.4 005168 003877 gi|40 005345 006618 gi|41 
000257 83.1 010978 010831 gi|40 005854 006006 gi|45 
000251 76.7 023844 023678 gi|40 032990 033156 gi|47 
000277 78.3 017509 017688 gi|41 036443 036621 gi|43 
000262 81.1 017523 017596 gi|41 036476 036556 gi|48 
000291 94.4 019099 019064 gi|41 032236 032271 gi|44 
000266 91.4 019065 019099 gi|41 033844 033878 gi|44 
000395 73.3 020882 020986 gi|41 018088 018192 gi|47 
002035 75.4 021034 022432 gi|41 018309 019641 gi|47 
001320 74.3 039539 038412 gi|41 011663 012783 gi|46 
000327 77.0 001967 001807 gi|39 020764 020924 gi|46 
002130 72.0 016478 017291 gi|39 001666 002497 gi|42 
000533 72.2 022628 022979 gi|39 002673 003020 gi|43 
000327 75.9 027936 028184 gi|39 028253 028501 gi|45 
000327 77.5 027962 028196 gi|39 002384 002615 gi|46 
000285 69.8 033849 033724 gi|39 019257 019385 gi|42 
000289 87.2 036529 036575 gi|39 021783 021830 gi|47 
000252 89.1 036629 036529 gi|39 033793 033880 gi|47 
000688 76.5 038254 038479 gi|39 037392 037633 gi|41 
001776 94.6 038975 038754 gi|39 038007 038235 gi|41 
004921 93.0 039681 039053 gi|39 037389 038009 gi|41 
000774 91.5 001183 000972 gi|38 010826 011034 gi|46 
000473 76.0 017753 017633 gi|38 013222 013342 gi|48 
002001 91.5 020643 020384 gi|38 027667 027926 gi|39 
000433 76.2 022409 022580 gi|38 019753 019924 gi|42 
000353 73.4 024509 024243 gi|38 001588 001863 gi|46 
000393 78.2 024503 024302 gi|38 028319 028529 gi|45 
000282 76.9 024540 024398 gi|38 032242 032389 gi|48 
000609 72.2 034699 034067 gi|38 022841 023470 gi|47 
000389 71.5 034074 034586 gi|38 000928 001467 gi|47 
001246 74.3 034080 034877 gi|38 031877 032677 gi|48 
002109 76.6 034096 034813 gi|38 027925 028643 gi|45 
000530 74.9 034104 034585 gi|38 032147 032643 gi|42 
000629 75.8 034152 034753 gi|38 002080 002687 gi|46 
000254 70.3 034474 034766 gi|38 000303 000598 gi|47 
000264 75.0 034495 034666 gi|38 006901 007072 gi|45 
000435 74.3 035030 035332 gi|38 026584 026871 gi|45 
000302 74.7 036159 035714 gi|38 023654 024135 gi|47 
000449 75.0 035814 036300 gi|38 033601 034078 gi|48 
000434 70.7 035854 036317 gi|38 027402 027869 gi|45 
000319 76.2 035882 036171 gi|38 034343 034635 gi|48 
000315 76.0 038873 038993 gi|38 027327 027453 gi|46 
001285 75.0 040245 039874 gi|38 010811 011182 gi|39 
001145 74.9 040245 039875 gi|38 012268 012638 gi|39 
001371 69.2 001397 001935 gi|44 038290 038829 gi|45 
000802 67.9 001940 002269 gi|44 038654 038983 gi|45 
000258 82.7 023170 023250 gi|44 021192 021297 gi|46 
000924 72.6 036550 037130 gi|44 016431 017014 gi|47 
000273 80.4 036621 036671 gi|44 020755 020805 gi|48 
000267 77.3 037764 037913 gi|44 032204 032362 gi|48 
000288 82.7 006969 007072 gi|45 000392 000498 gi|47 
000501 72.6 026711 027862 gi|45 032954 034101 gi|48 
000289 74.7 027259 027850 gi|45 034161 034766 gi|48 
000921 72.5 028686 027427 gi|45 022675 023939 gi|47 
001581 78.0 027989 028597 gi|45 031954 032544 gi|48 
000276 71.6 028127 028594 gi|45 000110 000597 gi|47 
000381 77.7 028287 028582 gi|45 001562 001857 gi|46 
000419 79.0 028319 028556 gi|45 002424 002664 gi|46 
000272 71.7 027529 027765 gi|42 002396 002623 gi|46 
000317 75.9 027553 027718 gi|42 032280 032442 gi|48 
000490 76.0 032179 032727 gi|42 031918 032460 gi|48 
000433 76.8 032179 032643 gi|42 027970 028414 gi|45 
000302 78.0 032729 032216 gi|42 023474 023987 gi|45 
000251 85.9 032494 032628 gi|42 035296 035421 gi|44 
000331 72.0 032535 032727 gi|42 000306 000498 gi|47 
000332 77.6 032643 032537 gi|42 022955 023061 gi|47 
000314 79.3 039041 039180 gi|42 039276 039415 gi|44 
000290 74.9 001864 001586 gi|46 022779 023059 gi|47 
000266 83.4 002425 002605 gi|46 032285 032465 gi|48 
000254 74.4 021298 021217 gi|46 011675 011762 gi|47 
000384 70.1 027318 027454 gi|46 008279 008415 gi|48 
000260 73.0 000228 000564 gi|47 032203 032526 gi|48 
000394 76.8 022479 021932 gi|47 035009 035568 gi|48 
000550 72.0 023234 022835 gi|47 032100 032499 gi|48 
