

Building a new DB, current time: 02/23/2024 23:28:05
New DB name:   /Users/emelbiner/PycharmProjects/FinalProjekt/output/repeatmodeler/B_longum/RM_48969.FriFeb232327442024/round-1/sampleDB-1.fa
New DB title:  /Users/emelbiner/PycharmProjects/FinalProjekt/output/repeatmodeler/B_longum/RM_48969.FriFeb232327442024/round-1/sampleDB-1.fa
Sequence type: Nucleotide
Keep MBits: T
Maximum file size: 3000000000B
Adding sequences from FASTA; added 60 sequences in 0.014931 seconds.




Building a new DB, current time: 02/23/2024 23:28:06
New DB name:   /Users/emelbiner/PycharmProjects/FinalProjekt/output/repeatmodeler/B_longum/RM_48969.FriFeb232327442024/round-1/family-0.fa
New DB title:  /Users/emelbiner/PycharmProjects/FinalProjekt/output/repeatmodeler/B_longum/RM_48969.FriFeb232327442024/round-1/family-0.fa
Sequence type: Nucleotide
Keep MBits: T
Maximum file size: 3000000000B
Adding sequences from FASTA; added 28 sequences in 0.00252509 seconds.




Building a new DB, current time: 02/23/2024 23:28:06
New DB name:   /Users/emelbiner/PycharmProjects/FinalProjekt/output/repeatmodeler/B_longum/RM_48969.FriFeb232327442024/round-1/family-0-cons-2.fa
New DB title:  /Users/emelbiner/PycharmProjects/FinalProjekt/output/repeatmodeler/B_longum/RM_48969.FriFeb232327442024/round-1/family-0-cons-2.fa
Sequence type: Nucleotide
Keep MBits: T
Maximum file size: 3000000000B
Adding sequences from FASTA; added 1 sequences in 0.000282049 seconds.




Building a new DB, current time: 02/23/2024 23:28:06
New DB name:   /Users/emelbiner/PycharmProjects/FinalProjekt/output/repeatmodeler/B_longum/RM_48969.FriFeb232327442024/round-1/family-0-cons-3.fa
New DB title:  /Users/emelbiner/PycharmProjects/FinalProjekt/output/repeatmodeler/B_longum/RM_48969.FriFeb232327442024/round-1/family-0-cons-3.fa
Sequence type: Nucleotide
Keep MBits: T
Maximum file size: 3000000000B
Adding sequences from FASTA; added 1 sequences in 0.000299931 seconds.




Building a new DB, current time: 02/23/2024 23:28:06
New DB name:   /Users/emelbiner/PycharmProjects/FinalProjekt/output/repeatmodeler/B_longum/RM_48969.FriFeb232327442024/round-1/family-0-cons-4.fa
New DB title:  /Users/emelbiner/PycharmProjects/FinalProjekt/output/repeatmodeler/B_longum/RM_48969.FriFeb232327442024/round-1/family-0-cons-4.fa
Sequence type: Nucleotide
Keep MBits: T
Maximum file size: 3000000000B
Adding sequences from FASTA; added 1 sequences in 0.000300169 seconds.




Building a new DB, current time: 02/23/2024 23:28:06
New DB name:   /Users/emelbiner/PycharmProjects/FinalProjekt/output/repeatmodeler/B_longum/RM_48969.FriFeb232327442024/round-1/family-0-cons-5.fa
New DB title:  /Users/emelbiner/PycharmProjects/FinalProjekt/output/repeatmodeler/B_longum/RM_48969.FriFeb232327442024/round-1/family-0-cons-5.fa
Sequence type: Nucleotide
Keep MBits: T
Maximum file size: 3000000000B
Adding sequences from FASTA; added 1 sequences in 0.000316143 seconds.




Building a new DB, current time: 02/23/2024 23:28:06
New DB name:   /Users/emelbiner/PycharmProjects/FinalProjekt/output/repeatmodeler/B_longum/RM_48969.FriFeb232327442024/round-1/family-1.fa
New DB title:  /Users/emelbiner/PycharmProjects/FinalProjekt/output/repeatmodeler/B_longum/RM_48969.FriFeb232327442024/round-1/family-1.fa
Sequence type: Nucleotide
Keep MBits: T
Maximum file size: 3000000000B
Adding sequences from FASTA; added 26 sequences in 0.00254989 seconds.




Building a new DB, current time: 02/23/2024 23:28:07
New DB name:   /Users/emelbiner/PycharmProjects/FinalProjekt/output/repeatmodeler/B_longum/RM_48969.FriFeb232327442024/round-1/family-1-cons-2.fa
New DB title:  /Users/emelbiner/PycharmProjects/FinalProjekt/output/repeatmodeler/B_longum/RM_48969.FriFeb232327442024/round-1/family-1-cons-2.fa
Sequence type: Nucleotide
Keep MBits: T
Maximum file size: 3000000000B
Adding sequences from FASTA; added 1 sequences in 0.000298023 seconds.




Building a new DB, current time: 02/23/2024 23:28:07
New DB name:   /Users/emelbiner/PycharmProjects/FinalProjekt/output/repeatmodeler/B_longum/RM_48969.FriFeb232327442024/round-1/family-1-cons-3.fa
New DB title:  /Users/emelbiner/PycharmProjects/FinalProjekt/output/repeatmodeler/B_longum/RM_48969.FriFeb232327442024/round-1/family-1-cons-3.fa
Sequence type: Nucleotide
Keep MBits: T
Maximum file size: 3000000000B
Adding sequences from FASTA; added 1 sequences in 0.000298023 seconds.




Building a new DB, current time: 02/23/2024 23:28:07
New DB name:   /Users/emelbiner/PycharmProjects/FinalProjekt/output/repeatmodeler/B_longum/RM_48969.FriFeb232327442024/round-1/family-1-cons-4.fa
New DB title:  /Users/emelbiner/PycharmProjects/FinalProjekt/output/repeatmodeler/B_longum/RM_48969.FriFeb232327442024/round-1/family-1-cons-4.fa
Sequence type: Nucleotide
Keep MBits: T
Maximum file size: 3000000000B
Adding sequences from FASTA; added 1 sequences in 0.000296116 seconds.




Building a new DB, current time: 02/23/2024 23:28:07
New DB name:   /Users/emelbiner/PycharmProjects/FinalProjekt/output/repeatmodeler/B_longum/RM_48969.FriFeb232327442024/round-1/family-1-cons-5.fa
New DB title:  /Users/emelbiner/PycharmProjects/FinalProjekt/output/repeatmodeler/B_longum/RM_48969.FriFeb232327442024/round-1/family-1-cons-5.fa
Sequence type: Nucleotide
Keep MBits: T
Maximum file size: 3000000000B
Adding sequences from FASTA; added 1 sequences in 0.000305891 seconds.




Building a new DB, current time: 02/23/2024 23:28:08
New DB name:   /Users/emelbiner/PycharmProjects/FinalProjekt/output/repeatmodeler/B_longum/RM_48969.FriFeb232327442024/round-1/family-1-cons-6.fa
New DB title:  /Users/emelbiner/PycharmProjects/FinalProjekt/output/repeatmodeler/B_longum/RM_48969.FriFeb232327442024/round-1/family-1-cons-6.fa
Sequence type: Nucleotide
Keep MBits: T
Maximum file size: 3000000000B
Adding sequences from FASTA; added 1 sequences in 0.000297785 seconds.




Building a new DB, current time: 02/23/2024 23:28:08
New DB name:   /Users/emelbiner/PycharmProjects/FinalProjekt/output/repeatmodeler/B_longum/RM_48969.FriFeb232327442024/round-1/family-1-cons-7.fa
New DB title:  /Users/emelbiner/PycharmProjects/FinalProjekt/output/repeatmodeler/B_longum/RM_48969.FriFeb232327442024/round-1/family-1-cons-7.fa
Sequence type: Nucleotide
Keep MBits: T
Maximum file size: 3000000000B
Adding sequences from FASTA; added 1 sequences in 0.000300169 seconds.




Building a new DB, current time: 02/23/2024 23:28:08
New DB name:   /Users/emelbiner/PycharmProjects/FinalProjekt/output/repeatmodeler/B_longum/RM_48969.FriFeb232327442024/round-1/family-2.fa
New DB title:  /Users/emelbiner/PycharmProjects/FinalProjekt/output/repeatmodeler/B_longum/RM_48969.FriFeb232327442024/round-1/family-2.fa
Sequence type: Nucleotide
Keep MBits: T
Maximum file size: 3000000000B
Adding sequences from FASTA; added 25 sequences in 0.00244999 seconds.




Building a new DB, current time: 02/23/2024 23:28:09
New DB name:   /Users/emelbiner/PycharmProjects/FinalProjekt/output/repeatmodeler/B_longum/RM_48969.FriFeb232327442024/round-1/family-2-cons-2.fa
New DB title:  /Users/emelbiner/PycharmProjects/FinalProjekt/output/repeatmodeler/B_longum/RM_48969.FriFeb232327442024/round-1/family-2-cons-2.fa
Sequence type: Nucleotide
Keep MBits: T
Maximum file size: 3000000000B
Adding sequences from FASTA; added 1 sequences in 0.000298977 seconds.




Building a new DB, current time: 02/23/2024 23:28:09
New DB name:   /Users/emelbiner/PycharmProjects/FinalProjekt/output/repeatmodeler/B_longum/RM_48969.FriFeb232327442024/round-1/family-2-cons-3.fa
New DB title:  /Users/emelbiner/PycharmProjects/FinalProjekt/output/repeatmodeler/B_longum/RM_48969.FriFeb232327442024/round-1/family-2-cons-3.fa
Sequence type: Nucleotide
Keep MBits: T
Maximum file size: 3000000000B
Adding sequences from FASTA; added 1 sequences in 0.000294924 seconds.




Building a new DB, current time: 02/23/2024 23:28:09
New DB name:   /Users/emelbiner/PycharmProjects/FinalProjekt/output/repeatmodeler/B_longum/RM_48969.FriFeb232327442024/round-1/family-2-cons-4.fa
New DB title:  /Users/emelbiner/PycharmProjects/FinalProjekt/output/repeatmodeler/B_longum/RM_48969.FriFeb232327442024/round-1/family-2-cons-4.fa
Sequence type: Nucleotide
Keep MBits: T
Maximum file size: 3000000000B
Adding sequences from FASTA; added 1 sequences in 0.000299215 seconds.




Building a new DB, current time: 02/23/2024 23:28:10
New DB name:   /Users/emelbiner/PycharmProjects/FinalProjekt/output/repeatmodeler/B_longum/RM_48969.FriFeb232327442024/round-1/family-2-cons-5.fa
New DB title:  /Users/emelbiner/PycharmProjects/FinalProjekt/output/repeatmodeler/B_longum/RM_48969.FriFeb232327442024/round-1/family-2-cons-5.fa
Sequence type: Nucleotide
Keep MBits: T
Maximum file size: 3000000000B
Adding sequences from FASTA; added 1 sequences in 0.000303984 seconds.




Building a new DB, current time: 02/23/2024 23:28:10
New DB name:   /Users/emelbiner/PycharmProjects/FinalProjekt/output/repeatmodeler/B_longum/RM_48969.FriFeb232327442024/round-1/family-2-cons-6.fa
New DB title:  /Users/emelbiner/PycharmProjects/FinalProjekt/output/repeatmodeler/B_longum/RM_48969.FriFeb232327442024/round-1/family-2-cons-6.fa
Sequence type: Nucleotide
Keep MBits: T
Maximum file size: 3000000000B
Adding sequences from FASTA; added 1 sequences in 0.000306845 seconds.




Building a new DB, current time: 02/23/2024 23:28:10
New DB name:   /Users/emelbiner/PycharmProjects/FinalProjekt/output/repeatmodeler/B_longum/RM_48969.FriFeb232327442024/round-1/family-3.fa
New DB title:  /Users/emelbiner/PycharmProjects/FinalProjekt/output/repeatmodeler/B_longum/RM_48969.FriFeb232327442024/round-1/family-3.fa
Sequence type: Nucleotide
Keep MBits: T
Maximum file size: 3000000000B
Adding sequences from FASTA; added 20 sequences in 0.00238514 seconds.




Building a new DB, current time: 02/23/2024 23:28:10
New DB name:   /Users/emelbiner/PycharmProjects/FinalProjekt/output/repeatmodeler/B_longum/RM_48969.FriFeb232327442024/round-1/family-3-cons-2.fa
New DB title:  /Users/emelbiner/PycharmProjects/FinalProjekt/output/repeatmodeler/B_longum/RM_48969.FriFeb232327442024/round-1/family-3-cons-2.fa
Sequence type: Nucleotide
Keep MBits: T
Maximum file size: 3000000000B
Adding sequences from FASTA; added 1 sequences in 0.000301838 seconds.




Building a new DB, current time: 02/23/2024 23:28:10
New DB name:   /Users/emelbiner/PycharmProjects/FinalProjekt/output/repeatmodeler/B_longum/RM_48969.FriFeb232327442024/round-1/family-3-cons-3.fa
New DB title:  /Users/emelbiner/PycharmProjects/FinalProjekt/output/repeatmodeler/B_longum/RM_48969.FriFeb232327442024/round-1/family-3-cons-3.fa
Sequence type: Nucleotide
Keep MBits: T
Maximum file size: 3000000000B
Adding sequences from FASTA; added 1 sequences in 0.000332117 seconds.




Building a new DB, current time: 02/23/2024 23:28:11
New DB name:   /Users/emelbiner/PycharmProjects/FinalProjekt/output/repeatmodeler/B_longum/RM_48969.FriFeb232327442024/round-1/family-3-cons-4.fa
New DB title:  /Users/emelbiner/PycharmProjects/FinalProjekt/output/repeatmodeler/B_longum/RM_48969.FriFeb232327442024/round-1/family-3-cons-4.fa
Sequence type: Nucleotide
Keep MBits: T
Maximum file size: 3000000000B
Adding sequences from FASTA; added 1 sequences in 0.000298977 seconds.




Building a new DB, current time: 02/23/2024 23:28:11
New DB name:   /Users/emelbiner/PycharmProjects/FinalProjekt/output/repeatmodeler/B_longum/RM_48969.FriFeb232327442024/round-1/family-3-cons-5.fa
New DB title:  /Users/emelbiner/PycharmProjects/FinalProjekt/output/repeatmodeler/B_longum/RM_48969.FriFeb232327442024/round-1/family-3-cons-5.fa
Sequence type: Nucleotide
Keep MBits: T
Maximum file size: 3000000000B
Adding sequences from FASTA; added 1 sequences in 0.000298977 seconds.




Building a new DB, current time: 02/23/2024 23:28:11
New DB name:   /Users/emelbiner/PycharmProjects/FinalProjekt/output/repeatmodeler/B_longum/RM_48969.FriFeb232327442024/round-1/family-3-cons-6.fa
New DB title:  /Users/emelbiner/PycharmProjects/FinalProjekt/output/repeatmodeler/B_longum/RM_48969.FriFeb232327442024/round-1/family-3-cons-6.fa
Sequence type: Nucleotide
Keep MBits: T
Maximum file size: 3000000000B
Adding sequences from FASTA; added 1 sequences in 0.00031805 seconds.


