

Building a new DB, current time: 02/23/2024 23:32:43
New DB name:   /Users/emelbiner/PycharmProjects/FinalProjekt/output/repeatmodeler/B_longum/RM_51394.FriFeb232332102024/round-2/sampleDB-2.fa
New DB title:  /Users/emelbiner/PycharmProjects/FinalProjekt/output/repeatmodeler/B_longum/RM_51394.FriFeb232332102024/round-2/sampleDB-2.fa
Sequence type: Nucleotide
Keep MBits: T
Maximum file size: 3000000000B
Adding sequences from FASTA; added 60 sequences in 0.0163622 seconds.




Building a new DB, current time: 02/23/2024 23:33:35
New DB name:   /Users/emelbiner/PycharmProjects/FinalProjekt/output/repeatmodeler/B_longum/RM_51394.FriFeb232332102024/round-2/family-74.fa
New DB title:  /Users/emelbiner/PycharmProjects/FinalProjekt/output/repeatmodeler/B_longum/RM_51394.FriFeb232332102024/round-2/family-74.fa
Sequence type: Nucleotide
Keep MBits: T
Maximum file size: 3000000000B
Adding sequences from FASTA; added 19 sequences in 0.00247002 seconds.




Building a new DB, current time: 02/23/2024 23:33:36
New DB name:   /Users/emelbiner/PycharmProjects/FinalProjekt/output/repeatmodeler/B_longum/RM_51394.FriFeb232332102024/round-2/family-74-cons-2.fa
New DB title:  /Users/emelbiner/PycharmProjects/FinalProjekt/output/repeatmodeler/B_longum/RM_51394.FriFeb232332102024/round-2/family-74-cons-2.fa
Sequence type: Nucleotide
Keep MBits: T
Maximum file size: 3000000000B
Adding sequences from FASTA; added 1 sequences in 0.000306845 seconds.




Building a new DB, current time: 02/23/2024 23:33:36
New DB name:   /Users/emelbiner/PycharmProjects/FinalProjekt/output/repeatmodeler/B_longum/RM_51394.FriFeb232332102024/round-2/family-74-cons-3.fa
New DB title:  /Users/emelbiner/PycharmProjects/FinalProjekt/output/repeatmodeler/B_longum/RM_51394.FriFeb232332102024/round-2/family-74-cons-3.fa
Sequence type: Nucleotide
Keep MBits: T
Maximum file size: 3000000000B
Adding sequences from FASTA; added 1 sequences in 0.000302076 seconds.




Building a new DB, current time: 02/23/2024 23:33:36
New DB name:   /Users/emelbiner/PycharmProjects/FinalProjekt/output/repeatmodeler/B_longum/RM_51394.FriFeb232332102024/round-2/family-74-cons-4.fa
New DB title:  /Users/emelbiner/PycharmProjects/FinalProjekt/output/repeatmodeler/B_longum/RM_51394.FriFeb232332102024/round-2/family-74-cons-4.fa
Sequence type: Nucleotide
Keep MBits: T
Maximum file size: 3000000000B
Adding sequences from FASTA; added 1 sequences in 0.000310898 seconds.




Building a new DB, current time: 02/23/2024 23:33:36
New DB name:   /Users/emelbiner/PycharmProjects/FinalProjekt/output/repeatmodeler/B_longum/RM_51394.FriFeb232332102024/round-2/family-74-cons-5.fa
New DB title:  /Users/emelbiner/PycharmProjects/FinalProjekt/output/repeatmodeler/B_longum/RM_51394.FriFeb232332102024/round-2/family-74-cons-5.fa
Sequence type: Nucleotide
Keep MBits: T
Maximum file size: 3000000000B
Adding sequences from FASTA; added 1 sequences in 0.00030303 seconds.




Building a new DB, current time: 02/23/2024 23:33:36
New DB name:   /Users/emelbiner/PycharmProjects/FinalProjekt/output/repeatmodeler/B_longum/RM_51394.FriFeb232332102024/round-2/family-74-cons-6.fa
New DB title:  /Users/emelbiner/PycharmProjects/FinalProjekt/output/repeatmodeler/B_longum/RM_51394.FriFeb232332102024/round-2/family-74-cons-6.fa
Sequence type: Nucleotide
Keep MBits: T
Maximum file size: 3000000000B
Adding sequences from FASTA; added 1 sequences in 0.000303984 seconds.


