

Building a new DB, current time: 02/24/2024 00:17:12
New DB name:   /Users/emelbiner/PycharmProjects/FinalProjekt/output/repeatmodeler/L_delbureckii/RM_54176.SatFeb240016552024/round-1/sampleDB-1.fa
New DB title:  /Users/emelbiner/PycharmProjects/FinalProjekt/output/repeatmodeler/L_delbureckii/RM_54176.SatFeb240016552024/round-1/sampleDB-1.fa
Sequence type: Nucleotide
Keep MBits: T
Maximum file size: 3000000000B
Adding sequences from FASTA; added 48 sequences in 0.0133622 seconds.




Building a new DB, current time: 02/24/2024 00:17:13
New DB name:   /Users/emelbiner/PycharmProjects/FinalProjekt/output/repeatmodeler/L_delbureckii/RM_54176.SatFeb240016552024/round-1/family-0.fa
New DB title:  /Users/emelbiner/PycharmProjects/FinalProjekt/output/repeatmodeler/L_delbureckii/RM_54176.SatFeb240016552024/round-1/family-0.fa
Sequence type: Nucleotide
Keep MBits: T
Maximum file size: 3000000000B
Adding sequences from FASTA; added 56 sequences in 0.00344682 seconds.




Building a new DB, current time: 02/24/2024 00:17:14
New DB name:   /Users/emelbiner/PycharmProjects/FinalProjekt/output/repeatmodeler/L_delbureckii/RM_54176.SatFeb240016552024/round-1/family-0-cons-2.fa
New DB title:  /Users/emelbiner/PycharmProjects/FinalProjekt/output/repeatmodeler/L_delbureckii/RM_54176.SatFeb240016552024/round-1/family-0-cons-2.fa
Sequence type: Nucleotide
Keep MBits: T
Maximum file size: 3000000000B
Adding sequences from FASTA; added 1 sequences in 0.000347137 seconds.




Building a new DB, current time: 02/24/2024 00:17:14
New DB name:   /Users/emelbiner/PycharmProjects/FinalProjekt/output/repeatmodeler/L_delbureckii/RM_54176.SatFeb240016552024/round-1/family-0-cons-3.fa
New DB title:  /Users/emelbiner/PycharmProjects/FinalProjekt/output/repeatmodeler/L_delbureckii/RM_54176.SatFeb240016552024/round-1/family-0-cons-3.fa
Sequence type: Nucleotide
Keep MBits: T
Maximum file size: 3000000000B
Adding sequences from FASTA; added 1 sequences in 0.000359058 seconds.




Building a new DB, current time: 02/24/2024 00:17:15
New DB name:   /Users/emelbiner/PycharmProjects/FinalProjekt/output/repeatmodeler/L_delbureckii/RM_54176.SatFeb240016552024/round-1/family-0-cons-4.fa
New DB title:  /Users/emelbiner/PycharmProjects/FinalProjekt/output/repeatmodeler/L_delbureckii/RM_54176.SatFeb240016552024/round-1/family-0-cons-4.fa
Sequence type: Nucleotide
Keep MBits: T
Maximum file size: 3000000000B
Adding sequences from FASTA; added 1 sequences in 0.000370026 seconds.




Building a new DB, current time: 02/24/2024 00:17:15
New DB name:   /Users/emelbiner/PycharmProjects/FinalProjekt/output/repeatmodeler/L_delbureckii/RM_54176.SatFeb240016552024/round-1/family-0-cons-5.fa
New DB title:  /Users/emelbiner/PycharmProjects/FinalProjekt/output/repeatmodeler/L_delbureckii/RM_54176.SatFeb240016552024/round-1/family-0-cons-5.fa
Sequence type: Nucleotide
Keep MBits: T
Maximum file size: 3000000000B
Adding sequences from FASTA; added 1 sequences in 0.000350952 seconds.




Building a new DB, current time: 02/24/2024 00:17:16
New DB name:   /Users/emelbiner/PycharmProjects/FinalProjekt/output/repeatmodeler/L_delbureckii/RM_54176.SatFeb240016552024/round-1/family-1.fa
New DB title:  /Users/emelbiner/PycharmProjects/FinalProjekt/output/repeatmodeler/L_delbureckii/RM_54176.SatFeb240016552024/round-1/family-1.fa
Sequence type: Nucleotide
Keep MBits: T
Maximum file size: 3000000000B
Adding sequences from FASTA; added 41 sequences in 0.002774 seconds.




Building a new DB, current time: 02/24/2024 00:17:17
New DB name:   /Users/emelbiner/PycharmProjects/FinalProjekt/output/repeatmodeler/L_delbureckii/RM_54176.SatFeb240016552024/round-1/family-1-cons-2.fa
New DB title:  /Users/emelbiner/PycharmProjects/FinalProjekt/output/repeatmodeler/L_delbureckii/RM_54176.SatFeb240016552024/round-1/family-1-cons-2.fa
Sequence type: Nucleotide
Keep MBits: T
Maximum file size: 3000000000B
Adding sequences from FASTA; added 1 sequences in 0.000370979 seconds.




Building a new DB, current time: 02/24/2024 00:17:17
New DB name:   /Users/emelbiner/PycharmProjects/FinalProjekt/output/repeatmodeler/L_delbureckii/RM_54176.SatFeb240016552024/round-1/family-1-cons-3.fa
New DB title:  /Users/emelbiner/PycharmProjects/FinalProjekt/output/repeatmodeler/L_delbureckii/RM_54176.SatFeb240016552024/round-1/family-1-cons-3.fa
Sequence type: Nucleotide
Keep MBits: T
Maximum file size: 3000000000B
Adding sequences from FASTA; added 1 sequences in 0.000340939 seconds.




Building a new DB, current time: 02/24/2024 00:17:18
New DB name:   /Users/emelbiner/PycharmProjects/FinalProjekt/output/repeatmodeler/L_delbureckii/RM_54176.SatFeb240016552024/round-1/family-1-cons-4.fa
New DB title:  /Users/emelbiner/PycharmProjects/FinalProjekt/output/repeatmodeler/L_delbureckii/RM_54176.SatFeb240016552024/round-1/family-1-cons-4.fa
Sequence type: Nucleotide
Keep MBits: T
Maximum file size: 3000000000B
Adding sequences from FASTA; added 1 sequences in 0.000359058 seconds.




Building a new DB, current time: 02/24/2024 00:17:18
New DB name:   /Users/emelbiner/PycharmProjects/FinalProjekt/output/repeatmodeler/L_delbureckii/RM_54176.SatFeb240016552024/round-1/family-1-cons-5.fa
New DB title:  /Users/emelbiner/PycharmProjects/FinalProjekt/output/repeatmodeler/L_delbureckii/RM_54176.SatFeb240016552024/round-1/family-1-cons-5.fa
Sequence type: Nucleotide
Keep MBits: T
Maximum file size: 3000000000B
Adding sequences from FASTA; added 1 sequences in 0.000344038 seconds.




Building a new DB, current time: 02/24/2024 00:17:18
New DB name:   /Users/emelbiner/PycharmProjects/FinalProjekt/output/repeatmodeler/L_delbureckii/RM_54176.SatFeb240016552024/round-1/family-1-cons-6.fa
New DB title:  /Users/emelbiner/PycharmProjects/FinalProjekt/output/repeatmodeler/L_delbureckii/RM_54176.SatFeb240016552024/round-1/family-1-cons-6.fa
Sequence type: Nucleotide
Keep MBits: T
Maximum file size: 3000000000B
Adding sequences from FASTA; added 1 sequences in 0.000336885 seconds.




Building a new DB, current time: 02/24/2024 00:17:19
New DB name:   /Users/emelbiner/PycharmProjects/FinalProjekt/output/repeatmodeler/L_delbureckii/RM_54176.SatFeb240016552024/round-1/family-2.fa
New DB title:  /Users/emelbiner/PycharmProjects/FinalProjekt/output/repeatmodeler/L_delbureckii/RM_54176.SatFeb240016552024/round-1/family-2.fa
Sequence type: Nucleotide
Keep MBits: T
Maximum file size: 3000000000B
Adding sequences from FASTA; added 34 sequences in 0.00310397 seconds.




Building a new DB, current time: 02/24/2024 00:17:21
New DB name:   /Users/emelbiner/PycharmProjects/FinalProjekt/output/repeatmodeler/L_delbureckii/RM_54176.SatFeb240016552024/round-1/family-2-cons-2.fa
New DB title:  /Users/emelbiner/PycharmProjects/FinalProjekt/output/repeatmodeler/L_delbureckii/RM_54176.SatFeb240016552024/round-1/family-2-cons-2.fa
Sequence type: Nucleotide
Keep MBits: T
Maximum file size: 3000000000B
Adding sequences from FASTA; added 1 sequences in 0.000377178 seconds.




Building a new DB, current time: 02/24/2024 00:17:21
New DB name:   /Users/emelbiner/PycharmProjects/FinalProjekt/output/repeatmodeler/L_delbureckii/RM_54176.SatFeb240016552024/round-1/family-2-cons-3.fa
New DB title:  /Users/emelbiner/PycharmProjects/FinalProjekt/output/repeatmodeler/L_delbureckii/RM_54176.SatFeb240016552024/round-1/family-2-cons-3.fa
Sequence type: Nucleotide
Keep MBits: T
Maximum file size: 3000000000B
Adding sequences from FASTA; added 1 sequences in 0.000429869 seconds.




Building a new DB, current time: 02/24/2024 00:17:22
New DB name:   /Users/emelbiner/PycharmProjects/FinalProjekt/output/repeatmodeler/L_delbureckii/RM_54176.SatFeb240016552024/round-1/family-2-cons-4.fa
New DB title:  /Users/emelbiner/PycharmProjects/FinalProjekt/output/repeatmodeler/L_delbureckii/RM_54176.SatFeb240016552024/round-1/family-2-cons-4.fa
Sequence type: Nucleotide
Keep MBits: T
Maximum file size: 3000000000B
Adding sequences from FASTA; added 1 sequences in 0.000422001 seconds.




Building a new DB, current time: 02/24/2024 00:17:23
New DB name:   /Users/emelbiner/PycharmProjects/FinalProjekt/output/repeatmodeler/L_delbureckii/RM_54176.SatFeb240016552024/round-1/family-2-cons-5.fa
New DB title:  /Users/emelbiner/PycharmProjects/FinalProjekt/output/repeatmodeler/L_delbureckii/RM_54176.SatFeb240016552024/round-1/family-2-cons-5.fa
Sequence type: Nucleotide
Keep MBits: T
Maximum file size: 3000000000B
Adding sequences from FASTA; added 1 sequences in 0.000403881 seconds.




Building a new DB, current time: 02/24/2024 00:17:24
New DB name:   /Users/emelbiner/PycharmProjects/FinalProjekt/output/repeatmodeler/L_delbureckii/RM_54176.SatFeb240016552024/round-1/family-3.fa
New DB title:  /Users/emelbiner/PycharmProjects/FinalProjekt/output/repeatmodeler/L_delbureckii/RM_54176.SatFeb240016552024/round-1/family-3.fa
Sequence type: Nucleotide
Keep MBits: T
Maximum file size: 3000000000B
Adding sequences from FASTA; added 25 sequences in 0.00318599 seconds.




Building a new DB, current time: 02/24/2024 00:17:24
New DB name:   /Users/emelbiner/PycharmProjects/FinalProjekt/output/repeatmodeler/L_delbureckii/RM_54176.SatFeb240016552024/round-1/family-3-cons-2.fa
New DB title:  /Users/emelbiner/PycharmProjects/FinalProjekt/output/repeatmodeler/L_delbureckii/RM_54176.SatFeb240016552024/round-1/family-3-cons-2.fa
Sequence type: Nucleotide
Keep MBits: T
Maximum file size: 3000000000B
Adding sequences from FASTA; added 1 sequences in 0.000398159 seconds.




Building a new DB, current time: 02/24/2024 00:17:24
New DB name:   /Users/emelbiner/PycharmProjects/FinalProjekt/output/repeatmodeler/L_delbureckii/RM_54176.SatFeb240016552024/round-1/family-3-cons-3.fa
New DB title:  /Users/emelbiner/PycharmProjects/FinalProjekt/output/repeatmodeler/L_delbureckii/RM_54176.SatFeb240016552024/round-1/family-3-cons-3.fa
Sequence type: Nucleotide
Keep MBits: T
Maximum file size: 3000000000B
Adding sequences from FASTA; added 1 sequences in 0.000289917 seconds.




Building a new DB, current time: 02/24/2024 00:17:24
New DB name:   /Users/emelbiner/PycharmProjects/FinalProjekt/output/repeatmodeler/L_delbureckii/RM_54176.SatFeb240016552024/round-1/family-3-cons-4.fa
New DB title:  /Users/emelbiner/PycharmProjects/FinalProjekt/output/repeatmodeler/L_delbureckii/RM_54176.SatFeb240016552024/round-1/family-3-cons-4.fa
Sequence type: Nucleotide
Keep MBits: T
Maximum file size: 3000000000B
Adding sequences from FASTA; added 1 sequences in 0.000339985 seconds.




Building a new DB, current time: 02/24/2024 00:17:24
New DB name:   /Users/emelbiner/PycharmProjects/FinalProjekt/output/repeatmodeler/L_delbureckii/RM_54176.SatFeb240016552024/round-1/family-4.fa
New DB title:  /Users/emelbiner/PycharmProjects/FinalProjekt/output/repeatmodeler/L_delbureckii/RM_54176.SatFeb240016552024/round-1/family-4.fa
Sequence type: Nucleotide
Keep MBits: T
Maximum file size: 3000000000B
Adding sequences from FASTA; added 21 sequences in 0.00292492 seconds.




Building a new DB, current time: 02/24/2024 00:17:25
New DB name:   /Users/emelbiner/PycharmProjects/FinalProjekt/output/repeatmodeler/L_delbureckii/RM_54176.SatFeb240016552024/round-1/family-4-cons-2.fa
New DB title:  /Users/emelbiner/PycharmProjects/FinalProjekt/output/repeatmodeler/L_delbureckii/RM_54176.SatFeb240016552024/round-1/family-4-cons-2.fa
Sequence type: Nucleotide
Keep MBits: T
Maximum file size: 3000000000B
Adding sequences from FASTA; added 1 sequences in 0.000347853 seconds.




Building a new DB, current time: 02/24/2024 00:17:25
New DB name:   /Users/emelbiner/PycharmProjects/FinalProjekt/output/repeatmodeler/L_delbureckii/RM_54176.SatFeb240016552024/round-1/family-4-cons-3.fa
New DB title:  /Users/emelbiner/PycharmProjects/FinalProjekt/output/repeatmodeler/L_delbureckii/RM_54176.SatFeb240016552024/round-1/family-4-cons-3.fa
Sequence type: Nucleotide
Keep MBits: T
Maximum file size: 3000000000B
Adding sequences from FASTA; added 1 sequences in 0.000335932 seconds.




Building a new DB, current time: 02/24/2024 00:17:26
New DB name:   /Users/emelbiner/PycharmProjects/FinalProjekt/output/repeatmodeler/L_delbureckii/RM_54176.SatFeb240016552024/round-1/family-4-cons-4.fa
New DB title:  /Users/emelbiner/PycharmProjects/FinalProjekt/output/repeatmodeler/L_delbureckii/RM_54176.SatFeb240016552024/round-1/family-4-cons-4.fa
Sequence type: Nucleotide
Keep MBits: T
Maximum file size: 3000000000B
Adding sequences from FASTA; added 1 sequences in 0.000409842 seconds.




Building a new DB, current time: 02/24/2024 00:17:26
New DB name:   /Users/emelbiner/PycharmProjects/FinalProjekt/output/repeatmodeler/L_delbureckii/RM_54176.SatFeb240016552024/round-1/family-4-cons-5.fa
New DB title:  /Users/emelbiner/PycharmProjects/FinalProjekt/output/repeatmodeler/L_delbureckii/RM_54176.SatFeb240016552024/round-1/family-4-cons-5.fa
Sequence type: Nucleotide
Keep MBits: T
Maximum file size: 3000000000B
Adding sequences from FASTA; added 1 sequences in 0.000369072 seconds.




Building a new DB, current time: 02/24/2024 00:17:27
New DB name:   /Users/emelbiner/PycharmProjects/FinalProjekt/output/repeatmodeler/L_delbureckii/RM_54176.SatFeb240016552024/round-1/family-5.fa
New DB title:  /Users/emelbiner/PycharmProjects/FinalProjekt/output/repeatmodeler/L_delbureckii/RM_54176.SatFeb240016552024/round-1/family-5.fa
Sequence type: Nucleotide
Keep MBits: T
Maximum file size: 3000000000B
Adding sequences from FASTA; added 20 sequences in 0.00268221 seconds.




Building a new DB, current time: 02/24/2024 00:17:27
New DB name:   /Users/emelbiner/PycharmProjects/FinalProjekt/output/repeatmodeler/L_delbureckii/RM_54176.SatFeb240016552024/round-1/family-5-cons-2.fa
New DB title:  /Users/emelbiner/PycharmProjects/FinalProjekt/output/repeatmodeler/L_delbureckii/RM_54176.SatFeb240016552024/round-1/family-5-cons-2.fa
Sequence type: Nucleotide
Keep MBits: T
Maximum file size: 3000000000B
Adding sequences from FASTA; added 1 sequences in 0.000312805 seconds.




Building a new DB, current time: 02/24/2024 00:17:27
New DB name:   /Users/emelbiner/PycharmProjects/FinalProjekt/output/repeatmodeler/L_delbureckii/RM_54176.SatFeb240016552024/round-1/family-5-cons-3.fa
New DB title:  /Users/emelbiner/PycharmProjects/FinalProjekt/output/repeatmodeler/L_delbureckii/RM_54176.SatFeb240016552024/round-1/family-5-cons-3.fa
Sequence type: Nucleotide
Keep MBits: T
Maximum file size: 3000000000B
Adding sequences from FASTA; added 1 sequences in 0.000313044 seconds.




Building a new DB, current time: 02/24/2024 00:17:27
New DB name:   /Users/emelbiner/PycharmProjects/FinalProjekt/output/repeatmodeler/L_delbureckii/RM_54176.SatFeb240016552024/round-1/family-5-cons-4.fa
New DB title:  /Users/emelbiner/PycharmProjects/FinalProjekt/output/repeatmodeler/L_delbureckii/RM_54176.SatFeb240016552024/round-1/family-5-cons-4.fa
Sequence type: Nucleotide
Keep MBits: T
Maximum file size: 3000000000B
Adding sequences from FASTA; added 1 sequences in 0.000322104 seconds.




Building a new DB, current time: 02/24/2024 00:17:27
New DB name:   /Users/emelbiner/PycharmProjects/FinalProjekt/output/repeatmodeler/L_delbureckii/RM_54176.SatFeb240016552024/round-1/family-6.fa
New DB title:  /Users/emelbiner/PycharmProjects/FinalProjekt/output/repeatmodeler/L_delbureckii/RM_54176.SatFeb240016552024/round-1/family-6.fa
Sequence type: Nucleotide
Keep MBits: T
Maximum file size: 3000000000B
Adding sequences from FASTA; added 18 sequences in 0.00279307 seconds.




Building a new DB, current time: 02/24/2024 00:17:28
New DB name:   /Users/emelbiner/PycharmProjects/FinalProjekt/output/repeatmodeler/L_delbureckii/RM_54176.SatFeb240016552024/round-1/family-6-cons-2.fa
New DB title:  /Users/emelbiner/PycharmProjects/FinalProjekt/output/repeatmodeler/L_delbureckii/RM_54176.SatFeb240016552024/round-1/family-6-cons-2.fa
Sequence type: Nucleotide
Keep MBits: T
Maximum file size: 3000000000B
Adding sequences from FASTA; added 1 sequences in 0.000329971 seconds.




Building a new DB, current time: 02/24/2024 00:17:28
New DB name:   /Users/emelbiner/PycharmProjects/FinalProjekt/output/repeatmodeler/L_delbureckii/RM_54176.SatFeb240016552024/round-1/family-6-cons-3.fa
New DB title:  /Users/emelbiner/PycharmProjects/FinalProjekt/output/repeatmodeler/L_delbureckii/RM_54176.SatFeb240016552024/round-1/family-6-cons-3.fa
Sequence type: Nucleotide
Keep MBits: T
Maximum file size: 3000000000B
Adding sequences from FASTA; added 1 sequences in 0.00040102 seconds.




Building a new DB, current time: 02/24/2024 00:17:29
New DB name:   /Users/emelbiner/PycharmProjects/FinalProjekt/output/repeatmodeler/L_delbureckii/RM_54176.SatFeb240016552024/round-1/family-6-cons-4.fa
New DB title:  /Users/emelbiner/PycharmProjects/FinalProjekt/output/repeatmodeler/L_delbureckii/RM_54176.SatFeb240016552024/round-1/family-6-cons-4.fa
Sequence type: Nucleotide
Keep MBits: T
Maximum file size: 3000000000B
Adding sequences from FASTA; added 1 sequences in 0.000374079 seconds.




Building a new DB, current time: 02/24/2024 00:17:29
New DB name:   /Users/emelbiner/PycharmProjects/FinalProjekt/output/repeatmodeler/L_delbureckii/RM_54176.SatFeb240016552024/round-1/family-7.fa
New DB title:  /Users/emelbiner/PycharmProjects/FinalProjekt/output/repeatmodeler/L_delbureckii/RM_54176.SatFeb240016552024/round-1/family-7.fa
Sequence type: Nucleotide
Keep MBits: T
Maximum file size: 3000000000B
Adding sequences from FASTA; added 18 sequences in 0.00340199 seconds.




Building a new DB, current time: 02/24/2024 00:17:30
New DB name:   /Users/emelbiner/PycharmProjects/FinalProjekt/output/repeatmodeler/L_delbureckii/RM_54176.SatFeb240016552024/round-1/family-7-cons-2.fa
New DB title:  /Users/emelbiner/PycharmProjects/FinalProjekt/output/repeatmodeler/L_delbureckii/RM_54176.SatFeb240016552024/round-1/family-7-cons-2.fa
Sequence type: Nucleotide
Keep MBits: T
Maximum file size: 3000000000B
Adding sequences from FASTA; added 1 sequences in 0.000362158 seconds.




Building a new DB, current time: 02/24/2024 00:17:30
New DB name:   /Users/emelbiner/PycharmProjects/FinalProjekt/output/repeatmodeler/L_delbureckii/RM_54176.SatFeb240016552024/round-1/family-7-cons-3.fa
New DB title:  /Users/emelbiner/PycharmProjects/FinalProjekt/output/repeatmodeler/L_delbureckii/RM_54176.SatFeb240016552024/round-1/family-7-cons-3.fa
Sequence type: Nucleotide
Keep MBits: T
Maximum file size: 3000000000B
Adding sequences from FASTA; added 1 sequences in 0.000386 seconds.




Building a new DB, current time: 02/24/2024 00:17:31
New DB name:   /Users/emelbiner/PycharmProjects/FinalProjekt/output/repeatmodeler/L_delbureckii/RM_54176.SatFeb240016552024/round-1/family-7-cons-4.fa
New DB title:  /Users/emelbiner/PycharmProjects/FinalProjekt/output/repeatmodeler/L_delbureckii/RM_54176.SatFeb240016552024/round-1/family-7-cons-4.fa
Sequence type: Nucleotide
Keep MBits: T
Maximum file size: 3000000000B
Adding sequences from FASTA; added 1 sequences in 0.000586987 seconds.




Building a new DB, current time: 02/24/2024 00:17:32
New DB name:   /Users/emelbiner/PycharmProjects/FinalProjekt/output/repeatmodeler/L_delbureckii/RM_54176.SatFeb240016552024/round-1/family-7-cons-5.fa
New DB title:  /Users/emelbiner/PycharmProjects/FinalProjekt/output/repeatmodeler/L_delbureckii/RM_54176.SatFeb240016552024/round-1/family-7-cons-5.fa
Sequence type: Nucleotide
Keep MBits: T
Maximum file size: 3000000000B
Adding sequences from FASTA; added 1 sequences in 0.000331879 seconds.




Building a new DB, current time: 02/24/2024 00:17:33
New DB name:   /Users/emelbiner/PycharmProjects/FinalProjekt/output/repeatmodeler/L_delbureckii/RM_54176.SatFeb240016552024/round-1/family-8.fa
New DB title:  /Users/emelbiner/PycharmProjects/FinalProjekt/output/repeatmodeler/L_delbureckii/RM_54176.SatFeb240016552024/round-1/family-8.fa
Sequence type: Nucleotide
Keep MBits: T
Maximum file size: 3000000000B
Adding sequences from FASTA; added 16 sequences in 0.00289798 seconds.




Building a new DB, current time: 02/24/2024 00:17:33
New DB name:   /Users/emelbiner/PycharmProjects/FinalProjekt/output/repeatmodeler/L_delbureckii/RM_54176.SatFeb240016552024/round-1/family-8-cons-2.fa
New DB title:  /Users/emelbiner/PycharmProjects/FinalProjekt/output/repeatmodeler/L_delbureckii/RM_54176.SatFeb240016552024/round-1/family-8-cons-2.fa
Sequence type: Nucleotide
Keep MBits: T
Maximum file size: 3000000000B
Adding sequences from FASTA; added 1 sequences in 0.000329971 seconds.




Building a new DB, current time: 02/24/2024 00:17:33
New DB name:   /Users/emelbiner/PycharmProjects/FinalProjekt/output/repeatmodeler/L_delbureckii/RM_54176.SatFeb240016552024/round-1/family-8-cons-3.fa
New DB title:  /Users/emelbiner/PycharmProjects/FinalProjekt/output/repeatmodeler/L_delbureckii/RM_54176.SatFeb240016552024/round-1/family-8-cons-3.fa
Sequence type: Nucleotide
Keep MBits: T
Maximum file size: 3000000000B
Adding sequences from FASTA; added 1 sequences in 0.000335932 seconds.




Building a new DB, current time: 02/24/2024 00:17:34
New DB name:   /Users/emelbiner/PycharmProjects/FinalProjekt/output/repeatmodeler/L_delbureckii/RM_54176.SatFeb240016552024/round-1/family-8-cons-4.fa
New DB title:  /Users/emelbiner/PycharmProjects/FinalProjekt/output/repeatmodeler/L_delbureckii/RM_54176.SatFeb240016552024/round-1/family-8-cons-4.fa
Sequence type: Nucleotide
Keep MBits: T
Maximum file size: 3000000000B
Adding sequences from FASTA; added 1 sequences in 0.000695944 seconds.




Building a new DB, current time: 02/24/2024 00:17:34
New DB name:   /Users/emelbiner/PycharmProjects/FinalProjekt/output/repeatmodeler/L_delbureckii/RM_54176.SatFeb240016552024/round-1/family-9.fa
New DB title:  /Users/emelbiner/PycharmProjects/FinalProjekt/output/repeatmodeler/L_delbureckii/RM_54176.SatFeb240016552024/round-1/family-9.fa
Sequence type: Nucleotide
Keep MBits: T
Maximum file size: 3000000000B
Adding sequences from FASTA; added 16 sequences in 0.00460196 seconds.




Building a new DB, current time: 02/24/2024 00:17:34
New DB name:   /Users/emelbiner/PycharmProjects/FinalProjekt/output/repeatmodeler/L_delbureckii/RM_54176.SatFeb240016552024/round-1/family-9-cons-2.fa
New DB title:  /Users/emelbiner/PycharmProjects/FinalProjekt/output/repeatmodeler/L_delbureckii/RM_54176.SatFeb240016552024/round-1/family-9-cons-2.fa
Sequence type: Nucleotide
Keep MBits: T
Maximum file size: 3000000000B
Adding sequences from FASTA; added 1 sequences in 0.000372887 seconds.




Building a new DB, current time: 02/24/2024 00:17:34
New DB name:   /Users/emelbiner/PycharmProjects/FinalProjekt/output/repeatmodeler/L_delbureckii/RM_54176.SatFeb240016552024/round-1/family-9-cons-3.fa
New DB title:  /Users/emelbiner/PycharmProjects/FinalProjekt/output/repeatmodeler/L_delbureckii/RM_54176.SatFeb240016552024/round-1/family-9-cons-3.fa
Sequence type: Nucleotide
Keep MBits: T
Maximum file size: 3000000000B
Adding sequences from FASTA; added 1 sequences in 0.000566006 seconds.




Building a new DB, current time: 02/24/2024 00:17:35
New DB name:   /Users/emelbiner/PycharmProjects/FinalProjekt/output/repeatmodeler/L_delbureckii/RM_54176.SatFeb240016552024/round-1/family-9-cons-4.fa
New DB title:  /Users/emelbiner/PycharmProjects/FinalProjekt/output/repeatmodeler/L_delbureckii/RM_54176.SatFeb240016552024/round-1/family-9-cons-4.fa
Sequence type: Nucleotide
Keep MBits: T
Maximum file size: 3000000000B
Adding sequences from FASTA; added 1 sequences in 0.000328064 seconds.




Building a new DB, current time: 02/24/2024 00:17:35
New DB name:   /Users/emelbiner/PycharmProjects/FinalProjekt/output/repeatmodeler/L_delbureckii/RM_54176.SatFeb240016552024/round-1/family-9-cons-5.fa
New DB title:  /Users/emelbiner/PycharmProjects/FinalProjekt/output/repeatmodeler/L_delbureckii/RM_54176.SatFeb240016552024/round-1/family-9-cons-5.fa
Sequence type: Nucleotide
Keep MBits: T
Maximum file size: 3000000000B
Adding sequences from FASTA; added 1 sequences in 0.00058198 seconds.


