

Building a new DB, current time: 02/24/2024 00:17:17
New DB name:   /Users/emelbiner/PycharmProjects/FinalProjekt/output/repeatmodeler/B_longum/RM_54173.SatFeb240016552024/round-1/sampleDB-1.fa
New DB title:  /Users/emelbiner/PycharmProjects/FinalProjekt/output/repeatmodeler/B_longum/RM_54173.SatFeb240016552024/round-1/sampleDB-1.fa
Sequence type: Nucleotide
Keep MBits: T
Maximum file size: 3000000000B
Adding sequences from FASTA; added 60 sequences in 0.02302 seconds.




Building a new DB, current time: 02/24/2024 00:17:18
New DB name:   /Users/emelbiner/PycharmProjects/FinalProjekt/output/repeatmodeler/B_longum/RM_54173.SatFeb240016552024/round-1/family-0.fa
New DB title:  /Users/emelbiner/PycharmProjects/FinalProjekt/output/repeatmodeler/B_longum/RM_54173.SatFeb240016552024/round-1/family-0.fa
Sequence type: Nucleotide
Keep MBits: T
Maximum file size: 3000000000B
Adding sequences from FASTA; added 26 sequences in 0.00295401 seconds.




Building a new DB, current time: 02/24/2024 00:17:19
New DB name:   /Users/emelbiner/PycharmProjects/FinalProjekt/output/repeatmodeler/B_longum/RM_54173.SatFeb240016552024/round-1/family-0-cons-2.fa
New DB title:  /Users/emelbiner/PycharmProjects/FinalProjekt/output/repeatmodeler/B_longum/RM_54173.SatFeb240016552024/round-1/family-0-cons-2.fa
Sequence type: Nucleotide
Keep MBits: T
Maximum file size: 3000000000B
Adding sequences from FASTA; added 1 sequences in 0.000344992 seconds.




Building a new DB, current time: 02/24/2024 00:17:19
New DB name:   /Users/emelbiner/PycharmProjects/FinalProjekt/output/repeatmodeler/B_longum/RM_54173.SatFeb240016552024/round-1/family-0-cons-3.fa
New DB title:  /Users/emelbiner/PycharmProjects/FinalProjekt/output/repeatmodeler/B_longum/RM_54173.SatFeb240016552024/round-1/family-0-cons-3.fa
Sequence type: Nucleotide
Keep MBits: T
Maximum file size: 3000000000B
Adding sequences from FASTA; added 1 sequences in 0.000370979 seconds.




Building a new DB, current time: 02/24/2024 00:17:19
New DB name:   /Users/emelbiner/PycharmProjects/FinalProjekt/output/repeatmodeler/B_longum/RM_54173.SatFeb240016552024/round-1/family-0-cons-4.fa
New DB title:  /Users/emelbiner/PycharmProjects/FinalProjekt/output/repeatmodeler/B_longum/RM_54173.SatFeb240016552024/round-1/family-0-cons-4.fa
Sequence type: Nucleotide
Keep MBits: T
Maximum file size: 3000000000B
Adding sequences from FASTA; added 1 sequences in 0.000344992 seconds.




Building a new DB, current time: 02/24/2024 00:17:19
New DB name:   /Users/emelbiner/PycharmProjects/FinalProjekt/output/repeatmodeler/B_longum/RM_54173.SatFeb240016552024/round-1/family-0-cons-5.fa
New DB title:  /Users/emelbiner/PycharmProjects/FinalProjekt/output/repeatmodeler/B_longum/RM_54173.SatFeb240016552024/round-1/family-0-cons-5.fa
Sequence type: Nucleotide
Keep MBits: T
Maximum file size: 3000000000B
Adding sequences from FASTA; added 1 sequences in 0.000400066 seconds.




Building a new DB, current time: 02/24/2024 00:17:19
New DB name:   /Users/emelbiner/PycharmProjects/FinalProjekt/output/repeatmodeler/B_longum/RM_54173.SatFeb240016552024/round-1/family-0-cons-6.fa
New DB title:  /Users/emelbiner/PycharmProjects/FinalProjekt/output/repeatmodeler/B_longum/RM_54173.SatFeb240016552024/round-1/family-0-cons-6.fa
Sequence type: Nucleotide
Keep MBits: T
Maximum file size: 3000000000B
Adding sequences from FASTA; added 1 sequences in 0.000354052 seconds.




Building a new DB, current time: 02/24/2024 00:17:19
New DB name:   /Users/emelbiner/PycharmProjects/FinalProjekt/output/repeatmodeler/B_longum/RM_54173.SatFeb240016552024/round-1/family-0-cons-7.fa
New DB title:  /Users/emelbiner/PycharmProjects/FinalProjekt/output/repeatmodeler/B_longum/RM_54173.SatFeb240016552024/round-1/family-0-cons-7.fa
Sequence type: Nucleotide
Keep MBits: T
Maximum file size: 3000000000B
Adding sequences from FASTA; added 1 sequences in 0.000391006 seconds.




Building a new DB, current time: 02/24/2024 00:17:20
New DB name:   /Users/emelbiner/PycharmProjects/FinalProjekt/output/repeatmodeler/B_longum/RM_54173.SatFeb240016552024/round-1/family-0-cons-8.fa
New DB title:  /Users/emelbiner/PycharmProjects/FinalProjekt/output/repeatmodeler/B_longum/RM_54173.SatFeb240016552024/round-1/family-0-cons-8.fa
Sequence type: Nucleotide
Keep MBits: T
Maximum file size: 3000000000B
Adding sequences from FASTA; added 1 sequences in 0.000326157 seconds.




Building a new DB, current time: 02/24/2024 00:17:20
New DB name:   /Users/emelbiner/PycharmProjects/FinalProjekt/output/repeatmodeler/B_longum/RM_54173.SatFeb240016552024/round-1/family-0-cons-9.fa
New DB title:  /Users/emelbiner/PycharmProjects/FinalProjekt/output/repeatmodeler/B_longum/RM_54173.SatFeb240016552024/round-1/family-0-cons-9.fa
Sequence type: Nucleotide
Keep MBits: T
Maximum file size: 3000000000B
Adding sequences from FASTA; added 1 sequences in 0.000324011 seconds.




Building a new DB, current time: 02/24/2024 00:17:20
New DB name:   /Users/emelbiner/PycharmProjects/FinalProjekt/output/repeatmodeler/B_longum/RM_54173.SatFeb240016552024/round-1/family-1.fa
New DB title:  /Users/emelbiner/PycharmProjects/FinalProjekt/output/repeatmodeler/B_longum/RM_54173.SatFeb240016552024/round-1/family-1.fa
Sequence type: Nucleotide
Keep MBits: T
Maximum file size: 3000000000B
Adding sequences from FASTA; added 25 sequences in 0.00264311 seconds.




Building a new DB, current time: 02/24/2024 00:17:21
New DB name:   /Users/emelbiner/PycharmProjects/FinalProjekt/output/repeatmodeler/B_longum/RM_54173.SatFeb240016552024/round-1/family-1-cons-2.fa
New DB title:  /Users/emelbiner/PycharmProjects/FinalProjekt/output/repeatmodeler/B_longum/RM_54173.SatFeb240016552024/round-1/family-1-cons-2.fa
Sequence type: Nucleotide
Keep MBits: T
Maximum file size: 3000000000B
Adding sequences from FASTA; added 1 sequences in 0.000329971 seconds.




Building a new DB, current time: 02/24/2024 00:17:21
New DB name:   /Users/emelbiner/PycharmProjects/FinalProjekt/output/repeatmodeler/B_longum/RM_54173.SatFeb240016552024/round-1/family-1-cons-3.fa
New DB title:  /Users/emelbiner/PycharmProjects/FinalProjekt/output/repeatmodeler/B_longum/RM_54173.SatFeb240016552024/round-1/family-1-cons-3.fa
Sequence type: Nucleotide
Keep MBits: T
Maximum file size: 3000000000B
Adding sequences from FASTA; added 1 sequences in 0.000339985 seconds.




Building a new DB, current time: 02/24/2024 00:17:22
New DB name:   /Users/emelbiner/PycharmProjects/FinalProjekt/output/repeatmodeler/B_longum/RM_54173.SatFeb240016552024/round-1/family-1-cons-4.fa
New DB title:  /Users/emelbiner/PycharmProjects/FinalProjekt/output/repeatmodeler/B_longum/RM_54173.SatFeb240016552024/round-1/family-1-cons-4.fa
Sequence type: Nucleotide
Keep MBits: T
Maximum file size: 3000000000B
Adding sequences from FASTA; added 1 sequences in 0.000364065 seconds.




Building a new DB, current time: 02/24/2024 00:17:22
New DB name:   /Users/emelbiner/PycharmProjects/FinalProjekt/output/repeatmodeler/B_longum/RM_54173.SatFeb240016552024/round-1/family-1-cons-5.fa
New DB title:  /Users/emelbiner/PycharmProjects/FinalProjekt/output/repeatmodeler/B_longum/RM_54173.SatFeb240016552024/round-1/family-1-cons-5.fa
Sequence type: Nucleotide
Keep MBits: T
Maximum file size: 3000000000B
Adding sequences from FASTA; added 1 sequences in 0.000352859 seconds.




Building a new DB, current time: 02/24/2024 00:17:22
New DB name:   /Users/emelbiner/PycharmProjects/FinalProjekt/output/repeatmodeler/B_longum/RM_54173.SatFeb240016552024/round-1/family-1-cons-6.fa
New DB title:  /Users/emelbiner/PycharmProjects/FinalProjekt/output/repeatmodeler/B_longum/RM_54173.SatFeb240016552024/round-1/family-1-cons-6.fa
Sequence type: Nucleotide
Keep MBits: T
Maximum file size: 3000000000B
Adding sequences from FASTA; added 1 sequences in 0.000370979 seconds.




Building a new DB, current time: 02/24/2024 00:17:22
New DB name:   /Users/emelbiner/PycharmProjects/FinalProjekt/output/repeatmodeler/B_longum/RM_54173.SatFeb240016552024/round-1/family-2.fa
New DB title:  /Users/emelbiner/PycharmProjects/FinalProjekt/output/repeatmodeler/B_longum/RM_54173.SatFeb240016552024/round-1/family-2.fa
Sequence type: Nucleotide
Keep MBits: T
Maximum file size: 3000000000B
Adding sequences from FASTA; added 22 sequences in 0.00252986 seconds.




Building a new DB, current time: 02/24/2024 00:17:23
New DB name:   /Users/emelbiner/PycharmProjects/FinalProjekt/output/repeatmodeler/B_longum/RM_54173.SatFeb240016552024/round-1/family-2-cons-2.fa
New DB title:  /Users/emelbiner/PycharmProjects/FinalProjekt/output/repeatmodeler/B_longum/RM_54173.SatFeb240016552024/round-1/family-2-cons-2.fa
Sequence type: Nucleotide
Keep MBits: T
Maximum file size: 3000000000B
Adding sequences from FASTA; added 1 sequences in 0.000319004 seconds.




Building a new DB, current time: 02/24/2024 00:17:23
New DB name:   /Users/emelbiner/PycharmProjects/FinalProjekt/output/repeatmodeler/B_longum/RM_54173.SatFeb240016552024/round-1/family-2-cons-3.fa
New DB title:  /Users/emelbiner/PycharmProjects/FinalProjekt/output/repeatmodeler/B_longum/RM_54173.SatFeb240016552024/round-1/family-2-cons-3.fa
Sequence type: Nucleotide
Keep MBits: T
Maximum file size: 3000000000B
Adding sequences from FASTA; added 1 sequences in 0.000316858 seconds.




Building a new DB, current time: 02/24/2024 00:17:23
New DB name:   /Users/emelbiner/PycharmProjects/FinalProjekt/output/repeatmodeler/B_longum/RM_54173.SatFeb240016552024/round-1/family-2-cons-4.fa
New DB title:  /Users/emelbiner/PycharmProjects/FinalProjekt/output/repeatmodeler/B_longum/RM_54173.SatFeb240016552024/round-1/family-2-cons-4.fa
Sequence type: Nucleotide
Keep MBits: T
Maximum file size: 3000000000B
Adding sequences from FASTA; added 1 sequences in 0.00031805 seconds.




Building a new DB, current time: 02/24/2024 00:17:23
New DB name:   /Users/emelbiner/PycharmProjects/FinalProjekt/output/repeatmodeler/B_longum/RM_54173.SatFeb240016552024/round-1/family-3.fa
New DB title:  /Users/emelbiner/PycharmProjects/FinalProjekt/output/repeatmodeler/B_longum/RM_54173.SatFeb240016552024/round-1/family-3.fa
Sequence type: Nucleotide
Keep MBits: T
Maximum file size: 3000000000B
Adding sequences from FASTA; added 20 sequences in 0.00270081 seconds.




Building a new DB, current time: 02/24/2024 00:17:23
New DB name:   /Users/emelbiner/PycharmProjects/FinalProjekt/output/repeatmodeler/B_longum/RM_54173.SatFeb240016552024/round-1/family-3-cons-2.fa
New DB title:  /Users/emelbiner/PycharmProjects/FinalProjekt/output/repeatmodeler/B_longum/RM_54173.SatFeb240016552024/round-1/family-3-cons-2.fa
Sequence type: Nucleotide
Keep MBits: T
Maximum file size: 3000000000B
Adding sequences from FASTA; added 1 sequences in 0.00035882 seconds.




Building a new DB, current time: 02/24/2024 00:17:24
New DB name:   /Users/emelbiner/PycharmProjects/FinalProjekt/output/repeatmodeler/B_longum/RM_54173.SatFeb240016552024/round-1/family-3-cons-3.fa
New DB title:  /Users/emelbiner/PycharmProjects/FinalProjekt/output/repeatmodeler/B_longum/RM_54173.SatFeb240016552024/round-1/family-3-cons-3.fa
Sequence type: Nucleotide
Keep MBits: T
Maximum file size: 3000000000B
Adding sequences from FASTA; added 1 sequences in 0.000359058 seconds.




Building a new DB, current time: 02/24/2024 00:17:24
New DB name:   /Users/emelbiner/PycharmProjects/FinalProjekt/output/repeatmodeler/B_longum/RM_54173.SatFeb240016552024/round-1/family-3-cons-4.fa
New DB title:  /Users/emelbiner/PycharmProjects/FinalProjekt/output/repeatmodeler/B_longum/RM_54173.SatFeb240016552024/round-1/family-3-cons-4.fa
Sequence type: Nucleotide
Keep MBits: T
Maximum file size: 3000000000B
Adding sequences from FASTA; added 1 sequences in 0.000357866 seconds.




Building a new DB, current time: 02/24/2024 00:17:24
New DB name:   /Users/emelbiner/PycharmProjects/FinalProjekt/output/repeatmodeler/B_longum/RM_54173.SatFeb240016552024/round-1/family-3-cons-5.fa
New DB title:  /Users/emelbiner/PycharmProjects/FinalProjekt/output/repeatmodeler/B_longum/RM_54173.SatFeb240016552024/round-1/family-3-cons-5.fa
Sequence type: Nucleotide
Keep MBits: T
Maximum file size: 3000000000B
Adding sequences from FASTA; added 1 sequences in 0.000329971 seconds.




Building a new DB, current time: 02/24/2024 00:17:24
New DB name:   /Users/emelbiner/PycharmProjects/FinalProjekt/output/repeatmodeler/B_longum/RM_54173.SatFeb240016552024/round-1/family-3-cons-6.fa
New DB title:  /Users/emelbiner/PycharmProjects/FinalProjekt/output/repeatmodeler/B_longum/RM_54173.SatFeb240016552024/round-1/family-3-cons-6.fa
Sequence type: Nucleotide
Keep MBits: T
Maximum file size: 3000000000B
Adding sequences from FASTA; added 1 sequences in 0.000402212 seconds.


